<?xml version="1.0" ?>
<!DOCTYPE coverage SYSTEM "http://cobertura.sourceforge.net/xml/coverage-04.dtd">
<coverage lines-valid="1143" lines-covered="1119" line-rate="0.9790000000000001" branches-valid="292" branches-covered="258" branch-rate="0.8835" timestamp="1782202499010" complexity="0" version="0.1">
  <sources>
    <source>/home/runner/work/vestaboard/vestaboard</source>
  </sources>
  <packages>
    <package name="main" line-rate="0.9790000000000001" branch-rate="0.8835">
      <classes>
        <class name="local-api.ts" filename="src/local-api.ts" line-rate="1" branch-rate="0.75">
          <methods>
            <method name="__name" hits="1" signature="()V">
              <lines>
                <line number="1" hits="1"/>
              </lines>
            </method>
            <method name="__export" hits="1" signature="()V">
              <lines>
                <line number="1" hits="1"/>
              </lines>
            </method>
            <method name="__copyProps" hits="2" signature="()V">
              <lines>
                <line number="1" hits="2"/>
              </lines>
            </method>
            <method name="get" hits="6" signature="()V">
              <lines>
                <line number="1" hits="6"/>
              </lines>
            </method>
            <method name="__toESM" hits="1" signature="()V">
              <lines>
                <line number="1" hits="1"/>
              </lines>
            </method>
            <method name="__toCommonJS" hits="1" signature="()V">
              <lines>
                <line number="1" hits="1"/>
              </lines>
            </method>
            <method name="default" hits="3" signature="()V">
              <lines>
                <line number="1" hits="3"/>
              </lines>
            </method>
            <method name="&lt;static_initializer&gt;" hits="1" signature="()V">
              <lines>
                <line number="1" hits="1"/>
              </lines>
            </method>
            <method name="&lt;instance_members_initializer&gt;" hits="3" signature="()V">
              <lines>
                <line number="7" hits="3"/>
              </lines>
            </method>
            <method name="LocalAPI" hits="3" signature="()V">
              <lines>
                <line number="11" hits="3"/>
              </lines>
            </method>
            <method name="getCurrentMessage" hits="2" signature="()V">
              <lines>
                <line number="17" hits="2"/>
              </lines>
            </method>
            <method name="postMessage" hits="1" signature="()V">
              <lines>
                <line number="26" hits="1"/>
              </lines>
            </method>
            <method name="request" hits="3" signature="()V">
              <lines>
                <line number="34" hits="3"/>
              </lines>
            </method>
          </methods>
          <lines>
            <line number="1" hits="1" branch="true" condition-coverage="75% (9/12)"/>
            <line number="2" hits="1" branch="false"/>
            <line number="3" hits="1" branch="false"/>
            <line number="4" hits="1" branch="false"/>
            <line number="5" hits="1" branch="false"/>
            <line number="6" hits="1" branch="false"/>
            <line number="7" hits="1" branch="true" condition-coverage="100% (1/1)"/>
            <line number="8" hits="3" branch="false"/>
            <line number="9" hits="3" branch="false"/>
            <line number="10" hits="1" branch="false"/>
            <line number="11" hits="1" branch="true" condition-coverage="100% (1/1)"/>
            <line number="12" hits="3" branch="false"/>
            <line number="13" hits="3" branch="false"/>
            <line number="14" hits="3" branch="true" condition-coverage="0% (0/1)"/>
            <line number="15" hits="3" branch="false"/>
            <line number="16" hits="1" branch="false"/>
            <line number="17" hits="1" branch="true" condition-coverage="100% (1/1)"/>
            <line number="18" hits="2" branch="false"/>
            <line number="19" hits="2" branch="false"/>
            <line number="20" hits="2" branch="false"/>
            <line number="21" hits="2" branch="false"/>
            <line number="22" hits="2" branch="true" condition-coverage="100% (1/1)"/>
            <line number="23" hits="2" branch="false"/>
            <line number="24" hits="2" branch="false"/>
            <line number="25" hits="1" branch="false"/>
            <line number="26" hits="1" branch="true" condition-coverage="100% (1/1)"/>
            <line number="27" hits="1" branch="false"/>
            <line number="28" hits="1" branch="true" condition-coverage="0% (0/1)"/>
            <line number="29" hits="1" branch="false"/>
            <line number="30" hits="1" branch="false"/>
            <line number="31" hits="1" branch="false"/>
            <line number="32" hits="1" branch="false"/>
            <line number="33" hits="1" branch="false"/>
            <line number="34" hits="1" branch="true" condition-coverage="100% (1/1)"/>
            <line number="35" hits="3" branch="false"/>
            <line number="36" hits="3" branch="false"/>
            <line number="37" hits="3" branch="false"/>
            <line number="38" hits="3" branch="false"/>
            <line number="39" hits="3" branch="false"/>
            <line number="40" hits="3" branch="false"/>
            <line number="41" hits="3" branch="false"/>
            <line number="42" hits="3" branch="false"/>
            <line number="43" hits="3" branch="false"/>
            <line number="44" hits="3" branch="false"/>
            <line number="45" hits="3" branch="false"/>
            <line number="46" hits="3" branch="false"/>
            <line number="47" hits="3" branch="false"/>
            <line number="48" hits="1" branch="false"/>
          </lines>
        </class>
        <class name="message.ts" filename="src/message.ts" line-rate="0.9883" branch-rate="0.955">
          <methods>
            <method name="__name" hits="1" signature="()V">
              <lines>
                <line number="1" hits="1"/>
              </lines>
            </method>
            <method name="__export" hits="1" signature="()V">
              <lines>
                <line number="1" hits="1"/>
              </lines>
            </method>
            <method name="__copyProps" hits="2" signature="()V">
              <lines>
                <line number="1" hits="2"/>
              </lines>
            </method>
            <method name="get" hits="268" signature="()V">
              <lines>
                <line number="1" hits="268"/>
              </lines>
            </method>
            <method name="__toESM" hits="1" signature="()V">
              <lines>
                <line number="1" hits="1"/>
              </lines>
            </method>
            <method name="__toCommonJS" hits="1" signature="()V">
              <lines>
                <line number="1" hits="1"/>
              </lines>
            </method>
            <method name="CHAR_MAP" hits="1" signature="()V">
              <lines>
                <line number="1" hits="1"/>
              </lines>
            </method>
            <method name="default" hits="267" signature="()V">
              <lines>
                <line number="1" hits="267"/>
              </lines>
            </method>
            <method name="&lt;static_initializer&gt;" hits="1" signature="()V">
              <lines>
                <line number="1" hits="1"/>
              </lines>
            </method>
            <method name="get isEmpty" hits="2" signature="()V">
              <lines>
                <line number="234" hits="2"/>
              </lines>
            </method>
            <method name="&lt;instance_members_initializer&gt;" hits="43" signature="()V">
              <lines>
                <line number="237" hits="43"/>
              </lines>
            </method>
            <method name="Message" hits="43" signature="()V">
              <lines>
                <line number="241" hits="43"/>
              </lines>
            </method>
            <method name="char2char" hits="1606" signature="()V">
              <lines>
                <line number="253" hits="1606"/>
              </lines>
            </method>
            <method name="charToString" hits="3168" signature="()V">
              <lines>
                <line number="263" hits="3168"/>
              </lines>
            </method>
            <method name="getColumnSizesFromData" hits="9" signature="()V">
              <lines>
                <line number="275" hits="9"/>
              </lines>
            </method>
            <method name="removeEmojisFromChars" hits="102" signature="()V">
              <lines>
                <line number="330" hits="102"/>
              </lines>
            </method>
            <method name="splitCharsIntoLines" hits="60" signature="()V">
              <lines>
                <line number="371" hits="60"/>
              </lines>
            </method>
            <method name="string2chars" hits="304" signature="()V">
              <lines>
                <line number="456" hits="304"/>
              </lines>
            </method>
            <method name="center" hits="9" signature="()V">
              <lines>
                <line number="494" hits="9"/>
              </lines>
            </method>
            <method name="fill" hits="11" signature="()V">
              <lines>
                <line number="558" hits="11"/>
              </lines>
            </method>
            <method name="table" hits="5" signature="()V">
              <lines>
                <line number="594" hits="5"/>
              </lines>
            </method>
            <method name="toCharArray" hits="22" signature="()V">
              <lines>
                <line number="633" hits="22"/>
              </lines>
            </method>
            <method name="toString" hits="24" signature="()V">
              <lines>
                <line number="637" hits="24"/>
              </lines>
            </method>
            <method name="write" hits="55" signature="()V">
              <lines>
                <line number="666" hits="55"/>
              </lines>
            </method>
          </methods>
          <lines>
            <line number="1" hits="1" branch="true" condition-coverage="85.71428571428571% (12/14)"/>
            <line number="2" hits="1" branch="false"/>
            <line number="3" hits="1" branch="false"/>
            <line number="4" hits="1" branch="false"/>
            <line number="5" hits="1" branch="false"/>
            <line number="6" hits="1" branch="false"/>
            <line number="7" hits="1" branch="false"/>
            <line number="8" hits="1" branch="false"/>
            <line number="9" hits="1" branch="false"/>
            <line number="10" hits="1" branch="false"/>
            <line number="11" hits="1" branch="false"/>
            <line number="12" hits="1" branch="false"/>
            <line number="13" hits="1" branch="false"/>
            <line number="14" hits="1" branch="false"/>
            <line number="15" hits="1" branch="false"/>
            <line number="16" hits="1" branch="false"/>
            <line number="17" hits="1" branch="false"/>
            <line number="18" hits="1" branch="false"/>
            <line number="19" hits="1" branch="false"/>
            <line number="20" hits="1" branch="false"/>
            <line number="21" hits="1" branch="false"/>
            <line number="22" hits="1" branch="false"/>
            <line number="23" hits="1" branch="false"/>
            <line number="24" hits="1" branch="false"/>
            <line number="25" hits="1" branch="false"/>
            <line number="26" hits="1" branch="false"/>
            <line number="27" hits="1" branch="false"/>
            <line number="28" hits="1" branch="false"/>
            <line number="29" hits="1" branch="false"/>
            <line number="30" hits="1" branch="false"/>
            <line number="31" hits="1" branch="false"/>
            <line number="32" hits="1" branch="false"/>
            <line number="33" hits="1" branch="false"/>
            <line number="34" hits="1" branch="false"/>
            <line number="35" hits="1" branch="false"/>
            <line number="36" hits="1" branch="false"/>
            <line number="37" hits="1" branch="false"/>
            <line number="38" hits="1" branch="false"/>
            <line number="39" hits="1" branch="false"/>
            <line number="40" hits="1" branch="false"/>
            <line number="41" hits="1" branch="false"/>
            <line number="42" hits="1" branch="false"/>
            <line number="43" hits="1" branch="false"/>
            <line number="44" hits="1" branch="false"/>
            <line number="45" hits="1" branch="false"/>
            <line number="46" hits="1" branch="false"/>
            <line number="47" hits="1" branch="false"/>
            <line number="48" hits="1" branch="false"/>
            <line number="49" hits="1" branch="false"/>
            <line number="50" hits="1" branch="false"/>
            <line number="51" hits="1" branch="false"/>
            <line number="52" hits="1" branch="false"/>
            <line number="53" hits="1" branch="false"/>
            <line number="54" hits="1" branch="false"/>
            <line number="55" hits="1" branch="false"/>
            <line number="56" hits="1" branch="false"/>
            <line number="57" hits="1" branch="false"/>
            <line number="58" hits="1" branch="false"/>
            <line number="59" hits="1" branch="false"/>
            <line number="60" hits="1" branch="false"/>
            <line number="61" hits="1" branch="false"/>
            <line number="62" hits="1" branch="false"/>
            <line number="63" hits="1" branch="false"/>
            <line number="64" hits="1" branch="false"/>
            <line number="65" hits="1" branch="false"/>
            <line number="66" hits="1" branch="false"/>
            <line number="67" hits="1" branch="false"/>
            <line number="68" hits="1" branch="false"/>
            <line number="69" hits="1" branch="false"/>
            <line number="70" hits="1" branch="false"/>
            <line number="71" hits="1" branch="false"/>
            <line number="72" hits="1" branch="false"/>
            <line number="73" hits="1" branch="false"/>
            <line number="74" hits="1" branch="false"/>
            <line number="75" hits="1" branch="false"/>
            <line number="76" hits="1" branch="false"/>
            <line number="77" hits="1" branch="false"/>
            <line number="78" hits="1" branch="false"/>
            <line number="79" hits="1" branch="false"/>
            <line number="80" hits="1" branch="false"/>
            <line number="81" hits="1" branch="false"/>
            <line number="82" hits="1" branch="false"/>
            <line number="83" hits="1" branch="false"/>
            <line number="84" hits="1" branch="false"/>
            <line number="85" hits="1" branch="false"/>
            <line number="86" hits="1" branch="false"/>
            <line number="87" hits="1" branch="false"/>
            <line number="88" hits="1" branch="false"/>
            <line number="89" hits="1" branch="false"/>
            <line number="90" hits="1" branch="false"/>
            <line number="91" hits="1" branch="false"/>
            <line number="92" hits="1" branch="false"/>
            <line number="93" hits="1" branch="false"/>
            <line number="94" hits="1" branch="false"/>
            <line number="95" hits="1" branch="false"/>
            <line number="96" hits="1" branch="false"/>
            <line number="97" hits="1" branch="false"/>
            <line number="98" hits="1" branch="false"/>
            <line number="99" hits="1" branch="false"/>
            <line number="100" hits="1" branch="false"/>
            <line number="101" hits="1" branch="false"/>
            <line number="102" hits="1" branch="false"/>
            <line number="103" hits="1" branch="false"/>
            <line number="104" hits="1" branch="false"/>
            <line number="105" hits="1" branch="false"/>
            <line number="106" hits="1" branch="false"/>
            <line number="107" hits="1" branch="false"/>
            <line number="108" hits="1" branch="false"/>
            <line number="109" hits="1" branch="false"/>
            <line number="110" hits="1" branch="false"/>
            <line number="111" hits="1" branch="false"/>
            <line number="112" hits="1" branch="false"/>
            <line number="113" hits="1" branch="false"/>
            <line number="114" hits="1" branch="false"/>
            <line number="115" hits="1" branch="false"/>
            <line number="116" hits="1" branch="false"/>
            <line number="117" hits="1" branch="false"/>
            <line number="118" hits="1" branch="false"/>
            <line number="119" hits="1" branch="false"/>
            <line number="120" hits="1" branch="false"/>
            <line number="121" hits="1" branch="false"/>
            <line number="122" hits="1" branch="false"/>
            <line number="123" hits="1" branch="false"/>
            <line number="124" hits="1" branch="false"/>
            <line number="125" hits="1" branch="false"/>
            <line number="126" hits="1" branch="false"/>
            <line number="127" hits="1" branch="false"/>
            <line number="128" hits="1" branch="false"/>
            <line number="129" hits="1" branch="false"/>
            <line number="130" hits="1" branch="false"/>
            <line number="131" hits="1" branch="false"/>
            <line number="132" hits="1" branch="false"/>
            <line number="133" hits="1" branch="false"/>
            <line number="134" hits="1" branch="false"/>
            <line number="135" hits="1" branch="false"/>
            <line number="136" hits="1" branch="false"/>
            <line number="137" hits="1" branch="false"/>
            <line number="138" hits="1" branch="false"/>
            <line number="139" hits="1" branch="false"/>
            <line number="140" hits="1" branch="false"/>
            <line number="141" hits="1" branch="false"/>
            <line number="142" hits="1" branch="false"/>
            <line number="143" hits="1" branch="false"/>
            <line number="144" hits="1" branch="false"/>
            <line number="145" hits="1" branch="false"/>
            <line number="146" hits="1" branch="false"/>
            <line number="147" hits="1" branch="false"/>
            <line number="148" hits="1" branch="false"/>
            <line number="149" hits="1" branch="false"/>
            <line number="150" hits="1" branch="false"/>
            <line number="151" hits="1" branch="false"/>
            <line number="152" hits="1" branch="false"/>
            <line number="153" hits="1" branch="false"/>
            <line number="154" hits="1" branch="false"/>
            <line number="155" hits="1" branch="false"/>
            <line number="156" hits="1" branch="false"/>
            <line number="157" hits="1" branch="false"/>
            <line number="158" hits="1" branch="false"/>
            <line number="159" hits="1" branch="false"/>
            <line number="160" hits="1" branch="false"/>
            <line number="161" hits="1" branch="false"/>
            <line number="162" hits="1" branch="false"/>
            <line number="163" hits="1" branch="false"/>
            <line number="164" hits="1" branch="false"/>
            <line number="165" hits="1" branch="false"/>
            <line number="166" hits="1" branch="false"/>
            <line number="167" hits="1" branch="false"/>
            <line number="168" hits="1" branch="false"/>
            <line number="169" hits="1" branch="false"/>
            <line number="170" hits="1" branch="false"/>
            <line number="171" hits="1" branch="false"/>
            <line number="172" hits="1" branch="false"/>
            <line number="173" hits="1" branch="false"/>
            <line number="174" hits="1" branch="false"/>
            <line number="175" hits="1" branch="false"/>
            <line number="176" hits="1" branch="false"/>
            <line number="177" hits="1" branch="false"/>
            <line number="178" hits="1" branch="false"/>
            <line number="179" hits="1" branch="false"/>
            <line number="180" hits="1" branch="false"/>
            <line number="181" hits="1" branch="false"/>
            <line number="182" hits="1" branch="false"/>
            <line number="183" hits="1" branch="false"/>
            <line number="184" hits="1" branch="false"/>
            <line number="185" hits="1" branch="false"/>
            <line number="186" hits="1" branch="false"/>
            <line number="187" hits="1" branch="false"/>
            <line number="188" hits="1" branch="false"/>
            <line number="189" hits="1" branch="false"/>
            <line number="190" hits="1" branch="false"/>
            <line number="191" hits="1" branch="false"/>
            <line number="192" hits="1" branch="false"/>
            <line number="193" hits="1" branch="false"/>
            <line number="194" hits="1" branch="false"/>
            <line number="195" hits="1" branch="false"/>
            <line number="196" hits="1" branch="false"/>
            <line number="197" hits="1" branch="false"/>
            <line number="198" hits="1" branch="false"/>
            <line number="199" hits="1" branch="false"/>
            <line number="200" hits="1" branch="false"/>
            <line number="201" hits="1" branch="false"/>
            <line number="202" hits="1" branch="false"/>
            <line number="203" hits="1" branch="false"/>
            <line number="204" hits="1" branch="false"/>
            <line number="205" hits="1" branch="false"/>
            <line number="206" hits="1" branch="false"/>
            <line number="207" hits="1" branch="false"/>
            <line number="208" hits="1" branch="false"/>
            <line number="209" hits="1" branch="false"/>
            <line number="210" hits="1" branch="false"/>
            <line number="211" hits="1" branch="false"/>
            <line number="212" hits="1" branch="false"/>
            <line number="213" hits="1" branch="false"/>
            <line number="214" hits="1" branch="false"/>
            <line number="215" hits="1" branch="false"/>
            <line number="216" hits="1" branch="false"/>
            <line number="217" hits="1" branch="false"/>
            <line number="218" hits="1" branch="false"/>
            <line number="219" hits="1" branch="false"/>
            <line number="220" hits="1" branch="false"/>
            <line number="221" hits="1" branch="false"/>
            <line number="222" hits="1" branch="false"/>
            <line number="223" hits="1" branch="false"/>
            <line number="224" hits="1" branch="false"/>
            <line number="225" hits="1" branch="false"/>
            <line number="226" hits="1" branch="false"/>
            <line number="227" hits="1" branch="false"/>
            <line number="228" hits="1" branch="false"/>
            <line number="229" hits="1" branch="false"/>
            <line number="230" hits="1" branch="false"/>
            <line number="231" hits="1" branch="false"/>
            <line number="232" hits="1" branch="false"/>
            <line number="233" hits="1" branch="false"/>
            <line number="234" hits="1" branch="true" condition-coverage="100% (1/1)"/>
            <line number="235" hits="2" branch="true" condition-coverage="100% (2/2)"/>
            <line number="236" hits="2" branch="false"/>
            <line number="237" hits="1" branch="true" condition-coverage="100% (1/1)"/>
            <line number="238" hits="43" branch="false"/>
            <line number="239" hits="43" branch="false"/>
            <line number="240" hits="1" branch="false"/>
            <line number="241" hits="1" branch="true" condition-coverage="100% (1/1)"/>
            <line number="242" hits="43" branch="true" condition-coverage="100% (2/2)"/>
            <line number="243" hits="6" branch="false"/>
            <line number="244" hits="6" branch="false"/>
            <line number="245" hits="6" branch="false"/>
            <line number="246" hits="43" branch="true" condition-coverage="100% (2/2)"/>
            <line number="247" hits="4" branch="false"/>
            <line number="248" hits="37" branch="true" condition-coverage="100% (1/1)"/>
            <line number="249" hits="33" branch="false"/>
            <line number="250" hits="33" branch="false"/>
            <line number="251" hits="43" branch="false"/>
            <line number="252" hits="1" branch="false"/>
            <line number="253" hits="1" branch="true" condition-coverage="100% (1/1)"/>
            <line number="254" hits="1606" branch="true" condition-coverage="100% (1/1)"/>
            <line number="255" hits="1606" branch="false"/>
            <line number="256" hits="1606" branch="true" condition-coverage="100% (2/2)"/>
            <line number="257" hits="1592" branch="false"/>
            <line number="258" hits="1592" branch="false"/>
            <line number="259" hits="1606" branch="false"/>
            <line number="260" hits="1606" branch="true" condition-coverage="100% (1/1)"/>
            <line number="261" hits="1606" branch="false"/>
            <line number="262" hits="1" branch="false"/>
            <line number="263" hits="1" branch="true" condition-coverage="100% (1/1)"/>
            <line number="264" hits="3168" branch="false"/>
            <line number="265" hits="3168" branch="true" condition-coverage="100% (1/1)"/>
            <line number="266" hits="3168" branch="true" condition-coverage="100% (1/1)"/>
            <line number="267" hits="3168" branch="false"/>
            <line number="268" hits="3168" branch="false"/>
            <line number="269" hits="3168" branch="true" condition-coverage="100% (2/2)"/>
            <line number="270" hits="3168" branch="false"/>
            <line number="271" hits="3168" branch="false"/>
            <line number="272" hits="3168" branch="true" condition-coverage="0% (0/1)"/>
            <line number="273" hits="3168" branch="false"/>
            <line number="274" hits="1" branch="false"/>
            <line number="275" hits="1" branch="true" condition-coverage="100% (1/1)"/>
            <line number="276" hits="9" branch="false"/>
            <line number="277" hits="9" branch="false"/>
            <line number="278" hits="9" branch="false"/>
            <line number="279" hits="9" branch="true" condition-coverage="100% (1/1)"/>
            <line number="280" hits="1" branch="false"/>
            <line number="281" hits="1" branch="false"/>
            <line number="282" hits="9" branch="false"/>
            <line number="283" hits="9" branch="true" condition-coverage="100% (1/1)"/>
            <line number="284" hits="8" branch="false"/>
            <line number="285" hits="8" branch="true" condition-coverage="100% (1/1)"/>
            <line number="286" hits="17" branch="true" condition-coverage="100% (1/1)"/>
            <line number="287" hits="2" branch="false"/>
            <line number="288" hits="2" branch="false"/>
            <line number="289" hits="2" branch="false"/>
            <line number="290" hits="2" branch="false"/>
            <line number="291" hits="17" branch="true" condition-coverage="100% (2/2)"/>
            <line number="292" hits="28" branch="false"/>
            <line number="293" hits="28" branch="true" condition-coverage="100% (1/1)"/>
            <line number="294" hits="28" branch="false"/>
            <line number="295" hits="28" branch="false"/>
            <line number="296" hits="15" branch="false"/>
            <line number="297" hits="8" branch="false"/>
            <line number="298" hits="8" branch="false"/>
            <line number="299" hits="8" branch="true" condition-coverage="100% (1/1)"/>
            <line number="300" hits="8" branch="false"/>
            <line number="301" hits="8" branch="false"/>
            <line number="302" hits="8" branch="false"/>
            <line number="303" hits="8" branch="false"/>
            <line number="304" hits="8" branch="false"/>
            <line number="305" hits="8" branch="true" condition-coverage="100% (1/1)"/>
            <line number="306" hits="11" branch="false"/>
            <line number="307" hits="8" branch="false"/>
            <line number="308" hits="8" branch="false"/>
            <line number="309" hits="9" branch="true" condition-coverage="100% (1/1)"/>
            <line number="310" hits="14" branch="true" condition-coverage="100% (1/1)"/>
            <line number="311" hits="14" branch="true" condition-coverage="100% (1/1)"/>
            <line number="312" hits="6" branch="false"/>
            <line number="313" hits="6" branch="false"/>
            <line number="314" hits="14" branch="false"/>
            <line number="315" hits="14" branch="true" condition-coverage="50% (1/2)"/>
            <line number="316" hits="14" branch="false"/>
            <line number="317" hits="14" branch="true" condition-coverage="50% (1/2)"/>
            <line number="318" hits="14" branch="false"/>
            <line number="319" hits="14" branch="true" condition-coverage="0% (0/1)"/>
            <line number="320" hits="0" branch="false"/>
            <line number="321" hits="0" branch="false"/>
            <line number="322" hits="0" branch="false"/>
            <line number="323" hits="14" branch="false"/>
            <line number="324" hits="14" branch="true" condition-coverage="100% (1/1)"/>
            <line number="325" hits="8" branch="false"/>
            <line number="326" hits="9" branch="false"/>
            <line number="327" hits="9" branch="true" condition-coverage="100% (1/1)"/>
            <line number="328" hits="9" branch="false"/>
            <line number="329" hits="1" branch="false"/>
            <line number="330" hits="1" branch="true" condition-coverage="100% (1/1)"/>
            <line number="331" hits="102" branch="false"/>
            <line number="332" hits="102" branch="true" condition-coverage="100% (1/1)"/>
            <line number="333" hits="1198" branch="true" condition-coverage="100% (1/1)"/>
            <line number="334" hits="99" branch="false"/>
            <line number="335" hits="99" branch="false"/>
            <line number="336" hits="1198" branch="false"/>
            <line number="337" hits="1198" branch="true" condition-coverage="100% (1/1)"/>
            <line number="338" hits="88" branch="false"/>
            <line number="339" hits="1198" branch="true" condition-coverage="100% (1/1)"/>
            <line number="340" hits="1110" branch="false"/>
            <line number="341" hits="1110" branch="false"/>
            <line number="342" hits="1198" branch="false"/>
            <line number="343" hits="102" branch="false"/>
            <line number="344" hits="102" branch="true" condition-coverage="100% (1/1)"/>
            <line number="345" hits="187" branch="true" condition-coverage="100% (1/1)"/>
            <line number="346" hits="5" branch="true" condition-coverage="100% (1/1)"/>
            <line number="347" hits="6" branch="false"/>
            <line number="348" hits="6" branch="false"/>
            <line number="349" hits="5" branch="false"/>
            <line number="350" hits="187" branch="true" condition-coverage="100% (2/2)"/>
            <line number="351" hits="1" branch="true" condition-coverage="100% (1/1)"/>
            <line number="352" hits="1" branch="false"/>
            <line number="353" hits="1" branch="false"/>
            <line number="354" hits="1" branch="false"/>
            <line number="355" hits="102" branch="false"/>
            <line number="356" hits="102" branch="false"/>
            <line number="357" hits="102" branch="false"/>
            <line number="358" hits="102" branch="false"/>
            <line number="359" hits="102" branch="true" condition-coverage="100% (1/1)"/>
            <line number="360" hits="102" branch="true" condition-coverage="100% (1/1)"/>
            <line number="361" hits="183" branch="true" condition-coverage="100% (1/1)"/>
            <line number="362" hits="84" branch="false"/>
            <line number="363" hits="84" branch="false"/>
            <line number="364" hits="183" branch="false"/>
            <line number="365" hits="183" branch="false"/>
            <line number="366" hits="102" branch="false"/>
            <line number="367" hits="102" branch="false"/>
            <line number="368" hits="102" branch="false"/>
            <line number="369" hits="102" branch="false"/>
            <line number="370" hits="1" branch="false"/>
            <line number="371" hits="1" branch="true" condition-coverage="100% (1/1)"/>
            <line number="372" hits="60" branch="false"/>
            <line number="373" hits="60" branch="false"/>
            <line number="374" hits="60" branch="false"/>
            <line number="375" hits="60" branch="false"/>
            <line number="376" hits="60" branch="false"/>
            <line number="377" hits="60" branch="true" condition-coverage="100% (1/1)"/>
            <line number="378" hits="899" branch="true" condition-coverage="100% (1/1)"/>
            <line number="379" hits="57" branch="false"/>
            <line number="380" hits="57" branch="false"/>
            <line number="381" hits="899" branch="false"/>
            <line number="382" hits="899" branch="false"/>
            <line number="383" hits="899" branch="true" condition-coverage="100% (1/1)"/>
            <line number="384" hits="75" branch="false"/>
            <line number="385" hits="899" branch="true" condition-coverage="100% (2/2)"/>
            <line number="386" hits="6" branch="false"/>
            <line number="387" hits="6" branch="false"/>
            <line number="388" hits="824" branch="true" condition-coverage="100% (1/1)"/>
            <line number="389" hits="818" branch="false"/>
            <line number="390" hits="818" branch="false"/>
            <line number="391" hits="899" branch="false"/>
            <line number="392" hits="60" branch="false"/>
            <line number="393" hits="60" branch="false"/>
            <line number="394" hits="60" branch="true" condition-coverage="100% (1/1)"/>
            <line number="395" hits="138" branch="true" condition-coverage="100% (1/1)"/>
            <line number="396" hits="57" branch="false"/>
            <line number="397" hits="57" branch="false"/>
            <line number="398" hits="138" branch="false"/>
            <line number="399" hits="138" branch="false"/>
            <line number="400" hits="138" branch="false"/>
            <line number="401" hits="138" branch="true" condition-coverage="100% (2/2)"/>
            <line number="402" hits="138" branch="false"/>
            <line number="403" hits="138" branch="false"/>
            <line number="404" hits="138" branch="true" condition-coverage="100% (2/2)"/>
            <line number="405" hits="52" branch="false"/>
            <line number="406" hits="52" branch="true" condition-coverage="100% (1/1)"/>
            <line number="407" hits="86" branch="false"/>
            <line number="408" hits="86" branch="false"/>
            <line number="409" hits="86" branch="true" condition-coverage="100% (2/2)"/>
            <line number="410" hits="55" branch="false"/>
            <line number="411" hits="86" branch="true" condition-coverage="100% (2/2)"/>
            <line number="412" hits="6" branch="false"/>
            <line number="413" hits="6" branch="true" condition-coverage="100% (1/1)"/>
            <line number="414" hits="25" branch="false"/>
            <line number="415" hits="25" branch="false"/>
            <line number="416" hits="25" branch="true" condition-coverage="100% (1/1)"/>
            <line number="417" hits="23" branch="false"/>
            <line number="418" hits="23" branch="false"/>
            <line number="419" hits="23" branch="false"/>
            <line number="420" hits="23" branch="true" condition-coverage="100% (1/1)"/>
            <line number="421" hits="2" branch="false"/>
            <line number="422" hits="2" branch="false"/>
            <line number="423" hits="2" branch="false"/>
            <line number="424" hits="2" branch="false"/>
            <line number="425" hits="2" branch="true" condition-coverage="100% (1/1)"/>
            <line number="426" hits="1" branch="false"/>
            <line number="427" hits="1" branch="false"/>
            <line number="428" hits="1" branch="false"/>
            <line number="429" hits="1" branch="false"/>
            <line number="430" hits="1" branch="false"/>
            <line number="431" hits="1" branch="true" condition-coverage="0% (0/1)"/>
            <line number="432" hits="0" branch="false"/>
            <line number="433" hits="0" branch="false"/>
            <line number="434" hits="0" branch="false"/>
            <line number="435" hits="0" branch="false"/>
            <line number="436" hits="0" branch="false"/>
            <line number="437" hits="2" branch="false"/>
            <line number="438" hits="2" branch="true" condition-coverage="100% (1/1)"/>
            <line number="439" hits="77" branch="false"/>
            <line number="440" hits="77" branch="false"/>
            <line number="441" hits="77" branch="false"/>
            <line number="442" hits="77" branch="true" condition-coverage="100% (1/1)"/>
            <line number="443" hits="4" branch="false"/>
            <line number="444" hits="4" branch="false"/>
            <line number="445" hits="4" branch="false"/>
            <line number="446" hits="4" branch="false"/>
            <line number="447" hits="4" branch="false"/>
            <line number="448" hits="4" branch="false"/>
            <line number="449" hits="77" branch="false"/>
            <line number="450" hits="2" branch="false"/>
            <line number="451" hits="138" branch="false"/>
            <line number="452" hits="60" branch="false"/>
            <line number="453" hits="60" branch="false"/>
            <line number="454" hits="60" branch="false"/>
            <line number="455" hits="1" branch="false"/>
            <line number="456" hits="1" branch="true" condition-coverage="100% (1/1)"/>
            <line number="457" hits="304" branch="false"/>
            <line number="458" hits="304" branch="false"/>
            <line number="459" hits="304" branch="false"/>
            <line number="460" hits="304" branch="false"/>
            <line number="461" hits="304" branch="false"/>
            <line number="462" hits="304" branch="true" condition-coverage="100% (1/1)"/>
            <line number="463" hits="1606" branch="false"/>
            <line number="464" hits="1606" branch="false"/>
            <line number="465" hits="304" branch="false"/>
            <line number="466" hits="304" branch="false"/>
            <line number="467" hits="304" branch="true" condition-coverage="100% (1/1)"/>
            <line number="468" hits="97" branch="false"/>
            <line number="469" hits="97" branch="false"/>
            <line number="470" hits="304" branch="false"/>
            <line number="471" hits="304" branch="false"/>
            <line number="472" hits="304" branch="false"/>
            <line number="473" hits="304" branch="true" condition-coverage="100% (1/1)"/>
            <line number="474" hits="1644" branch="true" condition-coverage="100% (1/1)"/>
            <line number="475" hits="1632" branch="false"/>
            <line number="476" hits="1644" branch="true" condition-coverage="100% (2/2)"/>
            <line number="477" hits="5" branch="false"/>
            <line number="478" hits="12" branch="true" condition-coverage="100% (2/2)"/>
            <line number="479" hits="2" branch="false"/>
            <line number="480" hits="7" branch="true" condition-coverage="100% (2/2)"/>
            <line number="481" hits="3" branch="false"/>
            <line number="482" hits="5" branch="true" condition-coverage="100% (1/1)"/>
            <line number="483" hits="2" branch="false"/>
            <line number="484" hits="2" branch="false"/>
            <line number="485" hits="304" branch="false"/>
            <line number="486" hits="304" branch="true" condition-coverage="100% (1/1)"/>
            <line number="487" hits="304" branch="false"/>
            <line number="488" hits="304" branch="false"/>
            <line number="489" hits="304" branch="false"/>
            <line number="490" hits="1" branch="false"/>
            <line number="491" hits="1" branch="false"/>
            <line number="492" hits="1" branch="false"/>
            <line number="493" hits="1" branch="false"/>
            <line number="494" hits="1" branch="true" condition-coverage="100% (1/1)"/>
            <line number="495" hits="9" branch="false"/>
            <line number="496" hits="9" branch="true" condition-coverage="100% (2/2)"/>
            <line number="497" hits="9" branch="false"/>
            <line number="498" hits="9" branch="true" condition-coverage="100% (1/1)"/>
            <line number="499" hits="54" branch="true" condition-coverage="100% (2/2)"/>
            <line number="500" hits="14" branch="false"/>
            <line number="501" hits="14" branch="false"/>
            <line number="502" hits="14" branch="false"/>
            <line number="503" hits="14" branch="true" condition-coverage="100% (2/2)"/>
            <line number="504" hits="40" branch="false"/>
            <line number="505" hits="9" branch="false"/>
            <line number="506" hits="9" branch="false"/>
            <line number="507" hits="9" branch="false"/>
            <line number="508" hits="9" branch="false"/>
            <line number="509" hits="9" branch="false"/>
            <line number="510" hits="9" branch="true" condition-coverage="100% (2/2)"/>
            <line number="511" hits="9" branch="false"/>
            <line number="512" hits="9" branch="true" condition-coverage="100% (1/1)"/>
            <line number="513" hits="54" branch="true" condition-coverage="100% (2/2)"/>
            <line number="514" hits="14" branch="true" condition-coverage="100% (2/2)"/>
            <line number="515" hits="40" branch="false"/>
            <line number="516" hits="9" branch="false"/>
            <line number="517" hits="9" branch="false"/>
            <line number="518" hits="9" branch="false"/>
            <line number="519" hits="9" branch="false"/>
            <line number="520" hits="9" branch="false"/>
            <line number="521" hits="9" branch="false"/>
            <line number="522" hits="9" branch="false"/>
            <line number="523" hits="9" branch="false"/>
            <line number="524" hits="9" branch="false"/>
            <line number="525" hits="9" branch="false"/>
            <line number="526" hits="9" branch="true" condition-coverage="100% (1/1)"/>
            <line number="527" hits="8" branch="false"/>
            <line number="528" hits="8" branch="false"/>
            <line number="529" hits="8" branch="true" condition-coverage="100% (2/2)"/>
            <line number="530" hits="8" branch="false"/>
            <line number="531" hits="8" branch="false"/>
            <line number="532" hits="8" branch="true" condition-coverage="100% (2/2)"/>
            <line number="533" hits="8" branch="false"/>
            <line number="534" hits="8" branch="false"/>
            <line number="535" hits="8" branch="false"/>
            <line number="536" hits="8" branch="false"/>
            <line number="537" hits="9" branch="false"/>
            <line number="538" hits="9" branch="false"/>
            <line number="539" hits="9" branch="true" condition-coverage="100% (1/1)"/>
            <line number="540" hits="8" branch="false"/>
            <line number="541" hits="8" branch="true" condition-coverage="100% (1/1)"/>
            <line number="542" hits="48" branch="false"/>
            <line number="543" hits="48" branch="true" condition-coverage="100% (2/2)"/>
            <line number="544" hits="48" branch="false"/>
            <line number="545" hits="48" branch="false"/>
            <line number="546" hits="48" branch="true" condition-coverage="100% (2/2)"/>
            <line number="547" hits="48" branch="false"/>
            <line number="548" hits="48" branch="false"/>
            <line number="549" hits="48" branch="false"/>
            <line number="550" hits="8" branch="false"/>
            <line number="551" hits="8" branch="false"/>
            <line number="552" hits="9" branch="false"/>
            <line number="553" hits="1" branch="false"/>
            <line number="554" hits="1" branch="false"/>
            <line number="555" hits="1" branch="false"/>
            <line number="556" hits="1" branch="false"/>
            <line number="557" hits="1" branch="false"/>
            <line number="558" hits="1" branch="true" condition-coverage="100% (1/1)"/>
            <line number="559" hits="11" branch="false"/>
            <line number="560" hits="11" branch="false"/>
            <line number="561" hits="11" branch="false"/>
            <line number="562" hits="11" branch="false"/>
            <line number="563" hits="11" branch="true" condition-coverage="100% (1/1)"/>
            <line number="564" hits="66" branch="true" condition-coverage="100% (1/1)"/>
            <line number="565" hits="1452" branch="false"/>
            <line number="566" hits="1452" branch="false"/>
            <line number="567" hits="1452" branch="false"/>
            <line number="568" hits="1452" branch="true" condition-coverage="100% (1/1)"/>
            <line number="569" hits="568" branch="false"/>
            <line number="570" hits="568" branch="false"/>
            <line number="571" hits="66" branch="false"/>
            <line number="572" hits="11" branch="false"/>
            <line number="573" hits="11" branch="false"/>
            <line number="574" hits="11" branch="false"/>
            <line number="575" hits="1" branch="false"/>
            <line number="576" hits="1" branch="false"/>
            <line number="577" hits="1" branch="false"/>
            <line number="578" hits="1" branch="false"/>
            <line number="579" hits="1" branch="false"/>
            <line number="580" hits="1" branch="false"/>
            <line number="581" hits="1" branch="false"/>
            <line number="582" hits="1" branch="false"/>
            <line number="583" hits="1" branch="false"/>
            <line number="584" hits="1" branch="false"/>
            <line number="585" hits="1" branch="false"/>
            <line number="586" hits="1" branch="false"/>
            <line number="587" hits="1" branch="false"/>
            <line number="588" hits="1" branch="false"/>
            <line number="589" hits="1" branch="false"/>
            <line number="590" hits="1" branch="false"/>
            <line number="591" hits="1" branch="false"/>
            <line number="592" hits="1" branch="false"/>
            <line number="593" hits="1" branch="false"/>
            <line number="594" hits="1" branch="true" condition-coverage="100% (1/1)"/>
            <line number="595" hits="5" branch="false"/>
            <line number="596" hits="5" branch="true" condition-coverage="100% (2/2)"/>
            <line number="597" hits="1" branch="false"/>
            <line number="598" hits="1" branch="false"/>
            <line number="599" hits="1" branch="false"/>
            <line number="600" hits="5" branch="false"/>
            <line number="601" hits="5" branch="true" condition-coverage="100% (2/2)"/>
            <line number="602" hits="7" branch="false"/>
            <line number="603" hits="7" branch="false"/>
            <line number="604" hits="7" branch="false"/>
            <line number="605" hits="7" branch="true" condition-coverage="100% (1/1)"/>
            <line number="606" hits="14" branch="false"/>
            <line number="607" hits="14" branch="false"/>
            <line number="608" hits="14" branch="true" condition-coverage="100% (1/1)"/>
            <line number="609" hits="14" branch="true" condition-coverage="100% (1/1)"/>
            <line number="610" hits="14" branch="false"/>
            <line number="611" hits="14" branch="false"/>
            <line number="612" hits="14" branch="false"/>
            <line number="613" hits="14" branch="false"/>
            <line number="614" hits="14" branch="false"/>
            <line number="615" hits="14" branch="false"/>
            <line number="616" hits="14" branch="false"/>
            <line number="617" hits="14" branch="false"/>
            <line number="618" hits="14" branch="false"/>
            <line number="619" hits="14" branch="false"/>
            <line number="620" hits="14" branch="false"/>
            <line number="621" hits="14" branch="false"/>
            <line number="622" hits="14" branch="false"/>
            <line number="623" hits="14" branch="false"/>
            <line number="624" hits="7" branch="false"/>
            <line number="625" hits="7" branch="false"/>
            <line number="626" hits="7" branch="false"/>
            <line number="627" hits="7" branch="false"/>
            <line number="628" hits="3" branch="false"/>
            <line number="629" hits="3" branch="false"/>
            <line number="630" hits="3" branch="false"/>
            <line number="631" hits="5" branch="false"/>
            <line number="632" hits="1" branch="false"/>
            <line number="633" hits="1" branch="true" condition-coverage="100% (1/1)"/>
            <line number="634" hits="22" branch="false"/>
            <line number="635" hits="22" branch="false"/>
            <line number="636" hits="1" branch="false"/>
            <line number="637" hits="1" branch="true" condition-coverage="100% (1/1)"/>
            <line number="638" hits="24" branch="false"/>
            <line number="639" hits="24" branch="false"/>
            <line number="640" hits="24" branch="false"/>
            <line number="641" hits="24" branch="false"/>
            <line number="642" hits="24" branch="false"/>
            <line number="643" hits="24" branch="false"/>
            <line number="644" hits="24" branch="true" condition-coverage="100% (1/1)"/>
            <line number="645" hits="144" branch="false"/>
            <line number="646" hits="144" branch="false"/>
            <line number="647" hits="144" branch="true" condition-coverage="100% (1/1)"/>
            <line number="648" hits="144" branch="false"/>
            <line number="649" hits="144" branch="false"/>
            <line number="650" hits="24" branch="false"/>
            <line number="651" hits="24" branch="false"/>
            <line number="652" hits="24" branch="false"/>
            <line number="653" hits="24" branch="false"/>
            <line number="654" hits="24" branch="false"/>
            <line number="655" hits="24" branch="false"/>
            <line number="656" hits="24" branch="false"/>
            <line number="657" hits="1" branch="false"/>
            <line number="658" hits="1" branch="false"/>
            <line number="659" hits="1" branch="false"/>
            <line number="660" hits="1" branch="false"/>
            <line number="661" hits="1" branch="false"/>
            <line number="662" hits="1" branch="false"/>
            <line number="663" hits="1" branch="false"/>
            <line number="664" hits="1" branch="false"/>
            <line number="665" hits="1" branch="false"/>
            <line number="666" hits="1" branch="true" condition-coverage="100% (1/1)"/>
            <line number="667" hits="55" branch="false"/>
            <line number="668" hits="55" branch="true" condition-coverage="100% (1/1)"/>
            <line number="669" hits="2" branch="false"/>
            <line number="670" hits="2" branch="false"/>
            <line number="671" hits="55" branch="false"/>
            <line number="672" hits="55" branch="false"/>
            <line number="673" hits="55" branch="true" condition-coverage="100% (1/1)"/>
            <line number="674" hits="53" branch="true" condition-coverage="100% (1/1)"/>
            <line number="675" hits="5" branch="true" condition-coverage="100% (1/1)"/>
            <line number="676" hits="55" branch="true" condition-coverage="100% (1/1)"/>
            <line number="677" hits="4" branch="false"/>
            <line number="678" hits="4" branch="false"/>
            <line number="679" hits="4" branch="true" condition-coverage="100% (1/1)"/>
            <line number="680" hits="49" branch="false"/>
            <line number="681" hits="49" branch="false"/>
            <line number="682" hits="49" branch="true" condition-coverage="100% (1/1)"/>
            <line number="683" hits="16" branch="false"/>
            <line number="684" hits="16" branch="true" condition-coverage="100% (1/1)"/>
            <line number="685" hits="16" branch="false"/>
            <line number="686" hits="55" branch="false"/>
            <line number="687" hits="55" branch="false"/>
            <line number="688" hits="55" branch="false"/>
            <line number="689" hits="55" branch="true" condition-coverage="100% (1/1)"/>
            <line number="690" hits="53" branch="true" condition-coverage="100% (1/1)"/>
            <line number="691" hits="26" branch="true" condition-coverage="100% (1/1)"/>
            <line number="692" hits="27" branch="true" condition-coverage="100% (1/1)"/>
            <line number="693" hits="5" branch="false"/>
            <line number="694" hits="55" branch="true" condition-coverage="100% (1/1)"/>
            <line number="695" hits="5" branch="false"/>
            <line number="696" hits="5" branch="false"/>
            <line number="697" hits="5" branch="false"/>
            <line number="698" hits="55" branch="false"/>
            <line number="699" hits="55" branch="false"/>
            <line number="700" hits="55" branch="true" condition-coverage="100% (1/1)"/>
            <line number="701" hits="55" branch="true" condition-coverage="100% (1/1)"/>
            <line number="702" hits="3" branch="false"/>
            <line number="703" hits="3" branch="true" condition-coverage="100% (1/1)"/>
            <line number="704" hits="50" branch="true" condition-coverage="100% (1/1)"/>
            <line number="705" hits="14" branch="false"/>
            <line number="706" hits="14" branch="false"/>
            <line number="707" hits="50" branch="true" condition-coverage="100% (1/1)"/>
            <line number="708" hits="14" branch="false"/>
            <line number="709" hits="14" branch="false"/>
            <line number="710" hits="55" branch="false"/>
            <line number="711" hits="55" branch="true" condition-coverage="100% (1/1)"/>
            <line number="712" hits="53" branch="false"/>
            <line number="713" hits="55" branch="false"/>
            <line number="714" hits="55" branch="false"/>
            <line number="715" hits="55" branch="false"/>
            <line number="716" hits="55" branch="false"/>
            <line number="717" hits="55" branch="false"/>
            <line number="718" hits="55" branch="false"/>
            <line number="719" hits="55" branch="false"/>
            <line number="720" hits="55" branch="true" condition-coverage="100% (1/1)"/>
            <line number="721" hits="2" branch="false"/>
            <line number="722" hits="2" branch="false"/>
            <line number="723" hits="2" branch="false"/>
            <line number="724" hits="55" branch="false"/>
            <line number="725" hits="55" branch="false"/>
            <line number="726" hits="55" branch="true" condition-coverage="100% (1/1)"/>
            <line number="727" hits="16" branch="false"/>
            <line number="728" hits="55" branch="true" condition-coverage="100% (1/1)"/>
            <line number="729" hits="14" branch="false"/>
            <line number="730" hits="14" branch="false"/>
            <line number="731" hits="14" branch="false"/>
            <line number="732" hits="14" branch="false"/>
            <line number="733" hits="14" branch="false"/>
            <line number="734" hits="14" branch="false"/>
            <line number="735" hits="14" branch="false"/>
            <line number="736" hits="14" branch="false"/>
            <line number="737" hits="14" branch="false"/>
            <line number="738" hits="55" branch="false"/>
            <line number="739" hits="55" branch="false"/>
            <line number="740" hits="55" branch="false"/>
            <line number="741" hits="55" branch="false"/>
            <line number="742" hits="55" branch="false"/>
            <line number="743" hits="55" branch="true" condition-coverage="100% (1/1)"/>
            <line number="744" hits="70" branch="false"/>
            <line number="745" hits="70" branch="true" condition-coverage="100% (1/1)"/>
            <line number="746" hits="2" branch="false"/>
            <line number="747" hits="2" branch="false"/>
            <line number="748" hits="70" branch="false"/>
            <line number="749" hits="70" branch="false"/>
            <line number="750" hits="70" branch="true" condition-coverage="100% (1/1)"/>
            <line number="751" hits="68" branch="false"/>
            <line number="752" hits="68" branch="false"/>
            <line number="753" hits="68" branch="false"/>
            <line number="754" hits="68" branch="false"/>
            <line number="755" hits="68" branch="false"/>
            <line number="756" hits="68" branch="false"/>
            <line number="757" hits="68" branch="false"/>
            <line number="758" hits="68" branch="false"/>
            <line number="759" hits="70" branch="true" condition-coverage="100% (1/1)"/>
            <line number="760" hits="18" branch="false"/>
            <line number="761" hits="18" branch="false"/>
            <line number="762" hits="18" branch="false"/>
            <line number="763" hits="70" branch="false"/>
            <line number="764" hits="55" branch="false"/>
            <line number="765" hits="55" branch="false"/>
            <line number="766" hits="55" branch="false"/>
            <line number="767" hits="55" branch="false"/>
            <line number="768" hits="55" branch="true" condition-coverage="100% (1/1)"/>
            <line number="769" hits="55" branch="false"/>
            <line number="770" hits="0" branch="true" condition-coverage="0% (0/1)"/>
          </lines>
        </class>
        <class name="multiple-boards.ts" filename="src/multiple-boards.ts" line-rate="0.6" branch-rate="0.6363">
          <methods>
            <method name="__name" hits="1" signature="()V">
              <lines>
                <line number="1" hits="1"/>
              </lines>
            </method>
            <method name="__export" hits="1" signature="()V">
              <lines>
                <line number="1" hits="1"/>
              </lines>
            </method>
            <method name="__copyProps" hits="2" signature="()V">
              <lines>
                <line number="1" hits="2"/>
              </lines>
            </method>
            <method name="get" hits="0" signature="()V">
              <lines>
                <line number="1" hits="0"/>
              </lines>
            </method>
            <method name="__toESM" hits="1" signature="()V">
              <lines>
                <line number="1" hits="1"/>
              </lines>
            </method>
            <method name="__toCommonJS" hits="1" signature="()V">
              <lines>
                <line number="1" hits="1"/>
              </lines>
            </method>
            <method name="default" hits="0" signature="()V">
              <lines>
                <line number="1" hits="0"/>
              </lines>
            </method>
            <method name="&lt;static_initializer&gt;" hits="1" signature="()V">
              <lines>
                <line number="1" hits="1"/>
              </lines>
            </method>
            <method name="&lt;instance_members_initializer&gt;" hits="0" signature="()V">
              <lines>
                <line number="5" hits="0"/>
              </lines>
            </method>
            <method name="MultipleBoards" hits="0" signature="()V">
              <lines>
                <line number="7" hits="0"/>
              </lines>
            </method>
            <method name="postMessage" hits="0" signature="()V">
              <lines>
                <line number="11" hits="0"/>
              </lines>
            </method>
            <method name="push" hits="0" signature="()V">
              <lines>
                <line number="17" hits="0"/>
              </lines>
            </method>
          </methods>
          <lines>
            <line number="1" hits="1" branch="true" condition-coverage="70% (7/10)"/>
            <line number="2" hits="1" branch="false"/>
            <line number="3" hits="1" branch="false"/>
            <line number="4" hits="1" branch="false"/>
            <line number="5" hits="1" branch="true" condition-coverage="0% (0/1)"/>
            <line number="6" hits="1" branch="false"/>
            <line number="7" hits="1" branch="false"/>
            <line number="8" hits="0" branch="false"/>
            <line number="9" hits="0" branch="false"/>
            <line number="10" hits="1" branch="false"/>
            <line number="11" hits="1" branch="false"/>
            <line number="12" hits="0" branch="false"/>
            <line number="13" hits="0" branch="false"/>
            <line number="14" hits="0" branch="false"/>
            <line number="15" hits="0" branch="false"/>
            <line number="16" hits="1" branch="false"/>
            <line number="17" hits="1" branch="false"/>
            <line number="18" hits="0" branch="false"/>
            <line number="19" hits="0" branch="false"/>
            <line number="20" hits="1" branch="false"/>
          </lines>
        </class>
        <class name="read-write-api.ts" filename="src/read-write-api.ts" line-rate="1" branch-rate="0.7368000000000001">
          <methods>
            <method name="__name" hits="1" signature="()V">
              <lines>
                <line number="1" hits="1"/>
              </lines>
            </method>
            <method name="__export" hits="1" signature="()V">
              <lines>
                <line number="1" hits="1"/>
              </lines>
            </method>
            <method name="__copyProps" hits="2" signature="()V">
              <lines>
                <line number="1" hits="2"/>
              </lines>
            </method>
            <method name="get" hits="3" signature="()V">
              <lines>
                <line number="1" hits="3"/>
              </lines>
            </method>
            <method name="__toESM" hits="1" signature="()V">
              <lines>
                <line number="1" hits="1"/>
              </lines>
            </method>
            <method name="__toCommonJS" hits="1" signature="()V">
              <lines>
                <line number="1" hits="1"/>
              </lines>
            </method>
            <method name="default" hits="2" signature="()V">
              <lines>
                <line number="1" hits="2"/>
              </lines>
            </method>
            <method name="&lt;static_initializer&gt;" hits="1" signature="()V">
              <lines>
                <line number="1" hits="1"/>
              </lines>
            </method>
            <method name="&lt;instance_members_initializer&gt;" hits="2" signature="()V">
              <lines>
                <line number="7" hits="2"/>
              </lines>
            </method>
            <method name="ReadWriteAPI" hits="2" signature="()V">
              <lines>
                <line number="10" hits="2"/>
              </lines>
            </method>
            <method name="getCurrentMessage" hits="1" signature="()V">
              <lines>
                <line number="15" hits="1"/>
              </lines>
            </method>
            <method name="postMessage" hits="1" signature="()V">
              <lines>
                <line number="20" hits="1"/>
              </lines>
            </method>
            <method name="request" hits="2" signature="()V">
              <lines>
                <line number="26" hits="2"/>
              </lines>
            </method>
          </methods>
          <lines>
            <line number="1" hits="1" branch="true" condition-coverage="75% (9/12)"/>
            <line number="2" hits="1" branch="false"/>
            <line number="3" hits="1" branch="false"/>
            <line number="4" hits="1" branch="false"/>
            <line number="5" hits="1" branch="false"/>
            <line number="6" hits="1" branch="false"/>
            <line number="7" hits="1" branch="true" condition-coverage="100% (1/1)"/>
            <line number="8" hits="2" branch="false"/>
            <line number="9" hits="1" branch="false"/>
            <line number="10" hits="1" branch="true" condition-coverage="100% (1/1)"/>
            <line number="11" hits="2" branch="false"/>
            <line number="12" hits="2" branch="true" condition-coverage="0% (0/1)"/>
            <line number="13" hits="2" branch="false"/>
            <line number="14" hits="1" branch="false"/>
            <line number="15" hits="1" branch="true" condition-coverage="100% (1/1)"/>
            <line number="16" hits="1" branch="false"/>
            <line number="17" hits="1" branch="false"/>
            <line number="18" hits="1" branch="false"/>
            <line number="19" hits="1" branch="false"/>
            <line number="20" hits="1" branch="true" condition-coverage="100% (1/1)"/>
            <line number="21" hits="1" branch="false"/>
            <line number="22" hits="1" branch="true" condition-coverage="0% (0/1)"/>
            <line number="23" hits="1" branch="false"/>
            <line number="24" hits="1" branch="false"/>
            <line number="25" hits="1" branch="false"/>
            <line number="26" hits="1" branch="true" condition-coverage="100% (1/1)"/>
            <line number="27" hits="2" branch="false"/>
            <line number="28" hits="2" branch="false"/>
            <line number="29" hits="2" branch="false"/>
            <line number="30" hits="2" branch="false"/>
            <line number="31" hits="2" branch="false"/>
            <line number="32" hits="2" branch="false"/>
            <line number="33" hits="2" branch="false"/>
            <line number="34" hits="2" branch="false"/>
            <line number="35" hits="2" branch="false"/>
            <line number="36" hits="1" branch="false"/>
          </lines>
        </class>
        <class name="subscription-api.ts" filename="src/subscription-api.ts" line-rate="0.9262999999999999" branch-rate="0.7916">
          <methods>
            <method name="__name" hits="1" signature="()V">
              <lines>
                <line number="1" hits="1"/>
              </lines>
            </method>
            <method name="__export" hits="1" signature="()V">
              <lines>
                <line number="1" hits="1"/>
              </lines>
            </method>
            <method name="__copyProps" hits="2" signature="()V">
              <lines>
                <line number="1" hits="2"/>
              </lines>
            </method>
            <method name="get" hits="5" signature="()V">
              <lines>
                <line number="1" hits="5"/>
              </lines>
            </method>
            <method name="__toESM" hits="1" signature="()V">
              <lines>
                <line number="1" hits="1"/>
              </lines>
            </method>
            <method name="__toCommonJS" hits="1" signature="()V">
              <lines>
                <line number="1" hits="1"/>
              </lines>
            </method>
            <method name="default" hits="4" signature="()V">
              <lines>
                <line number="1" hits="4"/>
              </lines>
            </method>
            <method name="&lt;static_initializer&gt;" hits="1" signature="()V">
              <lines>
                <line number="1" hits="1"/>
              </lines>
            </method>
            <method name="&lt;instance_members_initializer&gt;" hits="4" signature="()V">
              <lines>
                <line number="12" hits="4"/>
              </lines>
            </method>
            <method name="SubscriptionAPI" hits="4" signature="()V">
              <lines>
                <line number="16" hits="4"/>
              </lines>
            </method>
            <method name="getSubscriptions" hits="1" signature="()V">
              <lines>
                <line number="22" hits="1"/>
              </lines>
            </method>
            <method name="getViewer" hits="1" signature="()V">
              <lines>
                <line number="26" hits="1"/>
              </lines>
            </method>
            <method name="postMessage" hits="2" signature="()V">
              <lines>
                <line number="41" hits="2"/>
              </lines>
            </method>
            <method name="request" hits="5" signature="()V">
              <lines>
                <line number="81" hits="5"/>
              </lines>
            </method>
          </methods>
          <lines>
            <line number="1" hits="1" branch="true" condition-coverage="75% (9/12)"/>
            <line number="2" hits="1" branch="false"/>
            <line number="3" hits="1" branch="false"/>
            <line number="4" hits="1" branch="false"/>
            <line number="5" hits="1" branch="false"/>
            <line number="6" hits="1" branch="false"/>
            <line number="7" hits="1" branch="false"/>
            <line number="8" hits="1" branch="false"/>
            <line number="9" hits="1" branch="false"/>
            <line number="10" hits="1" branch="false"/>
            <line number="11" hits="1" branch="false"/>
            <line number="12" hits="1" branch="true" condition-coverage="100% (1/1)"/>
            <line number="13" hits="4" branch="false"/>
            <line number="14" hits="4" branch="false"/>
            <line number="15" hits="1" branch="false"/>
            <line number="16" hits="1" branch="true" condition-coverage="100% (1/1)"/>
            <line number="17" hits="4" branch="false"/>
            <line number="18" hits="4" branch="false"/>
            <line number="19" hits="4" branch="true" condition-coverage="0% (0/1)"/>
            <line number="20" hits="4" branch="false"/>
            <line number="21" hits="1" branch="false"/>
            <line number="22" hits="1" branch="true" condition-coverage="100% (1/1)"/>
            <line number="23" hits="1" branch="false"/>
            <line number="24" hits="1" branch="false"/>
            <line number="25" hits="1" branch="false"/>
            <line number="26" hits="1" branch="true" condition-coverage="100% (1/1)"/>
            <line number="27" hits="1" branch="false"/>
            <line number="28" hits="1" branch="false"/>
            <line number="29" hits="1" branch="false"/>
            <line number="30" hits="1" branch="false"/>
            <line number="31" hits="1" branch="false"/>
            <line number="32" hits="1" branch="false"/>
            <line number="33" hits="1" branch="false"/>
            <line number="34" hits="1" branch="false"/>
            <line number="35" hits="1" branch="false"/>
            <line number="36" hits="1" branch="false"/>
            <line number="37" hits="1" branch="false"/>
            <line number="38" hits="1" branch="false"/>
            <line number="39" hits="1" branch="false"/>
            <line number="40" hits="1" branch="false"/>
            <line number="41" hits="1" branch="true" condition-coverage="100% (1/1)"/>
            <line number="42" hits="2" branch="false"/>
            <line number="43" hits="2" branch="false"/>
            <line number="44" hits="2" branch="false"/>
            <line number="45" hits="2" branch="false"/>
            <line number="46" hits="2" branch="false"/>
            <line number="47" hits="2" branch="false"/>
            <line number="48" hits="2" branch="true" condition-coverage="100% (1/1)"/>
            <line number="49" hits="2" branch="false"/>
            <line number="50" hits="2" branch="true" condition-coverage="100% (1/1)"/>
            <line number="51" hits="1" branch="false"/>
            <line number="52" hits="1" branch="false"/>
            <line number="53" hits="1" branch="false"/>
            <line number="54" hits="1" branch="false"/>
            <line number="55" hits="1" branch="true" condition-coverage="0% (0/1)"/>
            <line number="56" hits="0" branch="false"/>
            <line number="57" hits="0" branch="false"/>
            <line number="58" hits="0" branch="false"/>
            <line number="59" hits="0" branch="false"/>
            <line number="60" hits="0" branch="false"/>
            <line number="61" hits="0" branch="false"/>
            <line number="62" hits="0" branch="false"/>
            <line number="63" hits="2" branch="false"/>
            <line number="64" hits="2" branch="false"/>
            <line number="65" hits="2" branch="true" condition-coverage="100% (1/1)"/>
            <line number="66" hits="3" branch="false"/>
            <line number="67" hits="3" branch="false"/>
            <line number="68" hits="3" branch="false"/>
            <line number="69" hits="3" branch="false"/>
            <line number="70" hits="3" branch="false"/>
            <line number="71" hits="3" branch="false"/>
            <line number="72" hits="3" branch="false"/>
            <line number="73" hits="3" branch="false"/>
            <line number="74" hits="3" branch="false"/>
            <line number="75" hits="2" branch="true" condition-coverage="100% (1/1)"/>
            <line number="76" hits="1" branch="false"/>
            <line number="77" hits="1" branch="false"/>
            <line number="78" hits="1" branch="false"/>
            <line number="79" hits="1" branch="false"/>
            <line number="80" hits="2" branch="false"/>
            <line number="81" hits="1" branch="true" condition-coverage="100% (1/1)"/>
            <line number="82" hits="5" branch="false"/>
            <line number="83" hits="5" branch="false"/>
            <line number="84" hits="5" branch="false"/>
            <line number="85" hits="5" branch="false"/>
            <line number="86" hits="5" branch="false"/>
            <line number="87" hits="5" branch="false"/>
            <line number="88" hits="5" branch="false"/>
            <line number="89" hits="5" branch="false"/>
            <line number="90" hits="5" branch="false"/>
            <line number="91" hits="5" branch="false"/>
            <line number="92" hits="5" branch="false"/>
            <line number="93" hits="5" branch="false"/>
            <line number="94" hits="5" branch="false"/>
            <line number="95" hits="1" branch="false"/>
          </lines>
        </class>
        <class name="tools.ts" filename="src/tools.ts" line-rate="1" branch-rate="0.88">
          <methods>
            <method name="__name" hits="1" signature="()V">
              <lines>
                <line number="1" hits="1"/>
              </lines>
            </method>
            <method name="__export" hits="1" signature="()V">
              <lines>
                <line number="1" hits="1"/>
              </lines>
            </method>
            <method name="__copyProps" hits="1" signature="()V">
              <lines>
                <line number="1" hits="1"/>
              </lines>
            </method>
            <method name="get" hits="12" signature="()V">
              <lines>
                <line number="1" hits="12"/>
              </lines>
            </method>
            <method name="__toCommonJS" hits="1" signature="()V">
              <lines>
                <line number="1" hits="1"/>
              </lines>
            </method>
            <method name="request" hits="12" signature="()V">
              <lines>
                <line number="1" hits="12"/>
              </lines>
            </method>
            <method name="request" hits="12" signature="()V">
              <lines>
                <line number="7" hits="12"/>
              </lines>
            </method>
          </methods>
          <lines>
            <line number="1" hits="12" branch="true" condition-coverage="85.71428571428571% (6/7)"/>
            <line number="2" hits="1" branch="false"/>
            <line number="3" hits="1" branch="false"/>
            <line number="4" hits="1" branch="false"/>
            <line number="5" hits="1" branch="false"/>
            <line number="6" hits="1" branch="false"/>
            <line number="7" hits="12" branch="true" condition-coverage="50% (1/2)"/>
            <line number="8" hits="12" branch="false"/>
            <line number="9" hits="12" branch="false"/>
            <line number="10" hits="12" branch="false"/>
            <line number="11" hits="12" branch="false"/>
            <line number="12" hits="12" branch="false"/>
            <line number="13" hits="12" branch="true" condition-coverage="100% (2/2)"/>
            <line number="14" hits="12" branch="true" condition-coverage="100% (1/1)"/>
            <line number="15" hits="5" branch="false"/>
            <line number="16" hits="5" branch="false"/>
            <line number="17" hits="5" branch="false"/>
            <line number="18" hits="5" branch="false"/>
            <line number="19" hits="12" branch="false"/>
            <line number="20" hits="12" branch="false"/>
            <line number="21" hits="12" branch="false"/>
            <line number="22" hits="12" branch="false"/>
            <line number="23" hits="12" branch="false"/>
            <line number="24" hits="12" branch="true" condition-coverage="100% (2/2)"/>
            <line number="25" hits="2" branch="false"/>
            <line number="26" hits="12" branch="true" condition-coverage="100% (2/2)"/>
            <line number="27" hits="3" branch="false"/>
            <line number="28" hits="3" branch="false"/>
            <line number="29" hits="12" branch="false"/>
            <line number="30" hits="12" branch="false"/>
            <line number="31" hits="12" branch="true" condition-coverage="100% (1/1)"/>
            <line number="32" hits="21" branch="true" condition-coverage="0% (0/1)"/>
            <line number="33" hits="21" branch="true" condition-coverage="100% (1/1)"/>
            <line number="34" hits="11" branch="false"/>
            <line number="35" hits="11" branch="false"/>
            <line number="36" hits="21" branch="false"/>
            <line number="37" hits="21" branch="true" condition-coverage="100% (2/2)"/>
            <line number="38" hits="10" branch="false"/>
            <line number="39" hits="21" branch="false"/>
            <line number="40" hits="12" branch="true" condition-coverage="100% (1/1)"/>
            <line number="41" hits="1" branch="false"/>
            <line number="42" hits="1" branch="false"/>
            <line number="43" hits="12" branch="false"/>
            <line number="44" hits="12" branch="true" condition-coverage="100% (2/2)"/>
            <line number="45" hits="1" branch="false"/>
            <line number="46" hits="1" branch="false"/>
            <line number="47" hits="12" branch="false"/>
            <line number="48" hits="12" branch="true" condition-coverage="100% (1/1)"/>
            <line number="49" hits="10" branch="false"/>
            <line number="50" hits="12" branch="false"/>
          </lines>
        </class>
        <class name="types.ts" filename="src/types.ts" line-rate="1" branch-rate="0.7333">
          <methods>
            <method name="__export" hits="1" signature="()V">
              <lines>
                <line number="1" hits="1"/>
              </lines>
            </method>
            <method name="__copyProps" hits="4" signature="()V">
              <lines>
                <line number="1" hits="4"/>
              </lines>
            </method>
            <method name="get" hits="296" signature="()V">
              <lines>
                <line number="1" hits="296"/>
              </lines>
            </method>
            <method name="__toESM" hits="3" signature="()V">
              <lines>
                <line number="1" hits="3"/>
              </lines>
            </method>
            <method name="__toCommonJS" hits="1" signature="()V">
              <lines>
                <line number="1" hits="1"/>
              </lines>
            </method>
            <method name="BOARD_LINES" hits="1" signature="()V">
              <lines>
                <line number="1" hits="1"/>
              </lines>
            </method>
            <method name="BOARD_LINE_LENGTH" hits="206" signature="()V">
              <lines>
                <line number="1" hits="206"/>
              </lines>
            </method>
            <method name="MessageWritePosition" hits="89" signature="()V">
              <lines>
                <line number="1" hits="89"/>
              </lines>
            </method>
          </methods>
          <lines>
            <line number="1" hits="1" branch="true" condition-coverage="76.92307692307693% (10/13)"/>
            <line number="2" hits="1" branch="false"/>
            <line number="3" hits="1" branch="false"/>
            <line number="4" hits="1" branch="false"/>
            <line number="5" hits="1" branch="false"/>
            <line number="6" hits="1" branch="false"/>
            <line number="7" hits="1" branch="false"/>
            <line number="8" hits="1" branch="true" condition-coverage="50% (1/2)"/>
            <line number="9" hits="1" branch="false"/>
            <line number="10" hits="1" branch="false"/>
            <line number="11" hits="1" branch="false"/>
            <line number="12" hits="1" branch="false"/>
            <line number="13" hits="1" branch="false"/>
            <line number="14" hits="1" branch="false"/>
            <line number="15" hits="1" branch="false"/>
            <line number="16" hits="1" branch="false"/>
            <line number="17" hits="1" branch="false"/>
            <line number="18" hits="1" branch="false"/>
            <line number="19" hits="1" branch="false"/>
            <line number="20" hits="1" branch="false"/>
            <line number="21" hits="1" branch="false"/>
            <line number="22" hits="1" branch="false"/>
            <line number="23" hits="1" branch="false"/>
            <line number="24" hits="1" branch="false"/>
            <line number="25" hits="1" branch="false"/>
            <line number="26" hits="1" branch="false"/>
            <line number="27" hits="1" branch="false"/>
            <line number="28" hits="1" branch="false"/>
            <line number="29" hits="1" branch="false"/>
            <line number="30" hits="1" branch="false"/>
            <line number="31" hits="1" branch="false"/>
            <line number="32" hits="1" branch="false"/>
            <line number="33" hits="1" branch="false"/>
            <line number="34" hits="1" branch="false"/>
            <line number="35" hits="1" branch="false"/>
            <line number="36" hits="1" branch="false"/>
            <line number="37" hits="1" branch="false"/>
            <line number="38" hits="1" branch="false"/>
            <line number="39" hits="1" branch="false"/>
            <line number="40" hits="1" branch="false"/>
            <line number="41" hits="1" branch="false"/>
            <line number="42" hits="1" branch="false"/>
            <line number="43" hits="1" branch="false"/>
            <line number="44" hits="1" branch="false"/>
            <line number="45" hits="1" branch="false"/>
            <line number="46" hits="1" branch="false"/>
            <line number="47" hits="1" branch="false"/>
            <line number="48" hits="1" branch="false"/>
            <line number="49" hits="1" branch="false"/>
            <line number="50" hits="1" branch="false"/>
            <line number="51" hits="1" branch="false"/>
            <line number="52" hits="1" branch="false"/>
            <line number="53" hits="1" branch="false"/>
            <line number="54" hits="1" branch="false"/>
            <line number="55" hits="1" branch="false"/>
            <line number="56" hits="1" branch="false"/>
            <line number="57" hits="1" branch="false"/>
            <line number="58" hits="1" branch="false"/>
            <line number="59" hits="1" branch="false"/>
            <line number="60" hits="1" branch="false"/>
            <line number="61" hits="1" branch="false"/>
            <line number="62" hits="1" branch="false"/>
            <line number="63" hits="1" branch="false"/>
            <line number="64" hits="1" branch="false"/>
            <line number="65" hits="1" branch="false"/>
            <line number="66" hits="1" branch="false"/>
            <line number="67" hits="1" branch="false"/>
            <line number="68" hits="1" branch="false"/>
            <line number="69" hits="1" branch="false"/>
            <line number="70" hits="1" branch="false"/>
            <line number="71" hits="1" branch="false"/>
            <line number="72" hits="1" branch="false"/>
            <line number="73" hits="1" branch="false"/>
            <line number="74" hits="1" branch="false"/>
            <line number="75" hits="1" branch="false"/>
            <line number="76" hits="1" branch="false"/>
            <line number="77" hits="1" branch="false"/>
            <line number="78" hits="1" branch="false"/>
            <line number="79" hits="1" branch="false"/>
            <line number="80" hits="1" branch="false"/>
            <line number="81" hits="1" branch="false"/>
            <line number="82" hits="1" branch="false"/>
            <line number="83" hits="1" branch="false"/>
            <line number="84" hits="1" branch="false"/>
            <line number="85" hits="1" branch="false"/>
            <line number="86" hits="1" branch="false"/>
            <line number="87" hits="1" branch="false"/>
            <line number="88" hits="1" branch="false"/>
            <line number="89" hits="1" branch="false"/>
            <line number="90" hits="1" branch="false"/>
            <line number="91" hits="1" branch="false"/>
            <line number="92" hits="1" branch="false"/>
            <line number="93" hits="1" branch="false"/>
            <line number="94" hits="1" branch="false"/>
            <line number="95" hits="1" branch="false"/>
            <line number="96" hits="1" branch="false"/>
            <line number="97" hits="1" branch="false"/>
            <line number="98" hits="1" branch="false"/>
            <line number="99" hits="1" branch="false"/>
            <line number="100" hits="1" branch="false"/>
            <line number="101" hits="1" branch="false"/>
            <line number="102" hits="1" branch="false"/>
            <line number="103" hits="1" branch="false"/>
            <line number="104" hits="1" branch="false"/>
            <line number="105" hits="1" branch="false"/>
            <line number="106" hits="1" branch="false"/>
            <line number="107" hits="1" branch="false"/>
            <line number="108" hits="1" branch="false"/>
            <line number="109" hits="1" branch="false"/>
            <line number="110" hits="1" branch="false"/>
            <line number="111" hits="1" branch="false"/>
            <line number="112" hits="1" branch="false"/>
            <line number="113" hits="1" branch="false"/>
            <line number="114" hits="1" branch="false"/>
            <line number="115" hits="1" branch="false"/>
            <line number="116" hits="1" branch="false"/>
            <line number="117" hits="1" branch="false"/>
            <line number="118" hits="1" branch="false"/>
            <line number="119" hits="1" branch="false"/>
            <line number="120" hits="1" branch="false"/>
            <line number="121" hits="1" branch="false"/>
            <line number="122" hits="1" branch="false"/>
            <line number="123" hits="1" branch="false"/>
            <line number="124" hits="1" branch="false"/>
          </lines>
        </class>
      </classes>
    </package>
  </packages>
</coverage>
