{
  "stats": {
    "suites": 24,
    "tests": 58,
    "passes": 50,
    "pending": 8,
    "failures": 0,
    "start": "2024-11-28T19:05:41.120Z",
    "end": "2024-11-28T19:05:51.208Z",
    "duration": 10088,
    "testsRegistered": 58,
    "passPercent": 100,
    "pendingPercent": 13.793103448275861,
    "other": 0,
    "hasOther": false,
    "skipped": 0,
    "hasSkipped": false
  },
  "results": [
    {
      "uuid": "dfa2d0df-31a4-4aef-8540-b694539af94e",
      "title": "",
      "fullFile": "",
      "file": "",
      "beforeHooks": [],
      "afterHooks": [],
      "tests": [],
      "suites": [
        {
          "uuid": "478e6ba9-fb4f-4af2-9500-b8941055160c",
          "title": "LocalAPI",
          "fullFile": "/home/runner/work/vestaboard/vestaboard/test/lib/local-api.ts",
          "file": "/test/lib/local-api.ts",
          "beforeHooks": [],
          "afterHooks": [],
          "tests": [],
          "suites": [
            {
              "uuid": "07b5a6b9-e71b-47ff-a8db-25bd04f70b36",
              "title": "getCurrentMessage()",
              "fullFile": "/home/runner/work/vestaboard/vestaboard/test/lib/local-api.ts",
              "file": "/test/lib/local-api.ts",
              "beforeHooks": [],
              "afterHooks": [],
              "tests": [
                {
                  "title": "should work (mocked by device)",
                  "fullTitle": "LocalAPI getCurrentMessage() should work (mocked by device)",
                  "timedOut": false,
                  "duration": 2,
                  "state": "passed",
                  "speed": "fast",
                  "pass": true,
                  "fail": false,
                  "pending": false,
                  "context": null,
                  "code": "const msg=new Message;msg.fill(\"\\u{1F7E5}\\u{1F7E7}\\u{1F7E8}\\u{1F7E9}\\u{1F7E6}\\u{1F7EA}\");const fetch=__name(async(url,options)=>{assert.strictEqual(url,\"http://vestaboard.local:7000/local-api/message\");assert.deepStrictEqual(options,{method:\"GET\",headers:{\"X-Vestaboard-Local-Api-Key\":\"3eadf7a8-6602-4bf5-92f4-970d36066958\"}});return{ok:true,status:200,statusText:\"OK\",json:__name(async()=>({message:msg.toCharArray()}),\"json\")}},\"fetch\");const api=new LocalAPI(\"3eadf7a8-6602-4bf5-92f4-970d36066958\",void 0,{fetch});const result=await api.getCurrentMessage();assert.deepStrictEqual(result.toCharArray(),msg.toCharArray())",
                  "err": {},
                  "uuid": "285ec30f-e379-43bd-bc04-8eae9f9d1a14",
                  "parentUUID": "07b5a6b9-e71b-47ff-a8db-25bd04f70b36",
                  "isHook": false,
                  "skipped": false
                },
                {
                  "title": "should work (mocked by docs)",
                  "fullTitle": "LocalAPI getCurrentMessage() should work (mocked by docs)",
                  "timedOut": false,
                  "duration": 1,
                  "state": "passed",
                  "speed": "fast",
                  "pass": true,
                  "fail": false,
                  "pending": false,
                  "context": null,
                  "code": "const msg=new Message;msg.fill(\"\\u{1F7E5}\\u{1F7E7}\\u{1F7E8}\\u{1F7E9}\\u{1F7E6}\\u{1F7EA}\");const fetch=__name(async(url,options)=>{assert.strictEqual(url,\"http://vestaboard.local:7000/local-api/message\");assert.deepStrictEqual(options,{method:\"GET\",headers:{\"X-Vestaboard-Local-Api-Key\":\"3eadf7a8-6602-4bf5-92f4-970d36066958\"}});return{ok:true,status:200,statusText:\"OK\",json:__name(async()=>msg.toCharArray(),\"json\")}},\"fetch\");const api=new LocalAPI(\"3eadf7a8-6602-4bf5-92f4-970d36066958\",void 0,{fetch});const result=await api.getCurrentMessage();assert.deepStrictEqual(result.toCharArray(),msg.toCharArray())",
                  "err": {},
                  "uuid": "9cc176ff-f488-4fc4-aede-bd3911df1050",
                  "parentUUID": "07b5a6b9-e71b-47ff-a8db-25bd04f70b36",
                  "isHook": false,
                  "skipped": false
                },
                {
                  "title": "should work (live)",
                  "fullTitle": "LocalAPI getCurrentMessage() should work (live)",
                  "timedOut": false,
                  "duration": 0,
                  "state": "pending",
                  "speed": null,
                  "pass": false,
                  "fail": false,
                  "pending": true,
                  "context": null,
                  "code": "",
                  "err": {},
                  "uuid": "91565273-96b6-4956-b990-27a38589da4a",
                  "parentUUID": "07b5a6b9-e71b-47ff-a8db-25bd04f70b36",
                  "isHook": false,
                  "skipped": false
                }
              ],
              "suites": [],
              "passes": [
                "285ec30f-e379-43bd-bc04-8eae9f9d1a14",
                "9cc176ff-f488-4fc4-aede-bd3911df1050"
              ],
              "failures": [],
              "pending": [
                "91565273-96b6-4956-b990-27a38589da4a"
              ],
              "skipped": [],
              "duration": 3,
              "root": false,
              "rootEmpty": false,
              "_timeout": 30000
            },
            {
              "uuid": "66f615d4-c04a-4182-9f35-4a5513ea3fb9",
              "title": "postMessage()",
              "fullFile": "/home/runner/work/vestaboard/vestaboard/test/lib/local-api.ts",
              "file": "/test/lib/local-api.ts",
              "beforeHooks": [],
              "afterHooks": [],
              "tests": [
                {
                  "title": "should work (mocked)",
                  "fullTitle": "LocalAPI postMessage() should work (mocked)",
                  "timedOut": false,
                  "duration": 1,
                  "state": "passed",
                  "speed": "fast",
                  "pass": true,
                  "fail": false,
                  "pending": false,
                  "context": null,
                  "code": "const msg=new Message(\"Hello World\");const fetch=__name(async(url,options)=>{assert.strictEqual(url,\"http://vestaboard.local:7000/local-api/message\");assert.deepStrictEqual(options,{method:\"POST\",headers:{\"Content-Type\":\"application/json\",\"X-Vestaboard-Local-Api-Key\":\"3eadf7a8-6602-4bf5-92f4-970d36066958\"},body:JSON.stringify(msg.toCharArray())});return{ok:true,status:201,statusText:\"CREATED\",json:__name(async()=>\"\",\"json\")}},\"fetch\");const api=new LocalAPI(\"3eadf7a8-6602-4bf5-92f4-970d36066958\",void 0,{fetch});await api.postMessage(\"Hello World\")",
                  "err": {},
                  "uuid": "cd3db90c-0c21-4785-971d-cd2fcb507746",
                  "parentUUID": "66f615d4-c04a-4182-9f35-4a5513ea3fb9",
                  "isHook": false,
                  "skipped": false
                },
                {
                  "title": "should work (live)",
                  "fullTitle": "LocalAPI postMessage() should work (live)",
                  "timedOut": false,
                  "duration": 0,
                  "state": "pending",
                  "speed": null,
                  "pass": false,
                  "fail": false,
                  "pending": true,
                  "context": null,
                  "code": "",
                  "err": {},
                  "uuid": "dc749cfb-0571-4e29-8753-3815e8e099b2",
                  "parentUUID": "66f615d4-c04a-4182-9f35-4a5513ea3fb9",
                  "isHook": false,
                  "skipped": false
                }
              ],
              "suites": [],
              "passes": [
                "cd3db90c-0c21-4785-971d-cd2fcb507746"
              ],
              "failures": [],
              "pending": [
                "dc749cfb-0571-4e29-8753-3815e8e099b2"
              ],
              "skipped": [],
              "duration": 1,
              "root": false,
              "rootEmpty": false,
              "_timeout": 30000
            }
          ],
          "passes": [],
          "failures": [],
          "pending": [],
          "skipped": [],
          "duration": 0,
          "root": false,
          "rootEmpty": false,
          "_timeout": 30000
        },
        {
          "uuid": "1416c2b2-8542-421a-a622-3ced012c4db8",
          "title": "Message",
          "fullFile": "/home/runner/work/vestaboard/vestaboard/test/lib/message.ts",
          "file": "/test/lib/message.ts",
          "beforeHooks": [],
          "afterHooks": [],
          "tests": [],
          "suites": [
            {
              "uuid": "8f1ee866-d1d3-4a36-aee6-871f810289c1",
              "title": "constructor",
              "fullFile": "/home/runner/work/vestaboard/vestaboard/test/lib/message.ts",
              "file": "/test/lib/message.ts",
              "beforeHooks": [],
              "afterHooks": [],
              "tests": [
                {
                  "title": "should center the message given",
                  "fullTitle": "Message constructor should center the message given",
                  "timedOut": false,
                  "duration": 2,
                  "state": "passed",
                  "speed": "fast",
                  "pass": true,
                  "fail": false,
                  "pending": false,
                  "context": null,
                  "code": "assert.strictEqual(new Message(\"Hello World\").toString(),\"#==============================================#\\n#                                              #\\n#                                              #\\n#           H E L L O   W O R L D              #\\n#                                              #\\n#                                              #\\n#                                              #\\n#==============================================#\\n\")",
                  "err": {},
                  "uuid": "66dd3a17-5116-43ab-85f1-07570f00f8af",
                  "parentUUID": "8f1ee866-d1d3-4a36-aee6-871f810289c1",
                  "isHook": false,
                  "skipped": false
                },
                {
                  "title": "should also support a char array",
                  "fullTitle": "Message constructor should also support a char array",
                  "timedOut": false,
                  "duration": 0,
                  "state": "passed",
                  "speed": "fast",
                  "pass": true,
                  "fail": false,
                  "pending": false,
                  "context": null,
                  "code": "const msg=new Message;msg.fill(\"\\u{1F7E5}\\u{1F7E7}\\u{1F7E8}\\u{1F7E9}\\u{1F7E6}\\u{1F7EA} \");assert.deepStrictEqual(new Message(msg.toCharArray()).toCharArray(),msg.toCharArray())",
                  "err": {},
                  "uuid": "f6837cb7-7590-49d0-bb67-0691747a2a02",
                  "parentUUID": "8f1ee866-d1d3-4a36-aee6-871f810289c1",
                  "isHook": false,
                  "skipped": false
                }
              ],
              "suites": [],
              "passes": [
                "66dd3a17-5116-43ab-85f1-07570f00f8af",
                "f6837cb7-7590-49d0-bb67-0691747a2a02"
              ],
              "failures": [],
              "pending": [],
              "skipped": [],
              "duration": 2,
              "root": false,
              "rootEmpty": false,
              "_timeout": 2000
            },
            {
              "uuid": "500b04f0-972c-46ad-bb0d-86de90720554",
              "title": "static string2chars()",
              "fullFile": "/home/runner/work/vestaboard/vestaboard/test/lib/message.ts",
              "file": "/test/lib/message.ts",
              "beforeHooks": [],
              "afterHooks": [],
              "tests": [
                {
                  "title": "should work",
                  "fullTitle": "Message static string2chars() should work",
                  "timedOut": false,
                  "duration": 0,
                  "state": "passed",
                  "speed": "fast",
                  "pass": true,
                  "fail": false,
                  "pending": false,
                  "context": null,
                  "code": "assert.deepStrictEqual(Message.string2chars(\"Hello\"),[8,5,12,12,15])",
                  "err": {},
                  "uuid": "8e894f9a-aecb-41e0-bdc0-265b6b0a9fc3",
                  "parentUUID": "500b04f0-972c-46ad-bb0d-86de90720554",
                  "isHook": false,
                  "skipped": false
                },
                {
                  "title": "should handle german umlauts",
                  "fullTitle": "Message static string2chars() should handle german umlauts",
                  "timedOut": false,
                  "duration": 0,
                  "state": "passed",
                  "speed": "fast",
                  "pass": true,
                  "fail": false,
                  "pending": false,
                  "context": null,
                  "code": "assert.deepStrictEqual(Message.string2chars(\"K\\xE4se\"),[11,1,5,19,5])",
                  "err": {},
                  "uuid": "f0132413-db8c-4ae3-9fc3-7e9f07658455",
                  "parentUUID": "500b04f0-972c-46ad-bb0d-86de90720554",
                  "isHook": false,
                  "skipped": false
                },
                {
                  "title": "should handle color emojis",
                  "fullTitle": "Message static string2chars() should handle color emojis",
                  "timedOut": false,
                  "duration": 1,
                  "state": "passed",
                  "speed": "fast",
                  "pass": true,
                  "fail": false,
                  "pending": false,
                  "context": null,
                  "code": "assert.deepStrictEqual(Message.string2chars(\"\\u{1F7E5}\\u{1F7E7}\\u{1F7E8}\\u{1F7E9}\\u{1F7E6}\\u{1F7EA}\\u2B1C\\u2B1B\"),[63,64,65,66,67,68,69,0])",
                  "err": {},
                  "uuid": "595938da-7742-4193-b046-a46ff4279012",
                  "parentUUID": "500b04f0-972c-46ad-bb0d-86de90720554",
                  "isHook": false,
                  "skipped": false
                },
                {
                  "title": "should remove special chars",
                  "fullTitle": "Message static string2chars() should remove special chars",
                  "timedOut": false,
                  "duration": 0,
                  "state": "passed",
                  "speed": "fast",
                  "pass": true,
                  "fail": false,
                  "pending": false,
                  "context": null,
                  "code": "assert.deepStrictEqual(Message.string2chars(\"H\\u2377llo\",{fallbackChar:null}),[8,12,12,15]);assert.deepStrictEqual(Message.string2chars(\"H\\u2377llo\"),[8,60,12,12,15])",
                  "err": {},
                  "uuid": "ab06db95-b4bb-4675-a42b-de86037badfa",
                  "parentUUID": "500b04f0-972c-46ad-bb0d-86de90720554",
                  "isHook": false,
                  "skipped": false
                },
                {
                  "title": "should work with all charts defined in CHAR_MAP",
                  "fullTitle": "Message static string2chars() should work with all charts defined in CHAR_MAP",
                  "timedOut": false,
                  "duration": 6,
                  "state": "passed",
                  "speed": "fast",
                  "pass": true,
                  "fail": false,
                  "pending": false,
                  "context": null,
                  "code": "let text=\"\";const result=[];CHAR_MAP.forEach(([str,chars])=>{const actual=Message.string2chars(str,{removeUnsupportedWords:false});const expected=chars.length!==1||chars[0]!==-2?chars:[0];assert.deepStrictEqual(actual,expected,`Unable to process char \"${str}\": string2chars returned ${JSON.stringify(actual)}, but expected result was ${JSON.stringify(expected)}`);text+=str;result.push(...expected)});assert.deepStrictEqual(Message.string2chars(text,{removeUnsupportedWords:false}),result)",
                  "err": {},
                  "uuid": "36c26e84-c100-4106-83fc-fd1b646a00e6",
                  "parentUUID": "500b04f0-972c-46ad-bb0d-86de90720554",
                  "isHook": false,
                  "skipped": false
                }
              ],
              "suites": [],
              "passes": [
                "8e894f9a-aecb-41e0-bdc0-265b6b0a9fc3",
                "f0132413-db8c-4ae3-9fc3-7e9f07658455",
                "595938da-7742-4193-b046-a46ff4279012",
                "ab06db95-b4bb-4675-a42b-de86037badfa",
                "36c26e84-c100-4106-83fc-fd1b646a00e6"
              ],
              "failures": [],
              "pending": [],
              "skipped": [],
              "duration": 7,
              "root": false,
              "rootEmpty": false,
              "_timeout": 2000
            },
            {
              "uuid": "098eabd7-eed4-438e-a7a5-01668afd7abf",
              "title": "static splitCharsIntoLines()",
              "fullFile": "/home/runner/work/vestaboard/vestaboard/test/lib/message.ts",
              "file": "/test/lib/message.ts",
              "beforeHooks": [],
              "afterHooks": [],
              "tests": [
                {
                  "title": "should split words by whitespace",
                  "fullTitle": "Message static splitCharsIntoLines() should split words by whitespace",
                  "timedOut": false,
                  "duration": 0,
                  "state": "passed",
                  "speed": "fast",
                  "pass": true,
                  "fail": false,
                  "pending": false,
                  "context": null,
                  "code": "const chars=Message.string2chars(\"Hello World\");assert.deepEqual(Message.splitCharsIntoLines(chars,[22,22]),[[8,5,12,12,15,0,23,15,18,12,4]]);assert.deepEqual(Message.splitCharsIntoLines(chars,[8,8]),[[8,5,12,12,15],[23,15,18,12,4]])",
                  "err": {},
                  "uuid": "f27a5f96-b64b-457b-a15b-8ac67e51726d",
                  "parentUUID": "098eabd7-eed4-438e-a7a5-01668afd7abf",
                  "isHook": false,
                  "skipped": false
                },
                {
                  "title": "should split words by dash",
                  "fullTitle": "Message static splitCharsIntoLines() should split words by dash",
                  "timedOut": false,
                  "duration": 1,
                  "state": "passed",
                  "speed": "fast",
                  "pass": true,
                  "fail": false,
                  "pending": false,
                  "context": null,
                  "code": "const chars=Message.string2chars(\"Hello-World\");assert.deepEqual(Message.splitCharsIntoLines(chars,[22,22]),[[8,5,12,12,15,44,23,15,18,12,4]]);assert.deepEqual(Message.splitCharsIntoLines(chars,[8,8]),[[8,5,12,12,15,44],[23,15,18,12,4]])",
                  "err": {},
                  "uuid": "566375fc-125e-4224-b5de-85f8e8a2ae35",
                  "parentUUID": "098eabd7-eed4-438e-a7a5-01668afd7abf",
                  "isHook": false,
                  "skipped": false
                },
                {
                  "title": "should auto-split very long words",
                  "fullTitle": "Message static splitCharsIntoLines() should auto-split very long words",
                  "timedOut": false,
                  "duration": 1,
                  "state": "passed",
                  "speed": "fast",
                  "pass": true,
                  "fail": false,
                  "pending": false,
                  "context": null,
                  "code": "const chars=Message.string2chars(\"Rindfleischetikettierungsueberwachungsaufgabenuebertragungsgesetz\");assert.deepEqual(Message.splitCharsIntoLines(chars,[22,22]),[[18,9,14,4,6,12,5,9,19,3,8,5,20,9,11,5,20,20,9,5,18,44],[21,14,7,19,21,5,2,5,18,23,1,3,8,21,14,7,19,1,21,6,7,44],[1,2,5,14,21,5,2,5,18,20,18,1,7,21,14,7,19,7,5,19,5,44],[20,26]])",
                  "err": {},
                  "uuid": "ed0d7193-313c-4760-b85a-c88bfb6161eb",
                  "parentUUID": "098eabd7-eed4-438e-a7a5-01668afd7abf",
                  "isHook": false,
                  "skipped": false
                }
              ],
              "suites": [],
              "passes": [
                "f27a5f96-b64b-457b-a15b-8ac67e51726d",
                "566375fc-125e-4224-b5de-85f8e8a2ae35",
                "ed0d7193-313c-4760-b85a-c88bfb6161eb"
              ],
              "failures": [],
              "pending": [],
              "skipped": [],
              "duration": 2,
              "root": false,
              "rootEmpty": false,
              "_timeout": 2000
            },
            {
              "uuid": "1bc0f01f-79dc-434b-b201-2cda093862d8",
              "title": "static removeEmojisFromChars()",
              "fullFile": "/home/runner/work/vestaboard/vestaboard/test/lib/message.ts",
              "file": "/test/lib/message.ts",
              "beforeHooks": [],
              "afterHooks": [],
              "tests": [
                {
                  "title": "should not trim texts without emoji words",
                  "fullTitle": "Message static removeEmojisFromChars() should not trim texts without emoji words",
                  "timedOut": false,
                  "duration": 1,
                  "state": "passed",
                  "speed": "fast",
                  "pass": true,
                  "fail": false,
                  "pending": false,
                  "context": null,
                  "code": "assert.deepStrictEqual(Message.string2chars(\"Hello World\"),[8,5,12,12,15,0,23,15,18,12,4])",
                  "err": {},
                  "uuid": "a9c552d6-b11b-465e-b803-a19ba8818e70",
                  "parentUUID": "1bc0f01f-79dc-434b-b201-2cda093862d8",
                  "isHook": false,
                  "skipped": false
                },
                {
                  "title": "should trim emoji prefixes",
                  "fullTitle": "Message static removeEmojisFromChars() should trim emoji prefixes",
                  "timedOut": false,
                  "duration": 0,
                  "state": "passed",
                  "speed": "fast",
                  "pass": true,
                  "fail": false,
                  "pending": false,
                  "context": null,
                  "code": "assert.deepStrictEqual(Message.removeEmojisFromChars(Message.string2chars(\"\\u{1F44B}\\u{1F3FC}Hello\")),[8,5,12,12,15]);assert.deepStrictEqual(Message.removeEmojisFromChars(Message.string2chars(\"\\u{1F44B}\\u{1F3FC} Hello\")),[8,5,12,12,15])",
                  "err": {},
                  "uuid": "13a5fbda-4668-47db-afce-95bbe4e28a18",
                  "parentUUID": "1bc0f01f-79dc-434b-b201-2cda093862d8",
                  "isHook": false,
                  "skipped": false
                },
                {
                  "title": "should trim emoji postfixes",
                  "fullTitle": "Message static removeEmojisFromChars() should trim emoji postfixes",
                  "timedOut": false,
                  "duration": 1,
                  "state": "passed",
                  "speed": "fast",
                  "pass": true,
                  "fail": false,
                  "pending": false,
                  "context": null,
                  "code": "assert.deepStrictEqual(Message.removeEmojisFromChars(Message.string2chars(\"Hello\\u{1F44B}\\u{1F3FC}\")),[8,5,12,12,15]);assert.deepStrictEqual(Message.removeEmojisFromChars(Message.string2chars(\"Hello \\u{1F44B}\\u{1F3FC}\")),[8,5,12,12,15])",
                  "err": {},
                  "uuid": "2121a9a7-6c18-4f6a-8dd2-39668ef1ab4d",
                  "parentUUID": "1bc0f01f-79dc-434b-b201-2cda093862d8",
                  "isHook": false,
                  "skipped": false
                },
                {
                  "title": "should trim emoji words",
                  "fullTitle": "Message static removeEmojisFromChars() should trim emoji words",
                  "timedOut": false,
                  "duration": 1,
                  "state": "passed",
                  "speed": "fast",
                  "pass": true,
                  "fail": false,
                  "pending": false,
                  "context": null,
                  "code": "assert.deepStrictEqual(Message.removeEmojisFromChars(Message.string2chars(\"Hello \\u{1F44B}\\u{1F3FC}\\u{1F44B}\\u{1F3FC} World\")),[8,5,12,12,15,0,23,15,18,12,4])",
                  "err": {},
                  "uuid": "1449d549-8ecf-4fd4-b083-2585298ba6aa",
                  "parentUUID": "1bc0f01f-79dc-434b-b201-2cda093862d8",
                  "isHook": false,
                  "skipped": false
                }
              ],
              "suites": [],
              "passes": [
                "a9c552d6-b11b-465e-b803-a19ba8818e70",
                "13a5fbda-4668-47db-afce-95bbe4e28a18",
                "2121a9a7-6c18-4f6a-8dd2-39668ef1ab4d",
                "1449d549-8ecf-4fd4-b083-2585298ba6aa"
              ],
              "failures": [],
              "pending": [],
              "skipped": [],
              "duration": 3,
              "root": false,
              "rootEmpty": false,
              "_timeout": 2000
            },
            {
              "uuid": "a57d09a7-b13b-42d3-870e-45a1051553fe",
              "title": "static getColumnSizesFromData()",
              "fullFile": "/home/runner/work/vestaboard/vestaboard/test/lib/message.ts",
              "file": "/test/lib/message.ts",
              "beforeHooks": [],
              "afterHooks": [],
              "tests": [
                {
                  "title": "should work with a very basic example",
                  "fullTitle": "Message static getColumnSizesFromData() should work with a very basic example",
                  "timedOut": false,
                  "duration": 1,
                  "state": "passed",
                  "speed": "fast",
                  "pass": true,
                  "fail": false,
                  "pending": false,
                  "context": null,
                  "code": "assert.deepStrictEqual(Message.getColumnSizesFromData([[\"now\",\"Daily\"],[\"13:00\",\"Secret Meeting\"]]),[6,15])",
                  "err": {},
                  "uuid": "96481d5d-f656-4c4b-84af-54d0d2e57ec3",
                  "parentUUID": "a57d09a7-b13b-42d3-870e-45a1051553fe",
                  "isHook": false,
                  "skipped": false
                },
                {
                  "title": "should work without data",
                  "fullTitle": "Message static getColumnSizesFromData() should work without data",
                  "timedOut": false,
                  "duration": 0,
                  "state": "passed",
                  "speed": "fast",
                  "pass": true,
                  "fail": false,
                  "pending": false,
                  "context": null,
                  "code": "assert.deepStrictEqual(Message.getColumnSizesFromData([]),[])",
                  "err": {},
                  "uuid": "0ac487ba-178b-4df0-8069-2547e5784460",
                  "parentUUID": "a57d09a7-b13b-42d3-870e-45a1051553fe",
                  "isHook": false,
                  "skipped": false
                },
                {
                  "title": "should work with only one column",
                  "fullTitle": "Message static getColumnSizesFromData() should work with only one column",
                  "timedOut": false,
                  "duration": 0,
                  "state": "passed",
                  "speed": "fast",
                  "pass": true,
                  "fail": false,
                  "pending": false,
                  "context": null,
                  "code": "assert.deepStrictEqual(Message.getColumnSizesFromData([[\"Daily\"],[\"Secret Meeting\"]]),[22])",
                  "err": {},
                  "uuid": "1ce3c4fe-ce1c-4cf7-93e6-108eaca692c2",
                  "parentUUID": "a57d09a7-b13b-42d3-870e-45a1051553fe",
                  "isHook": false,
                  "skipped": false
                },
                {
                  "title": "should work if length is not enough",
                  "fullTitle": "Message static getColumnSizesFromData() should work if length is not enough",
                  "timedOut": false,
                  "duration": 1,
                  "state": "passed",
                  "speed": "fast",
                  "pass": true,
                  "fail": false,
                  "pending": false,
                  "context": null,
                  "code": "assert.deepStrictEqual(Message.getColumnSizesFromData([[\"now\",\"Daily\"],[\"13:00\",\"Super Secret Meeting\"]]),[5,16])",
                  "err": {},
                  "uuid": "708c1530-ae93-4170-93c8-4725f1dda2bc",
                  "parentUUID": "a57d09a7-b13b-42d3-870e-45a1051553fe",
                  "isHook": false,
                  "skipped": false
                },
                {
                  "title": "should throw error if rows have different number of columns",
                  "fullTitle": "Message static getColumnSizesFromData() should throw error if rows have different number of columns",
                  "timedOut": false,
                  "duration": 1,
                  "state": "passed",
                  "speed": "fast",
                  "pass": true,
                  "fail": false,
                  "pending": false,
                  "context": null,
                  "code": "assert.throws(()=>{new Message().table([[\"now\",\"Daily\"],[\"13:00\",\"Secret Meeting\",\"\\u{1F7E5}\"]])},/Unable to render table: Row 1 has 3 entries, but first row has 2!/)",
                  "err": {},
                  "uuid": "a7c147ca-4307-4e57-932b-c9962c29a28c",
                  "parentUUID": "a57d09a7-b13b-42d3-870e-45a1051553fe",
                  "isHook": false,
                  "skipped": false
                }
              ],
              "suites": [],
              "passes": [
                "96481d5d-f656-4c4b-84af-54d0d2e57ec3",
                "0ac487ba-178b-4df0-8069-2547e5784460",
                "1ce3c4fe-ce1c-4cf7-93e6-108eaca692c2",
                "708c1530-ae93-4170-93c8-4725f1dda2bc",
                "a7c147ca-4307-4e57-932b-c9962c29a28c"
              ],
              "failures": [],
              "pending": [],
              "skipped": [],
              "duration": 3,
              "root": false,
              "rootEmpty": false,
              "_timeout": 2000
            },
            {
              "uuid": "097296ac-76f9-45c8-822e-3c2cbf69e481",
              "title": "fill()",
              "fullFile": "/home/runner/work/vestaboard/vestaboard/test/lib/message.ts",
              "file": "/test/lib/message.ts",
              "beforeHooks": [],
              "afterHooks": [],
              "tests": [
                {
                  "title": "should work with default",
                  "fullTitle": "Message fill() should work with default",
                  "timedOut": false,
                  "duration": 1,
                  "state": "passed",
                  "speed": "fast",
                  "pass": true,
                  "fail": false,
                  "pending": false,
                  "context": null,
                  "code": "const msg=new Message;msg.write(\"Hello World\");msg.fill();assert.strictEqual(msg.toString(),\"#==============================================#\\n#                                              #\\n#                                              #\\n#                                              #\\n#                                              #\\n#                                              #\\n#                                              #\\n#==============================================#\\n\")",
                  "err": {},
                  "uuid": "81c20ce1-14d8-4f93-a7ae-64234e045a2c",
                  "parentUUID": "097296ac-76f9-45c8-822e-3c2cbf69e481",
                  "isHook": false,
                  "skipped": false
                },
                {
                  "title": "should work with single chars",
                  "fullTitle": "Message fill() should work with single chars",
                  "timedOut": false,
                  "duration": 2,
                  "state": "passed",
                  "speed": "fast",
                  "pass": true,
                  "fail": false,
                  "pending": false,
                  "context": null,
                  "code": "const msg=new Message;msg.fill(\"\\u{1F7E5}\");assert.strictEqual(msg.toString(),\"#==============================================#\\n# \\u{1F7E5}\\u{1F7E5}\\u{1F7E5}\\u{1F7E5}\\u{1F7E5}\\u{1F7E5}\\u{1F7E5}\\u{1F7E5}\\u{1F7E5}\\u{1F7E5}\\u{1F7E5}\\u{1F7E5}\\u{1F7E5}\\u{1F7E5}\\u{1F7E5}\\u{1F7E5}\\u{1F7E5}\\u{1F7E5}\\u{1F7E5}\\u{1F7E5}\\u{1F7E5}\\u{1F7E5} #\\n# \\u{1F7E5}\\u{1F7E5}\\u{1F7E5}\\u{1F7E5}\\u{1F7E5}\\u{1F7E5}\\u{1F7E5}\\u{1F7E5}\\u{1F7E5}\\u{1F7E5}\\u{1F7E5}\\u{1F7E5}\\u{1F7E5}\\u{1F7E5}\\u{1F7E5}\\u{1F7E5}\\u{1F7E5}\\u{1F7E5}\\u{1F7E5}\\u{1F7E5}\\u{1F7E5}\\u{1F7E5} #\\n# \\u{1F7E5}\\u{1F7E5}\\u{1F7E5}\\u{1F7E5}\\u{1F7E5}\\u{1F7E5}\\u{1F7E5}\\u{1F7E5}\\u{1F7E5}\\u{1F7E5}\\u{1F7E5}\\u{1F7E5}\\u{1F7E5}\\u{1F7E5}\\u{1F7E5}\\u{1F7E5}\\u{1F7E5}\\u{1F7E5}\\u{1F7E5}\\u{1F7E5}\\u{1F7E5}\\u{1F7E5} #\\n# \\u{1F7E5}\\u{1F7E5}\\u{1F7E5}\\u{1F7E5}\\u{1F7E5}\\u{1F7E5}\\u{1F7E5}\\u{1F7E5}\\u{1F7E5}\\u{1F7E5}\\u{1F7E5}\\u{1F7E5}\\u{1F7E5}\\u{1F7E5}\\u{1F7E5}\\u{1F7E5}\\u{1F7E5}\\u{1F7E5}\\u{1F7E5}\\u{1F7E5}\\u{1F7E5}\\u{1F7E5} #\\n# \\u{1F7E5}\\u{1F7E5}\\u{1F7E5}\\u{1F7E5}\\u{1F7E5}\\u{1F7E5}\\u{1F7E5}\\u{1F7E5}\\u{1F7E5}\\u{1F7E5}\\u{1F7E5}\\u{1F7E5}\\u{1F7E5}\\u{1F7E5}\\u{1F7E5}\\u{1F7E5}\\u{1F7E5}\\u{1F7E5}\\u{1F7E5}\\u{1F7E5}\\u{1F7E5}\\u{1F7E5} #\\n# \\u{1F7E5}\\u{1F7E5}\\u{1F7E5}\\u{1F7E5}\\u{1F7E5}\\u{1F7E5}\\u{1F7E5}\\u{1F7E5}\\u{1F7E5}\\u{1F7E5}\\u{1F7E5}\\u{1F7E5}\\u{1F7E5}\\u{1F7E5}\\u{1F7E5}\\u{1F7E5}\\u{1F7E5}\\u{1F7E5}\\u{1F7E5}\\u{1F7E5}\\u{1F7E5}\\u{1F7E5} #\\n#==============================================#\\n\")",
                  "err": {},
                  "uuid": "cc22673e-594a-43cd-849d-1a2785125c5f",
                  "parentUUID": "097296ac-76f9-45c8-822e-3c2cbf69e481",
                  "isHook": false,
                  "skipped": false
                },
                {
                  "title": "should work with multiple chars",
                  "fullTitle": "Message fill() should work with multiple chars",
                  "timedOut": false,
                  "duration": 1,
                  "state": "passed",
                  "speed": "fast",
                  "pass": true,
                  "fail": false,
                  "pending": false,
                  "context": null,
                  "code": "const msg=new Message;msg.fill(\"\\u{1F7E5}\\u{1F7E7}\\u{1F7E8}\\u{1F7E9}\\u{1F7E6}\\u{1F7EA}\");assert.strictEqual(msg.toString(),\"#==============================================#\\n# \\u{1F7E5}\\u{1F7E7}\\u{1F7E8}\\u{1F7E9}\\u{1F7E6}\\u{1F7EA}\\u{1F7E5}\\u{1F7E7}\\u{1F7E8}\\u{1F7E9}\\u{1F7E6}\\u{1F7EA}\\u{1F7E5}\\u{1F7E7}\\u{1F7E8}\\u{1F7E9}\\u{1F7E6}\\u{1F7EA}\\u{1F7E5}\\u{1F7E7}\\u{1F7E8}\\u{1F7E9} #\\n# \\u{1F7E6}\\u{1F7EA}\\u{1F7E5}\\u{1F7E7}\\u{1F7E8}\\u{1F7E9}\\u{1F7E6}\\u{1F7EA}\\u{1F7E5}\\u{1F7E7}\\u{1F7E8}\\u{1F7E9}\\u{1F7E6}\\u{1F7EA}\\u{1F7E5}\\u{1F7E7}\\u{1F7E8}\\u{1F7E9}\\u{1F7E6}\\u{1F7EA}\\u{1F7E5}\\u{1F7E7} #\\n# \\u{1F7E8}\\u{1F7E9}\\u{1F7E6}\\u{1F7EA}\\u{1F7E5}\\u{1F7E7}\\u{1F7E8}\\u{1F7E9}\\u{1F7E6}\\u{1F7EA}\\u{1F7E5}\\u{1F7E7}\\u{1F7E8}\\u{1F7E9}\\u{1F7E6}\\u{1F7EA}\\u{1F7E5}\\u{1F7E7}\\u{1F7E8}\\u{1F7E9}\\u{1F7E6}\\u{1F7EA} #\\n# \\u{1F7E5}\\u{1F7E7}\\u{1F7E8}\\u{1F7E9}\\u{1F7E6}\\u{1F7EA}\\u{1F7E5}\\u{1F7E7}\\u{1F7E8}\\u{1F7E9}\\u{1F7E6}\\u{1F7EA}\\u{1F7E5}\\u{1F7E7}\\u{1F7E8}\\u{1F7E9}\\u{1F7E6}\\u{1F7EA}\\u{1F7E5}\\u{1F7E7}\\u{1F7E8}\\u{1F7E9} #\\n# \\u{1F7E6}\\u{1F7EA}\\u{1F7E5}\\u{1F7E7}\\u{1F7E8}\\u{1F7E9}\\u{1F7E6}\\u{1F7EA}\\u{1F7E5}\\u{1F7E7}\\u{1F7E8}\\u{1F7E9}\\u{1F7E6}\\u{1F7EA}\\u{1F7E5}\\u{1F7E7}\\u{1F7E8}\\u{1F7E9}\\u{1F7E6}\\u{1F7EA}\\u{1F7E5}\\u{1F7E7} #\\n# \\u{1F7E8}\\u{1F7E9}\\u{1F7E6}\\u{1F7EA}\\u{1F7E5}\\u{1F7E7}\\u{1F7E8}\\u{1F7E9}\\u{1F7E6}\\u{1F7EA}\\u{1F7E5}\\u{1F7E7}\\u{1F7E8}\\u{1F7E9}\\u{1F7E6}\\u{1F7EA}\\u{1F7E5}\\u{1F7E7}\\u{1F7E8}\\u{1F7E9}\\u{1F7E6}\\u{1F7EA} #\\n#==============================================#\\n\")",
                  "err": {},
                  "uuid": "acc0ca7e-dd58-4176-b806-d2de6f0888c8",
                  "parentUUID": "097296ac-76f9-45c8-822e-3c2cbf69e481",
                  "isHook": false,
                  "skipped": false
                }
              ],
              "suites": [],
              "passes": [
                "81c20ce1-14d8-4f93-a7ae-64234e045a2c",
                "cc22673e-594a-43cd-849d-1a2785125c5f",
                "acc0ca7e-dd58-4176-b806-d2de6f0888c8"
              ],
              "failures": [],
              "pending": [],
              "skipped": [],
              "duration": 4,
              "root": false,
              "rootEmpty": false,
              "_timeout": 2000
            },
            {
              "uuid": "288d73c0-2349-4ca8-9e75-88be83bd6a2a",
              "title": "write()",
              "fullFile": "/home/runner/work/vestaboard/vestaboard/test/lib/message.ts",
              "file": "/test/lib/message.ts",
              "beforeHooks": [],
              "afterHooks": [],
              "tests": [
                {
                  "title": "should start writing from top/left",
                  "fullTitle": "Message write() should start writing from top/left",
                  "timedOut": false,
                  "duration": 2,
                  "state": "passed",
                  "speed": "fast",
                  "pass": true,
                  "fail": false,
                  "pending": false,
                  "context": null,
                  "code": "const msg=new Message;msg.write(\"Hello World\");assert.strictEqual(msg.toString(),\"#==============================================#\\n# H E L L O   W O R L D                        #\\n#                                              #\\n#                                              #\\n#                                              #\\n#                                              #\\n#                                              #\\n#==============================================#\\n\")",
                  "err": {},
                  "uuid": "7d2eb9d0-9351-41eb-b814-031b319abbcb",
                  "parentUUID": "288d73c0-2349-4ca8-9e75-88be83bd6a2a",
                  "isHook": false,
                  "skipped": false
                },
                {
                  "title": "should accept line & row for positioning",
                  "fullTitle": "Message write() should accept line & row for positioning",
                  "timedOut": false,
                  "duration": 1,
                  "state": "passed",
                  "speed": "fast",
                  "pass": true,
                  "fail": false,
                  "pending": false,
                  "context": null,
                  "code": "const msg=new Message;msg.write(\"Hello World\",{position:{line:2,row:5}});assert.strictEqual(msg.toString(),\"#==============================================#\\n#                                              #\\n#                                              #\\n#           H E L L O   W O R L D              #\\n#                                              #\\n#                                              #\\n#                                              #\\n#==============================================#\\n\")",
                  "err": {},
                  "uuid": "93890285-de8d-4cb0-ad35-715cd0b66d50",
                  "parentUUID": "288d73c0-2349-4ca8-9e75-88be83bd6a2a",
                  "isHook": false,
                  "skipped": false
                },
                {
                  "title": "should add another line if text is too long",
                  "fullTitle": "Message write() should add another line if text is too long",
                  "timedOut": false,
                  "duration": 4,
                  "state": "passed",
                  "speed": "fast",
                  "pass": true,
                  "fail": false,
                  "pending": false,
                  "context": null,
                  "code": "const msg=new Message;msg.write(\"Lorem ipsum dolor sit amet, consetetur sadipscing elitr, sed diam nonumy eirmod tempor invidunt\");assert.strictEqual(msg.toString(),\"#==============================================#\\n# L O R E M   I P S U M   D O L O R   S I T    #\\n# A M E T ,   C O N S E T E T U R              #\\n# S A D I P S C I N G   E L I T R ,   S E D    #\\n# D I A M   N O N U M Y   E I R M O D          #\\n# T E M P O R   I N V I D U N T                #\\n#                                              #\\n#==============================================#\\n\")",
                  "err": {},
                  "uuid": "5463610e-289d-4233-ab33-905c1e1b2910",
                  "parentUUID": "288d73c0-2349-4ca8-9e75-88be83bd6a2a",
                  "isHook": false,
                  "skipped": false
                },
                {
                  "title": "should work with words > board length",
                  "fullTitle": "Message write() should work with words > board length",
                  "timedOut": false,
                  "duration": 1,
                  "state": "passed",
                  "speed": "fast",
                  "pass": true,
                  "fail": false,
                  "pending": false,
                  "context": null,
                  "code": "const msg=new Message;msg.write(\"Lorem-ipsum-dolor-sit-amet\");assert.strictEqual(msg.toString(),\"#==============================================#\\n# L O R E M - I P S U M - D O L O R - S I T -  #\\n# A M E T                                      #\\n#                                              #\\n#                                              #\\n#                                              #\\n#                                              #\\n#==============================================#\\n\")",
                  "err": {},
                  "uuid": "278ef8d9-3886-4eed-8ded-eadf618ffbab",
                  "parentUUID": "288d73c0-2349-4ca8-9e75-88be83bd6a2a",
                  "isHook": false,
                  "skipped": false
                },
                {
                  "title": "should allow to use NEXT_LINE flag",
                  "fullTitle": "Message write() should allow to use NEXT_LINE flag",
                  "timedOut": false,
                  "duration": 2,
                  "state": "passed",
                  "speed": "fast",
                  "pass": true,
                  "fail": false,
                  "pending": false,
                  "context": null,
                  "code": "const msg=new Message;msg.write(\"13:00\",{position:MessageWritePosition.NEXT_LINE});msg.write(\"Daily\",{indent:true});msg.write(\"\",{position:MessageWritePosition.NEXT_LINE});msg.write(\"18:00\",{position:MessageWritePosition.NEXT_LINE});msg.write(\"Fischst\\xE4bchen, Spinat & Ei\",{indent:true});msg.write(\"\",{position:MessageWritePosition.NEXT_LINE});msg.write(\"20:00\",{position:MessageWritePosition.NEXT_LINE});msg.write(\"Sandm\\xE4nnchen\",{indent:true});assert.strictEqual(msg.toString(),\"#==============================================#\\n# 1 3 : 0 0   D A I L Y                        #\\n#                                              #\\n# 1 8 : 0 0   F I S C H S T A E B C H E N ,    #\\n#             S P I N A T   &   E I            #\\n#                                              #\\n# 2 0 : 0 0   S A N D M A E N N C H E N        #\\n#==============================================#\\n\")",
                  "err": {},
                  "uuid": "6a21c60a-d16a-45b7-9b7f-def55e16ceaa",
                  "parentUUID": "288d73c0-2349-4ca8-9e75-88be83bd6a2a",
                  "isHook": false,
                  "skipped": false
                },
                {
                  "title": "should support the NO_SPACE_BETWEEN flag",
                  "fullTitle": "Message write() should support the NO_SPACE_BETWEEN flag",
                  "timedOut": false,
                  "duration": 2,
                  "state": "passed",
                  "speed": "fast",
                  "pass": true,
                  "fail": false,
                  "pending": false,
                  "context": null,
                  "code": "const msg=new Message;msg.write(\"Rindfleisch\").write(\"etikettierungs\",{position:MessageWritePosition.NO_SPACE_BETWEEN}).write(\"ueberwachungs\",{position:MessageWritePosition.NO_SPACE_BETWEEN}).write(\"aufgaben\",{position:MessageWritePosition.NO_SPACE_BETWEEN}).write(\"uebertragungs\",{position:MessageWritePosition.NO_SPACE_BETWEEN}).write(\"gesetz\",{position:MessageWritePosition.NO_SPACE_BETWEEN}).write(\"(das)\");assert.strictEqual(msg.toString(),\"#==============================================#\\n# R I N D F L E I S C H                        #\\n# E T I K E T T I E R U N G S                  #\\n# U E B E R W A C H U N G S A U F G A B E N    #\\n# U E B E R T R A G U N G S G E S E T Z        #\\n# ( D A S )                                    #\\n#                                              #\\n#==============================================#\\n\")",
                  "err": {},
                  "uuid": "9a2eb178-b03c-4cb2-bccc-7b2d9f5ef5b4",
                  "parentUUID": "288d73c0-2349-4ca8-9e75-88be83bd6a2a",
                  "isHook": false,
                  "skipped": false
                },
                {
                  "title": "should support \\n",
                  "fullTitle": "Message write() should support \\n",
                  "timedOut": false,
                  "duration": 2,
                  "state": "passed",
                  "speed": "fast",
                  "pass": true,
                  "fail": false,
                  "pending": false,
                  "context": null,
                  "code": "assert.strictEqual(new Message().write(\"Hello\\nWorld\").toString(),\"#==============================================#\\n# H E L L O                                    #\\n# W O R L D                                    #\\n#                                              #\\n#                                              #\\n#                                              #\\n#                                              #\\n#==============================================#\\n\");assert.strictEqual(new Message().write(\"H\\u2377llo World\",{fallbackChar:0}).toString(),\"#==============================================#\\n# H   L L O   W O R L D                        #\\n#                                              #\\n#                                              #\\n#                                              #\\n#                                              #\\n#                                              #\\n#==============================================#\\n\");assert.strictEqual(new Message().write(\"H\\u2377llo World\",{fallbackChar:null}).toString(),\"#==============================================#\\n# H L L O   W O R L D                          #\\n#                                              #\\n#                                              #\\n#                                              #\\n#                                              #\\n#                                              #\\n#==============================================#\\n\")",
                  "err": {},
                  "uuid": "15a78cda-6b1e-4eef-a156-0bc4c706255f",
                  "parentUUID": "288d73c0-2349-4ca8-9e75-88be83bd6a2a",
                  "isHook": false,
                  "skipped": false
                },
                {
                  "title": "should handle the fallback char",
                  "fullTitle": "Message write() should handle the fallback char",
                  "timedOut": false,
                  "duration": 3,
                  "state": "passed",
                  "speed": "fast",
                  "pass": true,
                  "fail": false,
                  "pending": false,
                  "context": null,
                  "code": "assert.strictEqual(new Message().write(\"H\\u2377llo World\").toString(),\"#==============================================#\\n# H ? L L O   W O R L D                        #\\n#                                              #\\n#                                              #\\n#                                              #\\n#                                              #\\n#                                              #\\n#==============================================#\\n\");assert.strictEqual(new Message().write(\"H\\u2377llo World\",{fallbackChar:0}).toString(),\"#==============================================#\\n# H   L L O   W O R L D                        #\\n#                                              #\\n#                                              #\\n#                                              #\\n#                                              #\\n#                                              #\\n#==============================================#\\n\");assert.strictEqual(new Message().write(\"H\\u2377llo World\",{fallbackChar:null}).toString(),\"#==============================================#\\n# H L L O   W O R L D                          #\\n#                                              #\\n#                                              #\\n#                                              #\\n#                                              #\\n#                                              #\\n#==============================================#\\n\")",
                  "err": {},
                  "uuid": "aaf66906-d051-4aec-89f3-f5cc44dd595c",
                  "parentUUID": "288d73c0-2349-4ca8-9e75-88be83bd6a2a",
                  "isHook": false,
                  "skipped": false
                },
                {
                  "title": "should remove unsupported words by default",
                  "fullTitle": "Message write() should remove unsupported words by default",
                  "timedOut": false,
                  "duration": 0,
                  "state": "passed",
                  "speed": "fast",
                  "pass": true,
                  "fail": false,
                  "pending": false,
                  "context": null,
                  "code": "const msg=new Message;msg.write(\"\\u{1F4AA}\\u{1F3FC} Gym\");assert.strictEqual(msg.toString(),\"#==============================================#\\n# G Y M                                        #\\n#                                              #\\n#                                              #\\n#                                              #\\n#                                              #\\n#                                              #\\n#==============================================#\\n\")",
                  "err": {},
                  "uuid": "f33efeea-d450-4ed2-912a-0f39ec1a035a",
                  "parentUUID": "288d73c0-2349-4ca8-9e75-88be83bd6a2a",
                  "isHook": false,
                  "skipped": false
                },
                {
                  "title": "should not break if message is way too long",
                  "fullTitle": "Message write() should not break if message is way too long",
                  "timedOut": false,
                  "duration": 4,
                  "state": "passed",
                  "speed": "fast",
                  "pass": true,
                  "fail": false,
                  "pending": false,
                  "context": null,
                  "code": "const msg=new Message;msg.write(\"Lorem ipsum dolor sit amet, consectetur adipisici elit, sed eiusmod tempor incidunt ut labore et dolore magna aliqua.\");msg.write(\"Ut enim ad minim veniam, quis nostrud exercitation ullamco laboris nisi ut aliquid ex ea commodi consequat.\");msg.write(\"Quis aute iure reprehenderit in voluptate velit esse cillum dolore eu fugiat nulla pariatur.\");msg.write(\"Excepteur sint obcaecat cupiditat non proident, sunt in culpa qui officia deserunt mollit anim id est laborum.\");assert.strictEqual(msg.toString(),\"#==============================================#\\n# L O R E M   I P S U M   D O L O R   S I T    #\\n# A M E T ,   C O N S E C T E T U R            #\\n# A D I P I S I C I   E L I T ,   S E D        #\\n# E I U S M O D   T E M P O R I N C I D U N T  #\\n# U T   L A B O R E   E T   D O L O R E        #\\n# M A G N A   A L I Q U A .   U T   E N I M    #\\n#==============================================#\\n\")",
                  "err": {},
                  "uuid": "4f492e99-4895-43f2-a569-0b9f705d0b53",
                  "parentUUID": "288d73c0-2349-4ca8-9e75-88be83bd6a2a",
                  "isHook": false,
                  "skipped": false
                }
              ],
              "suites": [],
              "passes": [
                "7d2eb9d0-9351-41eb-b814-031b319abbcb",
                "93890285-de8d-4cb0-ad35-715cd0b66d50",
                "5463610e-289d-4233-ab33-905c1e1b2910",
                "278ef8d9-3886-4eed-8ded-eadf618ffbab",
                "6a21c60a-d16a-45b7-9b7f-def55e16ceaa",
                "9a2eb178-b03c-4cb2-bccc-7b2d9f5ef5b4",
                "15a78cda-6b1e-4eef-a156-0bc4c706255f",
                "aaf66906-d051-4aec-89f3-f5cc44dd595c",
                "f33efeea-d450-4ed2-912a-0f39ec1a035a",
                "4f492e99-4895-43f2-a569-0b9f705d0b53"
              ],
              "failures": [],
              "pending": [],
              "skipped": [],
              "duration": 21,
              "root": false,
              "rootEmpty": false,
              "_timeout": 2000
            },
            {
              "uuid": "e4189425-61c5-4f1a-b66a-a294737ac17a",
              "title": "table()",
              "fullFile": "/home/runner/work/vestaboard/vestaboard/test/lib/message.ts",
              "file": "/test/lib/message.ts",
              "beforeHooks": [],
              "afterHooks": [],
              "tests": [
                {
                  "title": "should work with a very basic example",
                  "fullTitle": "Message table() should work with a very basic example",
                  "timedOut": false,
                  "duration": 1,
                  "state": "passed",
                  "speed": "fast",
                  "pass": true,
                  "fail": false,
                  "pending": false,
                  "context": null,
                  "code": "const msg=new Message;msg.table([[\"now\",\"Daily\"],[\"13:00\",\"Secret Meeting\"]]);assert.strictEqual(msg.toString(),\"#==============================================#\\n# N O W         D A I L Y                      #\\n#                                              #\\n# 1 3 : 0 0     S E C R E T   M E E T I N G    #\\n#                                              #\\n#                                              #\\n#                                              #\\n#==============================================#\\n\")",
                  "err": {},
                  "uuid": "74083db4-9bf5-44f6-985e-ab693d56a1b8",
                  "parentUUID": "e4189425-61c5-4f1a-b66a-a294737ac17a",
                  "isHook": false,
                  "skipped": false
                },
                {
                  "title": "should just fill the space available if too full",
                  "fullTitle": "Message table() should just fill the space available if too full",
                  "timedOut": false,
                  "duration": 3,
                  "state": "passed",
                  "speed": "fast",
                  "pass": true,
                  "fail": false,
                  "pending": false,
                  "context": null,
                  "code": "const msg=new Message;msg.table([[\"now\",\"Daily\"],[\"13:00\",\"Super Secret Meeting\"],[\"16:30\",\"Awesome Presentation\"]]);assert.strictEqual(msg.toString(),\"#==============================================#\\n# N O W       D A I L Y                        #\\n#                                              #\\n# 1 3 : 0 0   S U P E R   S E C R E T          #\\n#             M E E T I N G                    #\\n#                                              #\\n# 1 6 : 3 0   A W E S O M E   P R E S E N T -  #\\n#==============================================#\\n\")",
                  "err": {},
                  "uuid": "67ea751d-57c0-423b-a7ed-4fe902bac10b",
                  "parentUUID": "e4189425-61c5-4f1a-b66a-a294737ac17a",
                  "isHook": false,
                  "skipped": false
                },
                {
                  "title": "should pay attention to the cursor",
                  "fullTitle": "Message table() should pay attention to the cursor",
                  "timedOut": false,
                  "duration": 2,
                  "state": "passed",
                  "speed": "fast",
                  "pass": true,
                  "fail": false,
                  "pending": false,
                  "context": null,
                  "code": "const msg=new Message;msg.write(\"Hello World\\n\");msg.table([[\"now\",\"Daily\"],[\"13:00\",\"Secret Meeting\"]]);assert.strictEqual(msg.toString(),\"#==============================================#\\n# H E L L O   W O R L D                        #\\n#                                              #\\n# N O W         D A I L Y                      #\\n#                                              #\\n# 1 3 : 0 0     S E C R E T   M E E T I N G    #\\n#                                              #\\n#==============================================#\\n\")",
                  "err": {},
                  "uuid": "bd2f0a13-1745-463c-91fd-d20652626389",
                  "parentUUID": "e4189425-61c5-4f1a-b66a-a294737ac17a",
                  "isHook": false,
                  "skipped": false
                },
                {
                  "title": "should throw error if rows have different number of columns",
                  "fullTitle": "Message table() should throw error if rows have different number of columns",
                  "timedOut": false,
                  "duration": 0,
                  "state": "passed",
                  "speed": "fast",
                  "pass": true,
                  "fail": false,
                  "pending": false,
                  "context": null,
                  "code": "const msg=new Message;assert.throws(()=>{msg.table([[\"now\",\"Daily\"],[\"13:00\",\"Secret Meeting\",\"\\u{1F7E5}\"]])},/Unable to render table: Row 1 has 3 entries, but first row has 2!/)",
                  "err": {},
                  "uuid": "8995b784-2452-4a81-8fe6-ad8dfb886162",
                  "parentUUID": "e4189425-61c5-4f1a-b66a-a294737ac17a",
                  "isHook": false,
                  "skipped": false
                }
              ],
              "suites": [],
              "passes": [
                "74083db4-9bf5-44f6-985e-ab693d56a1b8",
                "67ea751d-57c0-423b-a7ed-4fe902bac10b",
                "bd2f0a13-1745-463c-91fd-d20652626389",
                "8995b784-2452-4a81-8fe6-ad8dfb886162"
              ],
              "failures": [],
              "pending": [],
              "skipped": [],
              "duration": 6,
              "root": false,
              "rootEmpty": false,
              "_timeout": 2000
            },
            {
              "uuid": "1a13a467-5c28-48c0-a1a9-e1e3b52cf750",
              "title": "center()",
              "fullFile": "/home/runner/work/vestaboard/vestaboard/test/lib/message.ts",
              "file": "/test/lib/message.ts",
              "beforeHooks": [],
              "afterHooks": [],
              "tests": [
                {
                  "title": "should work with a single word",
                  "fullTitle": "Message center() should work with a single word",
                  "timedOut": false,
                  "duration": 1,
                  "state": "passed",
                  "speed": "fast",
                  "pass": true,
                  "fail": false,
                  "pending": false,
                  "context": null,
                  "code": "const msg=new Message;msg.write(\"Hello World\");msg.center();assert.strictEqual(msg.toString(),\"#==============================================#\\n#                                              #\\n#                                              #\\n#           H E L L O   W O R L D              #\\n#                                              #\\n#                                              #\\n#                                              #\\n#==============================================#\\n\")",
                  "err": {},
                  "uuid": "d7258420-0983-4c44-84be-1eb900ea1694",
                  "parentUUID": "1a13a467-5c28-48c0-a1a9-e1e3b52cf750",
                  "isHook": false,
                  "skipped": false
                },
                {
                  "title": "should work with a complete filled board",
                  "fullTitle": "Message center() should work with a complete filled board",
                  "timedOut": false,
                  "duration": 1,
                  "state": "passed",
                  "speed": "fast",
                  "pass": true,
                  "fail": false,
                  "pending": false,
                  "context": null,
                  "code": "const msg=new Message;msg.fill(\"\\u{1F7E5}\");msg.center();assert.strictEqual(msg.toString(),\"#==============================================#\\n# \\u{1F7E5}\\u{1F7E5}\\u{1F7E5}\\u{1F7E5}\\u{1F7E5}\\u{1F7E5}\\u{1F7E5}\\u{1F7E5}\\u{1F7E5}\\u{1F7E5}\\u{1F7E5}\\u{1F7E5}\\u{1F7E5}\\u{1F7E5}\\u{1F7E5}\\u{1F7E5}\\u{1F7E5}\\u{1F7E5}\\u{1F7E5}\\u{1F7E5}\\u{1F7E5}\\u{1F7E5} #\\n# \\u{1F7E5}\\u{1F7E5}\\u{1F7E5}\\u{1F7E5}\\u{1F7E5}\\u{1F7E5}\\u{1F7E5}\\u{1F7E5}\\u{1F7E5}\\u{1F7E5}\\u{1F7E5}\\u{1F7E5}\\u{1F7E5}\\u{1F7E5}\\u{1F7E5}\\u{1F7E5}\\u{1F7E5}\\u{1F7E5}\\u{1F7E5}\\u{1F7E5}\\u{1F7E5}\\u{1F7E5} #\\n# \\u{1F7E5}\\u{1F7E5}\\u{1F7E5}\\u{1F7E5}\\u{1F7E5}\\u{1F7E5}\\u{1F7E5}\\u{1F7E5}\\u{1F7E5}\\u{1F7E5}\\u{1F7E5}\\u{1F7E5}\\u{1F7E5}\\u{1F7E5}\\u{1F7E5}\\u{1F7E5}\\u{1F7E5}\\u{1F7E5}\\u{1F7E5}\\u{1F7E5}\\u{1F7E5}\\u{1F7E5} #\\n# \\u{1F7E5}\\u{1F7E5}\\u{1F7E5}\\u{1F7E5}\\u{1F7E5}\\u{1F7E5}\\u{1F7E5}\\u{1F7E5}\\u{1F7E5}\\u{1F7E5}\\u{1F7E5}\\u{1F7E5}\\u{1F7E5}\\u{1F7E5}\\u{1F7E5}\\u{1F7E5}\\u{1F7E5}\\u{1F7E5}\\u{1F7E5}\\u{1F7E5}\\u{1F7E5}\\u{1F7E5} #\\n# \\u{1F7E5}\\u{1F7E5}\\u{1F7E5}\\u{1F7E5}\\u{1F7E5}\\u{1F7E5}\\u{1F7E5}\\u{1F7E5}\\u{1F7E5}\\u{1F7E5}\\u{1F7E5}\\u{1F7E5}\\u{1F7E5}\\u{1F7E5}\\u{1F7E5}\\u{1F7E5}\\u{1F7E5}\\u{1F7E5}\\u{1F7E5}\\u{1F7E5}\\u{1F7E5}\\u{1F7E5} #\\n# \\u{1F7E5}\\u{1F7E5}\\u{1F7E5}\\u{1F7E5}\\u{1F7E5}\\u{1F7E5}\\u{1F7E5}\\u{1F7E5}\\u{1F7E5}\\u{1F7E5}\\u{1F7E5}\\u{1F7E5}\\u{1F7E5}\\u{1F7E5}\\u{1F7E5}\\u{1F7E5}\\u{1F7E5}\\u{1F7E5}\\u{1F7E5}\\u{1F7E5}\\u{1F7E5}\\u{1F7E5} #\\n#==============================================#\\n\")",
                  "err": {},
                  "uuid": "de0c2612-44c6-4950-ae98-4b62dbb87881",
                  "parentUUID": "1a13a467-5c28-48c0-a1a9-e1e3b52cf750",
                  "isHook": false,
                  "skipped": false
                },
                {
                  "title": "should also work if word is not top/left aligned",
                  "fullTitle": "Message center() should also work if word is not top/left aligned",
                  "timedOut": false,
                  "duration": 2,
                  "state": "passed",
                  "speed": "fast",
                  "pass": true,
                  "fail": false,
                  "pending": false,
                  "context": null,
                  "code": "const msg=new Message;msg.write(\"Hello World\",{position:{line:5,row:11}});msg.center();assert.strictEqual(msg.toString(),\"#==============================================#\\n#                                              #\\n#                                              #\\n#           H E L L O   W O R L D              #\\n#                                              #\\n#                                              #\\n#                                              #\\n#==============================================#\\n\")",
                  "err": {},
                  "uuid": "88b366f2-7269-4cef-a464-4feb2ab480e2",
                  "parentUUID": "1a13a467-5c28-48c0-a1a9-e1e3b52cf750",
                  "isHook": false,
                  "skipped": false
                }
              ],
              "suites": [],
              "passes": [
                "d7258420-0983-4c44-84be-1eb900ea1694",
                "de0c2612-44c6-4950-ae98-4b62dbb87881",
                "88b366f2-7269-4cef-a464-4feb2ab480e2"
              ],
              "failures": [],
              "pending": [],
              "skipped": [],
              "duration": 4,
              "root": false,
              "rootEmpty": false,
              "_timeout": 2000
            }
          ],
          "passes": [],
          "failures": [],
          "pending": [],
          "skipped": [],
          "duration": 0,
          "root": false,
          "rootEmpty": false,
          "_timeout": 2000
        },
        {
          "uuid": "421cd627-82e1-4267-92fe-6fc7eaba32f1",
          "title": "MultipleBoard",
          "fullFile": "/home/runner/work/vestaboard/vestaboard/test/lib/multiple-boards.ts",
          "file": "/test/lib/multiple-boards.ts",
          "beforeHooks": [],
          "afterHooks": [],
          "tests": [],
          "suites": [
            {
              "uuid": "47ab14cb-0d23-4e4d-84d7-10170a0bed9d",
              "title": "postMessage()",
              "fullFile": "/home/runner/work/vestaboard/vestaboard/test/lib/multiple-boards.ts",
              "file": "/test/lib/multiple-boards.ts",
              "beforeHooks": [],
              "afterHooks": [],
              "tests": [
                {
                  "title": "should work (live)",
                  "fullTitle": "MultipleBoard postMessage() should work (live)",
                  "timedOut": false,
                  "duration": 0,
                  "state": "pending",
                  "speed": null,
                  "pass": false,
                  "fail": false,
                  "pending": true,
                  "context": null,
                  "code": "",
                  "err": {},
                  "uuid": "6decad51-aa73-445f-a31e-ecedefab7bde",
                  "parentUUID": "47ab14cb-0d23-4e4d-84d7-10170a0bed9d",
                  "isHook": false,
                  "skipped": false
                }
              ],
              "suites": [],
              "passes": [],
              "failures": [],
              "pending": [
                "6decad51-aa73-445f-a31e-ecedefab7bde"
              ],
              "skipped": [],
              "duration": 0,
              "root": false,
              "rootEmpty": false,
              "_timeout": 30000
            }
          ],
          "passes": [],
          "failures": [],
          "pending": [],
          "skipped": [],
          "duration": 0,
          "root": false,
          "rootEmpty": false,
          "_timeout": 30000
        },
        {
          "uuid": "729effee-34ed-48be-9ae8-de21f7558761",
          "title": "ReadWriteAPI",
          "fullFile": "/home/runner/work/vestaboard/vestaboard/test/lib/read-write-api.ts",
          "file": "/test/lib/read-write-api.ts",
          "beforeHooks": [],
          "afterHooks": [],
          "tests": [],
          "suites": [
            {
              "uuid": "d33f1bf2-435e-4d4b-84d5-dcc913fbb8d9",
              "title": "getCurrentMessage()",
              "fullFile": "/home/runner/work/vestaboard/vestaboard/test/lib/read-write-api.ts",
              "file": "/test/lib/read-write-api.ts",
              "beforeHooks": [],
              "afterHooks": [],
              "tests": [
                {
                  "title": "should work (mocked)",
                  "fullTitle": "ReadWriteAPI getCurrentMessage() should work (mocked)",
                  "timedOut": false,
                  "duration": 1,
                  "state": "passed",
                  "speed": "fast",
                  "pass": true,
                  "fail": false,
                  "pending": false,
                  "context": null,
                  "code": "const msg=new Message;msg.fill(\"\\u{1F7E5}\\u{1F7E7}\\u{1F7E8}\\u{1F7E9}\\u{1F7E6}\\u{1F7EA}\");const json={currentMessage:{layout:JSON.stringify(msg.toCharArray())}};const fetch=__name(async(url,options)=>{assert.strictEqual(url,\"https://rw.vestaboard.com/\");assert.deepStrictEqual(options,{method:\"GET\",headers:{\"X-Vestaboard-Read-Write-Key\":\"3eadf7a8-6602-4bf5-92f4-970d36066958\"}});return{ok:true,status:200,statusText:\"OK\",json:__name(async()=>json,\"json\")}},\"fetch\");const api=new ReadWriteAPI(\"3eadf7a8-6602-4bf5-92f4-970d36066958\",{fetch});const result=await api.getCurrentMessage();assert.deepStrictEqual(result.toCharArray(),msg.toCharArray())",
                  "err": {},
                  "uuid": "628334ad-d8d4-47bf-87e3-c016e1236608",
                  "parentUUID": "d33f1bf2-435e-4d4b-84d5-dcc913fbb8d9",
                  "isHook": false,
                  "skipped": false
                },
                {
                  "title": "should work (live)",
                  "fullTitle": "ReadWriteAPI getCurrentMessage() should work (live)",
                  "timedOut": false,
                  "duration": 0,
                  "state": "pending",
                  "speed": null,
                  "pass": false,
                  "fail": false,
                  "pending": true,
                  "context": null,
                  "code": "",
                  "err": {},
                  "uuid": "1872d869-a1a7-405f-b5d8-1d36d18fe2d2",
                  "parentUUID": "d33f1bf2-435e-4d4b-84d5-dcc913fbb8d9",
                  "isHook": false,
                  "skipped": false
                }
              ],
              "suites": [],
              "passes": [
                "628334ad-d8d4-47bf-87e3-c016e1236608"
              ],
              "failures": [],
              "pending": [
                "1872d869-a1a7-405f-b5d8-1d36d18fe2d2"
              ],
              "skipped": [],
              "duration": 1,
              "root": false,
              "rootEmpty": false,
              "_timeout": 30000
            },
            {
              "uuid": "c7e4b4b5-66c4-4830-9ab6-a6c286bb887a",
              "title": "postMessage()",
              "fullFile": "/home/runner/work/vestaboard/vestaboard/test/lib/read-write-api.ts",
              "file": "/test/lib/read-write-api.ts",
              "beforeHooks": [],
              "afterHooks": [],
              "tests": [
                {
                  "title": "should work (mocked)",
                  "fullTitle": "ReadWriteAPI postMessage() should work (mocked)",
                  "timedOut": false,
                  "duration": 0,
                  "state": "passed",
                  "speed": "fast",
                  "pass": true,
                  "fail": false,
                  "pending": false,
                  "context": null,
                  "code": "const msg=new Message;msg.fill(\"\\u{1F7E5}\\u{1F7E7}\\u{1F7E8}\\u{1F7E9}\\u{1F7E6}\\u{1F7EA}\");const fetch=__name(async(url,options)=>{assert.strictEqual(url,\"https://rw.vestaboard.com/\");assert.deepStrictEqual(options,{method:\"POST\",headers:{\"Content-Type\":\"application/json\",\"X-Vestaboard-Read-Write-Key\":\"3eadf7a8-6602-4bf5-92f4-970d36066958\"},body:JSON.stringify(msg.toCharArray())});return{ok:true,status:200,statusText:\"OK\",json:__name(async()=>({status:\"ok\"}),\"json\")}},\"fetch\");const api=new ReadWriteAPI(\"3eadf7a8-6602-4bf5-92f4-970d36066958\",{fetch});await api.postMessage(msg)",
                  "err": {},
                  "uuid": "165426da-9314-4995-b544-32879783b883",
                  "parentUUID": "c7e4b4b5-66c4-4830-9ab6-a6c286bb887a",
                  "isHook": false,
                  "skipped": false
                },
                {
                  "title": "should work (live)",
                  "fullTitle": "ReadWriteAPI postMessage() should work (live)",
                  "timedOut": false,
                  "duration": 0,
                  "state": "pending",
                  "speed": null,
                  "pass": false,
                  "fail": false,
                  "pending": true,
                  "context": null,
                  "code": "",
                  "err": {},
                  "uuid": "c1beec82-2efe-4875-b025-9f22bd8ad2ce",
                  "parentUUID": "c7e4b4b5-66c4-4830-9ab6-a6c286bb887a",
                  "isHook": false,
                  "skipped": false
                }
              ],
              "suites": [],
              "passes": [
                "165426da-9314-4995-b544-32879783b883"
              ],
              "failures": [],
              "pending": [
                "c1beec82-2efe-4875-b025-9f22bd8ad2ce"
              ],
              "skipped": [],
              "duration": 0,
              "root": false,
              "rootEmpty": false,
              "_timeout": 30000
            }
          ],
          "passes": [],
          "failures": [],
          "pending": [],
          "skipped": [],
          "duration": 0,
          "root": false,
          "rootEmpty": false,
          "_timeout": 30000
        },
        {
          "uuid": "d714a34d-33ec-489e-97d9-9c38e5deb50c",
          "title": "SubscriptionAPI",
          "fullFile": "/home/runner/work/vestaboard/vestaboard/test/lib/subscription-api.ts",
          "file": "/test/lib/subscription-api.ts",
          "beforeHooks": [],
          "afterHooks": [],
          "tests": [],
          "suites": [
            {
              "uuid": "cbcc6c37-6e31-4980-b000-b78cbda03876",
              "title": "getViewer()",
              "fullFile": "/home/runner/work/vestaboard/vestaboard/test/lib/subscription-api.ts",
              "file": "/test/lib/subscription-api.ts",
              "beforeHooks": [],
              "afterHooks": [],
              "tests": [
                {
                  "title": "should work (mocked)",
                  "fullTitle": "SubscriptionAPI getViewer() should work (mocked)",
                  "timedOut": false,
                  "duration": 0,
                  "state": "passed",
                  "speed": "fast",
                  "pass": true,
                  "fail": false,
                  "pending": false,
                  "context": null,
                  "code": "const msg=new Message;msg.fill(\"\\u{1F7E5}\\u{1F7E7}\\u{1F7E8}\\u{1F7E9}\\u{1F7E6}\\u{1F7EA}\");const json={type:\"installation\",_id:\"f35032ce-fd2b-4afb-8a24-d71c8085303c\",_created:\"1577829607582\",installation:{_id:\"562038d1-6fdb-4ba5-ae8b-bc9ec882178d\"}};const fetch=__name(async(url,options)=>{assert.strictEqual(url,\"https://platform.vestaboard.com/viewer\");assert.deepStrictEqual(options,{method:\"GET\",headers:{\"X-Vestaboard-Api-Key\":\"3eadf7a8-6602-4bf5-92f4-970d36066958\",\"X-Vestaboard-Api-Secret\":\"******************************\"}});return{ok:true,status:200,statusText:\"OK\",json:__name(async()=>json,\"json\")}},\"fetch\");const api=new SubscriptionAPI(\"3eadf7a8-6602-4bf5-92f4-970d36066958\",\"******************************\",{fetch});const result=await api.getViewer();assert.deepStrictEqual(result,json)",
                  "err": {},
                  "uuid": "4cc13f8a-4bb2-4c49-9ec2-121aec6dce90",
                  "parentUUID": "cbcc6c37-6e31-4980-b000-b78cbda03876",
                  "isHook": false,
                  "skipped": false
                },
                {
                  "title": "should work (live)",
                  "fullTitle": "SubscriptionAPI getViewer() should work (live)",
                  "timedOut": false,
                  "duration": 0,
                  "state": "pending",
                  "speed": null,
                  "pass": false,
                  "fail": false,
                  "pending": true,
                  "context": null,
                  "code": "",
                  "err": {},
                  "uuid": "03027f7c-a551-4343-8e5e-124d8e6f60de",
                  "parentUUID": "cbcc6c37-6e31-4980-b000-b78cbda03876",
                  "isHook": false,
                  "skipped": false
                }
              ],
              "suites": [],
              "passes": [
                "4cc13f8a-4bb2-4c49-9ec2-121aec6dce90"
              ],
              "failures": [],
              "pending": [
                "03027f7c-a551-4343-8e5e-124d8e6f60de"
              ],
              "skipped": [],
              "duration": 0,
              "root": false,
              "rootEmpty": false,
              "_timeout": 30000
            },
            {
              "uuid": "63f842f4-13ec-4fca-a8a4-95e78cd50541",
              "title": "getSubscription()",
              "fullFile": "/home/runner/work/vestaboard/vestaboard/test/lib/subscription-api.ts",
              "file": "/test/lib/subscription-api.ts",
              "beforeHooks": [],
              "afterHooks": [],
              "tests": [
                {
                  "title": "should work (mocked)",
                  "fullTitle": "SubscriptionAPI getSubscription() should work (mocked)",
                  "timedOut": false,
                  "duration": 0,
                  "state": "passed",
                  "speed": "fast",
                  "pass": true,
                  "fail": false,
                  "pending": false,
                  "context": null,
                  "code": "const json={subscriptions:[{_id:\"bc6412b3-3aa6-4684-8962-cd2876942c0d\",_created:\"1577833654294\",installation:{_id:\"fefb8778-9500-4522-b115-29c0dd13c402\",installable:{_id:\"b629d7df-7ecb-4460-b51e-f87fa942f113\"}},boards:[{_id:\"a1e866f2-e77e-45d8-997a-2e3ebeff4961\"}]}]};const fetch=__name(async(url,options)=>{assert.strictEqual(url,\"https://platform.vestaboard.com/subscriptions\");assert.deepStrictEqual(options,{method:\"GET\",headers:{\"X-Vestaboard-Api-Key\":\"3eadf7a8-6602-4bf5-92f4-970d36066958\",\"X-Vestaboard-Api-Secret\":\"******************************\"}});return{ok:true,status:200,statusText:\"OK\",json:__name(async()=>json,\"json\")}},\"fetch\");const api=new SubscriptionAPI(\"3eadf7a8-6602-4bf5-92f4-970d36066958\",\"******************************\",{fetch});const result=await api.getSubscriptions();assert.deepStrictEqual(result,json)",
                  "err": {},
                  "uuid": "d53bb31f-178b-4341-8ef6-8729b7998dd4",
                  "parentUUID": "63f842f4-13ec-4fca-a8a4-95e78cd50541",
                  "isHook": false,
                  "skipped": false
                },
                {
                  "title": "should work (live)",
                  "fullTitle": "SubscriptionAPI getSubscription() should work (live)",
                  "timedOut": false,
                  "duration": 0,
                  "state": "pending",
                  "speed": null,
                  "pass": false,
                  "fail": false,
                  "pending": true,
                  "context": null,
                  "code": "",
                  "err": {},
                  "uuid": "9503511d-fb01-4234-95a0-49fc4039ebbd",
                  "parentUUID": "63f842f4-13ec-4fca-a8a4-95e78cd50541",
                  "isHook": false,
                  "skipped": false
                }
              ],
              "suites": [],
              "passes": [
                "d53bb31f-178b-4341-8ef6-8729b7998dd4"
              ],
              "failures": [],
              "pending": [
                "9503511d-fb01-4234-95a0-49fc4039ebbd"
              ],
              "skipped": [],
              "duration": 0,
              "root": false,
              "rootEmpty": false,
              "_timeout": 30000
            },
            {
              "uuid": "7c83f72e-77e1-4ebf-bd31-8fa0d2694cae",
              "title": "postMessage()",
              "fullFile": "/home/runner/work/vestaboard/vestaboard/test/lib/subscription-api.ts",
              "file": "/test/lib/subscription-api.ts",
              "beforeHooks": [],
              "afterHooks": [],
              "tests": [
                {
                  "title": "should work (single mode)",
                  "fullTitle": "SubscriptionAPI postMessage() should work (single mode)",
                  "timedOut": false,
                  "duration": 1,
                  "state": "passed",
                  "speed": "fast",
                  "pass": true,
                  "fail": false,
                  "pending": false,
                  "context": null,
                  "code": "const msg=new Message;msg.fill(\"\\u{1F7E5}\\u{1F7E7}\\u{1F7E8}\\u{1F7E9}\\u{1F7E6}\\u{1F7EA}\");const fetch=__name(async(url,options)=>{assert.strictEqual(url,\"https://platform.vestaboard.com/subscriptions/foo/message\");assert.deepStrictEqual(options,{method:\"POST\",headers:{\"Content-Type\":\"application/json\",\"X-Vestaboard-Api-Key\":\"3eadf7a8-6602-4bf5-92f4-970d36066958\",\"X-Vestaboard-Api-Secret\":\"******************************\"},body:JSON.stringify({characters:msg.toCharArray()})});return{ok:true,status:200,statusText:\"OK\",json:__name(async()=>({message:{id:\"\",created:1}}),\"json\")}},\"fetch\");const api=new SubscriptionAPI(\"3eadf7a8-6602-4bf5-92f4-970d36066958\",\"******************************\",{fetch});const result=await api.postMessage(msg,\"foo\");assert.deepStrictEqual(result,{message:{id:\"\",created:1}})",
                  "err": {},
                  "uuid": "6a415217-8dfb-434b-9d8a-2db081e59462",
                  "parentUUID": "7c83f72e-77e1-4ebf-bd31-8fa0d2694cae",
                  "isHook": false,
                  "skipped": false
                },
                {
                  "title": "should work (multi mode)",
                  "fullTitle": "SubscriptionAPI postMessage() should work (multi mode)",
                  "timedOut": false,
                  "duration": 1,
                  "state": "passed",
                  "speed": "fast",
                  "pass": true,
                  "fail": false,
                  "pending": false,
                  "context": null,
                  "code": "const fetch=__name(async(url,options)=>{const msg=new Message(\"Hello World\");assert.strictEqual(url,\"https://platform.vestaboard.com/subscriptions/foo/message\");assert.deepStrictEqual(options,{method:\"POST\",headers:{\"Content-Type\":\"application/json\",\"X-Vestaboard-Api-Key\":\"3eadf7a8-6602-4bf5-92f4-970d36066958\",\"X-Vestaboard-Api-Secret\":\"******************************\"},body:JSON.stringify({characters:msg.toCharArray()})});return{ok:true,status:200,statusText:\"OK\",json:__name(async()=>({message:{id:\"\",created:1}}),\"json\")}},\"fetch\");const api=new SubscriptionAPI(\"3eadf7a8-6602-4bf5-92f4-970d36066958\",\"******************************\",{fetch});const result=await api.postMessage(\"Hello World\",[\"foo\",\"foo\"]);assert.deepStrictEqual(result,[{message:{id:\"\",created:1}},{message:{id:\"\",created:1}}])",
                  "err": {},
                  "uuid": "71aaa535-a63e-4eec-b24d-c3412e0b540f",
                  "parentUUID": "7c83f72e-77e1-4ebf-bd31-8fa0d2694cae",
                  "isHook": false,
                  "skipped": false
                },
                {
                  "title": "should work (live)",
                  "fullTitle": "SubscriptionAPI postMessage() should work (live)",
                  "timedOut": false,
                  "duration": 0,
                  "state": "pending",
                  "speed": null,
                  "pass": false,
                  "fail": false,
                  "pending": true,
                  "context": null,
                  "code": "",
                  "err": {},
                  "uuid": "1273e74b-c760-4609-9acb-d8466d81258f",
                  "parentUUID": "7c83f72e-77e1-4ebf-bd31-8fa0d2694cae",
                  "isHook": false,
                  "skipped": false
                }
              ],
              "suites": [],
              "passes": [
                "6a415217-8dfb-434b-9d8a-2db081e59462",
                "71aaa535-a63e-4eec-b24d-c3412e0b540f"
              ],
              "failures": [],
              "pending": [
                "1273e74b-c760-4609-9acb-d8466d81258f"
              ],
              "skipped": [],
              "duration": 2,
              "root": false,
              "rootEmpty": false,
              "_timeout": 30000
            }
          ],
          "passes": [],
          "failures": [],
          "pending": [],
          "skipped": [],
          "duration": 0,
          "root": false,
          "rootEmpty": false,
          "_timeout": 30000
        },
        {
          "uuid": "620efdec-7c9a-4923-adf1-a6ac51bcef5d",
          "title": "Tools",
          "fullFile": "/home/runner/work/vestaboard/vestaboard/test/lib/tools.ts",
          "file": "/test/lib/tools.ts",
          "beforeHooks": [],
          "afterHooks": [],
          "tests": [],
          "suites": [
            {
              "uuid": "7e3939a3-7e91-4eb2-bf51-71c37f99e734",
              "title": "request",
              "fullFile": "/home/runner/work/vestaboard/vestaboard/test/lib/tools.ts",
              "file": "/test/lib/tools.ts",
              "beforeHooks": [],
              "afterHooks": [],
              "tests": [
                {
                  "title": "should work as intended",
                  "fullTitle": "Tools request should work as intended",
                  "timedOut": false,
                  "duration": 0,
                  "state": "passed",
                  "speed": "fast",
                  "pass": true,
                  "fail": false,
                  "pending": false,
                  "context": null,
                  "code": "const fetch=__name(async(url,options)=>{assert.strictEqual(url,\"https://example.com/test\");assert.deepStrictEqual(options,{method:\"GET\",headers:{\"X-Test-Header\":\"1337\"}});return{ok:true,status:200,statusText:\"OK\",json:__name(async()=>({foo:\"bar\"}),\"json\")}},\"fetch\");const response=await request(\"https://example.com/test\",{\"X-Test-Header\":\"1337\"},void 0,{fetch});assert.deepStrictEqual(response,{foo:\"bar\"})",
                  "err": {},
                  "uuid": "39915726-3b9c-409e-9fb3-0beaa9ed740c",
                  "parentUUID": "7e3939a3-7e91-4eb2-bf51-71c37f99e734",
                  "isHook": false,
                  "skipped": false
                },
                {
                  "title": "should throw error on non 2xx status codes",
                  "fullTitle": "Tools request should throw error on non 2xx status codes",
                  "timedOut": false,
                  "duration": 10011,
                  "state": "passed",
                  "speed": "slow",
                  "pass": true,
                  "fail": false,
                  "pending": false,
                  "context": null,
                  "code": "const fetch=__name(async(url,options)=>{assert.strictEqual(url,\"https://example.com/test\");assert.deepStrictEqual(options,{method:\"GET\",headers:{\"X-Test-Header\":\"1337\"}});return{ok:false,status:500,statusText:\"ERROR\",json:__name(async()=>\"\",\"json\")}},\"fetch\");await assert.rejects(async()=>{await request(\"https://example.com/test\",{\"X-Test-Header\":\"1337\"},void 0,{fetch})},/HTTP Request failed/)",
                  "err": {},
                  "uuid": "29f6fefa-79a8-41e7-9278-88c1578b2ec0",
                  "parentUUID": "7e3939a3-7e91-4eb2-bf51-71c37f99e734",
                  "isHook": false,
                  "skipped": false
                }
              ],
              "suites": [],
              "passes": [
                "39915726-3b9c-409e-9fb3-0beaa9ed740c",
                "29f6fefa-79a8-41e7-9278-88c1578b2ec0"
              ],
              "failures": [],
              "pending": [],
              "skipped": [],
              "duration": 10011,
              "root": false,
              "rootEmpty": false,
              "_timeout": 30000
            }
          ],
          "passes": [],
          "failures": [],
          "pending": [],
          "skipped": [],
          "duration": 0,
          "root": false,
          "rootEmpty": false,
          "_timeout": 30000
        }
      ],
      "passes": [],
      "failures": [],
      "pending": [],
      "skipped": [],
      "duration": 0,
      "root": true,
      "rootEmpty": true,
      "_timeout": 2000
    }
  ],
  "meta": {
    "mocha": {
      "version": "10.8.2"
    },
    "mochawesome": {
      "options": {
        "quiet": false,
        "reportFilename": "mochawesome",
        "saveHtml": true,
        "saveJson": true,
        "consoleReporter": "spec",
        "useInlineDiffs": false,
        "code": true
      },
      "version": "7.1.3"
    },
    "marge": {
      "options": null,
      "version": "6.2.0"
    }
  }
}