{
  "stats": {
    "suites": 24,
    "tests": 58,
    "passes": 50,
    "pending": 8,
    "failures": 0,
    "start": "2025-06-10T19:57:08.163Z",
    "end": "2025-06-10T19:57:18.251Z",
    "duration": 10088,
    "testsRegistered": 58,
    "passPercent": 100,
    "pendingPercent": 13.793103448275861,
    "other": 0,
    "hasOther": false,
    "skipped": 0,
    "hasSkipped": false
  },
  "results": [
    {
      "uuid": "8d5c5189-179a-4f26-ba5d-64a5bdf7ffc1",
      "title": "",
      "fullFile": "",
      "file": "",
      "beforeHooks": [],
      "afterHooks": [],
      "tests": [],
      "suites": [
        {
          "uuid": "cc19fcdd-e2e1-4658-9d66-e06f5fa5c98e",
          "title": "LocalAPI",
          "fullFile": "/home/runner/work/vestaboard/vestaboard/test/lib/local-api.ts",
          "file": "/test/lib/local-api.ts",
          "beforeHooks": [],
          "afterHooks": [],
          "tests": [],
          "suites": [
            {
              "uuid": "2b53343a-e620-4f75-9a9b-f1b7d891b7d8",
              "title": "getCurrentMessage()",
              "fullFile": "/home/runner/work/vestaboard/vestaboard/test/lib/local-api.ts",
              "file": "/test/lib/local-api.ts",
              "beforeHooks": [],
              "afterHooks": [],
              "tests": [
                {
                  "title": "should work (mocked by device)",
                  "fullTitle": "LocalAPI getCurrentMessage() should work (mocked by device)",
                  "timedOut": false,
                  "duration": 3,
                  "state": "passed",
                  "speed": "fast",
                  "pass": true,
                  "fail": false,
                  "pending": false,
                  "context": null,
                  "code": "const msg=new Message;msg.fill(\"\\u{1F7E5}\\u{1F7E7}\\u{1F7E8}\\u{1F7E9}\\u{1F7E6}\\u{1F7EA}\");const fetch=__name(async(url,options)=>{assert.strictEqual(url,\"http://vestaboard.local:7000/local-api/message\");assert.deepStrictEqual(options,{headers:{\"X-Vestaboard-Local-Api-Key\":\"3eadf7a8-6602-4bf5-92f4-970d36066958\"},method:\"GET\"});return{json:__name(async()=>({message:msg.toCharArray()}),\"json\"),ok:true,status:200,statusText:\"OK\"}},\"fetch\");const api=new LocalAPI(\"3eadf7a8-6602-4bf5-92f4-970d36066958\",void 0,{fetch});const result=await api.getCurrentMessage();assert.deepStrictEqual(result.toCharArray(),msg.toCharArray())",
                  "err": {},
                  "uuid": "26e9a52e-2ea1-4d17-aa12-88fc7a1bac8b",
                  "parentUUID": "2b53343a-e620-4f75-9a9b-f1b7d891b7d8",
                  "isHook": false,
                  "skipped": false
                },
                {
                  "title": "should work (mocked by docs)",
                  "fullTitle": "LocalAPI getCurrentMessage() should work (mocked by docs)",
                  "timedOut": false,
                  "duration": 1,
                  "state": "passed",
                  "speed": "fast",
                  "pass": true,
                  "fail": false,
                  "pending": false,
                  "context": null,
                  "code": "const msg=new Message;msg.fill(\"\\u{1F7E5}\\u{1F7E7}\\u{1F7E8}\\u{1F7E9}\\u{1F7E6}\\u{1F7EA}\");const fetch=__name(async(url,options)=>{assert.strictEqual(url,\"http://vestaboard.local:7000/local-api/message\");assert.deepStrictEqual(options,{headers:{\"X-Vestaboard-Local-Api-Key\":\"3eadf7a8-6602-4bf5-92f4-970d36066958\"},method:\"GET\"});return{json:__name(async()=>msg.toCharArray(),\"json\"),ok:true,status:200,statusText:\"OK\"}},\"fetch\");const api=new LocalAPI(\"3eadf7a8-6602-4bf5-92f4-970d36066958\",void 0,{fetch});const result=await api.getCurrentMessage();assert.deepStrictEqual(result.toCharArray(),msg.toCharArray())",
                  "err": {},
                  "uuid": "9a0ab553-61a2-4812-83c4-feccc43ead6b",
                  "parentUUID": "2b53343a-e620-4f75-9a9b-f1b7d891b7d8",
                  "isHook": false,
                  "skipped": false
                },
                {
                  "title": "should work (live)",
                  "fullTitle": "LocalAPI getCurrentMessage() should work (live)",
                  "timedOut": false,
                  "duration": 0,
                  "state": "pending",
                  "speed": null,
                  "pass": false,
                  "fail": false,
                  "pending": true,
                  "context": null,
                  "code": "",
                  "err": {},
                  "uuid": "a0269518-dec7-4c4d-a071-8d95b3a6073b",
                  "parentUUID": "2b53343a-e620-4f75-9a9b-f1b7d891b7d8",
                  "isHook": false,
                  "skipped": false
                }
              ],
              "suites": [],
              "passes": [
                "26e9a52e-2ea1-4d17-aa12-88fc7a1bac8b",
                "9a0ab553-61a2-4812-83c4-feccc43ead6b"
              ],
              "failures": [],
              "pending": [
                "a0269518-dec7-4c4d-a071-8d95b3a6073b"
              ],
              "skipped": [],
              "duration": 4,
              "root": false,
              "rootEmpty": false,
              "_timeout": 30000
            },
            {
              "uuid": "ff73cfc9-541b-4fa9-a11d-3067360f8f1d",
              "title": "postMessage()",
              "fullFile": "/home/runner/work/vestaboard/vestaboard/test/lib/local-api.ts",
              "file": "/test/lib/local-api.ts",
              "beforeHooks": [],
              "afterHooks": [],
              "tests": [
                {
                  "title": "should work (mocked)",
                  "fullTitle": "LocalAPI postMessage() should work (mocked)",
                  "timedOut": false,
                  "duration": 1,
                  "state": "passed",
                  "speed": "fast",
                  "pass": true,
                  "fail": false,
                  "pending": false,
                  "context": null,
                  "code": "const msg=new Message(\"Hello World\");const fetch=__name(async(url,options)=>{assert.strictEqual(url,\"http://vestaboard.local:7000/local-api/message\");assert.deepStrictEqual(options,{body:JSON.stringify(msg.toCharArray()),headers:{\"Content-Type\":\"application/json\",\"X-Vestaboard-Local-Api-Key\":\"3eadf7a8-6602-4bf5-92f4-970d36066958\"},method:\"POST\"});return{json:__name(async()=>\"\",\"json\"),ok:true,status:201,statusText:\"CREATED\"}},\"fetch\");const api=new LocalAPI(\"3eadf7a8-6602-4bf5-92f4-970d36066958\",void 0,{fetch});await api.postMessage(\"Hello World\")",
                  "err": {},
                  "uuid": "d6906040-a7ab-49a2-a1fa-667f6e9b9ddc",
                  "parentUUID": "ff73cfc9-541b-4fa9-a11d-3067360f8f1d",
                  "isHook": false,
                  "skipped": false
                },
                {
                  "title": "should work (live)",
                  "fullTitle": "LocalAPI postMessage() should work (live)",
                  "timedOut": false,
                  "duration": 0,
                  "state": "pending",
                  "speed": null,
                  "pass": false,
                  "fail": false,
                  "pending": true,
                  "context": null,
                  "code": "",
                  "err": {},
                  "uuid": "ed901b10-8450-41db-a4fd-856a0d037062",
                  "parentUUID": "ff73cfc9-541b-4fa9-a11d-3067360f8f1d",
                  "isHook": false,
                  "skipped": false
                }
              ],
              "suites": [],
              "passes": [
                "d6906040-a7ab-49a2-a1fa-667f6e9b9ddc"
              ],
              "failures": [],
              "pending": [
                "ed901b10-8450-41db-a4fd-856a0d037062"
              ],
              "skipped": [],
              "duration": 1,
              "root": false,
              "rootEmpty": false,
              "_timeout": 30000
            }
          ],
          "passes": [],
          "failures": [],
          "pending": [],
          "skipped": [],
          "duration": 0,
          "root": false,
          "rootEmpty": false,
          "_timeout": 30000
        },
        {
          "uuid": "da917021-c95a-4d09-b2b0-ee970cd8f9cc",
          "title": "Message",
          "fullFile": "/home/runner/work/vestaboard/vestaboard/test/lib/message.ts",
          "file": "/test/lib/message.ts",
          "beforeHooks": [],
          "afterHooks": [],
          "tests": [],
          "suites": [
            {
              "uuid": "6571ddc7-ce00-468c-bcc4-8238ed92322e",
              "title": "constructor",
              "fullFile": "/home/runner/work/vestaboard/vestaboard/test/lib/message.ts",
              "file": "/test/lib/message.ts",
              "beforeHooks": [],
              "afterHooks": [],
              "tests": [
                {
                  "title": "should center the message given",
                  "fullTitle": "Message constructor should center the message given",
                  "timedOut": false,
                  "duration": 2,
                  "state": "passed",
                  "speed": "fast",
                  "pass": true,
                  "fail": false,
                  "pending": false,
                  "context": null,
                  "code": "assert.strictEqual(new Message(\"Hello World\").toString(),\"#==============================================#\\n#                                              #\\n#                                              #\\n#           H E L L O   W O R L D              #\\n#                                              #\\n#                                              #\\n#                                              #\\n#==============================================#\\n\")",
                  "err": {},
                  "uuid": "bc75c7c4-16bf-4bfb-8541-2cbb902c117c",
                  "parentUUID": "6571ddc7-ce00-468c-bcc4-8238ed92322e",
                  "isHook": false,
                  "skipped": false
                },
                {
                  "title": "should also support a char array",
                  "fullTitle": "Message constructor should also support a char array",
                  "timedOut": false,
                  "duration": 1,
                  "state": "passed",
                  "speed": "fast",
                  "pass": true,
                  "fail": false,
                  "pending": false,
                  "context": null,
                  "code": "const msg=new Message;msg.fill(\"\\u{1F7E5}\\u{1F7E7}\\u{1F7E8}\\u{1F7E9}\\u{1F7E6}\\u{1F7EA} \");assert.deepStrictEqual(new Message(msg.toCharArray()).toCharArray(),msg.toCharArray())",
                  "err": {},
                  "uuid": "ff3f53ce-6e2e-4b37-84bd-8c4b3679c543",
                  "parentUUID": "6571ddc7-ce00-468c-bcc4-8238ed92322e",
                  "isHook": false,
                  "skipped": false
                }
              ],
              "suites": [],
              "passes": [
                "bc75c7c4-16bf-4bfb-8541-2cbb902c117c",
                "ff3f53ce-6e2e-4b37-84bd-8c4b3679c543"
              ],
              "failures": [],
              "pending": [],
              "skipped": [],
              "duration": 3,
              "root": false,
              "rootEmpty": false,
              "_timeout": 2000
            },
            {
              "uuid": "76cd5664-b2d4-4dce-99cb-3423b444b7ab",
              "title": "static string2chars()",
              "fullFile": "/home/runner/work/vestaboard/vestaboard/test/lib/message.ts",
              "file": "/test/lib/message.ts",
              "beforeHooks": [],
              "afterHooks": [],
              "tests": [
                {
                  "title": "should work",
                  "fullTitle": "Message static string2chars() should work",
                  "timedOut": false,
                  "duration": 0,
                  "state": "passed",
                  "speed": "fast",
                  "pass": true,
                  "fail": false,
                  "pending": false,
                  "context": null,
                  "code": "assert.deepStrictEqual(Message.string2chars(\"Hello\"),[8,5,12,12,15])",
                  "err": {},
                  "uuid": "e6343bef-0e37-4144-91c7-794c11c610d6",
                  "parentUUID": "76cd5664-b2d4-4dce-99cb-3423b444b7ab",
                  "isHook": false,
                  "skipped": false
                },
                {
                  "title": "should handle german umlauts",
                  "fullTitle": "Message static string2chars() should handle german umlauts",
                  "timedOut": false,
                  "duration": 1,
                  "state": "passed",
                  "speed": "fast",
                  "pass": true,
                  "fail": false,
                  "pending": false,
                  "context": null,
                  "code": "assert.deepStrictEqual(Message.string2chars(\"K\\xE4se\"),[11,1,5,19,5])",
                  "err": {},
                  "uuid": "e061b2e8-9cbd-4384-81d5-388e51543b61",
                  "parentUUID": "76cd5664-b2d4-4dce-99cb-3423b444b7ab",
                  "isHook": false,
                  "skipped": false
                },
                {
                  "title": "should handle color emojis",
                  "fullTitle": "Message static string2chars() should handle color emojis",
                  "timedOut": false,
                  "duration": 0,
                  "state": "passed",
                  "speed": "fast",
                  "pass": true,
                  "fail": false,
                  "pending": false,
                  "context": null,
                  "code": "assert.deepStrictEqual(Message.string2chars(\"\\u{1F7E5}\\u{1F7E7}\\u{1F7E8}\\u{1F7E9}\\u{1F7E6}\\u{1F7EA}\\u2B1C\\u2B1B\"),[63,64,65,66,67,68,69,0])",
                  "err": {},
                  "uuid": "36b17569-1b45-415a-b8d7-1ae30d39bd8c",
                  "parentUUID": "76cd5664-b2d4-4dce-99cb-3423b444b7ab",
                  "isHook": false,
                  "skipped": false
                },
                {
                  "title": "should remove special chars",
                  "fullTitle": "Message static string2chars() should remove special chars",
                  "timedOut": false,
                  "duration": 1,
                  "state": "passed",
                  "speed": "fast",
                  "pass": true,
                  "fail": false,
                  "pending": false,
                  "context": null,
                  "code": "assert.deepStrictEqual(Message.string2chars(\"H\\u2377llo\",{fallbackChar:null}),[8,12,12,15]);assert.deepStrictEqual(Message.string2chars(\"H\\u2377llo\"),[8,60,12,12,15])",
                  "err": {},
                  "uuid": "4fca105b-3984-4377-b1d0-6d21cf027025",
                  "parentUUID": "76cd5664-b2d4-4dce-99cb-3423b444b7ab",
                  "isHook": false,
                  "skipped": false
                },
                {
                  "title": "should work with all charts defined in CHAR_MAP",
                  "fullTitle": "Message static string2chars() should work with all charts defined in CHAR_MAP",
                  "timedOut": false,
                  "duration": 6,
                  "state": "passed",
                  "speed": "fast",
                  "pass": true,
                  "fail": false,
                  "pending": false,
                  "context": null,
                  "code": "let text=\"\";const result=[];CHAR_MAP.forEach(([str,chars])=>{const actual=Message.string2chars(str,{removeUnsupportedWords:false});const expected=chars.length!==1||chars[0]!==-2?chars:[0];assert.deepStrictEqual(actual,expected,`Unable to process char \"${str}\": string2chars returned ${JSON.stringify(actual)}, but expected result was ${JSON.stringify(expected)}`);text+=str;result.push(...expected)});assert.deepStrictEqual(Message.string2chars(text,{removeUnsupportedWords:false}),result)",
                  "err": {},
                  "uuid": "d01f3b4a-c070-4925-955b-ace4cf013f3c",
                  "parentUUID": "76cd5664-b2d4-4dce-99cb-3423b444b7ab",
                  "isHook": false,
                  "skipped": false
                }
              ],
              "suites": [],
              "passes": [
                "e6343bef-0e37-4144-91c7-794c11c610d6",
                "e061b2e8-9cbd-4384-81d5-388e51543b61",
                "36b17569-1b45-415a-b8d7-1ae30d39bd8c",
                "4fca105b-3984-4377-b1d0-6d21cf027025",
                "d01f3b4a-c070-4925-955b-ace4cf013f3c"
              ],
              "failures": [],
              "pending": [],
              "skipped": [],
              "duration": 8,
              "root": false,
              "rootEmpty": false,
              "_timeout": 2000
            },
            {
              "uuid": "4521cded-8c7c-4708-889a-9c9b3b0cc65e",
              "title": "static splitCharsIntoLines()",
              "fullFile": "/home/runner/work/vestaboard/vestaboard/test/lib/message.ts",
              "file": "/test/lib/message.ts",
              "beforeHooks": [],
              "afterHooks": [],
              "tests": [
                {
                  "title": "should split words by whitespace",
                  "fullTitle": "Message static splitCharsIntoLines() should split words by whitespace",
                  "timedOut": false,
                  "duration": 1,
                  "state": "passed",
                  "speed": "fast",
                  "pass": true,
                  "fail": false,
                  "pending": false,
                  "context": null,
                  "code": "const chars=Message.string2chars(\"Hello World\");assert.deepEqual(Message.splitCharsIntoLines(chars,[22,22]),[[8,5,12,12,15,0,23,15,18,12,4]]);assert.deepEqual(Message.splitCharsIntoLines(chars,[8,8]),[[8,5,12,12,15],[23,15,18,12,4]])",
                  "err": {},
                  "uuid": "16c27c2e-5331-43fa-80db-e33998ca1fd4",
                  "parentUUID": "4521cded-8c7c-4708-889a-9c9b3b0cc65e",
                  "isHook": false,
                  "skipped": false
                },
                {
                  "title": "should split words by dash",
                  "fullTitle": "Message static splitCharsIntoLines() should split words by dash",
                  "timedOut": false,
                  "duration": 0,
                  "state": "passed",
                  "speed": "fast",
                  "pass": true,
                  "fail": false,
                  "pending": false,
                  "context": null,
                  "code": "const chars=Message.string2chars(\"Hello-World\");assert.deepEqual(Message.splitCharsIntoLines(chars,[22,22]),[[8,5,12,12,15,44,23,15,18,12,4]]);assert.deepEqual(Message.splitCharsIntoLines(chars,[8,8]),[[8,5,12,12,15,44],[23,15,18,12,4]])",
                  "err": {},
                  "uuid": "932f5708-6351-42ba-b35a-29caa883ea99",
                  "parentUUID": "4521cded-8c7c-4708-889a-9c9b3b0cc65e",
                  "isHook": false,
                  "skipped": false
                },
                {
                  "title": "should auto-split very long words",
                  "fullTitle": "Message static splitCharsIntoLines() should auto-split very long words",
                  "timedOut": false,
                  "duration": 2,
                  "state": "passed",
                  "speed": "fast",
                  "pass": true,
                  "fail": false,
                  "pending": false,
                  "context": null,
                  "code": "const chars=Message.string2chars(\"Rindfleischetikettierungsueberwachungsaufgabenuebertragungsgesetz\");assert.deepEqual(Message.splitCharsIntoLines(chars,[22,22]),[[18,9,14,4,6,12,5,9,19,3,8,5,20,9,11,5,20,20,9,5,18,44],[21,14,7,19,21,5,2,5,18,23,1,3,8,21,14,7,19,1,21,6,7,44],[1,2,5,14,21,5,2,5,18,20,18,1,7,21,14,7,19,7,5,19,5,44],[20,26]])",
                  "err": {},
                  "uuid": "cab5ae5e-9559-48c2-959c-93cc1b0cb979",
                  "parentUUID": "4521cded-8c7c-4708-889a-9c9b3b0cc65e",
                  "isHook": false,
                  "skipped": false
                }
              ],
              "suites": [],
              "passes": [
                "16c27c2e-5331-43fa-80db-e33998ca1fd4",
                "932f5708-6351-42ba-b35a-29caa883ea99",
                "cab5ae5e-9559-48c2-959c-93cc1b0cb979"
              ],
              "failures": [],
              "pending": [],
              "skipped": [],
              "duration": 3,
              "root": false,
              "rootEmpty": false,
              "_timeout": 2000
            },
            {
              "uuid": "a1b2f261-bcf1-4fb6-ab14-342c8f76494e",
              "title": "static removeEmojisFromChars()",
              "fullFile": "/home/runner/work/vestaboard/vestaboard/test/lib/message.ts",
              "file": "/test/lib/message.ts",
              "beforeHooks": [],
              "afterHooks": [],
              "tests": [
                {
                  "title": "should not trim texts without emoji words",
                  "fullTitle": "Message static removeEmojisFromChars() should not trim texts without emoji words",
                  "timedOut": false,
                  "duration": 0,
                  "state": "passed",
                  "speed": "fast",
                  "pass": true,
                  "fail": false,
                  "pending": false,
                  "context": null,
                  "code": "assert.deepStrictEqual(Message.string2chars(\"Hello World\"),[8,5,12,12,15,0,23,15,18,12,4])",
                  "err": {},
                  "uuid": "5e6cf0b1-7c88-4b61-b4cb-d26149c0be85",
                  "parentUUID": "a1b2f261-bcf1-4fb6-ab14-342c8f76494e",
                  "isHook": false,
                  "skipped": false
                },
                {
                  "title": "should trim emoji prefixes",
                  "fullTitle": "Message static removeEmojisFromChars() should trim emoji prefixes",
                  "timedOut": false,
                  "duration": 1,
                  "state": "passed",
                  "speed": "fast",
                  "pass": true,
                  "fail": false,
                  "pending": false,
                  "context": null,
                  "code": "assert.deepStrictEqual(Message.removeEmojisFromChars(Message.string2chars(\"\\u{1F44B}\\u{1F3FC}Hello\")),[8,5,12,12,15]);assert.deepStrictEqual(Message.removeEmojisFromChars(Message.string2chars(\"\\u{1F44B}\\u{1F3FC} Hello\")),[8,5,12,12,15])",
                  "err": {},
                  "uuid": "fbe9afd7-8905-4f55-97f7-fa1c1e60a55d",
                  "parentUUID": "a1b2f261-bcf1-4fb6-ab14-342c8f76494e",
                  "isHook": false,
                  "skipped": false
                },
                {
                  "title": "should trim emoji postfixes",
                  "fullTitle": "Message static removeEmojisFromChars() should trim emoji postfixes",
                  "timedOut": false,
                  "duration": 0,
                  "state": "passed",
                  "speed": "fast",
                  "pass": true,
                  "fail": false,
                  "pending": false,
                  "context": null,
                  "code": "assert.deepStrictEqual(Message.removeEmojisFromChars(Message.string2chars(\"Hello\\u{1F44B}\\u{1F3FC}\")),[8,5,12,12,15]);assert.deepStrictEqual(Message.removeEmojisFromChars(Message.string2chars(\"Hello \\u{1F44B}\\u{1F3FC}\")),[8,5,12,12,15])",
                  "err": {},
                  "uuid": "087d92be-75c5-473d-b777-fd882ed0a285",
                  "parentUUID": "a1b2f261-bcf1-4fb6-ab14-342c8f76494e",
                  "isHook": false,
                  "skipped": false
                },
                {
                  "title": "should trim emoji words",
                  "fullTitle": "Message static removeEmojisFromChars() should trim emoji words",
                  "timedOut": false,
                  "duration": 1,
                  "state": "passed",
                  "speed": "fast",
                  "pass": true,
                  "fail": false,
                  "pending": false,
                  "context": null,
                  "code": "assert.deepStrictEqual(Message.removeEmojisFromChars(Message.string2chars(\"Hello \\u{1F44B}\\u{1F3FC}\\u{1F44B}\\u{1F3FC} World\")),[8,5,12,12,15,0,23,15,18,12,4])",
                  "err": {},
                  "uuid": "fc1a498f-8189-4ffb-8b74-d6a588f50ea5",
                  "parentUUID": "a1b2f261-bcf1-4fb6-ab14-342c8f76494e",
                  "isHook": false,
                  "skipped": false
                }
              ],
              "suites": [],
              "passes": [
                "5e6cf0b1-7c88-4b61-b4cb-d26149c0be85",
                "fbe9afd7-8905-4f55-97f7-fa1c1e60a55d",
                "087d92be-75c5-473d-b777-fd882ed0a285",
                "fc1a498f-8189-4ffb-8b74-d6a588f50ea5"
              ],
              "failures": [],
              "pending": [],
              "skipped": [],
              "duration": 2,
              "root": false,
              "rootEmpty": false,
              "_timeout": 2000
            },
            {
              "uuid": "5c201e6d-22e7-4751-b89b-5a3d2efd10f1",
              "title": "static getColumnSizesFromData()",
              "fullFile": "/home/runner/work/vestaboard/vestaboard/test/lib/message.ts",
              "file": "/test/lib/message.ts",
              "beforeHooks": [],
              "afterHooks": [],
              "tests": [
                {
                  "title": "should work with a very basic example",
                  "fullTitle": "Message static getColumnSizesFromData() should work with a very basic example",
                  "timedOut": false,
                  "duration": 1,
                  "state": "passed",
                  "speed": "fast",
                  "pass": true,
                  "fail": false,
                  "pending": false,
                  "context": null,
                  "code": "assert.deepStrictEqual(Message.getColumnSizesFromData([[\"now\",\"Daily\"],[\"13:00\",\"Secret Meeting\"]]),[6,15])",
                  "err": {},
                  "uuid": "d45cc350-e895-4430-90e7-da1e897398a8",
                  "parentUUID": "5c201e6d-22e7-4751-b89b-5a3d2efd10f1",
                  "isHook": false,
                  "skipped": false
                },
                {
                  "title": "should work without data",
                  "fullTitle": "Message static getColumnSizesFromData() should work without data",
                  "timedOut": false,
                  "duration": 0,
                  "state": "passed",
                  "speed": "fast",
                  "pass": true,
                  "fail": false,
                  "pending": false,
                  "context": null,
                  "code": "assert.deepStrictEqual(Message.getColumnSizesFromData([]),[])",
                  "err": {},
                  "uuid": "5a28fa67-14e5-43c9-a667-ae45879ba3d4",
                  "parentUUID": "5c201e6d-22e7-4751-b89b-5a3d2efd10f1",
                  "isHook": false,
                  "skipped": false
                },
                {
                  "title": "should work with only one column",
                  "fullTitle": "Message static getColumnSizesFromData() should work with only one column",
                  "timedOut": false,
                  "duration": 1,
                  "state": "passed",
                  "speed": "fast",
                  "pass": true,
                  "fail": false,
                  "pending": false,
                  "context": null,
                  "code": "assert.deepStrictEqual(Message.getColumnSizesFromData([[\"Daily\"],[\"Secret Meeting\"]]),[22])",
                  "err": {},
                  "uuid": "d0bf0858-3b1e-4617-855a-cc061de2a82d",
                  "parentUUID": "5c201e6d-22e7-4751-b89b-5a3d2efd10f1",
                  "isHook": false,
                  "skipped": false
                },
                {
                  "title": "should work if length is not enough",
                  "fullTitle": "Message static getColumnSizesFromData() should work if length is not enough",
                  "timedOut": false,
                  "duration": 1,
                  "state": "passed",
                  "speed": "fast",
                  "pass": true,
                  "fail": false,
                  "pending": false,
                  "context": null,
                  "code": "assert.deepStrictEqual(Message.getColumnSizesFromData([[\"now\",\"Daily\"],[\"13:00\",\"Super Secret Meeting\"]]),[5,16])",
                  "err": {},
                  "uuid": "905a82ab-1166-43fb-af74-443df6d87b3e",
                  "parentUUID": "5c201e6d-22e7-4751-b89b-5a3d2efd10f1",
                  "isHook": false,
                  "skipped": false
                },
                {
                  "title": "should throw error if rows have different number of columns",
                  "fullTitle": "Message static getColumnSizesFromData() should throw error if rows have different number of columns",
                  "timedOut": false,
                  "duration": 0,
                  "state": "passed",
                  "speed": "fast",
                  "pass": true,
                  "fail": false,
                  "pending": false,
                  "context": null,
                  "code": "assert.throws(()=>{new Message().table([[\"now\",\"Daily\"],[\"13:00\",\"Secret Meeting\",\"\\u{1F7E5}\"]])},/Unable to render table: Row 1 has 3 entries, but first row has 2!/)",
                  "err": {},
                  "uuid": "61398ed6-b8df-43f5-9e3c-7139e1c3258b",
                  "parentUUID": "5c201e6d-22e7-4751-b89b-5a3d2efd10f1",
                  "isHook": false,
                  "skipped": false
                }
              ],
              "suites": [],
              "passes": [
                "d45cc350-e895-4430-90e7-da1e897398a8",
                "5a28fa67-14e5-43c9-a667-ae45879ba3d4",
                "d0bf0858-3b1e-4617-855a-cc061de2a82d",
                "905a82ab-1166-43fb-af74-443df6d87b3e",
                "61398ed6-b8df-43f5-9e3c-7139e1c3258b"
              ],
              "failures": [],
              "pending": [],
              "skipped": [],
              "duration": 3,
              "root": false,
              "rootEmpty": false,
              "_timeout": 2000
            },
            {
              "uuid": "db1295fe-3d27-4196-a719-d320b60c6521",
              "title": "fill()",
              "fullFile": "/home/runner/work/vestaboard/vestaboard/test/lib/message.ts",
              "file": "/test/lib/message.ts",
              "beforeHooks": [],
              "afterHooks": [],
              "tests": [
                {
                  "title": "should work with default",
                  "fullTitle": "Message fill() should work with default",
                  "timedOut": false,
                  "duration": 1,
                  "state": "passed",
                  "speed": "fast",
                  "pass": true,
                  "fail": false,
                  "pending": false,
                  "context": null,
                  "code": "const msg=new Message;msg.write(\"Hello World\");msg.fill();assert.strictEqual(msg.toString(),\"#==============================================#\\n#                                              #\\n#                                              #\\n#                                              #\\n#                                              #\\n#                                              #\\n#                                              #\\n#==============================================#\\n\")",
                  "err": {},
                  "uuid": "f1436cce-cb06-41e2-bc06-5439bdfa5d95",
                  "parentUUID": "db1295fe-3d27-4196-a719-d320b60c6521",
                  "isHook": false,
                  "skipped": false
                },
                {
                  "title": "should work with single chars",
                  "fullTitle": "Message fill() should work with single chars",
                  "timedOut": false,
                  "duration": 2,
                  "state": "passed",
                  "speed": "fast",
                  "pass": true,
                  "fail": false,
                  "pending": false,
                  "context": null,
                  "code": "const msg=new Message;msg.fill(\"\\u{1F7E5}\");assert.strictEqual(msg.toString(),\"#==============================================#\\n# \\u{1F7E5}\\u{1F7E5}\\u{1F7E5}\\u{1F7E5}\\u{1F7E5}\\u{1F7E5}\\u{1F7E5}\\u{1F7E5}\\u{1F7E5}\\u{1F7E5}\\u{1F7E5}\\u{1F7E5}\\u{1F7E5}\\u{1F7E5}\\u{1F7E5}\\u{1F7E5}\\u{1F7E5}\\u{1F7E5}\\u{1F7E5}\\u{1F7E5}\\u{1F7E5}\\u{1F7E5} #\\n# \\u{1F7E5}\\u{1F7E5}\\u{1F7E5}\\u{1F7E5}\\u{1F7E5}\\u{1F7E5}\\u{1F7E5}\\u{1F7E5}\\u{1F7E5}\\u{1F7E5}\\u{1F7E5}\\u{1F7E5}\\u{1F7E5}\\u{1F7E5}\\u{1F7E5}\\u{1F7E5}\\u{1F7E5}\\u{1F7E5}\\u{1F7E5}\\u{1F7E5}\\u{1F7E5}\\u{1F7E5} #\\n# \\u{1F7E5}\\u{1F7E5}\\u{1F7E5}\\u{1F7E5}\\u{1F7E5}\\u{1F7E5}\\u{1F7E5}\\u{1F7E5}\\u{1F7E5}\\u{1F7E5}\\u{1F7E5}\\u{1F7E5}\\u{1F7E5}\\u{1F7E5}\\u{1F7E5}\\u{1F7E5}\\u{1F7E5}\\u{1F7E5}\\u{1F7E5}\\u{1F7E5}\\u{1F7E5}\\u{1F7E5} #\\n# \\u{1F7E5}\\u{1F7E5}\\u{1F7E5}\\u{1F7E5}\\u{1F7E5}\\u{1F7E5}\\u{1F7E5}\\u{1F7E5}\\u{1F7E5}\\u{1F7E5}\\u{1F7E5}\\u{1F7E5}\\u{1F7E5}\\u{1F7E5}\\u{1F7E5}\\u{1F7E5}\\u{1F7E5}\\u{1F7E5}\\u{1F7E5}\\u{1F7E5}\\u{1F7E5}\\u{1F7E5} #\\n# \\u{1F7E5}\\u{1F7E5}\\u{1F7E5}\\u{1F7E5}\\u{1F7E5}\\u{1F7E5}\\u{1F7E5}\\u{1F7E5}\\u{1F7E5}\\u{1F7E5}\\u{1F7E5}\\u{1F7E5}\\u{1F7E5}\\u{1F7E5}\\u{1F7E5}\\u{1F7E5}\\u{1F7E5}\\u{1F7E5}\\u{1F7E5}\\u{1F7E5}\\u{1F7E5}\\u{1F7E5} #\\n# \\u{1F7E5}\\u{1F7E5}\\u{1F7E5}\\u{1F7E5}\\u{1F7E5}\\u{1F7E5}\\u{1F7E5}\\u{1F7E5}\\u{1F7E5}\\u{1F7E5}\\u{1F7E5}\\u{1F7E5}\\u{1F7E5}\\u{1F7E5}\\u{1F7E5}\\u{1F7E5}\\u{1F7E5}\\u{1F7E5}\\u{1F7E5}\\u{1F7E5}\\u{1F7E5}\\u{1F7E5} #\\n#==============================================#\\n\")",
                  "err": {},
                  "uuid": "391beda3-b42c-4be9-b176-34982621d058",
                  "parentUUID": "db1295fe-3d27-4196-a719-d320b60c6521",
                  "isHook": false,
                  "skipped": false
                },
                {
                  "title": "should work with multiple chars",
                  "fullTitle": "Message fill() should work with multiple chars",
                  "timedOut": false,
                  "duration": 1,
                  "state": "passed",
                  "speed": "fast",
                  "pass": true,
                  "fail": false,
                  "pending": false,
                  "context": null,
                  "code": "const msg=new Message;msg.fill(\"\\u{1F7E5}\\u{1F7E7}\\u{1F7E8}\\u{1F7E9}\\u{1F7E6}\\u{1F7EA}\");assert.strictEqual(msg.toString(),\"#==============================================#\\n# \\u{1F7E5}\\u{1F7E7}\\u{1F7E8}\\u{1F7E9}\\u{1F7E6}\\u{1F7EA}\\u{1F7E5}\\u{1F7E7}\\u{1F7E8}\\u{1F7E9}\\u{1F7E6}\\u{1F7EA}\\u{1F7E5}\\u{1F7E7}\\u{1F7E8}\\u{1F7E9}\\u{1F7E6}\\u{1F7EA}\\u{1F7E5}\\u{1F7E7}\\u{1F7E8}\\u{1F7E9} #\\n# \\u{1F7E6}\\u{1F7EA}\\u{1F7E5}\\u{1F7E7}\\u{1F7E8}\\u{1F7E9}\\u{1F7E6}\\u{1F7EA}\\u{1F7E5}\\u{1F7E7}\\u{1F7E8}\\u{1F7E9}\\u{1F7E6}\\u{1F7EA}\\u{1F7E5}\\u{1F7E7}\\u{1F7E8}\\u{1F7E9}\\u{1F7E6}\\u{1F7EA}\\u{1F7E5}\\u{1F7E7} #\\n# \\u{1F7E8}\\u{1F7E9}\\u{1F7E6}\\u{1F7EA}\\u{1F7E5}\\u{1F7E7}\\u{1F7E8}\\u{1F7E9}\\u{1F7E6}\\u{1F7EA}\\u{1F7E5}\\u{1F7E7}\\u{1F7E8}\\u{1F7E9}\\u{1F7E6}\\u{1F7EA}\\u{1F7E5}\\u{1F7E7}\\u{1F7E8}\\u{1F7E9}\\u{1F7E6}\\u{1F7EA} #\\n# \\u{1F7E5}\\u{1F7E7}\\u{1F7E8}\\u{1F7E9}\\u{1F7E6}\\u{1F7EA}\\u{1F7E5}\\u{1F7E7}\\u{1F7E8}\\u{1F7E9}\\u{1F7E6}\\u{1F7EA}\\u{1F7E5}\\u{1F7E7}\\u{1F7E8}\\u{1F7E9}\\u{1F7E6}\\u{1F7EA}\\u{1F7E5}\\u{1F7E7}\\u{1F7E8}\\u{1F7E9} #\\n# \\u{1F7E6}\\u{1F7EA}\\u{1F7E5}\\u{1F7E7}\\u{1F7E8}\\u{1F7E9}\\u{1F7E6}\\u{1F7EA}\\u{1F7E5}\\u{1F7E7}\\u{1F7E8}\\u{1F7E9}\\u{1F7E6}\\u{1F7EA}\\u{1F7E5}\\u{1F7E7}\\u{1F7E8}\\u{1F7E9}\\u{1F7E6}\\u{1F7EA}\\u{1F7E5}\\u{1F7E7} #\\n# \\u{1F7E8}\\u{1F7E9}\\u{1F7E6}\\u{1F7EA}\\u{1F7E5}\\u{1F7E7}\\u{1F7E8}\\u{1F7E9}\\u{1F7E6}\\u{1F7EA}\\u{1F7E5}\\u{1F7E7}\\u{1F7E8}\\u{1F7E9}\\u{1F7E6}\\u{1F7EA}\\u{1F7E5}\\u{1F7E7}\\u{1F7E8}\\u{1F7E9}\\u{1F7E6}\\u{1F7EA} #\\n#==============================================#\\n\")",
                  "err": {},
                  "uuid": "22be7e21-dc05-4701-b67a-f76960eca8a2",
                  "parentUUID": "db1295fe-3d27-4196-a719-d320b60c6521",
                  "isHook": false,
                  "skipped": false
                }
              ],
              "suites": [],
              "passes": [
                "f1436cce-cb06-41e2-bc06-5439bdfa5d95",
                "391beda3-b42c-4be9-b176-34982621d058",
                "22be7e21-dc05-4701-b67a-f76960eca8a2"
              ],
              "failures": [],
              "pending": [],
              "skipped": [],
              "duration": 4,
              "root": false,
              "rootEmpty": false,
              "_timeout": 2000
            },
            {
              "uuid": "48519a82-8db9-4dbc-8dd6-e541cd4f805b",
              "title": "write()",
              "fullFile": "/home/runner/work/vestaboard/vestaboard/test/lib/message.ts",
              "file": "/test/lib/message.ts",
              "beforeHooks": [],
              "afterHooks": [],
              "tests": [
                {
                  "title": "should start writing from top/left",
                  "fullTitle": "Message write() should start writing from top/left",
                  "timedOut": false,
                  "duration": 1,
                  "state": "passed",
                  "speed": "fast",
                  "pass": true,
                  "fail": false,
                  "pending": false,
                  "context": null,
                  "code": "const msg=new Message;msg.write(\"Hello World\");assert.strictEqual(msg.toString(),\"#==============================================#\\n# H E L L O   W O R L D                        #\\n#                                              #\\n#                                              #\\n#                                              #\\n#                                              #\\n#                                              #\\n#==============================================#\\n\")",
                  "err": {},
                  "uuid": "cba91631-5581-4c46-908f-79b80bdc799c",
                  "parentUUID": "48519a82-8db9-4dbc-8dd6-e541cd4f805b",
                  "isHook": false,
                  "skipped": false
                },
                {
                  "title": "should accept line & row for positioning",
                  "fullTitle": "Message write() should accept line & row for positioning",
                  "timedOut": false,
                  "duration": 1,
                  "state": "passed",
                  "speed": "fast",
                  "pass": true,
                  "fail": false,
                  "pending": false,
                  "context": null,
                  "code": "const msg=new Message;msg.write(\"Hello World\",{position:{line:2,row:5}});assert.strictEqual(msg.toString(),\"#==============================================#\\n#                                              #\\n#                                              #\\n#           H E L L O   W O R L D              #\\n#                                              #\\n#                                              #\\n#                                              #\\n#==============================================#\\n\")",
                  "err": {},
                  "uuid": "524de5d0-b8cd-4cc8-bde3-bfa6fa45039d",
                  "parentUUID": "48519a82-8db9-4dbc-8dd6-e541cd4f805b",
                  "isHook": false,
                  "skipped": false
                },
                {
                  "title": "should add another line if text is too long",
                  "fullTitle": "Message write() should add another line if text is too long",
                  "timedOut": false,
                  "duration": 3,
                  "state": "passed",
                  "speed": "fast",
                  "pass": true,
                  "fail": false,
                  "pending": false,
                  "context": null,
                  "code": "const msg=new Message;msg.write(\"Lorem ipsum dolor sit amet, consetetur sadipscing elitr, sed diam nonumy eirmod tempor invidunt\");assert.strictEqual(msg.toString(),\"#==============================================#\\n# L O R E M   I P S U M   D O L O R   S I T    #\\n# A M E T ,   C O N S E T E T U R              #\\n# S A D I P S C I N G   E L I T R ,   S E D    #\\n# D I A M   N O N U M Y   E I R M O D          #\\n# T E M P O R   I N V I D U N T                #\\n#                                              #\\n#==============================================#\\n\")",
                  "err": {},
                  "uuid": "47edf549-fdf5-46c5-a0d5-230ca9869f55",
                  "parentUUID": "48519a82-8db9-4dbc-8dd6-e541cd4f805b",
                  "isHook": false,
                  "skipped": false
                },
                {
                  "title": "should work with words > board length",
                  "fullTitle": "Message write() should work with words > board length",
                  "timedOut": false,
                  "duration": 1,
                  "state": "passed",
                  "speed": "fast",
                  "pass": true,
                  "fail": false,
                  "pending": false,
                  "context": null,
                  "code": "const msg=new Message;msg.write(\"Lorem-ipsum-dolor-sit-amet\");assert.strictEqual(msg.toString(),\"#==============================================#\\n# L O R E M - I P S U M - D O L O R - S I T -  #\\n# A M E T                                      #\\n#                                              #\\n#                                              #\\n#                                              #\\n#                                              #\\n#==============================================#\\n\")",
                  "err": {},
                  "uuid": "4de66b99-c8c7-42e9-8e30-2fa2ed815527",
                  "parentUUID": "48519a82-8db9-4dbc-8dd6-e541cd4f805b",
                  "isHook": false,
                  "skipped": false
                },
                {
                  "title": "should allow to use NEXT_LINE flag",
                  "fullTitle": "Message write() should allow to use NEXT_LINE flag",
                  "timedOut": false,
                  "duration": 2,
                  "state": "passed",
                  "speed": "fast",
                  "pass": true,
                  "fail": false,
                  "pending": false,
                  "context": null,
                  "code": "const msg=new Message;msg.write(\"13:00\",{position:MessageWritePosition.NEXT_LINE});msg.write(\"Daily\",{indent:true});msg.write(\"\",{position:MessageWritePosition.NEXT_LINE});msg.write(\"18:00\",{position:MessageWritePosition.NEXT_LINE});msg.write(\"Fischst\\xE4bchen, Spinat & Ei\",{indent:true});msg.write(\"\",{position:MessageWritePosition.NEXT_LINE});msg.write(\"20:00\",{position:MessageWritePosition.NEXT_LINE});msg.write(\"Sandm\\xE4nnchen\",{indent:true});assert.strictEqual(msg.toString(),\"#==============================================#\\n# 1 3 : 0 0   D A I L Y                        #\\n#                                              #\\n# 1 8 : 0 0   F I S C H S T A E B C H E N ,    #\\n#             S P I N A T   &   E I            #\\n#                                              #\\n# 2 0 : 0 0   S A N D M A E N N C H E N        #\\n#==============================================#\\n\")",
                  "err": {},
                  "uuid": "1ba10d2e-aaee-4438-8fa8-3392b5c7ab23",
                  "parentUUID": "48519a82-8db9-4dbc-8dd6-e541cd4f805b",
                  "isHook": false,
                  "skipped": false
                },
                {
                  "title": "should support the NO_SPACE_BETWEEN flag",
                  "fullTitle": "Message write() should support the NO_SPACE_BETWEEN flag",
                  "timedOut": false,
                  "duration": 3,
                  "state": "passed",
                  "speed": "fast",
                  "pass": true,
                  "fail": false,
                  "pending": false,
                  "context": null,
                  "code": "const msg=new Message;msg.write(\"Rindfleisch\").write(\"etikettierungs\",{position:MessageWritePosition.NO_SPACE_BETWEEN}).write(\"ueberwachungs\",{position:MessageWritePosition.NO_SPACE_BETWEEN}).write(\"aufgaben\",{position:MessageWritePosition.NO_SPACE_BETWEEN}).write(\"uebertragungs\",{position:MessageWritePosition.NO_SPACE_BETWEEN}).write(\"gesetz\",{position:MessageWritePosition.NO_SPACE_BETWEEN}).write(\"(das)\");assert.strictEqual(msg.toString(),\"#==============================================#\\n# R I N D F L E I S C H                        #\\n# E T I K E T T I E R U N G S                  #\\n# U E B E R W A C H U N G S A U F G A B E N    #\\n# U E B E R T R A G U N G S G E S E T Z        #\\n# ( D A S )                                    #\\n#                                              #\\n#==============================================#\\n\")",
                  "err": {},
                  "uuid": "7793cef8-61d7-476c-a08b-b3cf4b646784",
                  "parentUUID": "48519a82-8db9-4dbc-8dd6-e541cd4f805b",
                  "isHook": false,
                  "skipped": false
                },
                {
                  "title": "should support \\n",
                  "fullTitle": "Message write() should support \\n",
                  "timedOut": false,
                  "duration": 3,
                  "state": "passed",
                  "speed": "fast",
                  "pass": true,
                  "fail": false,
                  "pending": false,
                  "context": null,
                  "code": "assert.strictEqual(new Message().write(\"Hello\\nWorld\").toString(),\"#==============================================#\\n# H E L L O                                    #\\n# W O R L D                                    #\\n#                                              #\\n#                                              #\\n#                                              #\\n#                                              #\\n#==============================================#\\n\");assert.strictEqual(new Message().write(\"H\\u2377llo World\",{fallbackChar:0}).toString(),\"#==============================================#\\n# H   L L O   W O R L D                        #\\n#                                              #\\n#                                              #\\n#                                              #\\n#                                              #\\n#                                              #\\n#==============================================#\\n\");assert.strictEqual(new Message().write(\"H\\u2377llo World\",{fallbackChar:null}).toString(),\"#==============================================#\\n# H L L O   W O R L D                          #\\n#                                              #\\n#                                              #\\n#                                              #\\n#                                              #\\n#                                              #\\n#==============================================#\\n\")",
                  "err": {},
                  "uuid": "732264b3-5579-43b4-9810-cfcbe6321f80",
                  "parentUUID": "48519a82-8db9-4dbc-8dd6-e541cd4f805b",
                  "isHook": false,
                  "skipped": false
                },
                {
                  "title": "should handle the fallback char",
                  "fullTitle": "Message write() should handle the fallback char",
                  "timedOut": false,
                  "duration": 2,
                  "state": "passed",
                  "speed": "fast",
                  "pass": true,
                  "fail": false,
                  "pending": false,
                  "context": null,
                  "code": "assert.strictEqual(new Message().write(\"H\\u2377llo World\").toString(),\"#==============================================#\\n# H ? L L O   W O R L D                        #\\n#                                              #\\n#                                              #\\n#                                              #\\n#                                              #\\n#                                              #\\n#==============================================#\\n\");assert.strictEqual(new Message().write(\"H\\u2377llo World\",{fallbackChar:0}).toString(),\"#==============================================#\\n# H   L L O   W O R L D                        #\\n#                                              #\\n#                                              #\\n#                                              #\\n#                                              #\\n#                                              #\\n#==============================================#\\n\");assert.strictEqual(new Message().write(\"H\\u2377llo World\",{fallbackChar:null}).toString(),\"#==============================================#\\n# H L L O   W O R L D                          #\\n#                                              #\\n#                                              #\\n#                                              #\\n#                                              #\\n#                                              #\\n#==============================================#\\n\")",
                  "err": {},
                  "uuid": "def1032d-20d4-4ada-a371-410ca3ea47f8",
                  "parentUUID": "48519a82-8db9-4dbc-8dd6-e541cd4f805b",
                  "isHook": false,
                  "skipped": false
                },
                {
                  "title": "should remove unsupported words by default",
                  "fullTitle": "Message write() should remove unsupported words by default",
                  "timedOut": false,
                  "duration": 1,
                  "state": "passed",
                  "speed": "fast",
                  "pass": true,
                  "fail": false,
                  "pending": false,
                  "context": null,
                  "code": "const msg=new Message;msg.write(\"\\u{1F4AA}\\u{1F3FC} Gym\");assert.strictEqual(msg.toString(),\"#==============================================#\\n# G Y M                                        #\\n#                                              #\\n#                                              #\\n#                                              #\\n#                                              #\\n#                                              #\\n#==============================================#\\n\")",
                  "err": {},
                  "uuid": "b2739eab-fd8a-4bdb-bea0-73d55b392f3a",
                  "parentUUID": "48519a82-8db9-4dbc-8dd6-e541cd4f805b",
                  "isHook": false,
                  "skipped": false
                },
                {
                  "title": "should not break if message is way too long",
                  "fullTitle": "Message write() should not break if message is way too long",
                  "timedOut": false,
                  "duration": 5,
                  "state": "passed",
                  "speed": "fast",
                  "pass": true,
                  "fail": false,
                  "pending": false,
                  "context": null,
                  "code": "const msg=new Message;msg.write(\"Lorem ipsum dolor sit amet, consectetur adipisici elit, sed eiusmod tempor incidunt ut labore et dolore magna aliqua.\");msg.write(\"Ut enim ad minim veniam, quis nostrud exercitation ullamco laboris nisi ut aliquid ex ea commodi consequat.\");msg.write(\"Quis aute iure reprehenderit in voluptate velit esse cillum dolore eu fugiat nulla pariatur.\");msg.write(\"Excepteur sint obcaecat cupiditat non proident, sunt in culpa qui officia deserunt mollit anim id est laborum.\");assert.strictEqual(msg.toString(),\"#==============================================#\\n# L O R E M   I P S U M   D O L O R   S I T    #\\n# A M E T ,   C O N S E C T E T U R            #\\n# A D I P I S I C I   E L I T ,   S E D        #\\n# E I U S M O D   T E M P O R I N C I D U N T  #\\n# U T   L A B O R E   E T   D O L O R E        #\\n# M A G N A   A L I Q U A .   U T   E N I M    #\\n#==============================================#\\n\")",
                  "err": {},
                  "uuid": "949cbdc6-659b-47cb-83a6-3946f9f91b2f",
                  "parentUUID": "48519a82-8db9-4dbc-8dd6-e541cd4f805b",
                  "isHook": false,
                  "skipped": false
                }
              ],
              "suites": [],
              "passes": [
                "cba91631-5581-4c46-908f-79b80bdc799c",
                "524de5d0-b8cd-4cc8-bde3-bfa6fa45039d",
                "47edf549-fdf5-46c5-a0d5-230ca9869f55",
                "4de66b99-c8c7-42e9-8e30-2fa2ed815527",
                "1ba10d2e-aaee-4438-8fa8-3392b5c7ab23",
                "7793cef8-61d7-476c-a08b-b3cf4b646784",
                "732264b3-5579-43b4-9810-cfcbe6321f80",
                "def1032d-20d4-4ada-a371-410ca3ea47f8",
                "b2739eab-fd8a-4bdb-bea0-73d55b392f3a",
                "949cbdc6-659b-47cb-83a6-3946f9f91b2f"
              ],
              "failures": [],
              "pending": [],
              "skipped": [],
              "duration": 22,
              "root": false,
              "rootEmpty": false,
              "_timeout": 2000
            },
            {
              "uuid": "2b6055f7-a75c-4d1d-b73a-ab2a7ba65f27",
              "title": "table()",
              "fullFile": "/home/runner/work/vestaboard/vestaboard/test/lib/message.ts",
              "file": "/test/lib/message.ts",
              "beforeHooks": [],
              "afterHooks": [],
              "tests": [
                {
                  "title": "should work with a very basic example",
                  "fullTitle": "Message table() should work with a very basic example",
                  "timedOut": false,
                  "duration": 1,
                  "state": "passed",
                  "speed": "fast",
                  "pass": true,
                  "fail": false,
                  "pending": false,
                  "context": null,
                  "code": "const msg=new Message;msg.table([[\"now\",\"Daily\"],[\"13:00\",\"Secret Meeting\"]]);assert.strictEqual(msg.toString(),\"#==============================================#\\n# N O W         D A I L Y                      #\\n#                                              #\\n# 1 3 : 0 0     S E C R E T   M E E T I N G    #\\n#                                              #\\n#                                              #\\n#                                              #\\n#==============================================#\\n\")",
                  "err": {},
                  "uuid": "f314b9c0-625a-4199-b4b4-9eac597282f9",
                  "parentUUID": "2b6055f7-a75c-4d1d-b73a-ab2a7ba65f27",
                  "isHook": false,
                  "skipped": false
                },
                {
                  "title": "should just fill the space available if too full",
                  "fullTitle": "Message table() should just fill the space available if too full",
                  "timedOut": false,
                  "duration": 3,
                  "state": "passed",
                  "speed": "fast",
                  "pass": true,
                  "fail": false,
                  "pending": false,
                  "context": null,
                  "code": "const msg=new Message;msg.table([[\"now\",\"Daily\"],[\"13:00\",\"Super Secret Meeting\"],[\"16:30\",\"Awesome Presentation\"]]);assert.strictEqual(msg.toString(),\"#==============================================#\\n# N O W       D A I L Y                        #\\n#                                              #\\n# 1 3 : 0 0   S U P E R   S E C R E T          #\\n#             M E E T I N G                    #\\n#                                              #\\n# 1 6 : 3 0   A W E S O M E   P R E S E N T -  #\\n#==============================================#\\n\")",
                  "err": {},
                  "uuid": "c479b0c9-34e7-448b-b002-f5795725aaf9",
                  "parentUUID": "2b6055f7-a75c-4d1d-b73a-ab2a7ba65f27",
                  "isHook": false,
                  "skipped": false
                },
                {
                  "title": "should pay attention to the cursor",
                  "fullTitle": "Message table() should pay attention to the cursor",
                  "timedOut": false,
                  "duration": 2,
                  "state": "passed",
                  "speed": "fast",
                  "pass": true,
                  "fail": false,
                  "pending": false,
                  "context": null,
                  "code": "const msg=new Message;msg.write(\"Hello World\\n\");msg.table([[\"now\",\"Daily\"],[\"13:00\",\"Secret Meeting\"]]);assert.strictEqual(msg.toString(),\"#==============================================#\\n# H E L L O   W O R L D                        #\\n#                                              #\\n# N O W         D A I L Y                      #\\n#                                              #\\n# 1 3 : 0 0     S E C R E T   M E E T I N G    #\\n#                                              #\\n#==============================================#\\n\")",
                  "err": {},
                  "uuid": "c898b7c0-87ce-4d2e-983f-d5eac730638d",
                  "parentUUID": "2b6055f7-a75c-4d1d-b73a-ab2a7ba65f27",
                  "isHook": false,
                  "skipped": false
                },
                {
                  "title": "should throw error if rows have different number of columns",
                  "fullTitle": "Message table() should throw error if rows have different number of columns",
                  "timedOut": false,
                  "duration": 0,
                  "state": "passed",
                  "speed": "fast",
                  "pass": true,
                  "fail": false,
                  "pending": false,
                  "context": null,
                  "code": "const msg=new Message;assert.throws(()=>{msg.table([[\"now\",\"Daily\"],[\"13:00\",\"Secret Meeting\",\"\\u{1F7E5}\"]])},/Unable to render table: Row 1 has 3 entries, but first row has 2!/)",
                  "err": {},
                  "uuid": "5c6e679b-0322-4247-b0a7-a2ddb589b2eb",
                  "parentUUID": "2b6055f7-a75c-4d1d-b73a-ab2a7ba65f27",
                  "isHook": false,
                  "skipped": false
                }
              ],
              "suites": [],
              "passes": [
                "f314b9c0-625a-4199-b4b4-9eac597282f9",
                "c479b0c9-34e7-448b-b002-f5795725aaf9",
                "c898b7c0-87ce-4d2e-983f-d5eac730638d",
                "5c6e679b-0322-4247-b0a7-a2ddb589b2eb"
              ],
              "failures": [],
              "pending": [],
              "skipped": [],
              "duration": 6,
              "root": false,
              "rootEmpty": false,
              "_timeout": 2000
            },
            {
              "uuid": "048ec271-2eba-460b-8e21-e643f90fc90d",
              "title": "center()",
              "fullFile": "/home/runner/work/vestaboard/vestaboard/test/lib/message.ts",
              "file": "/test/lib/message.ts",
              "beforeHooks": [],
              "afterHooks": [],
              "tests": [
                {
                  "title": "should work with a single word",
                  "fullTitle": "Message center() should work with a single word",
                  "timedOut": false,
                  "duration": 0,
                  "state": "passed",
                  "speed": "fast",
                  "pass": true,
                  "fail": false,
                  "pending": false,
                  "context": null,
                  "code": "const msg=new Message;msg.write(\"Hello World\");msg.center();assert.strictEqual(msg.toString(),\"#==============================================#\\n#                                              #\\n#                                              #\\n#           H E L L O   W O R L D              #\\n#                                              #\\n#                                              #\\n#                                              #\\n#==============================================#\\n\")",
                  "err": {},
                  "uuid": "b23c1899-d30a-4fa5-9807-5ad1032f8dd3",
                  "parentUUID": "048ec271-2eba-460b-8e21-e643f90fc90d",
                  "isHook": false,
                  "skipped": false
                },
                {
                  "title": "should work with a complete filled board",
                  "fullTitle": "Message center() should work with a complete filled board",
                  "timedOut": false,
                  "duration": 1,
                  "state": "passed",
                  "speed": "fast",
                  "pass": true,
                  "fail": false,
                  "pending": false,
                  "context": null,
                  "code": "const msg=new Message;msg.fill(\"\\u{1F7E5}\");msg.center();assert.strictEqual(msg.toString(),\"#==============================================#\\n# \\u{1F7E5}\\u{1F7E5}\\u{1F7E5}\\u{1F7E5}\\u{1F7E5}\\u{1F7E5}\\u{1F7E5}\\u{1F7E5}\\u{1F7E5}\\u{1F7E5}\\u{1F7E5}\\u{1F7E5}\\u{1F7E5}\\u{1F7E5}\\u{1F7E5}\\u{1F7E5}\\u{1F7E5}\\u{1F7E5}\\u{1F7E5}\\u{1F7E5}\\u{1F7E5}\\u{1F7E5} #\\n# \\u{1F7E5}\\u{1F7E5}\\u{1F7E5}\\u{1F7E5}\\u{1F7E5}\\u{1F7E5}\\u{1F7E5}\\u{1F7E5}\\u{1F7E5}\\u{1F7E5}\\u{1F7E5}\\u{1F7E5}\\u{1F7E5}\\u{1F7E5}\\u{1F7E5}\\u{1F7E5}\\u{1F7E5}\\u{1F7E5}\\u{1F7E5}\\u{1F7E5}\\u{1F7E5}\\u{1F7E5} #\\n# \\u{1F7E5}\\u{1F7E5}\\u{1F7E5}\\u{1F7E5}\\u{1F7E5}\\u{1F7E5}\\u{1F7E5}\\u{1F7E5}\\u{1F7E5}\\u{1F7E5}\\u{1F7E5}\\u{1F7E5}\\u{1F7E5}\\u{1F7E5}\\u{1F7E5}\\u{1F7E5}\\u{1F7E5}\\u{1F7E5}\\u{1F7E5}\\u{1F7E5}\\u{1F7E5}\\u{1F7E5} #\\n# \\u{1F7E5}\\u{1F7E5}\\u{1F7E5}\\u{1F7E5}\\u{1F7E5}\\u{1F7E5}\\u{1F7E5}\\u{1F7E5}\\u{1F7E5}\\u{1F7E5}\\u{1F7E5}\\u{1F7E5}\\u{1F7E5}\\u{1F7E5}\\u{1F7E5}\\u{1F7E5}\\u{1F7E5}\\u{1F7E5}\\u{1F7E5}\\u{1F7E5}\\u{1F7E5}\\u{1F7E5} #\\n# \\u{1F7E5}\\u{1F7E5}\\u{1F7E5}\\u{1F7E5}\\u{1F7E5}\\u{1F7E5}\\u{1F7E5}\\u{1F7E5}\\u{1F7E5}\\u{1F7E5}\\u{1F7E5}\\u{1F7E5}\\u{1F7E5}\\u{1F7E5}\\u{1F7E5}\\u{1F7E5}\\u{1F7E5}\\u{1F7E5}\\u{1F7E5}\\u{1F7E5}\\u{1F7E5}\\u{1F7E5} #\\n# \\u{1F7E5}\\u{1F7E5}\\u{1F7E5}\\u{1F7E5}\\u{1F7E5}\\u{1F7E5}\\u{1F7E5}\\u{1F7E5}\\u{1F7E5}\\u{1F7E5}\\u{1F7E5}\\u{1F7E5}\\u{1F7E5}\\u{1F7E5}\\u{1F7E5}\\u{1F7E5}\\u{1F7E5}\\u{1F7E5}\\u{1F7E5}\\u{1F7E5}\\u{1F7E5}\\u{1F7E5} #\\n#==============================================#\\n\")",
                  "err": {},
                  "uuid": "ecbae650-559b-42cb-a298-d53710c7573b",
                  "parentUUID": "048ec271-2eba-460b-8e21-e643f90fc90d",
                  "isHook": false,
                  "skipped": false
                },
                {
                  "title": "should also work if word is not top/left aligned",
                  "fullTitle": "Message center() should also work if word is not top/left aligned",
                  "timedOut": false,
                  "duration": 1,
                  "state": "passed",
                  "speed": "fast",
                  "pass": true,
                  "fail": false,
                  "pending": false,
                  "context": null,
                  "code": "const msg=new Message;msg.write(\"Hello World\",{position:{line:5,row:11}});msg.center();assert.strictEqual(msg.toString(),\"#==============================================#\\n#                                              #\\n#                                              #\\n#           H E L L O   W O R L D              #\\n#                                              #\\n#                                              #\\n#                                              #\\n#==============================================#\\n\")",
                  "err": {},
                  "uuid": "4d6a006a-f04c-4201-89f9-8ba23962e0ab",
                  "parentUUID": "048ec271-2eba-460b-8e21-e643f90fc90d",
                  "isHook": false,
                  "skipped": false
                }
              ],
              "suites": [],
              "passes": [
                "b23c1899-d30a-4fa5-9807-5ad1032f8dd3",
                "ecbae650-559b-42cb-a298-d53710c7573b",
                "4d6a006a-f04c-4201-89f9-8ba23962e0ab"
              ],
              "failures": [],
              "pending": [],
              "skipped": [],
              "duration": 2,
              "root": false,
              "rootEmpty": false,
              "_timeout": 2000
            }
          ],
          "passes": [],
          "failures": [],
          "pending": [],
          "skipped": [],
          "duration": 0,
          "root": false,
          "rootEmpty": false,
          "_timeout": 2000
        },
        {
          "uuid": "6108b5c7-c700-4f4e-bbe7-796fb6a70019",
          "title": "MultipleBoard",
          "fullFile": "/home/runner/work/vestaboard/vestaboard/test/lib/multiple-boards.ts",
          "file": "/test/lib/multiple-boards.ts",
          "beforeHooks": [],
          "afterHooks": [],
          "tests": [],
          "suites": [
            {
              "uuid": "55451fdd-7d51-4a92-8f0e-545950f1ed22",
              "title": "postMessage()",
              "fullFile": "/home/runner/work/vestaboard/vestaboard/test/lib/multiple-boards.ts",
              "file": "/test/lib/multiple-boards.ts",
              "beforeHooks": [],
              "afterHooks": [],
              "tests": [
                {
                  "title": "should work (live)",
                  "fullTitle": "MultipleBoard postMessage() should work (live)",
                  "timedOut": false,
                  "duration": 0,
                  "state": "pending",
                  "speed": null,
                  "pass": false,
                  "fail": false,
                  "pending": true,
                  "context": null,
                  "code": "",
                  "err": {},
                  "uuid": "552e3e23-58d6-4db2-95f0-3c9b3800199b",
                  "parentUUID": "55451fdd-7d51-4a92-8f0e-545950f1ed22",
                  "isHook": false,
                  "skipped": false
                }
              ],
              "suites": [],
              "passes": [],
              "failures": [],
              "pending": [
                "552e3e23-58d6-4db2-95f0-3c9b3800199b"
              ],
              "skipped": [],
              "duration": 0,
              "root": false,
              "rootEmpty": false,
              "_timeout": 30000
            }
          ],
          "passes": [],
          "failures": [],
          "pending": [],
          "skipped": [],
          "duration": 0,
          "root": false,
          "rootEmpty": false,
          "_timeout": 30000
        },
        {
          "uuid": "39e4bbf0-3d93-4f60-b21d-203b9ef99b74",
          "title": "ReadWriteAPI",
          "fullFile": "/home/runner/work/vestaboard/vestaboard/test/lib/read-write-api.ts",
          "file": "/test/lib/read-write-api.ts",
          "beforeHooks": [],
          "afterHooks": [],
          "tests": [],
          "suites": [
            {
              "uuid": "ad3a1720-1cc0-4d3f-8e16-0a6800959fd2",
              "title": "getCurrentMessage()",
              "fullFile": "/home/runner/work/vestaboard/vestaboard/test/lib/read-write-api.ts",
              "file": "/test/lib/read-write-api.ts",
              "beforeHooks": [],
              "afterHooks": [],
              "tests": [
                {
                  "title": "should work (mocked)",
                  "fullTitle": "ReadWriteAPI getCurrentMessage() should work (mocked)",
                  "timedOut": false,
                  "duration": 1,
                  "state": "passed",
                  "speed": "fast",
                  "pass": true,
                  "fail": false,
                  "pending": false,
                  "context": null,
                  "code": "const msg=new Message;msg.fill(\"\\u{1F7E5}\\u{1F7E7}\\u{1F7E8}\\u{1F7E9}\\u{1F7E6}\\u{1F7EA}\");const json={currentMessage:{layout:JSON.stringify(msg.toCharArray())}};const fetch=__name(async(url,options)=>{assert.strictEqual(url,\"https://rw.vestaboard.com/\");assert.deepStrictEqual(options,{headers:{\"X-Vestaboard-Read-Write-Key\":\"3eadf7a8-6602-4bf5-92f4-970d36066958\"},method:\"GET\"});return{json:__name(async()=>json,\"json\"),ok:true,status:200,statusText:\"OK\"}},\"fetch\");const api=new ReadWriteAPI(\"3eadf7a8-6602-4bf5-92f4-970d36066958\",{fetch});const result=await api.getCurrentMessage();assert.deepStrictEqual(result.toCharArray(),msg.toCharArray())",
                  "err": {},
                  "uuid": "ba50f18e-0742-46ca-86c6-d51330d11dc8",
                  "parentUUID": "ad3a1720-1cc0-4d3f-8e16-0a6800959fd2",
                  "isHook": false,
                  "skipped": false
                },
                {
                  "title": "should work (live)",
                  "fullTitle": "ReadWriteAPI getCurrentMessage() should work (live)",
                  "timedOut": false,
                  "duration": 0,
                  "state": "pending",
                  "speed": null,
                  "pass": false,
                  "fail": false,
                  "pending": true,
                  "context": null,
                  "code": "",
                  "err": {},
                  "uuid": "506e182f-bc9b-4bd5-9699-e679f3957ba2",
                  "parentUUID": "ad3a1720-1cc0-4d3f-8e16-0a6800959fd2",
                  "isHook": false,
                  "skipped": false
                }
              ],
              "suites": [],
              "passes": [
                "ba50f18e-0742-46ca-86c6-d51330d11dc8"
              ],
              "failures": [],
              "pending": [
                "506e182f-bc9b-4bd5-9699-e679f3957ba2"
              ],
              "skipped": [],
              "duration": 1,
              "root": false,
              "rootEmpty": false,
              "_timeout": 30000
            },
            {
              "uuid": "b47142da-eb42-41f3-a810-8f3824e8b66f",
              "title": "postMessage()",
              "fullFile": "/home/runner/work/vestaboard/vestaboard/test/lib/read-write-api.ts",
              "file": "/test/lib/read-write-api.ts",
              "beforeHooks": [],
              "afterHooks": [],
              "tests": [
                {
                  "title": "should work (mocked)",
                  "fullTitle": "ReadWriteAPI postMessage() should work (mocked)",
                  "timedOut": false,
                  "duration": 1,
                  "state": "passed",
                  "speed": "fast",
                  "pass": true,
                  "fail": false,
                  "pending": false,
                  "context": null,
                  "code": "const msg=new Message;msg.fill(\"\\u{1F7E5}\\u{1F7E7}\\u{1F7E8}\\u{1F7E9}\\u{1F7E6}\\u{1F7EA}\");const fetch=__name(async(url,options)=>{assert.strictEqual(url,\"https://rw.vestaboard.com/\");assert.deepStrictEqual(options,{body:JSON.stringify(msg.toCharArray()),headers:{\"Content-Type\":\"application/json\",\"X-Vestaboard-Read-Write-Key\":\"3eadf7a8-6602-4bf5-92f4-970d36066958\"},method:\"POST\"});return{json:__name(async()=>({status:\"ok\"}),\"json\"),ok:true,status:200,statusText:\"OK\"}},\"fetch\");const api=new ReadWriteAPI(\"3eadf7a8-6602-4bf5-92f4-970d36066958\",{fetch});await api.postMessage(msg)",
                  "err": {},
                  "uuid": "c5de432c-ff5b-40a2-8b7d-cd81ddfc14cf",
                  "parentUUID": "b47142da-eb42-41f3-a810-8f3824e8b66f",
                  "isHook": false,
                  "skipped": false
                },
                {
                  "title": "should work (live)",
                  "fullTitle": "ReadWriteAPI postMessage() should work (live)",
                  "timedOut": false,
                  "duration": 0,
                  "state": "pending",
                  "speed": null,
                  "pass": false,
                  "fail": false,
                  "pending": true,
                  "context": null,
                  "code": "",
                  "err": {},
                  "uuid": "5a72d27e-fad1-465d-a936-b3dc9510129e",
                  "parentUUID": "b47142da-eb42-41f3-a810-8f3824e8b66f",
                  "isHook": false,
                  "skipped": false
                }
              ],
              "suites": [],
              "passes": [
                "c5de432c-ff5b-40a2-8b7d-cd81ddfc14cf"
              ],
              "failures": [],
              "pending": [
                "5a72d27e-fad1-465d-a936-b3dc9510129e"
              ],
              "skipped": [],
              "duration": 1,
              "root": false,
              "rootEmpty": false,
              "_timeout": 30000
            }
          ],
          "passes": [],
          "failures": [],
          "pending": [],
          "skipped": [],
          "duration": 0,
          "root": false,
          "rootEmpty": false,
          "_timeout": 30000
        },
        {
          "uuid": "05a96a69-9e14-4af1-a0d9-b8075495e41d",
          "title": "SubscriptionAPI",
          "fullFile": "/home/runner/work/vestaboard/vestaboard/test/lib/subscription-api.ts",
          "file": "/test/lib/subscription-api.ts",
          "beforeHooks": [],
          "afterHooks": [],
          "tests": [],
          "suites": [
            {
              "uuid": "2188e0d9-a0a9-4adb-8edd-7513cbc0b647",
              "title": "getViewer()",
              "fullFile": "/home/runner/work/vestaboard/vestaboard/test/lib/subscription-api.ts",
              "file": "/test/lib/subscription-api.ts",
              "beforeHooks": [],
              "afterHooks": [],
              "tests": [
                {
                  "title": "should work (mocked)",
                  "fullTitle": "SubscriptionAPI getViewer() should work (mocked)",
                  "timedOut": false,
                  "duration": 1,
                  "state": "passed",
                  "speed": "fast",
                  "pass": true,
                  "fail": false,
                  "pending": false,
                  "context": null,
                  "code": "const msg=new Message;msg.fill(\"\\u{1F7E5}\\u{1F7E7}\\u{1F7E8}\\u{1F7E9}\\u{1F7E6}\\u{1F7EA}\");const json={_created:\"1577829607582\",_id:\"f35032ce-fd2b-4afb-8a24-d71c8085303c\",installation:{_id:\"562038d1-6fdb-4ba5-ae8b-bc9ec882178d\"},type:\"installation\"};const fetch=__name(async(url,options)=>{assert.strictEqual(url,\"https://platform.vestaboard.com/viewer\");assert.deepStrictEqual(options,{headers:{\"X-Vestaboard-Api-Key\":\"3eadf7a8-6602-4bf5-92f4-970d36066958\",\"X-Vestaboard-Api-Secret\":\"******************************\"},method:\"GET\"});return{json:__name(async()=>json,\"json\"),ok:true,status:200,statusText:\"OK\"}},\"fetch\");const api=new SubscriptionAPI(\"3eadf7a8-6602-4bf5-92f4-970d36066958\",\"******************************\",{fetch});const result=await api.getViewer();assert.deepStrictEqual(result,json)",
                  "err": {},
                  "uuid": "8867b379-70c7-4edc-8c22-390fc98eec92",
                  "parentUUID": "2188e0d9-a0a9-4adb-8edd-7513cbc0b647",
                  "isHook": false,
                  "skipped": false
                },
                {
                  "title": "should work (live)",
                  "fullTitle": "SubscriptionAPI getViewer() should work (live)",
                  "timedOut": false,
                  "duration": 0,
                  "state": "pending",
                  "speed": null,
                  "pass": false,
                  "fail": false,
                  "pending": true,
                  "context": null,
                  "code": "",
                  "err": {},
                  "uuid": "d74f84a9-d665-4c9b-8082-a33b6f052b2e",
                  "parentUUID": "2188e0d9-a0a9-4adb-8edd-7513cbc0b647",
                  "isHook": false,
                  "skipped": false
                }
              ],
              "suites": [],
              "passes": [
                "8867b379-70c7-4edc-8c22-390fc98eec92"
              ],
              "failures": [],
              "pending": [
                "d74f84a9-d665-4c9b-8082-a33b6f052b2e"
              ],
              "skipped": [],
              "duration": 1,
              "root": false,
              "rootEmpty": false,
              "_timeout": 30000
            },
            {
              "uuid": "76e6e047-b730-475d-9d0c-b14da5ec9df2",
              "title": "getSubscription()",
              "fullFile": "/home/runner/work/vestaboard/vestaboard/test/lib/subscription-api.ts",
              "file": "/test/lib/subscription-api.ts",
              "beforeHooks": [],
              "afterHooks": [],
              "tests": [
                {
                  "title": "should work (mocked)",
                  "fullTitle": "SubscriptionAPI getSubscription() should work (mocked)",
                  "timedOut": false,
                  "duration": 0,
                  "state": "passed",
                  "speed": "fast",
                  "pass": true,
                  "fail": false,
                  "pending": false,
                  "context": null,
                  "code": "const json={subscriptions:[{_created:\"1577833654294\",_id:\"bc6412b3-3aa6-4684-8962-cd2876942c0d\",boards:[{_id:\"a1e866f2-e77e-45d8-997a-2e3ebeff4961\"}],installation:{_id:\"fefb8778-9500-4522-b115-29c0dd13c402\",installable:{_id:\"b629d7df-7ecb-4460-b51e-f87fa942f113\"}}}]};const fetch=__name(async(url,options)=>{assert.strictEqual(url,\"https://platform.vestaboard.com/subscriptions\");assert.deepStrictEqual(options,{headers:{\"X-Vestaboard-Api-Key\":\"3eadf7a8-6602-4bf5-92f4-970d36066958\",\"X-Vestaboard-Api-Secret\":\"******************************\"},method:\"GET\"});return{json:__name(async()=>json,\"json\"),ok:true,status:200,statusText:\"OK\"}},\"fetch\");const api=new SubscriptionAPI(\"3eadf7a8-6602-4bf5-92f4-970d36066958\",\"******************************\",{fetch});const result=await api.getSubscriptions();assert.deepStrictEqual(result,json)",
                  "err": {},
                  "uuid": "da32fe54-0295-44b6-a220-4234ecf1dc66",
                  "parentUUID": "76e6e047-b730-475d-9d0c-b14da5ec9df2",
                  "isHook": false,
                  "skipped": false
                },
                {
                  "title": "should work (live)",
                  "fullTitle": "SubscriptionAPI getSubscription() should work (live)",
                  "timedOut": false,
                  "duration": 0,
                  "state": "pending",
                  "speed": null,
                  "pass": false,
                  "fail": false,
                  "pending": true,
                  "context": null,
                  "code": "",
                  "err": {},
                  "uuid": "360dae69-1f0f-4e25-9153-3b55d8e55ddc",
                  "parentUUID": "76e6e047-b730-475d-9d0c-b14da5ec9df2",
                  "isHook": false,
                  "skipped": false
                }
              ],
              "suites": [],
              "passes": [
                "da32fe54-0295-44b6-a220-4234ecf1dc66"
              ],
              "failures": [],
              "pending": [
                "360dae69-1f0f-4e25-9153-3b55d8e55ddc"
              ],
              "skipped": [],
              "duration": 0,
              "root": false,
              "rootEmpty": false,
              "_timeout": 30000
            },
            {
              "uuid": "35e3f3bf-81d7-4882-b273-1b506293ffcc",
              "title": "postMessage()",
              "fullFile": "/home/runner/work/vestaboard/vestaboard/test/lib/subscription-api.ts",
              "file": "/test/lib/subscription-api.ts",
              "beforeHooks": [],
              "afterHooks": [],
              "tests": [
                {
                  "title": "should work (single mode)",
                  "fullTitle": "SubscriptionAPI postMessage() should work (single mode)",
                  "timedOut": false,
                  "duration": 1,
                  "state": "passed",
                  "speed": "fast",
                  "pass": true,
                  "fail": false,
                  "pending": false,
                  "context": null,
                  "code": "const msg=new Message;msg.fill(\"\\u{1F7E5}\\u{1F7E7}\\u{1F7E8}\\u{1F7E9}\\u{1F7E6}\\u{1F7EA}\");const fetch=__name(async(url,options)=>{assert.strictEqual(url,\"https://platform.vestaboard.com/subscriptions/foo/message\");assert.deepStrictEqual(options,{body:JSON.stringify({characters:msg.toCharArray()}),headers:{\"Content-Type\":\"application/json\",\"X-Vestaboard-Api-Key\":\"3eadf7a8-6602-4bf5-92f4-970d36066958\",\"X-Vestaboard-Api-Secret\":\"******************************\"},method:\"POST\"});return{json:__name(async()=>({message:{created:1,id:\"\"}}),\"json\"),ok:true,status:200,statusText:\"OK\"}},\"fetch\");const api=new SubscriptionAPI(\"3eadf7a8-6602-4bf5-92f4-970d36066958\",\"******************************\",{fetch});const result=await api.postMessage(msg,\"foo\");assert.deepStrictEqual(result,{message:{created:1,id:\"\"}})",
                  "err": {},
                  "uuid": "6f5ed160-8724-4560-a414-cd2c7148983b",
                  "parentUUID": "35e3f3bf-81d7-4882-b273-1b506293ffcc",
                  "isHook": false,
                  "skipped": false
                },
                {
                  "title": "should work (multi mode)",
                  "fullTitle": "SubscriptionAPI postMessage() should work (multi mode)",
                  "timedOut": false,
                  "duration": 1,
                  "state": "passed",
                  "speed": "fast",
                  "pass": true,
                  "fail": false,
                  "pending": false,
                  "context": null,
                  "code": "const fetch=__name(async(url,options)=>{const msg=new Message(\"Hello World\");assert.strictEqual(url,\"https://platform.vestaboard.com/subscriptions/foo/message\");assert.deepStrictEqual(options,{body:JSON.stringify({characters:msg.toCharArray()}),headers:{\"Content-Type\":\"application/json\",\"X-Vestaboard-Api-Key\":\"3eadf7a8-6602-4bf5-92f4-970d36066958\",\"X-Vestaboard-Api-Secret\":\"******************************\"},method:\"POST\"});return{json:__name(async()=>({message:{created:1,id:\"\"}}),\"json\"),ok:true,status:200,statusText:\"OK\"}},\"fetch\");const api=new SubscriptionAPI(\"3eadf7a8-6602-4bf5-92f4-970d36066958\",\"******************************\",{fetch});const result=await api.postMessage(\"Hello World\",[\"foo\",\"foo\"]);assert.deepStrictEqual(result,[{message:{created:1,id:\"\"}},{message:{created:1,id:\"\"}}])",
                  "err": {},
                  "uuid": "6d8f9b58-e771-4cdc-8078-bcc69b483b6f",
                  "parentUUID": "35e3f3bf-81d7-4882-b273-1b506293ffcc",
                  "isHook": false,
                  "skipped": false
                },
                {
                  "title": "should work (live)",
                  "fullTitle": "SubscriptionAPI postMessage() should work (live)",
                  "timedOut": false,
                  "duration": 0,
                  "state": "pending",
                  "speed": null,
                  "pass": false,
                  "fail": false,
                  "pending": true,
                  "context": null,
                  "code": "",
                  "err": {},
                  "uuid": "18fded81-127d-4d4b-94ce-dee9aa9e2361",
                  "parentUUID": "35e3f3bf-81d7-4882-b273-1b506293ffcc",
                  "isHook": false,
                  "skipped": false
                }
              ],
              "suites": [],
              "passes": [
                "6f5ed160-8724-4560-a414-cd2c7148983b",
                "6d8f9b58-e771-4cdc-8078-bcc69b483b6f"
              ],
              "failures": [],
              "pending": [
                "18fded81-127d-4d4b-94ce-dee9aa9e2361"
              ],
              "skipped": [],
              "duration": 2,
              "root": false,
              "rootEmpty": false,
              "_timeout": 30000
            }
          ],
          "passes": [],
          "failures": [],
          "pending": [],
          "skipped": [],
          "duration": 0,
          "root": false,
          "rootEmpty": false,
          "_timeout": 30000
        },
        {
          "uuid": "b250527f-8f7a-4a24-9ebd-6d84e90d47ec",
          "title": "Tools",
          "fullFile": "/home/runner/work/vestaboard/vestaboard/test/lib/tools.ts",
          "file": "/test/lib/tools.ts",
          "beforeHooks": [],
          "afterHooks": [],
          "tests": [],
          "suites": [
            {
              "uuid": "ca5281eb-1dac-436d-8b8f-2819d5324b1f",
              "title": "request",
              "fullFile": "/home/runner/work/vestaboard/vestaboard/test/lib/tools.ts",
              "file": "/test/lib/tools.ts",
              "beforeHooks": [],
              "afterHooks": [],
              "tests": [
                {
                  "title": "should work as intended",
                  "fullTitle": "Tools request should work as intended",
                  "timedOut": false,
                  "duration": 0,
                  "state": "passed",
                  "speed": "fast",
                  "pass": true,
                  "fail": false,
                  "pending": false,
                  "context": null,
                  "code": "const fetch=__name(async(url,options)=>{assert.strictEqual(url,\"https://example.com/test\");assert.deepStrictEqual(options,{headers:{\"X-Test-Header\":\"1337\"},method:\"GET\"});return{json:__name(async()=>({foo:\"bar\"}),\"json\"),ok:true,status:200,statusText:\"OK\"}},\"fetch\");const response=await request(\"https://example.com/test\",{\"X-Test-Header\":\"1337\"},void 0,{fetch});assert.deepStrictEqual(response,{foo:\"bar\"})",
                  "err": {},
                  "uuid": "c7aac31f-6fee-42a5-9844-3ad3662fcdef",
                  "parentUUID": "ca5281eb-1dac-436d-8b8f-2819d5324b1f",
                  "isHook": false,
                  "skipped": false
                },
                {
                  "title": "should throw error on non 2xx status codes",
                  "fullTitle": "Tools request should throw error on non 2xx status codes",
                  "timedOut": false,
                  "duration": 10012,
                  "state": "passed",
                  "speed": "slow",
                  "pass": true,
                  "fail": false,
                  "pending": false,
                  "context": null,
                  "code": "const fetch=__name(async(url,options)=>{assert.strictEqual(url,\"https://example.com/test\");assert.deepStrictEqual(options,{headers:{\"X-Test-Header\":\"1337\"},method:\"GET\"});return{json:__name(async()=>\"\",\"json\"),ok:false,status:500,statusText:\"ERROR\"}},\"fetch\");await assert.rejects(async()=>{await request(\"https://example.com/test\",{\"X-Test-Header\":\"1337\"},void 0,{fetch})},/HTTP Request failed/)",
                  "err": {},
                  "uuid": "555f0b8f-903d-4f3a-9f42-7cbc09fbbb3c",
                  "parentUUID": "ca5281eb-1dac-436d-8b8f-2819d5324b1f",
                  "isHook": false,
                  "skipped": false
                }
              ],
              "suites": [],
              "passes": [
                "c7aac31f-6fee-42a5-9844-3ad3662fcdef",
                "555f0b8f-903d-4f3a-9f42-7cbc09fbbb3c"
              ],
              "failures": [],
              "pending": [],
              "skipped": [],
              "duration": 10012,
              "root": false,
              "rootEmpty": false,
              "_timeout": 30000
            }
          ],
          "passes": [],
          "failures": [],
          "pending": [],
          "skipped": [],
          "duration": 0,
          "root": false,
          "rootEmpty": false,
          "_timeout": 30000
        }
      ],
      "passes": [],
      "failures": [],
      "pending": [],
      "skipped": [],
      "duration": 0,
      "root": true,
      "rootEmpty": true,
      "_timeout": 2000
    }
  ],
  "meta": {
    "mocha": {
      "version": "11.5.0"
    },
    "mochawesome": {
      "options": {
        "quiet": false,
        "reportFilename": "mochawesome",
        "saveHtml": true,
        "saveJson": true,
        "consoleReporter": "spec",
        "useInlineDiffs": false,
        "code": true
      },
      "version": "7.1.3"
    },
    "marge": {
      "options": null,
      "version": "6.2.0"
    }
  }
}