{
  "stats": {
    "suites": 24,
    "tests": 58,
    "passes": 50,
    "pending": 8,
    "failures": 0,
    "start": "2023-02-08T19:47:15.659Z",
    "end": "2023-02-08T19:47:25.777Z",
    "duration": 10118,
    "testsRegistered": 58,
    "passPercent": 100,
    "pendingPercent": 13.793103448275861,
    "other": 0,
    "hasOther": false,
    "skipped": 0,
    "hasSkipped": false
  },
  "results": [
    {
      "uuid": "cdd6a0ee-a13a-4cd9-ba48-df6b7a062508",
      "title": "",
      "fullFile": "",
      "file": "",
      "beforeHooks": [],
      "afterHooks": [],
      "tests": [],
      "suites": [
        {
          "uuid": "9a254a35-17bd-47df-b5ed-d4823391e494",
          "title": "LocalAPI",
          "fullFile": "/home/runner/work/vestaboard/vestaboard/test/lib/local-api.ts",
          "file": "/test/lib/local-api.ts",
          "beforeHooks": [],
          "afterHooks": [],
          "tests": [],
          "suites": [
            {
              "uuid": "581bc711-17ed-4835-923e-dc744fc0e647",
              "title": "getCurrentMessage()",
              "fullFile": "/home/runner/work/vestaboard/vestaboard/test/lib/local-api.ts",
              "file": "/test/lib/local-api.ts",
              "beforeHooks": [],
              "afterHooks": [],
              "tests": [
                {
                  "title": "should work (mocked by device)",
                  "fullTitle": "LocalAPI getCurrentMessage() should work (mocked by device)",
                  "timedOut": false,
                  "duration": 4,
                  "state": "passed",
                  "speed": "fast",
                  "pass": true,
                  "fail": false,
                  "pending": false,
                  "context": null,
                  "code": "return __awaiter(this, void 0, void 0, function* () {\n    const msg = new Message();\n    msg.fill('🟥🟧🟨🟩🟦🟪');\n    const fetch = (url, options) => __awaiter(this, void 0, void 0, function* () {\n        assert.strictEqual(url, 'http://vestaboard.local:7000/local-api/message');\n        assert.deepStrictEqual(options, {\n            method: 'GET',\n            headers: {\n                'X-Vestaboard-Local-Api-Key': '3eadf7a8-6602-4bf5-92f4-970d36066958'\n            }\n        });\n        return {\n            ok: true,\n            status: 200,\n            statusText: 'OK',\n            json: () => __awaiter(this, void 0, void 0, function* () {\n                return ({\n                    message: msg.toCharArray()\n                });\n            })\n        };\n    });\n    const api = new LocalAPI('3eadf7a8-6602-4bf5-92f4-970d36066958', undefined, { fetch });\n    const result = yield api.getCurrentMessage();\n    assert.deepStrictEqual(result.toCharArray(), msg.toCharArray());\n});",
                  "err": {},
                  "uuid": "8cba1b80-0b60-415a-86f3-582599e5b4c8",
                  "parentUUID": "581bc711-17ed-4835-923e-dc744fc0e647",
                  "isHook": false,
                  "skipped": false
                },
                {
                  "title": "should work (mocked by docs)",
                  "fullTitle": "LocalAPI getCurrentMessage() should work (mocked by docs)",
                  "timedOut": false,
                  "duration": 1,
                  "state": "passed",
                  "speed": "fast",
                  "pass": true,
                  "fail": false,
                  "pending": false,
                  "context": null,
                  "code": "return __awaiter(this, void 0, void 0, function* () {\n    const msg = new Message();\n    msg.fill('🟥🟧🟨🟩🟦🟪');\n    const fetch = (url, options) => __awaiter(this, void 0, void 0, function* () {\n        assert.strictEqual(url, 'http://vestaboard.local:7000/local-api/message');\n        assert.deepStrictEqual(options, {\n            method: 'GET',\n            headers: {\n                'X-Vestaboard-Local-Api-Key': '3eadf7a8-6602-4bf5-92f4-970d36066958'\n            }\n        });\n        return {\n            ok: true,\n            status: 200,\n            statusText: 'OK',\n            json: () => __awaiter(this, void 0, void 0, function* () { return msg.toCharArray(); })\n        };\n    });\n    const api = new LocalAPI('3eadf7a8-6602-4bf5-92f4-970d36066958', undefined, { fetch });\n    const result = yield api.getCurrentMessage();\n    assert.deepStrictEqual(result.toCharArray(), msg.toCharArray());\n});",
                  "err": {},
                  "uuid": "6ab76c82-586d-4f86-a8c3-b8fa516014d0",
                  "parentUUID": "581bc711-17ed-4835-923e-dc744fc0e647",
                  "isHook": false,
                  "skipped": false
                },
                {
                  "title": "should work (live)",
                  "fullTitle": "LocalAPI getCurrentMessage() should work (live)",
                  "timedOut": false,
                  "duration": 0,
                  "state": "pending",
                  "speed": null,
                  "pass": false,
                  "fail": false,
                  "pending": true,
                  "context": null,
                  "code": "",
                  "err": {},
                  "uuid": "ea61d9a5-85f3-413c-af7c-ee9429aa9111",
                  "parentUUID": "581bc711-17ed-4835-923e-dc744fc0e647",
                  "isHook": false,
                  "skipped": false
                }
              ],
              "suites": [],
              "passes": [
                "8cba1b80-0b60-415a-86f3-582599e5b4c8",
                "6ab76c82-586d-4f86-a8c3-b8fa516014d0"
              ],
              "failures": [],
              "pending": [
                "ea61d9a5-85f3-413c-af7c-ee9429aa9111"
              ],
              "skipped": [],
              "duration": 5,
              "root": false,
              "rootEmpty": false,
              "_timeout": 30000
            },
            {
              "uuid": "b0e82f22-560e-4984-b0f7-cbd056557c74",
              "title": "postMessage()",
              "fullFile": "/home/runner/work/vestaboard/vestaboard/test/lib/local-api.ts",
              "file": "/test/lib/local-api.ts",
              "beforeHooks": [],
              "afterHooks": [],
              "tests": [
                {
                  "title": "should work (mocked)",
                  "fullTitle": "LocalAPI postMessage() should work (mocked)",
                  "timedOut": false,
                  "duration": 2,
                  "state": "passed",
                  "speed": "fast",
                  "pass": true,
                  "fail": false,
                  "pending": false,
                  "context": null,
                  "code": "return __awaiter(this, void 0, void 0, function* () {\n    const msg = new Message('Hello World');\n    const fetch = (url, options) => __awaiter(this, void 0, void 0, function* () {\n        assert.strictEqual(url, 'http://vestaboard.local:7000/local-api/message');\n        assert.deepStrictEqual(options, {\n            method: 'POST',\n            headers: {\n                'Content-Type': 'application/json',\n                'X-Vestaboard-Local-Api-Key': '3eadf7a8-6602-4bf5-92f4-970d36066958'\n            },\n            body: JSON.stringify(msg.toCharArray())\n        });\n        return {\n            ok: true,\n            status: 201,\n            statusText: 'CREATED',\n            json: () => __awaiter(this, void 0, void 0, function* () { return (''); })\n        };\n    });\n    const api = new LocalAPI('3eadf7a8-6602-4bf5-92f4-970d36066958', undefined, { fetch });\n    yield api.postMessage('Hello World');\n});",
                  "err": {},
                  "uuid": "6ecbfda0-01d9-4994-b22a-2cd9da88b9da",
                  "parentUUID": "b0e82f22-560e-4984-b0f7-cbd056557c74",
                  "isHook": false,
                  "skipped": false
                },
                {
                  "title": "should work (live)",
                  "fullTitle": "LocalAPI postMessage() should work (live)",
                  "timedOut": false,
                  "duration": 0,
                  "state": "pending",
                  "speed": null,
                  "pass": false,
                  "fail": false,
                  "pending": true,
                  "context": null,
                  "code": "",
                  "err": {},
                  "uuid": "0151b041-3986-4b7d-9f86-62f8e41dd29b",
                  "parentUUID": "b0e82f22-560e-4984-b0f7-cbd056557c74",
                  "isHook": false,
                  "skipped": false
                }
              ],
              "suites": [],
              "passes": [
                "6ecbfda0-01d9-4994-b22a-2cd9da88b9da"
              ],
              "failures": [],
              "pending": [
                "0151b041-3986-4b7d-9f86-62f8e41dd29b"
              ],
              "skipped": [],
              "duration": 2,
              "root": false,
              "rootEmpty": false,
              "_timeout": 30000
            }
          ],
          "passes": [],
          "failures": [],
          "pending": [],
          "skipped": [],
          "duration": 0,
          "root": false,
          "rootEmpty": false,
          "_timeout": 30000
        },
        {
          "uuid": "3fc38a3c-c0fb-4f7a-8bc5-7e8e09d44eef",
          "title": "Message",
          "fullFile": "/home/runner/work/vestaboard/vestaboard/test/lib/message.ts",
          "file": "/test/lib/message.ts",
          "beforeHooks": [],
          "afterHooks": [],
          "tests": [],
          "suites": [
            {
              "uuid": "26ae847c-ae57-41e9-a250-6843e291c460",
              "title": "constructor",
              "fullFile": "/home/runner/work/vestaboard/vestaboard/test/lib/message.ts",
              "file": "/test/lib/message.ts",
              "beforeHooks": [],
              "afterHooks": [],
              "tests": [
                {
                  "title": "should center the message given",
                  "fullTitle": "Message constructor should center the message given",
                  "timedOut": false,
                  "duration": 3,
                  "state": "passed",
                  "speed": "fast",
                  "pass": true,
                  "fail": false,
                  "pending": false,
                  "context": null,
                  "code": "assert.strictEqual(new Message('Hello World').toString(), '#==============================================#\\n' +\n    '#                                              #\\n' +\n    '#                                              #\\n' +\n    '#           H E L L O   W O R L D              #\\n' +\n    '#                                              #\\n' +\n    '#                                              #\\n' +\n    '#                                              #\\n' +\n    '#==============================================#\\n');",
                  "err": {},
                  "uuid": "d4fc12dc-5a45-495d-af1a-599001cbf45e",
                  "parentUUID": "26ae847c-ae57-41e9-a250-6843e291c460",
                  "isHook": false,
                  "skipped": false
                },
                {
                  "title": "should also support a char array",
                  "fullTitle": "Message constructor should also support a char array",
                  "timedOut": false,
                  "duration": 1,
                  "state": "passed",
                  "speed": "fast",
                  "pass": true,
                  "fail": false,
                  "pending": false,
                  "context": null,
                  "code": "const msg = new Message();\nmsg.fill('🟥🟧🟨🟩🟦🟪 ');\nassert.deepStrictEqual(new Message(msg.toCharArray()).toCharArray(), msg.toCharArray());",
                  "err": {},
                  "uuid": "d03d9299-38d2-46b4-9cdc-def32ed27d4c",
                  "parentUUID": "26ae847c-ae57-41e9-a250-6843e291c460",
                  "isHook": false,
                  "skipped": false
                }
              ],
              "suites": [],
              "passes": [
                "d4fc12dc-5a45-495d-af1a-599001cbf45e",
                "d03d9299-38d2-46b4-9cdc-def32ed27d4c"
              ],
              "failures": [],
              "pending": [],
              "skipped": [],
              "duration": 4,
              "root": false,
              "rootEmpty": false,
              "_timeout": 2000
            },
            {
              "uuid": "29c7fdc9-0bc1-4ee1-8ad4-9d9ad279b662",
              "title": "static string2chars()",
              "fullFile": "/home/runner/work/vestaboard/vestaboard/test/lib/message.ts",
              "file": "/test/lib/message.ts",
              "beforeHooks": [],
              "afterHooks": [],
              "tests": [
                {
                  "title": "should work",
                  "fullTitle": "Message static string2chars() should work",
                  "timedOut": false,
                  "duration": 0,
                  "state": "passed",
                  "speed": "fast",
                  "pass": true,
                  "fail": false,
                  "pending": false,
                  "context": null,
                  "code": "assert.deepStrictEqual(Message.string2chars('Hello'), [8, 5, 12, 12, 15]);",
                  "err": {},
                  "uuid": "54e8b73d-590f-4cdd-8563-c4abf8832d87",
                  "parentUUID": "29c7fdc9-0bc1-4ee1-8ad4-9d9ad279b662",
                  "isHook": false,
                  "skipped": false
                },
                {
                  "title": "should handle german umlauts",
                  "fullTitle": "Message static string2chars() should handle german umlauts",
                  "timedOut": false,
                  "duration": 0,
                  "state": "passed",
                  "speed": "fast",
                  "pass": true,
                  "fail": false,
                  "pending": false,
                  "context": null,
                  "code": "assert.deepStrictEqual(Message.string2chars('Käse'), [11, 1, 5, 19, 5]);",
                  "err": {},
                  "uuid": "16afefc3-d2b9-4f91-8605-94c0c45c8680",
                  "parentUUID": "29c7fdc9-0bc1-4ee1-8ad4-9d9ad279b662",
                  "isHook": false,
                  "skipped": false
                },
                {
                  "title": "should handle color emojis",
                  "fullTitle": "Message static string2chars() should handle color emojis",
                  "timedOut": false,
                  "duration": 1,
                  "state": "passed",
                  "speed": "fast",
                  "pass": true,
                  "fail": false,
                  "pending": false,
                  "context": null,
                  "code": "assert.deepStrictEqual(Message.string2chars('🟥🟧🟨🟩🟦🟪⬜⬛'), [63, 64, 65, 66, 67, 68, 69, 0]);",
                  "err": {},
                  "uuid": "7e16ef1b-68c5-491e-9790-c6a33efc14ea",
                  "parentUUID": "29c7fdc9-0bc1-4ee1-8ad4-9d9ad279b662",
                  "isHook": false,
                  "skipped": false
                },
                {
                  "title": "should remove special chars",
                  "fullTitle": "Message static string2chars() should remove special chars",
                  "timedOut": false,
                  "duration": 1,
                  "state": "passed",
                  "speed": "fast",
                  "pass": true,
                  "fail": false,
                  "pending": false,
                  "context": null,
                  "code": "assert.deepStrictEqual(Message.string2chars('H⍷llo', { fallbackChar: null }), [8, 12, 12, 15]);\nassert.deepStrictEqual(Message.string2chars('H⍷llo'), [8, 60, 12, 12, 15]);",
                  "err": {},
                  "uuid": "1cef1267-5a75-4818-8ff0-83b2fc38626b",
                  "parentUUID": "29c7fdc9-0bc1-4ee1-8ad4-9d9ad279b662",
                  "isHook": false,
                  "skipped": false
                },
                {
                  "title": "should work with all charts defined in CHAR_MAP",
                  "fullTitle": "Message static string2chars() should work with all charts defined in CHAR_MAP",
                  "timedOut": false,
                  "duration": 6,
                  "state": "passed",
                  "speed": "fast",
                  "pass": true,
                  "fail": false,
                  "pending": false,
                  "context": null,
                  "code": "let text = '';\nconst result = [];\nCHAR_MAP.forEach(([str, chars]) => {\n    // assert.strictEqual(char.length, 1, `Char \"${char}\" has a length of ${char.length}`);\n    const actual = Message.string2chars(str, { removeUnsupportedWords: false });\n    const expected = chars.length !== 1 || chars[0] !== -2 ? chars : [0];\n    assert.deepStrictEqual(actual, expected, `Unable to process char \"${str}\": string2chars returned ${JSON.stringify(actual)}, but expected result was ${JSON.stringify(expected)}`);\n    text += str;\n    result.push(...expected);\n});\nassert.deepStrictEqual(Message.string2chars(text, { removeUnsupportedWords: false }), result);",
                  "err": {},
                  "uuid": "f6320678-151f-48ac-a818-1bc0b111404c",
                  "parentUUID": "29c7fdc9-0bc1-4ee1-8ad4-9d9ad279b662",
                  "isHook": false,
                  "skipped": false
                }
              ],
              "suites": [],
              "passes": [
                "54e8b73d-590f-4cdd-8563-c4abf8832d87",
                "16afefc3-d2b9-4f91-8605-94c0c45c8680",
                "7e16ef1b-68c5-491e-9790-c6a33efc14ea",
                "1cef1267-5a75-4818-8ff0-83b2fc38626b",
                "f6320678-151f-48ac-a818-1bc0b111404c"
              ],
              "failures": [],
              "pending": [],
              "skipped": [],
              "duration": 8,
              "root": false,
              "rootEmpty": false,
              "_timeout": 2000
            },
            {
              "uuid": "e4e46a63-f7e1-4f9f-9c9d-987f837487cd",
              "title": "static splitCharsIntoLines()",
              "fullFile": "/home/runner/work/vestaboard/vestaboard/test/lib/message.ts",
              "file": "/test/lib/message.ts",
              "beforeHooks": [],
              "afterHooks": [],
              "tests": [
                {
                  "title": "should split words by whitespace",
                  "fullTitle": "Message static splitCharsIntoLines() should split words by whitespace",
                  "timedOut": false,
                  "duration": 0,
                  "state": "passed",
                  "speed": "fast",
                  "pass": true,
                  "fail": false,
                  "pending": false,
                  "context": null,
                  "code": "const chars = Message.string2chars('Hello World');\nassert.deepEqual(Message.splitCharsIntoLines(chars, [22, 22]), [\n    [\n        8,\n        5,\n        12,\n        12,\n        15,\n        0,\n        23,\n        15,\n        18,\n        12,\n        4\n    ]\n]);\nassert.deepEqual(Message.splitCharsIntoLines(chars, [8, 8]), [\n    [\n        8,\n        5,\n        12,\n        12,\n        15\n    ],\n    [\n        23,\n        15,\n        18,\n        12,\n        4\n    ]\n]);",
                  "err": {},
                  "uuid": "99c2234e-8b4c-4852-8aab-b5169f331ad3",
                  "parentUUID": "e4e46a63-f7e1-4f9f-9c9d-987f837487cd",
                  "isHook": false,
                  "skipped": false
                },
                {
                  "title": "should split words by dash",
                  "fullTitle": "Message static splitCharsIntoLines() should split words by dash",
                  "timedOut": false,
                  "duration": 0,
                  "state": "passed",
                  "speed": "fast",
                  "pass": true,
                  "fail": false,
                  "pending": false,
                  "context": null,
                  "code": "const chars = Message.string2chars('Hello-World');\nassert.deepEqual(Message.splitCharsIntoLines(chars, [22, 22]), [\n    [\n        8,\n        5,\n        12,\n        12,\n        15,\n        44,\n        23,\n        15,\n        18,\n        12,\n        4\n    ]\n]);\nassert.deepEqual(Message.splitCharsIntoLines(chars, [8, 8]), [\n    [\n        8,\n        5,\n        12,\n        12,\n        15,\n        44,\n    ],\n    [\n        23,\n        15,\n        18,\n        12,\n        4\n    ]\n]);",
                  "err": {},
                  "uuid": "e89178b3-b195-4d30-bfde-fbbd8ccfc652",
                  "parentUUID": "e4e46a63-f7e1-4f9f-9c9d-987f837487cd",
                  "isHook": false,
                  "skipped": false
                },
                {
                  "title": "should auto-split very long words",
                  "fullTitle": "Message static splitCharsIntoLines() should auto-split very long words",
                  "timedOut": false,
                  "duration": 2,
                  "state": "passed",
                  "speed": "fast",
                  "pass": true,
                  "fail": false,
                  "pending": false,
                  "context": null,
                  "code": "const chars = Message.string2chars('Rindfleischetikettierungsueberwachungsaufgabenuebertragungsgesetz');\nassert.deepEqual(Message.splitCharsIntoLines(chars, [22, 22]), [\n    [\n        18,\n        9,\n        14,\n        4,\n        6,\n        12,\n        5,\n        9,\n        19,\n        3,\n        8,\n        5,\n        20,\n        9,\n        11,\n        5,\n        20,\n        20,\n        9,\n        5,\n        18,\n        44\n    ],\n    [\n        21,\n        14,\n        7,\n        19,\n        21,\n        5,\n        2,\n        5,\n        18,\n        23,\n        1,\n        3,\n        8,\n        21,\n        14,\n        7,\n        19,\n        1,\n        21,\n        6,\n        7,\n        44\n    ],\n    [\n        1,\n        2,\n        5,\n        14,\n        21,\n        5,\n        2,\n        5,\n        18,\n        20,\n        18,\n        1,\n        7,\n        21,\n        14,\n        7,\n        19,\n        7,\n        5,\n        19,\n        5,\n        44,\n    ],\n    [\n        20,\n        26\n    ]\n]);",
                  "err": {},
                  "uuid": "77beb072-f320-472c-96c4-b013fc4fa6a9",
                  "parentUUID": "e4e46a63-f7e1-4f9f-9c9d-987f837487cd",
                  "isHook": false,
                  "skipped": false
                }
              ],
              "suites": [],
              "passes": [
                "99c2234e-8b4c-4852-8aab-b5169f331ad3",
                "e89178b3-b195-4d30-bfde-fbbd8ccfc652",
                "77beb072-f320-472c-96c4-b013fc4fa6a9"
              ],
              "failures": [],
              "pending": [],
              "skipped": [],
              "duration": 2,
              "root": false,
              "rootEmpty": false,
              "_timeout": 2000
            },
            {
              "uuid": "855f48d0-dcc6-4be3-b387-50b30f99283a",
              "title": "static removeEmojisFromChars()",
              "fullFile": "/home/runner/work/vestaboard/vestaboard/test/lib/message.ts",
              "file": "/test/lib/message.ts",
              "beforeHooks": [],
              "afterHooks": [],
              "tests": [
                {
                  "title": "should not trim texts without emoji words",
                  "fullTitle": "Message static removeEmojisFromChars() should not trim texts without emoji words",
                  "timedOut": false,
                  "duration": 0,
                  "state": "passed",
                  "speed": "fast",
                  "pass": true,
                  "fail": false,
                  "pending": false,
                  "context": null,
                  "code": "assert.deepStrictEqual(Message.string2chars('Hello World'), [\n    8,\n    5,\n    12,\n    12,\n    15,\n    0,\n    23,\n    15,\n    18,\n    12,\n    4\n]);",
                  "err": {},
                  "uuid": "bfb34589-7417-4e57-bd52-8068b7cc51be",
                  "parentUUID": "855f48d0-dcc6-4be3-b387-50b30f99283a",
                  "isHook": false,
                  "skipped": false
                },
                {
                  "title": "should trim emoji prefixes",
                  "fullTitle": "Message static removeEmojisFromChars() should trim emoji prefixes",
                  "timedOut": false,
                  "duration": 1,
                  "state": "passed",
                  "speed": "fast",
                  "pass": true,
                  "fail": false,
                  "pending": false,
                  "context": null,
                  "code": "assert.deepStrictEqual(Message.removeEmojisFromChars(Message.string2chars('👋🏼Hello')), [8, 5, 12, 12, 15]);\nassert.deepStrictEqual(Message.removeEmojisFromChars(Message.string2chars('👋🏼 Hello')), [8, 5, 12, 12, 15]);",
                  "err": {},
                  "uuid": "7fc82ccc-1f2e-403d-87c5-42e2a248321f",
                  "parentUUID": "855f48d0-dcc6-4be3-b387-50b30f99283a",
                  "isHook": false,
                  "skipped": false
                },
                {
                  "title": "should trim emoji postfixes",
                  "fullTitle": "Message static removeEmojisFromChars() should trim emoji postfixes",
                  "timedOut": false,
                  "duration": 1,
                  "state": "passed",
                  "speed": "fast",
                  "pass": true,
                  "fail": false,
                  "pending": false,
                  "context": null,
                  "code": "assert.deepStrictEqual(Message.removeEmojisFromChars(Message.string2chars('Hello👋🏼')), [8, 5, 12, 12, 15]);\nassert.deepStrictEqual(Message.removeEmojisFromChars(Message.string2chars('Hello 👋🏼')), [8, 5, 12, 12, 15]);",
                  "err": {},
                  "uuid": "af1814a8-4489-4be2-a0b1-005ce639ae8b",
                  "parentUUID": "855f48d0-dcc6-4be3-b387-50b30f99283a",
                  "isHook": false,
                  "skipped": false
                },
                {
                  "title": "should trim emoji words",
                  "fullTitle": "Message static removeEmojisFromChars() should trim emoji words",
                  "timedOut": false,
                  "duration": 0,
                  "state": "passed",
                  "speed": "fast",
                  "pass": true,
                  "fail": false,
                  "pending": false,
                  "context": null,
                  "code": "assert.deepStrictEqual(Message.removeEmojisFromChars(Message.string2chars('Hello 👋🏼👋🏼 World')), [8, 5, 12, 12, 15, 0, 23, 15, 18, 12, 4]);",
                  "err": {},
                  "uuid": "0e3bf73f-2294-4199-9d1c-995994f800bc",
                  "parentUUID": "855f48d0-dcc6-4be3-b387-50b30f99283a",
                  "isHook": false,
                  "skipped": false
                }
              ],
              "suites": [],
              "passes": [
                "bfb34589-7417-4e57-bd52-8068b7cc51be",
                "7fc82ccc-1f2e-403d-87c5-42e2a248321f",
                "af1814a8-4489-4be2-a0b1-005ce639ae8b",
                "0e3bf73f-2294-4199-9d1c-995994f800bc"
              ],
              "failures": [],
              "pending": [],
              "skipped": [],
              "duration": 2,
              "root": false,
              "rootEmpty": false,
              "_timeout": 2000
            },
            {
              "uuid": "8097e8b8-1fc7-41c8-af4b-c40d2c728d36",
              "title": "static getColumnSizesFromData()",
              "fullFile": "/home/runner/work/vestaboard/vestaboard/test/lib/message.ts",
              "file": "/test/lib/message.ts",
              "beforeHooks": [],
              "afterHooks": [],
              "tests": [
                {
                  "title": "should work with a very basic example",
                  "fullTitle": "Message static getColumnSizesFromData() should work with a very basic example",
                  "timedOut": false,
                  "duration": 1,
                  "state": "passed",
                  "speed": "fast",
                  "pass": true,
                  "fail": false,
                  "pending": false,
                  "context": null,
                  "code": "assert.deepStrictEqual(Message.getColumnSizesFromData([\n    ['now', 'Daily'],\n    ['13:00', 'Secret Meeting']\n]), [6, 15]);",
                  "err": {},
                  "uuid": "776297fe-98fb-4ccd-a540-0af3e16aeaab",
                  "parentUUID": "8097e8b8-1fc7-41c8-af4b-c40d2c728d36",
                  "isHook": false,
                  "skipped": false
                },
                {
                  "title": "should work without data",
                  "fullTitle": "Message static getColumnSizesFromData() should work without data",
                  "timedOut": false,
                  "duration": 0,
                  "state": "passed",
                  "speed": "fast",
                  "pass": true,
                  "fail": false,
                  "pending": false,
                  "context": null,
                  "code": "assert.deepStrictEqual(Message.getColumnSizesFromData([]), []);",
                  "err": {},
                  "uuid": "d74c41c0-e059-4b06-bfbe-7da9254f8ecc",
                  "parentUUID": "8097e8b8-1fc7-41c8-af4b-c40d2c728d36",
                  "isHook": false,
                  "skipped": false
                },
                {
                  "title": "should work with only one column",
                  "fullTitle": "Message static getColumnSizesFromData() should work with only one column",
                  "timedOut": false,
                  "duration": 1,
                  "state": "passed",
                  "speed": "fast",
                  "pass": true,
                  "fail": false,
                  "pending": false,
                  "context": null,
                  "code": "assert.deepStrictEqual(Message.getColumnSizesFromData([\n    ['Daily'],\n    ['Secret Meeting']\n]), [22]);",
                  "err": {},
                  "uuid": "404397c4-cfac-47ac-8568-a10978080f89",
                  "parentUUID": "8097e8b8-1fc7-41c8-af4b-c40d2c728d36",
                  "isHook": false,
                  "skipped": false
                },
                {
                  "title": "should work if length is not enough",
                  "fullTitle": "Message static getColumnSizesFromData() should work if length is not enough",
                  "timedOut": false,
                  "duration": 1,
                  "state": "passed",
                  "speed": "fast",
                  "pass": true,
                  "fail": false,
                  "pending": false,
                  "context": null,
                  "code": "assert.deepStrictEqual(Message.getColumnSizesFromData([\n    ['now', 'Daily'],\n    ['13:00', 'Super Secret Meeting']\n]), [5, 16]);",
                  "err": {},
                  "uuid": "9d93550d-7a43-4ac6-801c-df0cbc688635",
                  "parentUUID": "8097e8b8-1fc7-41c8-af4b-c40d2c728d36",
                  "isHook": false,
                  "skipped": false
                },
                {
                  "title": "should throw error if rows have different number of columns",
                  "fullTitle": "Message static getColumnSizesFromData() should throw error if rows have different number of columns",
                  "timedOut": false,
                  "duration": 1,
                  "state": "passed",
                  "speed": "fast",
                  "pass": true,
                  "fail": false,
                  "pending": false,
                  "context": null,
                  "code": "assert.throws(() => {\n    new Message().table([\n        ['now', 'Daily'],\n        ['13:00', 'Secret Meeting', '🟥']\n    ]);\n}, /Unable to render table: Row 1 has 3 entries, but first row has 2!/);",
                  "err": {},
                  "uuid": "7f464be2-2ba0-4802-86a8-28c1fc14faa7",
                  "parentUUID": "8097e8b8-1fc7-41c8-af4b-c40d2c728d36",
                  "isHook": false,
                  "skipped": false
                }
              ],
              "suites": [],
              "passes": [
                "776297fe-98fb-4ccd-a540-0af3e16aeaab",
                "d74c41c0-e059-4b06-bfbe-7da9254f8ecc",
                "404397c4-cfac-47ac-8568-a10978080f89",
                "9d93550d-7a43-4ac6-801c-df0cbc688635",
                "7f464be2-2ba0-4802-86a8-28c1fc14faa7"
              ],
              "failures": [],
              "pending": [],
              "skipped": [],
              "duration": 4,
              "root": false,
              "rootEmpty": false,
              "_timeout": 2000
            },
            {
              "uuid": "c607a03a-8e3c-4b1d-a8f2-469ceedaafda",
              "title": "fill()",
              "fullFile": "/home/runner/work/vestaboard/vestaboard/test/lib/message.ts",
              "file": "/test/lib/message.ts",
              "beforeHooks": [],
              "afterHooks": [],
              "tests": [
                {
                  "title": "should work with default",
                  "fullTitle": "Message fill() should work with default",
                  "timedOut": false,
                  "duration": 1,
                  "state": "passed",
                  "speed": "fast",
                  "pass": true,
                  "fail": false,
                  "pending": false,
                  "context": null,
                  "code": "const msg = new Message();\nmsg.write('Hello World');\nmsg.fill();\nassert.strictEqual(msg.toString(), '#==============================================#\\n' +\n    '#                                              #\\n' +\n    '#                                              #\\n' +\n    '#                                              #\\n' +\n    '#                                              #\\n' +\n    '#                                              #\\n' +\n    '#                                              #\\n' +\n    '#==============================================#\\n');",
                  "err": {},
                  "uuid": "d15cfd65-fc6d-41d9-b374-b259ee10e5d0",
                  "parentUUID": "c607a03a-8e3c-4b1d-a8f2-469ceedaafda",
                  "isHook": false,
                  "skipped": false
                },
                {
                  "title": "should work with single chars",
                  "fullTitle": "Message fill() should work with single chars",
                  "timedOut": false,
                  "duration": 2,
                  "state": "passed",
                  "speed": "fast",
                  "pass": true,
                  "fail": false,
                  "pending": false,
                  "context": null,
                  "code": "const msg = new Message();\nmsg.fill('🟥');\nassert.strictEqual(msg.toString(), '#==============================================#\\n' +\n    '# 🟥🟥🟥🟥🟥🟥🟥🟥🟥🟥🟥🟥🟥🟥🟥🟥🟥🟥🟥🟥🟥🟥 #\\n' +\n    '# 🟥🟥🟥🟥🟥🟥🟥🟥🟥🟥🟥🟥🟥🟥🟥🟥🟥🟥🟥🟥🟥🟥 #\\n' +\n    '# 🟥🟥🟥🟥🟥🟥🟥🟥🟥🟥🟥🟥🟥🟥🟥🟥🟥🟥🟥🟥🟥🟥 #\\n' +\n    '# 🟥🟥🟥🟥🟥🟥🟥🟥🟥🟥🟥🟥🟥🟥🟥🟥🟥🟥🟥🟥🟥🟥 #\\n' +\n    '# 🟥🟥🟥🟥🟥🟥🟥🟥🟥🟥🟥🟥🟥🟥🟥🟥🟥🟥🟥🟥🟥🟥 #\\n' +\n    '# 🟥🟥🟥🟥🟥🟥🟥🟥🟥🟥🟥🟥🟥🟥🟥🟥🟥🟥🟥🟥🟥🟥 #\\n' +\n    '#==============================================#\\n');",
                  "err": {},
                  "uuid": "60f4650c-5ac9-4853-93b5-66a945b63c54",
                  "parentUUID": "c607a03a-8e3c-4b1d-a8f2-469ceedaafda",
                  "isHook": false,
                  "skipped": false
                },
                {
                  "title": "should work with multiple chars",
                  "fullTitle": "Message fill() should work with multiple chars",
                  "timedOut": false,
                  "duration": 1,
                  "state": "passed",
                  "speed": "fast",
                  "pass": true,
                  "fail": false,
                  "pending": false,
                  "context": null,
                  "code": "const msg = new Message();\nmsg.fill('🟥🟧🟨🟩🟦🟪');\nassert.strictEqual(msg.toString(), '#==============================================#\\n' +\n    '# 🟥🟧🟨🟩🟦🟪🟥🟧🟨🟩🟦🟪🟥🟧🟨🟩🟦🟪🟥🟧🟨🟩 #\\n' +\n    '# 🟦🟪🟥🟧🟨🟩🟦🟪🟥🟧🟨🟩🟦🟪🟥🟧🟨🟩🟦🟪🟥🟧 #\\n' +\n    '# 🟨🟩🟦🟪🟥🟧🟨🟩🟦🟪🟥🟧🟨🟩🟦🟪🟥🟧🟨🟩🟦🟪 #\\n' +\n    '# 🟥🟧🟨🟩🟦🟪🟥🟧🟨🟩🟦🟪🟥🟧🟨🟩🟦🟪🟥🟧🟨🟩 #\\n' +\n    '# 🟦🟪🟥🟧🟨🟩🟦🟪🟥🟧🟨🟩🟦🟪🟥🟧🟨🟩🟦🟪🟥🟧 #\\n' +\n    '# 🟨🟩🟦🟪🟥🟧🟨🟩🟦🟪🟥🟧🟨🟩🟦🟪🟥🟧🟨🟩🟦🟪 #\\n' +\n    '#==============================================#\\n');",
                  "err": {},
                  "uuid": "796803ae-372b-4a53-833a-f27efca03cde",
                  "parentUUID": "c607a03a-8e3c-4b1d-a8f2-469ceedaafda",
                  "isHook": false,
                  "skipped": false
                }
              ],
              "suites": [],
              "passes": [
                "d15cfd65-fc6d-41d9-b374-b259ee10e5d0",
                "60f4650c-5ac9-4853-93b5-66a945b63c54",
                "796803ae-372b-4a53-833a-f27efca03cde"
              ],
              "failures": [],
              "pending": [],
              "skipped": [],
              "duration": 4,
              "root": false,
              "rootEmpty": false,
              "_timeout": 2000
            },
            {
              "uuid": "d5236bc1-5470-41d6-b490-274079a2df43",
              "title": "write()",
              "fullFile": "/home/runner/work/vestaboard/vestaboard/test/lib/message.ts",
              "file": "/test/lib/message.ts",
              "beforeHooks": [],
              "afterHooks": [],
              "tests": [
                {
                  "title": "should start writing from top/left",
                  "fullTitle": "Message write() should start writing from top/left",
                  "timedOut": false,
                  "duration": 1,
                  "state": "passed",
                  "speed": "fast",
                  "pass": true,
                  "fail": false,
                  "pending": false,
                  "context": null,
                  "code": "const msg = new Message();\nmsg.write('Hello World');\nassert.strictEqual(msg.toString(), '#==============================================#\\n' +\n    '# H E L L O   W O R L D                        #\\n' +\n    '#                                              #\\n' +\n    '#                                              #\\n' +\n    '#                                              #\\n' +\n    '#                                              #\\n' +\n    '#                                              #\\n' +\n    '#==============================================#\\n');",
                  "err": {},
                  "uuid": "c1bffdf4-b8b1-45c7-96be-d94a8316703a",
                  "parentUUID": "d5236bc1-5470-41d6-b490-274079a2df43",
                  "isHook": false,
                  "skipped": false
                },
                {
                  "title": "should accept line & row for positioning",
                  "fullTitle": "Message write() should accept line & row for positioning",
                  "timedOut": false,
                  "duration": 1,
                  "state": "passed",
                  "speed": "fast",
                  "pass": true,
                  "fail": false,
                  "pending": false,
                  "context": null,
                  "code": "const msg = new Message();\nmsg.write('Hello World', {\n    position: {\n        line: 2,\n        row: 5\n    }\n});\nassert.strictEqual(msg.toString(), '#==============================================#\\n' +\n    '#                                              #\\n' +\n    '#                                              #\\n' +\n    '#           H E L L O   W O R L D              #\\n' +\n    '#                                              #\\n' +\n    '#                                              #\\n' +\n    '#                                              #\\n' +\n    '#==============================================#\\n');",
                  "err": {},
                  "uuid": "effbc656-bd00-4b54-bd08-5e149775e12b",
                  "parentUUID": "d5236bc1-5470-41d6-b490-274079a2df43",
                  "isHook": false,
                  "skipped": false
                },
                {
                  "title": "should add another line if text is too long",
                  "fullTitle": "Message write() should add another line if text is too long",
                  "timedOut": false,
                  "duration": 3,
                  "state": "passed",
                  "speed": "fast",
                  "pass": true,
                  "fail": false,
                  "pending": false,
                  "context": null,
                  "code": "const msg = new Message();\nmsg.write('Lorem ipsum dolor sit amet, ' +\n    'consetetur sadipscing elitr, sed ' +\n    'diam nonumy eirmod tempor invidunt');\nassert.strictEqual(msg.toString(), '#==============================================#\\n' +\n    '# L O R E M   I P S U M   D O L O R   S I T    #\\n' +\n    '# A M E T ,   C O N S E T E T U R              #\\n' +\n    '# S A D I P S C I N G   E L I T R ,   S E D    #\\n' +\n    '# D I A M   N O N U M Y   E I R M O D          #\\n' +\n    '# T E M P O R   I N V I D U N T                #\\n' +\n    '#                                              #\\n' +\n    '#==============================================#\\n');",
                  "err": {},
                  "uuid": "6ca98f0c-7609-434d-9856-90528eb6cfc1",
                  "parentUUID": "d5236bc1-5470-41d6-b490-274079a2df43",
                  "isHook": false,
                  "skipped": false
                },
                {
                  "title": "should work with words > board length",
                  "fullTitle": "Message write() should work with words > board length",
                  "timedOut": false,
                  "duration": 1,
                  "state": "passed",
                  "speed": "fast",
                  "pass": true,
                  "fail": false,
                  "pending": false,
                  "context": null,
                  "code": "const msg = new Message();\nmsg.write('Lorem-ipsum-dolor-sit-amet');\nassert.strictEqual(msg.toString(), '#==============================================#\\n' +\n    '# L O R E M - I P S U M - D O L O R - S I T -  #\\n' +\n    '# A M E T                                      #\\n' +\n    '#                                              #\\n' +\n    '#                                              #\\n' +\n    '#                                              #\\n' +\n    '#                                              #\\n' +\n    '#==============================================#\\n');",
                  "err": {},
                  "uuid": "520daa07-eca2-486f-bc15-618b8550bf75",
                  "parentUUID": "d5236bc1-5470-41d6-b490-274079a2df43",
                  "isHook": false,
                  "skipped": false
                },
                {
                  "title": "should allow to use NEXT_LINE flag",
                  "fullTitle": "Message write() should allow to use NEXT_LINE flag",
                  "timedOut": false,
                  "duration": 3,
                  "state": "passed",
                  "speed": "fast",
                  "pass": true,
                  "fail": false,
                  "pending": false,
                  "context": null,
                  "code": "const msg = new Message();\nmsg.write('13:00', { position: MessageWritePosition.NEXT_LINE });\nmsg.write('Daily', { indent: true });\nmsg.write('', { position: MessageWritePosition.NEXT_LINE });\nmsg.write('18:00', { position: MessageWritePosition.NEXT_LINE });\nmsg.write('Fischstäbchen, Spinat & Ei', { indent: true });\nmsg.write('', { position: MessageWritePosition.NEXT_LINE });\nmsg.write('20:00', { position: MessageWritePosition.NEXT_LINE });\nmsg.write('Sandmännchen', { indent: true });\nassert.strictEqual(msg.toString(), '#==============================================#\\n' +\n    '# 1 3 : 0 0   D A I L Y                        #\\n' +\n    '#                                              #\\n' +\n    '# 1 8 : 0 0   F I S C H S T A E B C H E N ,    #\\n' +\n    '#             S P I N A T   &   E I            #\\n' +\n    '#                                              #\\n' +\n    '# 2 0 : 0 0   S A N D M A E N N C H E N        #\\n' +\n    '#==============================================#\\n');",
                  "err": {},
                  "uuid": "7bf7ccda-43bf-4a47-9e22-5f20b49ab502",
                  "parentUUID": "d5236bc1-5470-41d6-b490-274079a2df43",
                  "isHook": false,
                  "skipped": false
                },
                {
                  "title": "should support the NO_SPACE_BETWEEN flag",
                  "fullTitle": "Message write() should support the NO_SPACE_BETWEEN flag",
                  "timedOut": false,
                  "duration": 2,
                  "state": "passed",
                  "speed": "fast",
                  "pass": true,
                  "fail": false,
                  "pending": false,
                  "context": null,
                  "code": "const msg = new Message();\nmsg.write('Rindfleisch')\n    .write('etikettierungs', { position: MessageWritePosition.NO_SPACE_BETWEEN })\n    .write('ueberwachungs', { position: MessageWritePosition.NO_SPACE_BETWEEN })\n    .write('aufgaben', { position: MessageWritePosition.NO_SPACE_BETWEEN })\n    .write('uebertragungs', { position: MessageWritePosition.NO_SPACE_BETWEEN })\n    .write('gesetz', { position: MessageWritePosition.NO_SPACE_BETWEEN })\n    .write('(das)');\nassert.strictEqual(msg.toString(), '#==============================================#\\n' +\n    '# R I N D F L E I S C H                        #\\n' +\n    '# E T I K E T T I E R U N G S                  #\\n' +\n    '# U E B E R W A C H U N G S A U F G A B E N    #\\n' +\n    '# U E B E R T R A G U N G S G E S E T Z        #\\n' +\n    '# ( D A S )                                    #\\n' +\n    '#                                              #\\n' +\n    '#==============================================#\\n');",
                  "err": {},
                  "uuid": "1009b544-2baa-4652-82bd-842172bc2b26",
                  "parentUUID": "d5236bc1-5470-41d6-b490-274079a2df43",
                  "isHook": false,
                  "skipped": false
                },
                {
                  "title": "should support \\n",
                  "fullTitle": "Message write() should support \\n",
                  "timedOut": false,
                  "duration": 3,
                  "state": "passed",
                  "speed": "fast",
                  "pass": true,
                  "fail": false,
                  "pending": false,
                  "context": null,
                  "code": "assert.strictEqual(new Message()\n    .write('Hello\\nWorld')\n    .toString(), '#==============================================#\\n' +\n    '# H E L L O                                    #\\n' +\n    '# W O R L D                                    #\\n' +\n    '#                                              #\\n' +\n    '#                                              #\\n' +\n    '#                                              #\\n' +\n    '#                                              #\\n' +\n    '#==============================================#\\n');\nassert.strictEqual(new Message()\n    .write('H⍷llo World', { fallbackChar: 0 })\n    .toString(), '#==============================================#\\n' +\n    '# H   L L O   W O R L D                        #\\n' +\n    '#                                              #\\n' +\n    '#                                              #\\n' +\n    '#                                              #\\n' +\n    '#                                              #\\n' +\n    '#                                              #\\n' +\n    '#==============================================#\\n');\nassert.strictEqual(new Message()\n    .write('H⍷llo World', { fallbackChar: null })\n    .toString(), '#==============================================#\\n' +\n    '# H L L O   W O R L D                          #\\n' +\n    '#                                              #\\n' +\n    '#                                              #\\n' +\n    '#                                              #\\n' +\n    '#                                              #\\n' +\n    '#                                              #\\n' +\n    '#==============================================#\\n');",
                  "err": {},
                  "uuid": "b1c51678-4bb0-4659-b23b-00cbfc54fca9",
                  "parentUUID": "d5236bc1-5470-41d6-b490-274079a2df43",
                  "isHook": false,
                  "skipped": false
                },
                {
                  "title": "should handle the fallback char",
                  "fullTitle": "Message write() should handle the fallback char",
                  "timedOut": false,
                  "duration": 3,
                  "state": "passed",
                  "speed": "fast",
                  "pass": true,
                  "fail": false,
                  "pending": false,
                  "context": null,
                  "code": "assert.strictEqual(new Message()\n    .write('H⍷llo World')\n    .toString(), '#==============================================#\\n' +\n    '# H ? L L O   W O R L D                        #\\n' +\n    '#                                              #\\n' +\n    '#                                              #\\n' +\n    '#                                              #\\n' +\n    '#                                              #\\n' +\n    '#                                              #\\n' +\n    '#==============================================#\\n');\nassert.strictEqual(new Message()\n    .write('H⍷llo World', { fallbackChar: 0 })\n    .toString(), '#==============================================#\\n' +\n    '# H   L L O   W O R L D                        #\\n' +\n    '#                                              #\\n' +\n    '#                                              #\\n' +\n    '#                                              #\\n' +\n    '#                                              #\\n' +\n    '#                                              #\\n' +\n    '#==============================================#\\n');\nassert.strictEqual(new Message()\n    .write('H⍷llo World', { fallbackChar: null })\n    .toString(), '#==============================================#\\n' +\n    '# H L L O   W O R L D                          #\\n' +\n    '#                                              #\\n' +\n    '#                                              #\\n' +\n    '#                                              #\\n' +\n    '#                                              #\\n' +\n    '#                                              #\\n' +\n    '#==============================================#\\n');",
                  "err": {},
                  "uuid": "a940bf33-cd7c-4199-851e-e08a4dbbd7cc",
                  "parentUUID": "d5236bc1-5470-41d6-b490-274079a2df43",
                  "isHook": false,
                  "skipped": false
                },
                {
                  "title": "should remove unsupported words by default",
                  "fullTitle": "Message write() should remove unsupported words by default",
                  "timedOut": false,
                  "duration": 1,
                  "state": "passed",
                  "speed": "fast",
                  "pass": true,
                  "fail": false,
                  "pending": false,
                  "context": null,
                  "code": "const msg = new Message();\nmsg.write('💪🏼 Gym');\nassert.strictEqual(msg.toString(), '#==============================================#\\n' +\n    '# G Y M                                        #\\n' +\n    '#                                              #\\n' +\n    '#                                              #\\n' +\n    '#                                              #\\n' +\n    '#                                              #\\n' +\n    '#                                              #\\n' +\n    '#==============================================#\\n');",
                  "err": {},
                  "uuid": "17188dc2-3a61-466a-86d5-441033284ec8",
                  "parentUUID": "d5236bc1-5470-41d6-b490-274079a2df43",
                  "isHook": false,
                  "skipped": false
                },
                {
                  "title": "should not break if message is way too long",
                  "fullTitle": "Message write() should not break if message is way too long",
                  "timedOut": false,
                  "duration": 6,
                  "state": "passed",
                  "speed": "fast",
                  "pass": true,
                  "fail": false,
                  "pending": false,
                  "context": null,
                  "code": "const msg = new Message();\nmsg.write('Lorem ipsum dolor sit amet, consectetur adipisici elit, sed eiusmod tempor incidunt ut labore et dolore magna aliqua.');\nmsg.write('Ut enim ad minim veniam, quis nostrud exercitation ullamco laboris nisi ut aliquid ex ea commodi consequat.');\nmsg.write('Quis aute iure reprehenderit in voluptate velit esse cillum dolore eu fugiat nulla pariatur.');\nmsg.write('Excepteur sint obcaecat cupiditat non proident, sunt in culpa qui officia deserunt mollit anim id est laborum.');\nassert.strictEqual(msg.toString(), '#==============================================#\\n' +\n    '# L O R E M   I P S U M   D O L O R   S I T    #\\n' +\n    '# A M E T ,   C O N S E C T E T U R            #\\n' +\n    '# A D I P I S I C I   E L I T ,   S E D        #\\n' +\n    '# E I U S M O D   T E M P O R I N C I D U N T  #\\n' +\n    '# U T   L A B O R E   E T   D O L O R E        #\\n' +\n    '# M A G N A   A L I Q U A .   U T   E N I M    #\\n' +\n    '#==============================================#\\n');",
                  "err": {},
                  "uuid": "8274e2f0-3760-45b8-8789-5f807a4d1450",
                  "parentUUID": "d5236bc1-5470-41d6-b490-274079a2df43",
                  "isHook": false,
                  "skipped": false
                }
              ],
              "suites": [],
              "passes": [
                "c1bffdf4-b8b1-45c7-96be-d94a8316703a",
                "effbc656-bd00-4b54-bd08-5e149775e12b",
                "6ca98f0c-7609-434d-9856-90528eb6cfc1",
                "520daa07-eca2-486f-bc15-618b8550bf75",
                "7bf7ccda-43bf-4a47-9e22-5f20b49ab502",
                "1009b544-2baa-4652-82bd-842172bc2b26",
                "b1c51678-4bb0-4659-b23b-00cbfc54fca9",
                "a940bf33-cd7c-4199-851e-e08a4dbbd7cc",
                "17188dc2-3a61-466a-86d5-441033284ec8",
                "8274e2f0-3760-45b8-8789-5f807a4d1450"
              ],
              "failures": [],
              "pending": [],
              "skipped": [],
              "duration": 24,
              "root": false,
              "rootEmpty": false,
              "_timeout": 2000
            },
            {
              "uuid": "294baf92-f3f3-495b-a499-3a6561045d14",
              "title": "table()",
              "fullFile": "/home/runner/work/vestaboard/vestaboard/test/lib/message.ts",
              "file": "/test/lib/message.ts",
              "beforeHooks": [],
              "afterHooks": [],
              "tests": [
                {
                  "title": "should work with a very basic example",
                  "fullTitle": "Message table() should work with a very basic example",
                  "timedOut": false,
                  "duration": 2,
                  "state": "passed",
                  "speed": "fast",
                  "pass": true,
                  "fail": false,
                  "pending": false,
                  "context": null,
                  "code": "const msg = new Message();\nmsg.table([\n    ['now', 'Daily'],\n    ['13:00', 'Secret Meeting']\n]);\nassert.strictEqual(msg.toString(), '#==============================================#\\n' +\n    '# N O W         D A I L Y                      #\\n' +\n    '#                                              #\\n' +\n    '# 1 3 : 0 0     S E C R E T   M E E T I N G    #\\n' +\n    '#                                              #\\n' +\n    '#                                              #\\n' +\n    '#                                              #\\n' +\n    '#==============================================#\\n');",
                  "err": {},
                  "uuid": "8fc5ff3e-40ee-4b29-a086-c8420216094b",
                  "parentUUID": "294baf92-f3f3-495b-a499-3a6561045d14",
                  "isHook": false,
                  "skipped": false
                },
                {
                  "title": "should just fill the space available if too full",
                  "fullTitle": "Message table() should just fill the space available if too full",
                  "timedOut": false,
                  "duration": 4,
                  "state": "passed",
                  "speed": "fast",
                  "pass": true,
                  "fail": false,
                  "pending": false,
                  "context": null,
                  "code": "const msg = new Message();\nmsg.table([\n    ['now', 'Daily'],\n    ['13:00', 'Super Secret Meeting'],\n    ['16:30', 'Awesome Presentation']\n]);\nassert.strictEqual(msg.toString(), '#==============================================#\\n' +\n    '# N O W       D A I L Y                        #\\n' +\n    '#                                              #\\n' +\n    '# 1 3 : 0 0   S U P E R   S E C R E T          #\\n' +\n    '#             M E E T I N G                    #\\n' +\n    '#                                              #\\n' +\n    '# 1 6 : 3 0   A W E S O M E   P R E S E N T -  #\\n' +\n    '#==============================================#\\n');",
                  "err": {},
                  "uuid": "9fccf277-ed14-42a2-bf2f-caeead077f23",
                  "parentUUID": "294baf92-f3f3-495b-a499-3a6561045d14",
                  "isHook": false,
                  "skipped": false
                },
                {
                  "title": "should pay attention to the cursor",
                  "fullTitle": "Message table() should pay attention to the cursor",
                  "timedOut": false,
                  "duration": 2,
                  "state": "passed",
                  "speed": "fast",
                  "pass": true,
                  "fail": false,
                  "pending": false,
                  "context": null,
                  "code": "const msg = new Message();\nmsg.write('Hello World\\n');\nmsg.table([\n    ['now', 'Daily'],\n    ['13:00', 'Secret Meeting']\n]);\nassert.strictEqual(msg.toString(), '#==============================================#\\n' +\n    '# H E L L O   W O R L D                        #\\n' +\n    '#                                              #\\n' +\n    '# N O W         D A I L Y                      #\\n' +\n    '#                                              #\\n' +\n    '# 1 3 : 0 0     S E C R E T   M E E T I N G    #\\n' +\n    '#                                              #\\n' +\n    '#==============================================#\\n');",
                  "err": {},
                  "uuid": "af8a9ab5-aa34-4ff0-937e-233e3f9a0f77",
                  "parentUUID": "294baf92-f3f3-495b-a499-3a6561045d14",
                  "isHook": false,
                  "skipped": false
                },
                {
                  "title": "should throw error if rows have different number of columns",
                  "fullTitle": "Message table() should throw error if rows have different number of columns",
                  "timedOut": false,
                  "duration": 1,
                  "state": "passed",
                  "speed": "fast",
                  "pass": true,
                  "fail": false,
                  "pending": false,
                  "context": null,
                  "code": "const msg = new Message();\nassert.throws(() => {\n    msg.table([\n        ['now', 'Daily'],\n        ['13:00', 'Secret Meeting', '🟥']\n    ]);\n}, /Unable to render table: Row 1 has 3 entries, but first row has 2!/);",
                  "err": {},
                  "uuid": "0b33d1ec-1138-4fa0-a2bb-13893a70e9b9",
                  "parentUUID": "294baf92-f3f3-495b-a499-3a6561045d14",
                  "isHook": false,
                  "skipped": false
                }
              ],
              "suites": [],
              "passes": [
                "8fc5ff3e-40ee-4b29-a086-c8420216094b",
                "9fccf277-ed14-42a2-bf2f-caeead077f23",
                "af8a9ab5-aa34-4ff0-937e-233e3f9a0f77",
                "0b33d1ec-1138-4fa0-a2bb-13893a70e9b9"
              ],
              "failures": [],
              "pending": [],
              "skipped": [],
              "duration": 9,
              "root": false,
              "rootEmpty": false,
              "_timeout": 2000
            },
            {
              "uuid": "7411aaba-1ae5-487b-bb9c-b60ab6f89a1c",
              "title": "center()",
              "fullFile": "/home/runner/work/vestaboard/vestaboard/test/lib/message.ts",
              "file": "/test/lib/message.ts",
              "beforeHooks": [],
              "afterHooks": [],
              "tests": [
                {
                  "title": "should work with a single word",
                  "fullTitle": "Message center() should work with a single word",
                  "timedOut": false,
                  "duration": 1,
                  "state": "passed",
                  "speed": "fast",
                  "pass": true,
                  "fail": false,
                  "pending": false,
                  "context": null,
                  "code": "const msg = new Message();\nmsg.write('Hello World');\nmsg.center();\nassert.strictEqual(msg.toString(), '#==============================================#\\n' +\n    '#                                              #\\n' +\n    '#                                              #\\n' +\n    '#           H E L L O   W O R L D              #\\n' +\n    '#                                              #\\n' +\n    '#                                              #\\n' +\n    '#                                              #\\n' +\n    '#==============================================#\\n');",
                  "err": {},
                  "uuid": "dcc5e762-39df-4f05-88f5-e6b83ffc1037",
                  "parentUUID": "7411aaba-1ae5-487b-bb9c-b60ab6f89a1c",
                  "isHook": false,
                  "skipped": false
                },
                {
                  "title": "should work with a complete filled board",
                  "fullTitle": "Message center() should work with a complete filled board",
                  "timedOut": false,
                  "duration": 1,
                  "state": "passed",
                  "speed": "fast",
                  "pass": true,
                  "fail": false,
                  "pending": false,
                  "context": null,
                  "code": "const msg = new Message();\nmsg.fill('🟥');\nmsg.center();\nassert.strictEqual(msg.toString(), '#==============================================#\\n' +\n    '# 🟥🟥🟥🟥🟥🟥🟥🟥🟥🟥🟥🟥🟥🟥🟥🟥🟥🟥🟥🟥🟥🟥 #\\n' +\n    '# 🟥🟥🟥🟥🟥🟥🟥🟥🟥🟥🟥🟥🟥🟥🟥🟥🟥🟥🟥🟥🟥🟥 #\\n' +\n    '# 🟥🟥🟥🟥🟥🟥🟥🟥🟥🟥🟥🟥🟥🟥🟥🟥🟥🟥🟥🟥🟥🟥 #\\n' +\n    '# 🟥🟥🟥🟥🟥🟥🟥🟥🟥🟥🟥🟥🟥🟥🟥🟥🟥🟥🟥🟥🟥🟥 #\\n' +\n    '# 🟥🟥🟥🟥🟥🟥🟥🟥🟥🟥🟥🟥🟥🟥🟥🟥🟥🟥🟥🟥🟥🟥 #\\n' +\n    '# 🟥🟥🟥🟥🟥🟥🟥🟥🟥🟥🟥🟥🟥🟥🟥🟥🟥🟥🟥🟥🟥🟥 #\\n' +\n    '#==============================================#\\n');",
                  "err": {},
                  "uuid": "6bafe608-f30d-4d64-9331-8959a0f17611",
                  "parentUUID": "7411aaba-1ae5-487b-bb9c-b60ab6f89a1c",
                  "isHook": false,
                  "skipped": false
                },
                {
                  "title": "should also work if word is not top/left aligned",
                  "fullTitle": "Message center() should also work if word is not top/left aligned",
                  "timedOut": false,
                  "duration": 1,
                  "state": "passed",
                  "speed": "fast",
                  "pass": true,
                  "fail": false,
                  "pending": false,
                  "context": null,
                  "code": "const msg = new Message();\nmsg.write('Hello World', {\n    position: {\n        line: 5,\n        row: 11\n    }\n});\nmsg.center();\nassert.strictEqual(msg.toString(), '#==============================================#\\n' +\n    '#                                              #\\n' +\n    '#                                              #\\n' +\n    '#           H E L L O   W O R L D              #\\n' +\n    '#                                              #\\n' +\n    '#                                              #\\n' +\n    '#                                              #\\n' +\n    '#==============================================#\\n');",
                  "err": {},
                  "uuid": "f1124f99-d1ca-4455-b9f3-962b1e04d701",
                  "parentUUID": "7411aaba-1ae5-487b-bb9c-b60ab6f89a1c",
                  "isHook": false,
                  "skipped": false
                }
              ],
              "suites": [],
              "passes": [
                "dcc5e762-39df-4f05-88f5-e6b83ffc1037",
                "6bafe608-f30d-4d64-9331-8959a0f17611",
                "f1124f99-d1ca-4455-b9f3-962b1e04d701"
              ],
              "failures": [],
              "pending": [],
              "skipped": [],
              "duration": 3,
              "root": false,
              "rootEmpty": false,
              "_timeout": 2000
            }
          ],
          "passes": [],
          "failures": [],
          "pending": [],
          "skipped": [],
          "duration": 0,
          "root": false,
          "rootEmpty": false,
          "_timeout": 2000
        },
        {
          "uuid": "cae4ba99-0fe8-43de-a2b9-3fd4feb8c9ab",
          "title": "MultipleBoard",
          "fullFile": "/home/runner/work/vestaboard/vestaboard/test/lib/multiple-boards.ts",
          "file": "/test/lib/multiple-boards.ts",
          "beforeHooks": [],
          "afterHooks": [],
          "tests": [],
          "suites": [
            {
              "uuid": "e01cafb7-c6d4-4af1-a763-f52a2a7c9a9f",
              "title": "postMessage()",
              "fullFile": "/home/runner/work/vestaboard/vestaboard/test/lib/multiple-boards.ts",
              "file": "/test/lib/multiple-boards.ts",
              "beforeHooks": [],
              "afterHooks": [],
              "tests": [
                {
                  "title": "should work (live)",
                  "fullTitle": "MultipleBoard postMessage() should work (live)",
                  "timedOut": false,
                  "duration": 0,
                  "state": "pending",
                  "speed": null,
                  "pass": false,
                  "fail": false,
                  "pending": true,
                  "context": null,
                  "code": "",
                  "err": {},
                  "uuid": "d1d14063-8765-4099-9b89-36d375a96371",
                  "parentUUID": "e01cafb7-c6d4-4af1-a763-f52a2a7c9a9f",
                  "isHook": false,
                  "skipped": false
                }
              ],
              "suites": [],
              "passes": [],
              "failures": [],
              "pending": [
                "d1d14063-8765-4099-9b89-36d375a96371"
              ],
              "skipped": [],
              "duration": 0,
              "root": false,
              "rootEmpty": false,
              "_timeout": 30000
            }
          ],
          "passes": [],
          "failures": [],
          "pending": [],
          "skipped": [],
          "duration": 0,
          "root": false,
          "rootEmpty": false,
          "_timeout": 30000
        },
        {
          "uuid": "cd20e367-e703-4b89-8902-2094c7f81aef",
          "title": "ReadWriteAPI",
          "fullFile": "/home/runner/work/vestaboard/vestaboard/test/lib/read-write-api.ts",
          "file": "/test/lib/read-write-api.ts",
          "beforeHooks": [],
          "afterHooks": [],
          "tests": [],
          "suites": [
            {
              "uuid": "7b94b24b-2954-41f3-b8e9-5fbc3da92613",
              "title": "getCurrentMessage()",
              "fullFile": "/home/runner/work/vestaboard/vestaboard/test/lib/read-write-api.ts",
              "file": "/test/lib/read-write-api.ts",
              "beforeHooks": [],
              "afterHooks": [],
              "tests": [
                {
                  "title": "should work (mocked)",
                  "fullTitle": "ReadWriteAPI getCurrentMessage() should work (mocked)",
                  "timedOut": false,
                  "duration": 1,
                  "state": "passed",
                  "speed": "fast",
                  "pass": true,
                  "fail": false,
                  "pending": false,
                  "context": null,
                  "code": "return __awaiter(this, void 0, void 0, function* () {\n    const msg = new Message();\n    msg.fill('🟥🟧🟨🟩🟦🟪');\n    const json = {\n        currentMessage: {\n            layout: JSON.stringify(msg.toCharArray())\n        }\n    };\n    const fetch = (url, options) => __awaiter(this, void 0, void 0, function* () {\n        assert.strictEqual(url, 'https://rw.vestaboard.com/');\n        assert.deepStrictEqual(options, {\n            method: 'GET',\n            headers: {\n                'X-Vestaboard-Read-Write-Key': '3eadf7a8-6602-4bf5-92f4-970d36066958'\n            }\n        });\n        return {\n            ok: true,\n            status: 200,\n            statusText: 'OK',\n            json: () => __awaiter(this, void 0, void 0, function* () { return json; })\n        };\n    });\n    const api = new ReadWriteAPI('3eadf7a8-6602-4bf5-92f4-970d36066958', { fetch });\n    const result = yield api.getCurrentMessage();\n    assert.deepStrictEqual(result.toCharArray(), msg.toCharArray());\n});",
                  "err": {},
                  "uuid": "3da54c93-1120-44b6-b712-d27238f72861",
                  "parentUUID": "7b94b24b-2954-41f3-b8e9-5fbc3da92613",
                  "isHook": false,
                  "skipped": false
                },
                {
                  "title": "should work (live)",
                  "fullTitle": "ReadWriteAPI getCurrentMessage() should work (live)",
                  "timedOut": false,
                  "duration": 0,
                  "state": "pending",
                  "speed": null,
                  "pass": false,
                  "fail": false,
                  "pending": true,
                  "context": null,
                  "code": "",
                  "err": {},
                  "uuid": "918b989f-2b65-4456-9181-61b2da7c4a7d",
                  "parentUUID": "7b94b24b-2954-41f3-b8e9-5fbc3da92613",
                  "isHook": false,
                  "skipped": false
                }
              ],
              "suites": [],
              "passes": [
                "3da54c93-1120-44b6-b712-d27238f72861"
              ],
              "failures": [],
              "pending": [
                "918b989f-2b65-4456-9181-61b2da7c4a7d"
              ],
              "skipped": [],
              "duration": 1,
              "root": false,
              "rootEmpty": false,
              "_timeout": 30000
            },
            {
              "uuid": "81a70bbf-e426-43a2-98c1-ab03c199d65b",
              "title": "postMessage()",
              "fullFile": "/home/runner/work/vestaboard/vestaboard/test/lib/read-write-api.ts",
              "file": "/test/lib/read-write-api.ts",
              "beforeHooks": [],
              "afterHooks": [],
              "tests": [
                {
                  "title": "should work (mocked)",
                  "fullTitle": "ReadWriteAPI postMessage() should work (mocked)",
                  "timedOut": false,
                  "duration": 1,
                  "state": "passed",
                  "speed": "fast",
                  "pass": true,
                  "fail": false,
                  "pending": false,
                  "context": null,
                  "code": "return __awaiter(this, void 0, void 0, function* () {\n    const msg = new Message();\n    msg.fill('🟥🟧🟨🟩🟦🟪');\n    const fetch = (url, options) => __awaiter(this, void 0, void 0, function* () {\n        assert.strictEqual(url, 'https://rw.vestaboard.com/');\n        assert.deepStrictEqual(options, {\n            method: 'POST',\n            headers: {\n                'Content-Type': 'application/json',\n                'X-Vestaboard-Read-Write-Key': '3eadf7a8-6602-4bf5-92f4-970d36066958'\n            },\n            body: JSON.stringify(msg.toCharArray())\n        });\n        return {\n            ok: true,\n            status: 200,\n            statusText: 'OK',\n            json: () => __awaiter(this, void 0, void 0, function* () {\n                return ({\n                    status: 'ok'\n                });\n            })\n        };\n    });\n    const api = new ReadWriteAPI('3eadf7a8-6602-4bf5-92f4-970d36066958', { fetch });\n    yield api.postMessage(msg);\n});",
                  "err": {},
                  "uuid": "478f74aa-965d-4d82-99f4-2be9038ef6c5",
                  "parentUUID": "81a70bbf-e426-43a2-98c1-ab03c199d65b",
                  "isHook": false,
                  "skipped": false
                },
                {
                  "title": "should work (live)",
                  "fullTitle": "ReadWriteAPI postMessage() should work (live)",
                  "timedOut": false,
                  "duration": 0,
                  "state": "pending",
                  "speed": null,
                  "pass": false,
                  "fail": false,
                  "pending": true,
                  "context": null,
                  "code": "",
                  "err": {},
                  "uuid": "53c24e11-1b55-463c-91b8-916104f2d73d",
                  "parentUUID": "81a70bbf-e426-43a2-98c1-ab03c199d65b",
                  "isHook": false,
                  "skipped": false
                }
              ],
              "suites": [],
              "passes": [
                "478f74aa-965d-4d82-99f4-2be9038ef6c5"
              ],
              "failures": [],
              "pending": [
                "53c24e11-1b55-463c-91b8-916104f2d73d"
              ],
              "skipped": [],
              "duration": 1,
              "root": false,
              "rootEmpty": false,
              "_timeout": 30000
            }
          ],
          "passes": [],
          "failures": [],
          "pending": [],
          "skipped": [],
          "duration": 0,
          "root": false,
          "rootEmpty": false,
          "_timeout": 30000
        },
        {
          "uuid": "9f19b3c8-501b-4acf-a2d3-bf81306a3304",
          "title": "SubscriptionAPI",
          "fullFile": "/home/runner/work/vestaboard/vestaboard/test/lib/subscription-api.ts",
          "file": "/test/lib/subscription-api.ts",
          "beforeHooks": [],
          "afterHooks": [],
          "tests": [],
          "suites": [
            {
              "uuid": "a559fa1d-9cc3-43ae-ab84-fdeb87e435bc",
              "title": "getViewer()",
              "fullFile": "/home/runner/work/vestaboard/vestaboard/test/lib/subscription-api.ts",
              "file": "/test/lib/subscription-api.ts",
              "beforeHooks": [],
              "afterHooks": [],
              "tests": [
                {
                  "title": "should work (mocked)",
                  "fullTitle": "SubscriptionAPI getViewer() should work (mocked)",
                  "timedOut": false,
                  "duration": 1,
                  "state": "passed",
                  "speed": "fast",
                  "pass": true,
                  "fail": false,
                  "pending": false,
                  "context": null,
                  "code": "return __awaiter(this, void 0, void 0, function* () {\n    const msg = new Message();\n    msg.fill('🟥🟧🟨🟩🟦🟪');\n    const json = {\n        type: 'installation',\n        _id: 'f35032ce-fd2b-4afb-8a24-d71c8085303c',\n        _created: '1577829607582',\n        installation: {\n            _id: '562038d1-6fdb-4ba5-ae8b-bc9ec882178d'\n        }\n    };\n    const fetch = (url, options) => __awaiter(this, void 0, void 0, function* () {\n        assert.strictEqual(url, 'https://platform.vestaboard.com/viewer');\n        assert.deepStrictEqual(options, {\n            method: 'GET',\n            headers: {\n                'X-Vestaboard-Api-Key': '3eadf7a8-6602-4bf5-92f4-970d36066958',\n                'X-Vestaboard-Api-Secret': '******************************'\n            }\n        });\n        return {\n            ok: true,\n            status: 200,\n            statusText: 'OK',\n            json: () => __awaiter(this, void 0, void 0, function* () { return json; })\n        };\n    });\n    const api = new SubscriptionAPI('3eadf7a8-6602-4bf5-92f4-970d36066958', '******************************', { fetch });\n    const result = yield api.getViewer();\n    assert.deepStrictEqual(result, json);\n});",
                  "err": {},
                  "uuid": "f32ddf55-5587-45fe-a884-a74b2e21d1ac",
                  "parentUUID": "a559fa1d-9cc3-43ae-ab84-fdeb87e435bc",
                  "isHook": false,
                  "skipped": false
                },
                {
                  "title": "should work (live)",
                  "fullTitle": "SubscriptionAPI getViewer() should work (live)",
                  "timedOut": false,
                  "duration": 0,
                  "state": "pending",
                  "speed": null,
                  "pass": false,
                  "fail": false,
                  "pending": true,
                  "context": null,
                  "code": "",
                  "err": {},
                  "uuid": "16357bc2-b63c-4573-bcd7-f30d81e53c24",
                  "parentUUID": "a559fa1d-9cc3-43ae-ab84-fdeb87e435bc",
                  "isHook": false,
                  "skipped": false
                }
              ],
              "suites": [],
              "passes": [
                "f32ddf55-5587-45fe-a884-a74b2e21d1ac"
              ],
              "failures": [],
              "pending": [
                "16357bc2-b63c-4573-bcd7-f30d81e53c24"
              ],
              "skipped": [],
              "duration": 1,
              "root": false,
              "rootEmpty": false,
              "_timeout": 30000
            },
            {
              "uuid": "6e0deca1-9b6a-4707-8635-f338d416f06c",
              "title": "getSubscription()",
              "fullFile": "/home/runner/work/vestaboard/vestaboard/test/lib/subscription-api.ts",
              "file": "/test/lib/subscription-api.ts",
              "beforeHooks": [],
              "afterHooks": [],
              "tests": [
                {
                  "title": "should work (mocked)",
                  "fullTitle": "SubscriptionAPI getSubscription() should work (mocked)",
                  "timedOut": false,
                  "duration": 0,
                  "state": "passed",
                  "speed": "fast",
                  "pass": true,
                  "fail": false,
                  "pending": false,
                  "context": null,
                  "code": "return __awaiter(this, void 0, void 0, function* () {\n    const json = {\n        subscriptions: [\n            {\n                _id: 'bc6412b3-3aa6-4684-8962-cd2876942c0d',\n                _created: '1577833654294',\n                installation: {\n                    _id: 'fefb8778-9500-4522-b115-29c0dd13c402',\n                    installable: {\n                        _id: 'b629d7df-7ecb-4460-b51e-f87fa942f113'\n                    }\n                },\n                boards: [{\n                        _id: 'a1e866f2-e77e-45d8-997a-2e3ebeff4961'\n                    }]\n            }\n        ]\n    };\n    const fetch = (url, options) => __awaiter(this, void 0, void 0, function* () {\n        assert.strictEqual(url, 'https://platform.vestaboard.com/subscriptions');\n        assert.deepStrictEqual(options, {\n            method: 'GET',\n            headers: {\n                'X-Vestaboard-Api-Key': '3eadf7a8-6602-4bf5-92f4-970d36066958',\n                'X-Vestaboard-Api-Secret': '******************************'\n            }\n        });\n        return {\n            ok: true,\n            status: 200,\n            statusText: 'OK',\n            json: () => __awaiter(this, void 0, void 0, function* () { return json; })\n        };\n    });\n    const api = new SubscriptionAPI('3eadf7a8-6602-4bf5-92f4-970d36066958', '******************************', { fetch });\n    const result = yield api.getSubscriptions();\n    assert.deepStrictEqual(result, json);\n});",
                  "err": {},
                  "uuid": "2a55a040-4515-49d7-8667-0dc9b68924f4",
                  "parentUUID": "6e0deca1-9b6a-4707-8635-f338d416f06c",
                  "isHook": false,
                  "skipped": false
                },
                {
                  "title": "should work (live)",
                  "fullTitle": "SubscriptionAPI getSubscription() should work (live)",
                  "timedOut": false,
                  "duration": 0,
                  "state": "pending",
                  "speed": null,
                  "pass": false,
                  "fail": false,
                  "pending": true,
                  "context": null,
                  "code": "",
                  "err": {},
                  "uuid": "3226bb7c-9d61-477d-96d9-2a00f09318d9",
                  "parentUUID": "6e0deca1-9b6a-4707-8635-f338d416f06c",
                  "isHook": false,
                  "skipped": false
                }
              ],
              "suites": [],
              "passes": [
                "2a55a040-4515-49d7-8667-0dc9b68924f4"
              ],
              "failures": [],
              "pending": [
                "3226bb7c-9d61-477d-96d9-2a00f09318d9"
              ],
              "skipped": [],
              "duration": 0,
              "root": false,
              "rootEmpty": false,
              "_timeout": 30000
            },
            {
              "uuid": "480be2fc-6d01-4cec-96c2-e834f4f75ae2",
              "title": "postMessage()",
              "fullFile": "/home/runner/work/vestaboard/vestaboard/test/lib/subscription-api.ts",
              "file": "/test/lib/subscription-api.ts",
              "beforeHooks": [],
              "afterHooks": [],
              "tests": [
                {
                  "title": "should work (single mode)",
                  "fullTitle": "SubscriptionAPI postMessage() should work (single mode)",
                  "timedOut": false,
                  "duration": 1,
                  "state": "passed",
                  "speed": "fast",
                  "pass": true,
                  "fail": false,
                  "pending": false,
                  "context": null,
                  "code": "return __awaiter(this, void 0, void 0, function* () {\n    const msg = new Message();\n    msg.fill('🟥🟧🟨🟩🟦🟪');\n    const fetch = (url, options) => __awaiter(this, void 0, void 0, function* () {\n        assert.strictEqual(url, 'https://platform.vestaboard.com/subscriptions/foo/message');\n        assert.deepStrictEqual(options, {\n            method: 'POST',\n            headers: {\n                'Content-Type': 'application/json',\n                'X-Vestaboard-Api-Key': '3eadf7a8-6602-4bf5-92f4-970d36066958',\n                'X-Vestaboard-Api-Secret': '******************************'\n            },\n            body: JSON.stringify({ characters: msg.toCharArray() })\n        });\n        return {\n            ok: true,\n            status: 200,\n            statusText: 'OK',\n            json: () => __awaiter(this, void 0, void 0, function* () {\n                return ({\n                    message: {\n                        id: '',\n                        created: 1\n                    }\n                });\n            })\n        };\n    });\n    const api = new SubscriptionAPI('3eadf7a8-6602-4bf5-92f4-970d36066958', '******************************', { fetch });\n    const result = yield api.postMessage(msg, 'foo');\n    assert.deepStrictEqual(result, {\n        message: {\n            id: '',\n            created: 1\n        }\n    });\n});",
                  "err": {},
                  "uuid": "fee9798a-70dd-413d-9a0d-4c7fdca00887",
                  "parentUUID": "480be2fc-6d01-4cec-96c2-e834f4f75ae2",
                  "isHook": false,
                  "skipped": false
                },
                {
                  "title": "should work (multi mode)",
                  "fullTitle": "SubscriptionAPI postMessage() should work (multi mode)",
                  "timedOut": false,
                  "duration": 1,
                  "state": "passed",
                  "speed": "fast",
                  "pass": true,
                  "fail": false,
                  "pending": false,
                  "context": null,
                  "code": "return __awaiter(this, void 0, void 0, function* () {\n    const fetch = (url, options) => __awaiter(this, void 0, void 0, function* () {\n        const msg = new Message('Hello World');\n        assert.strictEqual(url, 'https://platform.vestaboard.com/subscriptions/foo/message');\n        assert.deepStrictEqual(options, {\n            method: 'POST',\n            headers: {\n                'Content-Type': 'application/json',\n                'X-Vestaboard-Api-Key': '3eadf7a8-6602-4bf5-92f4-970d36066958',\n                'X-Vestaboard-Api-Secret': '******************************'\n            },\n            body: JSON.stringify({ characters: msg.toCharArray() })\n        });\n        return {\n            ok: true,\n            status: 200,\n            statusText: 'OK',\n            json: () => __awaiter(this, void 0, void 0, function* () {\n                return ({\n                    message: {\n                        id: '',\n                        created: 1\n                    }\n                });\n            })\n        };\n    });\n    const api = new SubscriptionAPI('3eadf7a8-6602-4bf5-92f4-970d36066958', '******************************', { fetch });\n    const result = yield api.postMessage('Hello World', ['foo', 'foo']);\n    assert.deepStrictEqual(result, [\n        {\n            message: {\n                id: '',\n                created: 1\n            }\n        },\n        {\n            message: {\n                id: '',\n                created: 1\n            }\n        }\n    ]);\n});",
                  "err": {},
                  "uuid": "ee428391-b994-4094-8cae-08cf388bfc50",
                  "parentUUID": "480be2fc-6d01-4cec-96c2-e834f4f75ae2",
                  "isHook": false,
                  "skipped": false
                },
                {
                  "title": "should work (live)",
                  "fullTitle": "SubscriptionAPI postMessage() should work (live)",
                  "timedOut": false,
                  "duration": 0,
                  "state": "pending",
                  "speed": null,
                  "pass": false,
                  "fail": false,
                  "pending": true,
                  "context": null,
                  "code": "",
                  "err": {},
                  "uuid": "a516f6c3-9aa5-47a2-9ea7-87ea8277f48d",
                  "parentUUID": "480be2fc-6d01-4cec-96c2-e834f4f75ae2",
                  "isHook": false,
                  "skipped": false
                }
              ],
              "suites": [],
              "passes": [
                "fee9798a-70dd-413d-9a0d-4c7fdca00887",
                "ee428391-b994-4094-8cae-08cf388bfc50"
              ],
              "failures": [],
              "pending": [
                "a516f6c3-9aa5-47a2-9ea7-87ea8277f48d"
              ],
              "skipped": [],
              "duration": 2,
              "root": false,
              "rootEmpty": false,
              "_timeout": 30000
            }
          ],
          "passes": [],
          "failures": [],
          "pending": [],
          "skipped": [],
          "duration": 0,
          "root": false,
          "rootEmpty": false,
          "_timeout": 30000
        },
        {
          "uuid": "aed268da-3923-4310-b0c1-58d31aaa3de3",
          "title": "Tools",
          "fullFile": "/home/runner/work/vestaboard/vestaboard/test/lib/tools.ts",
          "file": "/test/lib/tools.ts",
          "beforeHooks": [],
          "afterHooks": [],
          "tests": [],
          "suites": [
            {
              "uuid": "951ef9e6-5b90-458f-becf-b1bac4527a77",
              "title": "request",
              "fullFile": "/home/runner/work/vestaboard/vestaboard/test/lib/tools.ts",
              "file": "/test/lib/tools.ts",
              "beforeHooks": [],
              "afterHooks": [],
              "tests": [
                {
                  "title": "should work as intended",
                  "fullTitle": "Tools request should work as intended",
                  "timedOut": false,
                  "duration": 1,
                  "state": "passed",
                  "speed": "fast",
                  "pass": true,
                  "fail": false,
                  "pending": false,
                  "context": null,
                  "code": "return __awaiter(this, void 0, void 0, function* () {\n    const fetch = (url, options) => __awaiter(this, void 0, void 0, function* () {\n        assert.strictEqual(url, 'https://example.com/test');\n        assert.deepStrictEqual(options, {\n            method: 'GET',\n            headers: {\n                'X-Test-Header': '1337'\n            }\n        });\n        return {\n            ok: true,\n            status: 200,\n            statusText: 'OK',\n            json: () => __awaiter(this, void 0, void 0, function* () { return ({ foo: 'bar' }); })\n        };\n    });\n    const response = yield request('https://example.com/test', {\n        'X-Test-Header': '1337'\n    }, undefined, { fetch });\n    assert.deepStrictEqual(response, { foo: 'bar' });\n});",
                  "err": {},
                  "uuid": "a15ab8a9-854b-49d1-bbee-dd773f80a7fc",
                  "parentUUID": "951ef9e6-5b90-458f-becf-b1bac4527a77",
                  "isHook": false,
                  "skipped": false
                },
                {
                  "title": "should throw error on non 2xx status codes",
                  "fullTitle": "Tools request should throw error on non 2xx status codes",
                  "timedOut": false,
                  "duration": 10014,
                  "state": "passed",
                  "speed": "slow",
                  "pass": true,
                  "fail": false,
                  "pending": false,
                  "context": null,
                  "code": "return __awaiter(this, void 0, void 0, function* () {\n    const fetch = (url, options) => __awaiter(this, void 0, void 0, function* () {\n        assert.strictEqual(url, 'https://example.com/test');\n        assert.deepStrictEqual(options, {\n            method: 'GET',\n            headers: {\n                'X-Test-Header': '1337'\n            }\n        });\n        return {\n            ok: false,\n            status: 500,\n            statusText: 'ERROR',\n            json: () => __awaiter(this, void 0, void 0, function* () { return (''); })\n        };\n    });\n    yield assert.rejects(() => __awaiter(this, void 0, void 0, function* () {\n        yield request('https://example.com/test', {\n            'X-Test-Header': '1337'\n        }, undefined, { fetch });\n    }), /HTTP Request failed/);\n});",
                  "err": {},
                  "uuid": "fc061fc7-7b1c-4276-adfd-419fcea5d355",
                  "parentUUID": "951ef9e6-5b90-458f-becf-b1bac4527a77",
                  "isHook": false,
                  "skipped": false
                }
              ],
              "suites": [],
              "passes": [
                "a15ab8a9-854b-49d1-bbee-dd773f80a7fc",
                "fc061fc7-7b1c-4276-adfd-419fcea5d355"
              ],
              "failures": [],
              "pending": [],
              "skipped": [],
              "duration": 10015,
              "root": false,
              "rootEmpty": false,
              "_timeout": 30000
            }
          ],
          "passes": [],
          "failures": [],
          "pending": [],
          "skipped": [],
          "duration": 0,
          "root": false,
          "rootEmpty": false,
          "_timeout": 30000
        }
      ],
      "passes": [],
      "failures": [],
      "pending": [],
      "skipped": [],
      "duration": 0,
      "root": true,
      "rootEmpty": true,
      "_timeout": 2000
    }
  ],
  "meta": {
    "mocha": {
      "version": "10.2.0"
    },
    "mochawesome": {
      "options": {
        "quiet": false,
        "reportFilename": "mochawesome",
        "saveHtml": true,
        "saveJson": true,
        "consoleReporter": "spec",
        "useInlineDiffs": false,
        "code": true
      },
      "version": "7.1.3"
    },
    "marge": {
      "options": null,
      "version": "6.2.0"
    }
  }
}