{
  "stats": {
    "suites": 24,
    "tests": 58,
    "passes": 50,
    "pending": 8,
    "failures": 0,
    "start": "2025-06-18T19:40:25.947Z",
    "end": "2025-06-18T19:40:36.033Z",
    "duration": 10086,
    "testsRegistered": 58,
    "passPercent": 100,
    "pendingPercent": 13.793103448275861,
    "other": 0,
    "hasOther": false,
    "skipped": 0,
    "hasSkipped": false
  },
  "results": [
    {
      "uuid": "0e20aaaa-20fa-4401-8d82-a05e007fe14f",
      "title": "",
      "fullFile": "",
      "file": "",
      "beforeHooks": [],
      "afterHooks": [],
      "tests": [],
      "suites": [
        {
          "uuid": "70d6a5ba-ca83-4701-845a-e98131ca6729",
          "title": "LocalAPI",
          "fullFile": "/home/runner/work/vestaboard/vestaboard/test/lib/local-api.ts",
          "file": "/test/lib/local-api.ts",
          "beforeHooks": [],
          "afterHooks": [],
          "tests": [],
          "suites": [
            {
              "uuid": "6f6f4909-5386-437a-b384-816b3cfe6912",
              "title": "getCurrentMessage()",
              "fullFile": "/home/runner/work/vestaboard/vestaboard/test/lib/local-api.ts",
              "file": "/test/lib/local-api.ts",
              "beforeHooks": [],
              "afterHooks": [],
              "tests": [
                {
                  "title": "should work (mocked by device)",
                  "fullTitle": "LocalAPI getCurrentMessage() should work (mocked by device)",
                  "timedOut": false,
                  "duration": 3,
                  "state": "passed",
                  "speed": "fast",
                  "pass": true,
                  "fail": false,
                  "pending": false,
                  "context": null,
                  "code": "const msg=new Message;msg.fill(\"\\u{1F7E5}\\u{1F7E7}\\u{1F7E8}\\u{1F7E9}\\u{1F7E6}\\u{1F7EA}\");const fetch=__name(async(url,options)=>{assert.strictEqual(url,\"http://vestaboard.local:7000/local-api/message\");assert.deepStrictEqual(options,{headers:{\"X-Vestaboard-Local-Api-Key\":\"3eadf7a8-6602-4bf5-92f4-970d36066958\"},method:\"GET\"});return{json:__name(async()=>({message:msg.toCharArray()}),\"json\"),ok:true,status:200,statusText:\"OK\"}},\"fetch\");const api=new LocalAPI(\"3eadf7a8-6602-4bf5-92f4-970d36066958\",void 0,{fetch});const result=await api.getCurrentMessage();assert.deepStrictEqual(result.toCharArray(),msg.toCharArray())",
                  "err": {},
                  "uuid": "768f1a04-e72f-4a5a-a57c-44bb65755b9e",
                  "parentUUID": "6f6f4909-5386-437a-b384-816b3cfe6912",
                  "isHook": false,
                  "skipped": false
                },
                {
                  "title": "should work (mocked by docs)",
                  "fullTitle": "LocalAPI getCurrentMessage() should work (mocked by docs)",
                  "timedOut": false,
                  "duration": 1,
                  "state": "passed",
                  "speed": "fast",
                  "pass": true,
                  "fail": false,
                  "pending": false,
                  "context": null,
                  "code": "const msg=new Message;msg.fill(\"\\u{1F7E5}\\u{1F7E7}\\u{1F7E8}\\u{1F7E9}\\u{1F7E6}\\u{1F7EA}\");const fetch=__name(async(url,options)=>{assert.strictEqual(url,\"http://vestaboard.local:7000/local-api/message\");assert.deepStrictEqual(options,{headers:{\"X-Vestaboard-Local-Api-Key\":\"3eadf7a8-6602-4bf5-92f4-970d36066958\"},method:\"GET\"});return{json:__name(async()=>msg.toCharArray(),\"json\"),ok:true,status:200,statusText:\"OK\"}},\"fetch\");const api=new LocalAPI(\"3eadf7a8-6602-4bf5-92f4-970d36066958\",void 0,{fetch});const result=await api.getCurrentMessage();assert.deepStrictEqual(result.toCharArray(),msg.toCharArray())",
                  "err": {},
                  "uuid": "4451f041-d848-40fe-812e-b0eef12b659b",
                  "parentUUID": "6f6f4909-5386-437a-b384-816b3cfe6912",
                  "isHook": false,
                  "skipped": false
                },
                {
                  "title": "should work (live)",
                  "fullTitle": "LocalAPI getCurrentMessage() should work (live)",
                  "timedOut": false,
                  "duration": 0,
                  "state": "pending",
                  "speed": null,
                  "pass": false,
                  "fail": false,
                  "pending": true,
                  "context": null,
                  "code": "",
                  "err": {},
                  "uuid": "d0b9e178-84d0-4dfc-8c52-9b594928b9ea",
                  "parentUUID": "6f6f4909-5386-437a-b384-816b3cfe6912",
                  "isHook": false,
                  "skipped": false
                }
              ],
              "suites": [],
              "passes": [
                "768f1a04-e72f-4a5a-a57c-44bb65755b9e",
                "4451f041-d848-40fe-812e-b0eef12b659b"
              ],
              "failures": [],
              "pending": [
                "d0b9e178-84d0-4dfc-8c52-9b594928b9ea"
              ],
              "skipped": [],
              "duration": 4,
              "root": false,
              "rootEmpty": false,
              "_timeout": 30000
            },
            {
              "uuid": "d6da1a1d-12e4-4d7a-b5ab-c3ad63375002",
              "title": "postMessage()",
              "fullFile": "/home/runner/work/vestaboard/vestaboard/test/lib/local-api.ts",
              "file": "/test/lib/local-api.ts",
              "beforeHooks": [],
              "afterHooks": [],
              "tests": [
                {
                  "title": "should work (mocked)",
                  "fullTitle": "LocalAPI postMessage() should work (mocked)",
                  "timedOut": false,
                  "duration": 1,
                  "state": "passed",
                  "speed": "fast",
                  "pass": true,
                  "fail": false,
                  "pending": false,
                  "context": null,
                  "code": "const msg=new Message(\"Hello World\");const fetch=__name(async(url,options)=>{assert.strictEqual(url,\"http://vestaboard.local:7000/local-api/message\");assert.deepStrictEqual(options,{body:JSON.stringify(msg.toCharArray()),headers:{\"Content-Type\":\"application/json\",\"X-Vestaboard-Local-Api-Key\":\"3eadf7a8-6602-4bf5-92f4-970d36066958\"},method:\"POST\"});return{json:__name(async()=>\"\",\"json\"),ok:true,status:201,statusText:\"CREATED\"}},\"fetch\");const api=new LocalAPI(\"3eadf7a8-6602-4bf5-92f4-970d36066958\",void 0,{fetch});await api.postMessage(\"Hello World\")",
                  "err": {},
                  "uuid": "eaea834a-fb67-44cf-b093-49b738c86d32",
                  "parentUUID": "d6da1a1d-12e4-4d7a-b5ab-c3ad63375002",
                  "isHook": false,
                  "skipped": false
                },
                {
                  "title": "should work (live)",
                  "fullTitle": "LocalAPI postMessage() should work (live)",
                  "timedOut": false,
                  "duration": 0,
                  "state": "pending",
                  "speed": null,
                  "pass": false,
                  "fail": false,
                  "pending": true,
                  "context": null,
                  "code": "",
                  "err": {},
                  "uuid": "82a384fb-fc80-40e0-abe5-555e276ca490",
                  "parentUUID": "d6da1a1d-12e4-4d7a-b5ab-c3ad63375002",
                  "isHook": false,
                  "skipped": false
                }
              ],
              "suites": [],
              "passes": [
                "eaea834a-fb67-44cf-b093-49b738c86d32"
              ],
              "failures": [],
              "pending": [
                "82a384fb-fc80-40e0-abe5-555e276ca490"
              ],
              "skipped": [],
              "duration": 1,
              "root": false,
              "rootEmpty": false,
              "_timeout": 30000
            }
          ],
          "passes": [],
          "failures": [],
          "pending": [],
          "skipped": [],
          "duration": 0,
          "root": false,
          "rootEmpty": false,
          "_timeout": 30000
        },
        {
          "uuid": "75b3f185-8037-4944-98e6-32d691c7aeaa",
          "title": "Message",
          "fullFile": "/home/runner/work/vestaboard/vestaboard/test/lib/message.ts",
          "file": "/test/lib/message.ts",
          "beforeHooks": [],
          "afterHooks": [],
          "tests": [],
          "suites": [
            {
              "uuid": "16871ad4-2f49-41b0-bae8-b041b9b911d4",
              "title": "constructor",
              "fullFile": "/home/runner/work/vestaboard/vestaboard/test/lib/message.ts",
              "file": "/test/lib/message.ts",
              "beforeHooks": [],
              "afterHooks": [],
              "tests": [
                {
                  "title": "should center the message given",
                  "fullTitle": "Message constructor should center the message given",
                  "timedOut": false,
                  "duration": 2,
                  "state": "passed",
                  "speed": "fast",
                  "pass": true,
                  "fail": false,
                  "pending": false,
                  "context": null,
                  "code": "assert.strictEqual(new Message(\"Hello World\").toString(),\"#==============================================#\\n#                                              #\\n#                                              #\\n#           H E L L O   W O R L D              #\\n#                                              #\\n#                                              #\\n#                                              #\\n#==============================================#\\n\")",
                  "err": {},
                  "uuid": "51bb19e9-c984-4080-b6f5-c94e9660b137",
                  "parentUUID": "16871ad4-2f49-41b0-bae8-b041b9b911d4",
                  "isHook": false,
                  "skipped": false
                },
                {
                  "title": "should also support a char array",
                  "fullTitle": "Message constructor should also support a char array",
                  "timedOut": false,
                  "duration": 1,
                  "state": "passed",
                  "speed": "fast",
                  "pass": true,
                  "fail": false,
                  "pending": false,
                  "context": null,
                  "code": "const msg=new Message;msg.fill(\"\\u{1F7E5}\\u{1F7E7}\\u{1F7E8}\\u{1F7E9}\\u{1F7E6}\\u{1F7EA} \");assert.deepStrictEqual(new Message(msg.toCharArray()).toCharArray(),msg.toCharArray())",
                  "err": {},
                  "uuid": "58269333-bd1e-4815-b9de-75733ae761b2",
                  "parentUUID": "16871ad4-2f49-41b0-bae8-b041b9b911d4",
                  "isHook": false,
                  "skipped": false
                }
              ],
              "suites": [],
              "passes": [
                "51bb19e9-c984-4080-b6f5-c94e9660b137",
                "58269333-bd1e-4815-b9de-75733ae761b2"
              ],
              "failures": [],
              "pending": [],
              "skipped": [],
              "duration": 3,
              "root": false,
              "rootEmpty": false,
              "_timeout": 2000
            },
            {
              "uuid": "366b2f04-e679-431b-a5ae-b0bc42023d6a",
              "title": "static string2chars()",
              "fullFile": "/home/runner/work/vestaboard/vestaboard/test/lib/message.ts",
              "file": "/test/lib/message.ts",
              "beforeHooks": [],
              "afterHooks": [],
              "tests": [
                {
                  "title": "should work",
                  "fullTitle": "Message static string2chars() should work",
                  "timedOut": false,
                  "duration": 0,
                  "state": "passed",
                  "speed": "fast",
                  "pass": true,
                  "fail": false,
                  "pending": false,
                  "context": null,
                  "code": "assert.deepStrictEqual(Message.string2chars(\"Hello\"),[8,5,12,12,15])",
                  "err": {},
                  "uuid": "20aede28-6539-4e3d-aac6-fc6a93af2dc0",
                  "parentUUID": "366b2f04-e679-431b-a5ae-b0bc42023d6a",
                  "isHook": false,
                  "skipped": false
                },
                {
                  "title": "should handle german umlauts",
                  "fullTitle": "Message static string2chars() should handle german umlauts",
                  "timedOut": false,
                  "duration": 0,
                  "state": "passed",
                  "speed": "fast",
                  "pass": true,
                  "fail": false,
                  "pending": false,
                  "context": null,
                  "code": "assert.deepStrictEqual(Message.string2chars(\"K\\xE4se\"),[11,1,5,19,5])",
                  "err": {},
                  "uuid": "8e584e82-03cb-4ab1-97b6-42d4190a3453",
                  "parentUUID": "366b2f04-e679-431b-a5ae-b0bc42023d6a",
                  "isHook": false,
                  "skipped": false
                },
                {
                  "title": "should handle color emojis",
                  "fullTitle": "Message static string2chars() should handle color emojis",
                  "timedOut": false,
                  "duration": 0,
                  "state": "passed",
                  "speed": "fast",
                  "pass": true,
                  "fail": false,
                  "pending": false,
                  "context": null,
                  "code": "assert.deepStrictEqual(Message.string2chars(\"\\u{1F7E5}\\u{1F7E7}\\u{1F7E8}\\u{1F7E9}\\u{1F7E6}\\u{1F7EA}\\u2B1C\\u2B1B\"),[63,64,65,66,67,68,69,0])",
                  "err": {},
                  "uuid": "6dc360ea-c24d-4f3a-b1a2-e3ad9fb4e10f",
                  "parentUUID": "366b2f04-e679-431b-a5ae-b0bc42023d6a",
                  "isHook": false,
                  "skipped": false
                },
                {
                  "title": "should remove special chars",
                  "fullTitle": "Message static string2chars() should remove special chars",
                  "timedOut": false,
                  "duration": 0,
                  "state": "passed",
                  "speed": "fast",
                  "pass": true,
                  "fail": false,
                  "pending": false,
                  "context": null,
                  "code": "assert.deepStrictEqual(Message.string2chars(\"H\\u2377llo\",{fallbackChar:null}),[8,12,12,15]);assert.deepStrictEqual(Message.string2chars(\"H\\u2377llo\"),[8,60,12,12,15])",
                  "err": {},
                  "uuid": "bb24990e-cb8b-4f13-bfe2-850d54c77aa8",
                  "parentUUID": "366b2f04-e679-431b-a5ae-b0bc42023d6a",
                  "isHook": false,
                  "skipped": false
                },
                {
                  "title": "should work with all charts defined in CHAR_MAP",
                  "fullTitle": "Message static string2chars() should work with all charts defined in CHAR_MAP",
                  "timedOut": false,
                  "duration": 6,
                  "state": "passed",
                  "speed": "fast",
                  "pass": true,
                  "fail": false,
                  "pending": false,
                  "context": null,
                  "code": "let text=\"\";const result=[];CHAR_MAP.forEach(([str,chars])=>{const actual=Message.string2chars(str,{removeUnsupportedWords:false});const expected=chars.length!==1||chars[0]!==-2?chars:[0];assert.deepStrictEqual(actual,expected,`Unable to process char \"${str}\": string2chars returned ${JSON.stringify(actual)}, but expected result was ${JSON.stringify(expected)}`);text+=str;result.push(...expected)});assert.deepStrictEqual(Message.string2chars(text,{removeUnsupportedWords:false}),result)",
                  "err": {},
                  "uuid": "ef64f42d-0473-4dbf-b434-5e7772944813",
                  "parentUUID": "366b2f04-e679-431b-a5ae-b0bc42023d6a",
                  "isHook": false,
                  "skipped": false
                }
              ],
              "suites": [],
              "passes": [
                "20aede28-6539-4e3d-aac6-fc6a93af2dc0",
                "8e584e82-03cb-4ab1-97b6-42d4190a3453",
                "6dc360ea-c24d-4f3a-b1a2-e3ad9fb4e10f",
                "bb24990e-cb8b-4f13-bfe2-850d54c77aa8",
                "ef64f42d-0473-4dbf-b434-5e7772944813"
              ],
              "failures": [],
              "pending": [],
              "skipped": [],
              "duration": 6,
              "root": false,
              "rootEmpty": false,
              "_timeout": 2000
            },
            {
              "uuid": "8dfebd2f-2612-4513-afd0-9a010b7e3042",
              "title": "static splitCharsIntoLines()",
              "fullFile": "/home/runner/work/vestaboard/vestaboard/test/lib/message.ts",
              "file": "/test/lib/message.ts",
              "beforeHooks": [],
              "afterHooks": [],
              "tests": [
                {
                  "title": "should split words by whitespace",
                  "fullTitle": "Message static splitCharsIntoLines() should split words by whitespace",
                  "timedOut": false,
                  "duration": 0,
                  "state": "passed",
                  "speed": "fast",
                  "pass": true,
                  "fail": false,
                  "pending": false,
                  "context": null,
                  "code": "const chars=Message.string2chars(\"Hello World\");assert.deepEqual(Message.splitCharsIntoLines(chars,[22,22]),[[8,5,12,12,15,0,23,15,18,12,4]]);assert.deepEqual(Message.splitCharsIntoLines(chars,[8,8]),[[8,5,12,12,15],[23,15,18,12,4]])",
                  "err": {},
                  "uuid": "3d1fb651-9850-40ba-a4ae-4028fdca628b",
                  "parentUUID": "8dfebd2f-2612-4513-afd0-9a010b7e3042",
                  "isHook": false,
                  "skipped": false
                },
                {
                  "title": "should split words by dash",
                  "fullTitle": "Message static splitCharsIntoLines() should split words by dash",
                  "timedOut": false,
                  "duration": 1,
                  "state": "passed",
                  "speed": "fast",
                  "pass": true,
                  "fail": false,
                  "pending": false,
                  "context": null,
                  "code": "const chars=Message.string2chars(\"Hello-World\");assert.deepEqual(Message.splitCharsIntoLines(chars,[22,22]),[[8,5,12,12,15,44,23,15,18,12,4]]);assert.deepEqual(Message.splitCharsIntoLines(chars,[8,8]),[[8,5,12,12,15,44],[23,15,18,12,4]])",
                  "err": {},
                  "uuid": "4a7e147d-ea26-414d-9519-aa5349815828",
                  "parentUUID": "8dfebd2f-2612-4513-afd0-9a010b7e3042",
                  "isHook": false,
                  "skipped": false
                },
                {
                  "title": "should auto-split very long words",
                  "fullTitle": "Message static splitCharsIntoLines() should auto-split very long words",
                  "timedOut": false,
                  "duration": 1,
                  "state": "passed",
                  "speed": "fast",
                  "pass": true,
                  "fail": false,
                  "pending": false,
                  "context": null,
                  "code": "const chars=Message.string2chars(\"Rindfleischetikettierungsueberwachungsaufgabenuebertragungsgesetz\");assert.deepEqual(Message.splitCharsIntoLines(chars,[22,22]),[[18,9,14,4,6,12,5,9,19,3,8,5,20,9,11,5,20,20,9,5,18,44],[21,14,7,19,21,5,2,5,18,23,1,3,8,21,14,7,19,1,21,6,7,44],[1,2,5,14,21,5,2,5,18,20,18,1,7,21,14,7,19,7,5,19,5,44],[20,26]])",
                  "err": {},
                  "uuid": "7e80a060-58a1-40af-8b9d-16628353b692",
                  "parentUUID": "8dfebd2f-2612-4513-afd0-9a010b7e3042",
                  "isHook": false,
                  "skipped": false
                }
              ],
              "suites": [],
              "passes": [
                "3d1fb651-9850-40ba-a4ae-4028fdca628b",
                "4a7e147d-ea26-414d-9519-aa5349815828",
                "7e80a060-58a1-40af-8b9d-16628353b692"
              ],
              "failures": [],
              "pending": [],
              "skipped": [],
              "duration": 2,
              "root": false,
              "rootEmpty": false,
              "_timeout": 2000
            },
            {
              "uuid": "980881f0-0e2b-49b5-af16-61c46ee279f4",
              "title": "static removeEmojisFromChars()",
              "fullFile": "/home/runner/work/vestaboard/vestaboard/test/lib/message.ts",
              "file": "/test/lib/message.ts",
              "beforeHooks": [],
              "afterHooks": [],
              "tests": [
                {
                  "title": "should not trim texts without emoji words",
                  "fullTitle": "Message static removeEmojisFromChars() should not trim texts without emoji words",
                  "timedOut": false,
                  "duration": 1,
                  "state": "passed",
                  "speed": "fast",
                  "pass": true,
                  "fail": false,
                  "pending": false,
                  "context": null,
                  "code": "assert.deepStrictEqual(Message.string2chars(\"Hello World\"),[8,5,12,12,15,0,23,15,18,12,4])",
                  "err": {},
                  "uuid": "a8f99a98-96b6-48dc-9299-20033d9aae66",
                  "parentUUID": "980881f0-0e2b-49b5-af16-61c46ee279f4",
                  "isHook": false,
                  "skipped": false
                },
                {
                  "title": "should trim emoji prefixes",
                  "fullTitle": "Message static removeEmojisFromChars() should trim emoji prefixes",
                  "timedOut": false,
                  "duration": 0,
                  "state": "passed",
                  "speed": "fast",
                  "pass": true,
                  "fail": false,
                  "pending": false,
                  "context": null,
                  "code": "assert.deepStrictEqual(Message.removeEmojisFromChars(Message.string2chars(\"\\u{1F44B}\\u{1F3FC}Hello\")),[8,5,12,12,15]);assert.deepStrictEqual(Message.removeEmojisFromChars(Message.string2chars(\"\\u{1F44B}\\u{1F3FC} Hello\")),[8,5,12,12,15])",
                  "err": {},
                  "uuid": "1bf54a34-cd4d-412e-8fa3-7eaab1dfb4e0",
                  "parentUUID": "980881f0-0e2b-49b5-af16-61c46ee279f4",
                  "isHook": false,
                  "skipped": false
                },
                {
                  "title": "should trim emoji postfixes",
                  "fullTitle": "Message static removeEmojisFromChars() should trim emoji postfixes",
                  "timedOut": false,
                  "duration": 1,
                  "state": "passed",
                  "speed": "fast",
                  "pass": true,
                  "fail": false,
                  "pending": false,
                  "context": null,
                  "code": "assert.deepStrictEqual(Message.removeEmojisFromChars(Message.string2chars(\"Hello\\u{1F44B}\\u{1F3FC}\")),[8,5,12,12,15]);assert.deepStrictEqual(Message.removeEmojisFromChars(Message.string2chars(\"Hello \\u{1F44B}\\u{1F3FC}\")),[8,5,12,12,15])",
                  "err": {},
                  "uuid": "ed85628e-82a8-4f7d-9b39-9a6632030891",
                  "parentUUID": "980881f0-0e2b-49b5-af16-61c46ee279f4",
                  "isHook": false,
                  "skipped": false
                },
                {
                  "title": "should trim emoji words",
                  "fullTitle": "Message static removeEmojisFromChars() should trim emoji words",
                  "timedOut": false,
                  "duration": 1,
                  "state": "passed",
                  "speed": "fast",
                  "pass": true,
                  "fail": false,
                  "pending": false,
                  "context": null,
                  "code": "assert.deepStrictEqual(Message.removeEmojisFromChars(Message.string2chars(\"Hello \\u{1F44B}\\u{1F3FC}\\u{1F44B}\\u{1F3FC} World\")),[8,5,12,12,15,0,23,15,18,12,4])",
                  "err": {},
                  "uuid": "f9837baf-ecd3-4964-88d9-29dd6992273e",
                  "parentUUID": "980881f0-0e2b-49b5-af16-61c46ee279f4",
                  "isHook": false,
                  "skipped": false
                }
              ],
              "suites": [],
              "passes": [
                "a8f99a98-96b6-48dc-9299-20033d9aae66",
                "1bf54a34-cd4d-412e-8fa3-7eaab1dfb4e0",
                "ed85628e-82a8-4f7d-9b39-9a6632030891",
                "f9837baf-ecd3-4964-88d9-29dd6992273e"
              ],
              "failures": [],
              "pending": [],
              "skipped": [],
              "duration": 3,
              "root": false,
              "rootEmpty": false,
              "_timeout": 2000
            },
            {
              "uuid": "936902d4-3ea4-4367-ae2c-41832903234c",
              "title": "static getColumnSizesFromData()",
              "fullFile": "/home/runner/work/vestaboard/vestaboard/test/lib/message.ts",
              "file": "/test/lib/message.ts",
              "beforeHooks": [],
              "afterHooks": [],
              "tests": [
                {
                  "title": "should work with a very basic example",
                  "fullTitle": "Message static getColumnSizesFromData() should work with a very basic example",
                  "timedOut": false,
                  "duration": 1,
                  "state": "passed",
                  "speed": "fast",
                  "pass": true,
                  "fail": false,
                  "pending": false,
                  "context": null,
                  "code": "assert.deepStrictEqual(Message.getColumnSizesFromData([[\"now\",\"Daily\"],[\"13:00\",\"Secret Meeting\"]]),[6,15])",
                  "err": {},
                  "uuid": "58dd3f96-de47-4b49-8c98-059edb582395",
                  "parentUUID": "936902d4-3ea4-4367-ae2c-41832903234c",
                  "isHook": false,
                  "skipped": false
                },
                {
                  "title": "should work without data",
                  "fullTitle": "Message static getColumnSizesFromData() should work without data",
                  "timedOut": false,
                  "duration": 0,
                  "state": "passed",
                  "speed": "fast",
                  "pass": true,
                  "fail": false,
                  "pending": false,
                  "context": null,
                  "code": "assert.deepStrictEqual(Message.getColumnSizesFromData([]),[])",
                  "err": {},
                  "uuid": "60d17a78-f64e-4184-9755-ad061849f14c",
                  "parentUUID": "936902d4-3ea4-4367-ae2c-41832903234c",
                  "isHook": false,
                  "skipped": false
                },
                {
                  "title": "should work with only one column",
                  "fullTitle": "Message static getColumnSizesFromData() should work with only one column",
                  "timedOut": false,
                  "duration": 0,
                  "state": "passed",
                  "speed": "fast",
                  "pass": true,
                  "fail": false,
                  "pending": false,
                  "context": null,
                  "code": "assert.deepStrictEqual(Message.getColumnSizesFromData([[\"Daily\"],[\"Secret Meeting\"]]),[22])",
                  "err": {},
                  "uuid": "0948af94-1eb0-44fd-a3f6-2aa5a7fff6d4",
                  "parentUUID": "936902d4-3ea4-4367-ae2c-41832903234c",
                  "isHook": false,
                  "skipped": false
                },
                {
                  "title": "should work if length is not enough",
                  "fullTitle": "Message static getColumnSizesFromData() should work if length is not enough",
                  "timedOut": false,
                  "duration": 1,
                  "state": "passed",
                  "speed": "fast",
                  "pass": true,
                  "fail": false,
                  "pending": false,
                  "context": null,
                  "code": "assert.deepStrictEqual(Message.getColumnSizesFromData([[\"now\",\"Daily\"],[\"13:00\",\"Super Secret Meeting\"]]),[5,16])",
                  "err": {},
                  "uuid": "b6ef0b58-9443-4b66-b95f-d28d79a881de",
                  "parentUUID": "936902d4-3ea4-4367-ae2c-41832903234c",
                  "isHook": false,
                  "skipped": false
                },
                {
                  "title": "should throw error if rows have different number of columns",
                  "fullTitle": "Message static getColumnSizesFromData() should throw error if rows have different number of columns",
                  "timedOut": false,
                  "duration": 1,
                  "state": "passed",
                  "speed": "fast",
                  "pass": true,
                  "fail": false,
                  "pending": false,
                  "context": null,
                  "code": "assert.throws(()=>{new Message().table([[\"now\",\"Daily\"],[\"13:00\",\"Secret Meeting\",\"\\u{1F7E5}\"]])},/Unable to render table: Row 1 has 3 entries, but first row has 2!/)",
                  "err": {},
                  "uuid": "8cf0ffba-c615-4038-a507-0a07c19103e0",
                  "parentUUID": "936902d4-3ea4-4367-ae2c-41832903234c",
                  "isHook": false,
                  "skipped": false
                }
              ],
              "suites": [],
              "passes": [
                "58dd3f96-de47-4b49-8c98-059edb582395",
                "60d17a78-f64e-4184-9755-ad061849f14c",
                "0948af94-1eb0-44fd-a3f6-2aa5a7fff6d4",
                "b6ef0b58-9443-4b66-b95f-d28d79a881de",
                "8cf0ffba-c615-4038-a507-0a07c19103e0"
              ],
              "failures": [],
              "pending": [],
              "skipped": [],
              "duration": 3,
              "root": false,
              "rootEmpty": false,
              "_timeout": 2000
            },
            {
              "uuid": "0a9a0dcf-2e04-4d95-b8ae-063742a0c2b3",
              "title": "fill()",
              "fullFile": "/home/runner/work/vestaboard/vestaboard/test/lib/message.ts",
              "file": "/test/lib/message.ts",
              "beforeHooks": [],
              "afterHooks": [],
              "tests": [
                {
                  "title": "should work with default",
                  "fullTitle": "Message fill() should work with default",
                  "timedOut": false,
                  "duration": 1,
                  "state": "passed",
                  "speed": "fast",
                  "pass": true,
                  "fail": false,
                  "pending": false,
                  "context": null,
                  "code": "const msg=new Message;msg.write(\"Hello World\");msg.fill();assert.strictEqual(msg.toString(),\"#==============================================#\\n#                                              #\\n#                                              #\\n#                                              #\\n#                                              #\\n#                                              #\\n#                                              #\\n#==============================================#\\n\")",
                  "err": {},
                  "uuid": "443492be-ee31-4c7b-b4a6-30110ed6111b",
                  "parentUUID": "0a9a0dcf-2e04-4d95-b8ae-063742a0c2b3",
                  "isHook": false,
                  "skipped": false
                },
                {
                  "title": "should work with single chars",
                  "fullTitle": "Message fill() should work with single chars",
                  "timedOut": false,
                  "duration": 2,
                  "state": "passed",
                  "speed": "fast",
                  "pass": true,
                  "fail": false,
                  "pending": false,
                  "context": null,
                  "code": "const msg=new Message;msg.fill(\"\\u{1F7E5}\");assert.strictEqual(msg.toString(),\"#==============================================#\\n# \\u{1F7E5}\\u{1F7E5}\\u{1F7E5}\\u{1F7E5}\\u{1F7E5}\\u{1F7E5}\\u{1F7E5}\\u{1F7E5}\\u{1F7E5}\\u{1F7E5}\\u{1F7E5}\\u{1F7E5}\\u{1F7E5}\\u{1F7E5}\\u{1F7E5}\\u{1F7E5}\\u{1F7E5}\\u{1F7E5}\\u{1F7E5}\\u{1F7E5}\\u{1F7E5}\\u{1F7E5} #\\n# \\u{1F7E5}\\u{1F7E5}\\u{1F7E5}\\u{1F7E5}\\u{1F7E5}\\u{1F7E5}\\u{1F7E5}\\u{1F7E5}\\u{1F7E5}\\u{1F7E5}\\u{1F7E5}\\u{1F7E5}\\u{1F7E5}\\u{1F7E5}\\u{1F7E5}\\u{1F7E5}\\u{1F7E5}\\u{1F7E5}\\u{1F7E5}\\u{1F7E5}\\u{1F7E5}\\u{1F7E5} #\\n# \\u{1F7E5}\\u{1F7E5}\\u{1F7E5}\\u{1F7E5}\\u{1F7E5}\\u{1F7E5}\\u{1F7E5}\\u{1F7E5}\\u{1F7E5}\\u{1F7E5}\\u{1F7E5}\\u{1F7E5}\\u{1F7E5}\\u{1F7E5}\\u{1F7E5}\\u{1F7E5}\\u{1F7E5}\\u{1F7E5}\\u{1F7E5}\\u{1F7E5}\\u{1F7E5}\\u{1F7E5} #\\n# \\u{1F7E5}\\u{1F7E5}\\u{1F7E5}\\u{1F7E5}\\u{1F7E5}\\u{1F7E5}\\u{1F7E5}\\u{1F7E5}\\u{1F7E5}\\u{1F7E5}\\u{1F7E5}\\u{1F7E5}\\u{1F7E5}\\u{1F7E5}\\u{1F7E5}\\u{1F7E5}\\u{1F7E5}\\u{1F7E5}\\u{1F7E5}\\u{1F7E5}\\u{1F7E5}\\u{1F7E5} #\\n# \\u{1F7E5}\\u{1F7E5}\\u{1F7E5}\\u{1F7E5}\\u{1F7E5}\\u{1F7E5}\\u{1F7E5}\\u{1F7E5}\\u{1F7E5}\\u{1F7E5}\\u{1F7E5}\\u{1F7E5}\\u{1F7E5}\\u{1F7E5}\\u{1F7E5}\\u{1F7E5}\\u{1F7E5}\\u{1F7E5}\\u{1F7E5}\\u{1F7E5}\\u{1F7E5}\\u{1F7E5} #\\n# \\u{1F7E5}\\u{1F7E5}\\u{1F7E5}\\u{1F7E5}\\u{1F7E5}\\u{1F7E5}\\u{1F7E5}\\u{1F7E5}\\u{1F7E5}\\u{1F7E5}\\u{1F7E5}\\u{1F7E5}\\u{1F7E5}\\u{1F7E5}\\u{1F7E5}\\u{1F7E5}\\u{1F7E5}\\u{1F7E5}\\u{1F7E5}\\u{1F7E5}\\u{1F7E5}\\u{1F7E5} #\\n#==============================================#\\n\")",
                  "err": {},
                  "uuid": "41903fed-f8b3-4903-bcbd-5e59fd41f7ea",
                  "parentUUID": "0a9a0dcf-2e04-4d95-b8ae-063742a0c2b3",
                  "isHook": false,
                  "skipped": false
                },
                {
                  "title": "should work with multiple chars",
                  "fullTitle": "Message fill() should work with multiple chars",
                  "timedOut": false,
                  "duration": 1,
                  "state": "passed",
                  "speed": "fast",
                  "pass": true,
                  "fail": false,
                  "pending": false,
                  "context": null,
                  "code": "const msg=new Message;msg.fill(\"\\u{1F7E5}\\u{1F7E7}\\u{1F7E8}\\u{1F7E9}\\u{1F7E6}\\u{1F7EA}\");assert.strictEqual(msg.toString(),\"#==============================================#\\n# \\u{1F7E5}\\u{1F7E7}\\u{1F7E8}\\u{1F7E9}\\u{1F7E6}\\u{1F7EA}\\u{1F7E5}\\u{1F7E7}\\u{1F7E8}\\u{1F7E9}\\u{1F7E6}\\u{1F7EA}\\u{1F7E5}\\u{1F7E7}\\u{1F7E8}\\u{1F7E9}\\u{1F7E6}\\u{1F7EA}\\u{1F7E5}\\u{1F7E7}\\u{1F7E8}\\u{1F7E9} #\\n# \\u{1F7E6}\\u{1F7EA}\\u{1F7E5}\\u{1F7E7}\\u{1F7E8}\\u{1F7E9}\\u{1F7E6}\\u{1F7EA}\\u{1F7E5}\\u{1F7E7}\\u{1F7E8}\\u{1F7E9}\\u{1F7E6}\\u{1F7EA}\\u{1F7E5}\\u{1F7E7}\\u{1F7E8}\\u{1F7E9}\\u{1F7E6}\\u{1F7EA}\\u{1F7E5}\\u{1F7E7} #\\n# \\u{1F7E8}\\u{1F7E9}\\u{1F7E6}\\u{1F7EA}\\u{1F7E5}\\u{1F7E7}\\u{1F7E8}\\u{1F7E9}\\u{1F7E6}\\u{1F7EA}\\u{1F7E5}\\u{1F7E7}\\u{1F7E8}\\u{1F7E9}\\u{1F7E6}\\u{1F7EA}\\u{1F7E5}\\u{1F7E7}\\u{1F7E8}\\u{1F7E9}\\u{1F7E6}\\u{1F7EA} #\\n# \\u{1F7E5}\\u{1F7E7}\\u{1F7E8}\\u{1F7E9}\\u{1F7E6}\\u{1F7EA}\\u{1F7E5}\\u{1F7E7}\\u{1F7E8}\\u{1F7E9}\\u{1F7E6}\\u{1F7EA}\\u{1F7E5}\\u{1F7E7}\\u{1F7E8}\\u{1F7E9}\\u{1F7E6}\\u{1F7EA}\\u{1F7E5}\\u{1F7E7}\\u{1F7E8}\\u{1F7E9} #\\n# \\u{1F7E6}\\u{1F7EA}\\u{1F7E5}\\u{1F7E7}\\u{1F7E8}\\u{1F7E9}\\u{1F7E6}\\u{1F7EA}\\u{1F7E5}\\u{1F7E7}\\u{1F7E8}\\u{1F7E9}\\u{1F7E6}\\u{1F7EA}\\u{1F7E5}\\u{1F7E7}\\u{1F7E8}\\u{1F7E9}\\u{1F7E6}\\u{1F7EA}\\u{1F7E5}\\u{1F7E7} #\\n# \\u{1F7E8}\\u{1F7E9}\\u{1F7E6}\\u{1F7EA}\\u{1F7E5}\\u{1F7E7}\\u{1F7E8}\\u{1F7E9}\\u{1F7E6}\\u{1F7EA}\\u{1F7E5}\\u{1F7E7}\\u{1F7E8}\\u{1F7E9}\\u{1F7E6}\\u{1F7EA}\\u{1F7E5}\\u{1F7E7}\\u{1F7E8}\\u{1F7E9}\\u{1F7E6}\\u{1F7EA} #\\n#==============================================#\\n\")",
                  "err": {},
                  "uuid": "a0de0253-7206-444c-9d78-dea2766666d0",
                  "parentUUID": "0a9a0dcf-2e04-4d95-b8ae-063742a0c2b3",
                  "isHook": false,
                  "skipped": false
                }
              ],
              "suites": [],
              "passes": [
                "443492be-ee31-4c7b-b4a6-30110ed6111b",
                "41903fed-f8b3-4903-bcbd-5e59fd41f7ea",
                "a0de0253-7206-444c-9d78-dea2766666d0"
              ],
              "failures": [],
              "pending": [],
              "skipped": [],
              "duration": 4,
              "root": false,
              "rootEmpty": false,
              "_timeout": 2000
            },
            {
              "uuid": "09620e6e-30fb-4cde-b534-d88afae4bbfe",
              "title": "write()",
              "fullFile": "/home/runner/work/vestaboard/vestaboard/test/lib/message.ts",
              "file": "/test/lib/message.ts",
              "beforeHooks": [],
              "afterHooks": [],
              "tests": [
                {
                  "title": "should start writing from top/left",
                  "fullTitle": "Message write() should start writing from top/left",
                  "timedOut": false,
                  "duration": 0,
                  "state": "passed",
                  "speed": "fast",
                  "pass": true,
                  "fail": false,
                  "pending": false,
                  "context": null,
                  "code": "const msg=new Message;msg.write(\"Hello World\");assert.strictEqual(msg.toString(),\"#==============================================#\\n# H E L L O   W O R L D                        #\\n#                                              #\\n#                                              #\\n#                                              #\\n#                                              #\\n#                                              #\\n#==============================================#\\n\")",
                  "err": {},
                  "uuid": "e4e31620-f90d-44a7-aef5-804c3d316f00",
                  "parentUUID": "09620e6e-30fb-4cde-b534-d88afae4bbfe",
                  "isHook": false,
                  "skipped": false
                },
                {
                  "title": "should accept line & row for positioning",
                  "fullTitle": "Message write() should accept line & row for positioning",
                  "timedOut": false,
                  "duration": 1,
                  "state": "passed",
                  "speed": "fast",
                  "pass": true,
                  "fail": false,
                  "pending": false,
                  "context": null,
                  "code": "const msg=new Message;msg.write(\"Hello World\",{position:{line:2,row:5}});assert.strictEqual(msg.toString(),\"#==============================================#\\n#                                              #\\n#                                              #\\n#           H E L L O   W O R L D              #\\n#                                              #\\n#                                              #\\n#                                              #\\n#==============================================#\\n\")",
                  "err": {},
                  "uuid": "5f5528ce-31ba-4ecb-96eb-6c84526a67a0",
                  "parentUUID": "09620e6e-30fb-4cde-b534-d88afae4bbfe",
                  "isHook": false,
                  "skipped": false
                },
                {
                  "title": "should add another line if text is too long",
                  "fullTitle": "Message write() should add another line if text is too long",
                  "timedOut": false,
                  "duration": 3,
                  "state": "passed",
                  "speed": "fast",
                  "pass": true,
                  "fail": false,
                  "pending": false,
                  "context": null,
                  "code": "const msg=new Message;msg.write(\"Lorem ipsum dolor sit amet, consetetur sadipscing elitr, sed diam nonumy eirmod tempor invidunt\");assert.strictEqual(msg.toString(),\"#==============================================#\\n# L O R E M   I P S U M   D O L O R   S I T    #\\n# A M E T ,   C O N S E T E T U R              #\\n# S A D I P S C I N G   E L I T R ,   S E D    #\\n# D I A M   N O N U M Y   E I R M O D          #\\n# T E M P O R   I N V I D U N T                #\\n#                                              #\\n#==============================================#\\n\")",
                  "err": {},
                  "uuid": "736e4f87-7f2f-415f-9fe2-279fd1f95b58",
                  "parentUUID": "09620e6e-30fb-4cde-b534-d88afae4bbfe",
                  "isHook": false,
                  "skipped": false
                },
                {
                  "title": "should work with words > board length",
                  "fullTitle": "Message write() should work with words > board length",
                  "timedOut": false,
                  "duration": 1,
                  "state": "passed",
                  "speed": "fast",
                  "pass": true,
                  "fail": false,
                  "pending": false,
                  "context": null,
                  "code": "const msg=new Message;msg.write(\"Lorem-ipsum-dolor-sit-amet\");assert.strictEqual(msg.toString(),\"#==============================================#\\n# L O R E M - I P S U M - D O L O R - S I T -  #\\n# A M E T                                      #\\n#                                              #\\n#                                              #\\n#                                              #\\n#                                              #\\n#==============================================#\\n\")",
                  "err": {},
                  "uuid": "7d9d14f9-5448-46f3-acbe-79c5fa2d65c0",
                  "parentUUID": "09620e6e-30fb-4cde-b534-d88afae4bbfe",
                  "isHook": false,
                  "skipped": false
                },
                {
                  "title": "should allow to use NEXT_LINE flag",
                  "fullTitle": "Message write() should allow to use NEXT_LINE flag",
                  "timedOut": false,
                  "duration": 2,
                  "state": "passed",
                  "speed": "fast",
                  "pass": true,
                  "fail": false,
                  "pending": false,
                  "context": null,
                  "code": "const msg=new Message;msg.write(\"13:00\",{position:MessageWritePosition.NEXT_LINE});msg.write(\"Daily\",{indent:true});msg.write(\"\",{position:MessageWritePosition.NEXT_LINE});msg.write(\"18:00\",{position:MessageWritePosition.NEXT_LINE});msg.write(\"Fischst\\xE4bchen, Spinat & Ei\",{indent:true});msg.write(\"\",{position:MessageWritePosition.NEXT_LINE});msg.write(\"20:00\",{position:MessageWritePosition.NEXT_LINE});msg.write(\"Sandm\\xE4nnchen\",{indent:true});assert.strictEqual(msg.toString(),\"#==============================================#\\n# 1 3 : 0 0   D A I L Y                        #\\n#                                              #\\n# 1 8 : 0 0   F I S C H S T A E B C H E N ,    #\\n#             S P I N A T   &   E I            #\\n#                                              #\\n# 2 0 : 0 0   S A N D M A E N N C H E N        #\\n#==============================================#\\n\")",
                  "err": {},
                  "uuid": "2d1ce03f-7c33-4455-90b7-4814be8bd92b",
                  "parentUUID": "09620e6e-30fb-4cde-b534-d88afae4bbfe",
                  "isHook": false,
                  "skipped": false
                },
                {
                  "title": "should support the NO_SPACE_BETWEEN flag",
                  "fullTitle": "Message write() should support the NO_SPACE_BETWEEN flag",
                  "timedOut": false,
                  "duration": 2,
                  "state": "passed",
                  "speed": "fast",
                  "pass": true,
                  "fail": false,
                  "pending": false,
                  "context": null,
                  "code": "const msg=new Message;msg.write(\"Rindfleisch\").write(\"etikettierungs\",{position:MessageWritePosition.NO_SPACE_BETWEEN}).write(\"ueberwachungs\",{position:MessageWritePosition.NO_SPACE_BETWEEN}).write(\"aufgaben\",{position:MessageWritePosition.NO_SPACE_BETWEEN}).write(\"uebertragungs\",{position:MessageWritePosition.NO_SPACE_BETWEEN}).write(\"gesetz\",{position:MessageWritePosition.NO_SPACE_BETWEEN}).write(\"(das)\");assert.strictEqual(msg.toString(),\"#==============================================#\\n# R I N D F L E I S C H                        #\\n# E T I K E T T I E R U N G S                  #\\n# U E B E R W A C H U N G S A U F G A B E N    #\\n# U E B E R T R A G U N G S G E S E T Z        #\\n# ( D A S )                                    #\\n#                                              #\\n#==============================================#\\n\")",
                  "err": {},
                  "uuid": "49f49c59-ee52-4dca-8cc3-13c8ecc8003d",
                  "parentUUID": "09620e6e-30fb-4cde-b534-d88afae4bbfe",
                  "isHook": false,
                  "skipped": false
                },
                {
                  "title": "should support \\n",
                  "fullTitle": "Message write() should support \\n",
                  "timedOut": false,
                  "duration": 2,
                  "state": "passed",
                  "speed": "fast",
                  "pass": true,
                  "fail": false,
                  "pending": false,
                  "context": null,
                  "code": "assert.strictEqual(new Message().write(\"Hello\\nWorld\").toString(),\"#==============================================#\\n# H E L L O                                    #\\n# W O R L D                                    #\\n#                                              #\\n#                                              #\\n#                                              #\\n#                                              #\\n#==============================================#\\n\");assert.strictEqual(new Message().write(\"H\\u2377llo World\",{fallbackChar:0}).toString(),\"#==============================================#\\n# H   L L O   W O R L D                        #\\n#                                              #\\n#                                              #\\n#                                              #\\n#                                              #\\n#                                              #\\n#==============================================#\\n\");assert.strictEqual(new Message().write(\"H\\u2377llo World\",{fallbackChar:null}).toString(),\"#==============================================#\\n# H L L O   W O R L D                          #\\n#                                              #\\n#                                              #\\n#                                              #\\n#                                              #\\n#                                              #\\n#==============================================#\\n\")",
                  "err": {},
                  "uuid": "1e9a9f8c-8fc9-4c07-82ce-af170c05d1f0",
                  "parentUUID": "09620e6e-30fb-4cde-b534-d88afae4bbfe",
                  "isHook": false,
                  "skipped": false
                },
                {
                  "title": "should handle the fallback char",
                  "fullTitle": "Message write() should handle the fallback char",
                  "timedOut": false,
                  "duration": 2,
                  "state": "passed",
                  "speed": "fast",
                  "pass": true,
                  "fail": false,
                  "pending": false,
                  "context": null,
                  "code": "assert.strictEqual(new Message().write(\"H\\u2377llo World\").toString(),\"#==============================================#\\n# H ? L L O   W O R L D                        #\\n#                                              #\\n#                                              #\\n#                                              #\\n#                                              #\\n#                                              #\\n#==============================================#\\n\");assert.strictEqual(new Message().write(\"H\\u2377llo World\",{fallbackChar:0}).toString(),\"#==============================================#\\n# H   L L O   W O R L D                        #\\n#                                              #\\n#                                              #\\n#                                              #\\n#                                              #\\n#                                              #\\n#==============================================#\\n\");assert.strictEqual(new Message().write(\"H\\u2377llo World\",{fallbackChar:null}).toString(),\"#==============================================#\\n# H L L O   W O R L D                          #\\n#                                              #\\n#                                              #\\n#                                              #\\n#                                              #\\n#                                              #\\n#==============================================#\\n\")",
                  "err": {},
                  "uuid": "7fc34278-010a-4455-b6d1-676576019ecb",
                  "parentUUID": "09620e6e-30fb-4cde-b534-d88afae4bbfe",
                  "isHook": false,
                  "skipped": false
                },
                {
                  "title": "should remove unsupported words by default",
                  "fullTitle": "Message write() should remove unsupported words by default",
                  "timedOut": false,
                  "duration": 1,
                  "state": "passed",
                  "speed": "fast",
                  "pass": true,
                  "fail": false,
                  "pending": false,
                  "context": null,
                  "code": "const msg=new Message;msg.write(\"\\u{1F4AA}\\u{1F3FC} Gym\");assert.strictEqual(msg.toString(),\"#==============================================#\\n# G Y M                                        #\\n#                                              #\\n#                                              #\\n#                                              #\\n#                                              #\\n#                                              #\\n#==============================================#\\n\")",
                  "err": {},
                  "uuid": "5bcc4563-0992-47c4-9be5-c24d2790a31f",
                  "parentUUID": "09620e6e-30fb-4cde-b534-d88afae4bbfe",
                  "isHook": false,
                  "skipped": false
                },
                {
                  "title": "should not break if message is way too long",
                  "fullTitle": "Message write() should not break if message is way too long",
                  "timedOut": false,
                  "duration": 5,
                  "state": "passed",
                  "speed": "fast",
                  "pass": true,
                  "fail": false,
                  "pending": false,
                  "context": null,
                  "code": "const msg=new Message;msg.write(\"Lorem ipsum dolor sit amet, consectetur adipisici elit, sed eiusmod tempor incidunt ut labore et dolore magna aliqua.\");msg.write(\"Ut enim ad minim veniam, quis nostrud exercitation ullamco laboris nisi ut aliquid ex ea commodi consequat.\");msg.write(\"Quis aute iure reprehenderit in voluptate velit esse cillum dolore eu fugiat nulla pariatur.\");msg.write(\"Excepteur sint obcaecat cupiditat non proident, sunt in culpa qui officia deserunt mollit anim id est laborum.\");assert.strictEqual(msg.toString(),\"#==============================================#\\n# L O R E M   I P S U M   D O L O R   S I T    #\\n# A M E T ,   C O N S E C T E T U R            #\\n# A D I P I S I C I   E L I T ,   S E D        #\\n# E I U S M O D   T E M P O R I N C I D U N T  #\\n# U T   L A B O R E   E T   D O L O R E        #\\n# M A G N A   A L I Q U A .   U T   E N I M    #\\n#==============================================#\\n\")",
                  "err": {},
                  "uuid": "7e6b11e3-8e18-427b-ac12-e5a2b7410671",
                  "parentUUID": "09620e6e-30fb-4cde-b534-d88afae4bbfe",
                  "isHook": false,
                  "skipped": false
                }
              ],
              "suites": [],
              "passes": [
                "e4e31620-f90d-44a7-aef5-804c3d316f00",
                "5f5528ce-31ba-4ecb-96eb-6c84526a67a0",
                "736e4f87-7f2f-415f-9fe2-279fd1f95b58",
                "7d9d14f9-5448-46f3-acbe-79c5fa2d65c0",
                "2d1ce03f-7c33-4455-90b7-4814be8bd92b",
                "49f49c59-ee52-4dca-8cc3-13c8ecc8003d",
                "1e9a9f8c-8fc9-4c07-82ce-af170c05d1f0",
                "7fc34278-010a-4455-b6d1-676576019ecb",
                "5bcc4563-0992-47c4-9be5-c24d2790a31f",
                "7e6b11e3-8e18-427b-ac12-e5a2b7410671"
              ],
              "failures": [],
              "pending": [],
              "skipped": [],
              "duration": 19,
              "root": false,
              "rootEmpty": false,
              "_timeout": 2000
            },
            {
              "uuid": "1bb80738-56dd-4a6a-9c5e-5da60d066210",
              "title": "table()",
              "fullFile": "/home/runner/work/vestaboard/vestaboard/test/lib/message.ts",
              "file": "/test/lib/message.ts",
              "beforeHooks": [],
              "afterHooks": [],
              "tests": [
                {
                  "title": "should work with a very basic example",
                  "fullTitle": "Message table() should work with a very basic example",
                  "timedOut": false,
                  "duration": 2,
                  "state": "passed",
                  "speed": "fast",
                  "pass": true,
                  "fail": false,
                  "pending": false,
                  "context": null,
                  "code": "const msg=new Message;msg.table([[\"now\",\"Daily\"],[\"13:00\",\"Secret Meeting\"]]);assert.strictEqual(msg.toString(),\"#==============================================#\\n# N O W         D A I L Y                      #\\n#                                              #\\n# 1 3 : 0 0     S E C R E T   M E E T I N G    #\\n#                                              #\\n#                                              #\\n#                                              #\\n#==============================================#\\n\")",
                  "err": {},
                  "uuid": "f0959319-ebdf-409f-913b-a2471c96d012",
                  "parentUUID": "1bb80738-56dd-4a6a-9c5e-5da60d066210",
                  "isHook": false,
                  "skipped": false
                },
                {
                  "title": "should just fill the space available if too full",
                  "fullTitle": "Message table() should just fill the space available if too full",
                  "timedOut": false,
                  "duration": 3,
                  "state": "passed",
                  "speed": "fast",
                  "pass": true,
                  "fail": false,
                  "pending": false,
                  "context": null,
                  "code": "const msg=new Message;msg.table([[\"now\",\"Daily\"],[\"13:00\",\"Super Secret Meeting\"],[\"16:30\",\"Awesome Presentation\"]]);assert.strictEqual(msg.toString(),\"#==============================================#\\n# N O W       D A I L Y                        #\\n#                                              #\\n# 1 3 : 0 0   S U P E R   S E C R E T          #\\n#             M E E T I N G                    #\\n#                                              #\\n# 1 6 : 3 0   A W E S O M E   P R E S E N T -  #\\n#==============================================#\\n\")",
                  "err": {},
                  "uuid": "82104bf6-a63b-48d9-bb96-91fa6b242221",
                  "parentUUID": "1bb80738-56dd-4a6a-9c5e-5da60d066210",
                  "isHook": false,
                  "skipped": false
                },
                {
                  "title": "should pay attention to the cursor",
                  "fullTitle": "Message table() should pay attention to the cursor",
                  "timedOut": false,
                  "duration": 2,
                  "state": "passed",
                  "speed": "fast",
                  "pass": true,
                  "fail": false,
                  "pending": false,
                  "context": null,
                  "code": "const msg=new Message;msg.write(\"Hello World\\n\");msg.table([[\"now\",\"Daily\"],[\"13:00\",\"Secret Meeting\"]]);assert.strictEqual(msg.toString(),\"#==============================================#\\n# H E L L O   W O R L D                        #\\n#                                              #\\n# N O W         D A I L Y                      #\\n#                                              #\\n# 1 3 : 0 0     S E C R E T   M E E T I N G    #\\n#                                              #\\n#==============================================#\\n\")",
                  "err": {},
                  "uuid": "04ecfed7-918f-4666-8a08-a7393caf6bba",
                  "parentUUID": "1bb80738-56dd-4a6a-9c5e-5da60d066210",
                  "isHook": false,
                  "skipped": false
                },
                {
                  "title": "should throw error if rows have different number of columns",
                  "fullTitle": "Message table() should throw error if rows have different number of columns",
                  "timedOut": false,
                  "duration": 0,
                  "state": "passed",
                  "speed": "fast",
                  "pass": true,
                  "fail": false,
                  "pending": false,
                  "context": null,
                  "code": "const msg=new Message;assert.throws(()=>{msg.table([[\"now\",\"Daily\"],[\"13:00\",\"Secret Meeting\",\"\\u{1F7E5}\"]])},/Unable to render table: Row 1 has 3 entries, but first row has 2!/)",
                  "err": {},
                  "uuid": "6efdc2d9-e06d-45f6-a61f-20e95395bf97",
                  "parentUUID": "1bb80738-56dd-4a6a-9c5e-5da60d066210",
                  "isHook": false,
                  "skipped": false
                }
              ],
              "suites": [],
              "passes": [
                "f0959319-ebdf-409f-913b-a2471c96d012",
                "82104bf6-a63b-48d9-bb96-91fa6b242221",
                "04ecfed7-918f-4666-8a08-a7393caf6bba",
                "6efdc2d9-e06d-45f6-a61f-20e95395bf97"
              ],
              "failures": [],
              "pending": [],
              "skipped": [],
              "duration": 7,
              "root": false,
              "rootEmpty": false,
              "_timeout": 2000
            },
            {
              "uuid": "67162142-4f3a-47d9-bc09-6602282f0e95",
              "title": "center()",
              "fullFile": "/home/runner/work/vestaboard/vestaboard/test/lib/message.ts",
              "file": "/test/lib/message.ts",
              "beforeHooks": [],
              "afterHooks": [],
              "tests": [
                {
                  "title": "should work with a single word",
                  "fullTitle": "Message center() should work with a single word",
                  "timedOut": false,
                  "duration": 1,
                  "state": "passed",
                  "speed": "fast",
                  "pass": true,
                  "fail": false,
                  "pending": false,
                  "context": null,
                  "code": "const msg=new Message;msg.write(\"Hello World\");msg.center();assert.strictEqual(msg.toString(),\"#==============================================#\\n#                                              #\\n#                                              #\\n#           H E L L O   W O R L D              #\\n#                                              #\\n#                                              #\\n#                                              #\\n#==============================================#\\n\")",
                  "err": {},
                  "uuid": "bd434f88-7aac-4088-9b36-df1a79c67165",
                  "parentUUID": "67162142-4f3a-47d9-bc09-6602282f0e95",
                  "isHook": false,
                  "skipped": false
                },
                {
                  "title": "should work with a complete filled board",
                  "fullTitle": "Message center() should work with a complete filled board",
                  "timedOut": false,
                  "duration": 1,
                  "state": "passed",
                  "speed": "fast",
                  "pass": true,
                  "fail": false,
                  "pending": false,
                  "context": null,
                  "code": "const msg=new Message;msg.fill(\"\\u{1F7E5}\");msg.center();assert.strictEqual(msg.toString(),\"#==============================================#\\n# \\u{1F7E5}\\u{1F7E5}\\u{1F7E5}\\u{1F7E5}\\u{1F7E5}\\u{1F7E5}\\u{1F7E5}\\u{1F7E5}\\u{1F7E5}\\u{1F7E5}\\u{1F7E5}\\u{1F7E5}\\u{1F7E5}\\u{1F7E5}\\u{1F7E5}\\u{1F7E5}\\u{1F7E5}\\u{1F7E5}\\u{1F7E5}\\u{1F7E5}\\u{1F7E5}\\u{1F7E5} #\\n# \\u{1F7E5}\\u{1F7E5}\\u{1F7E5}\\u{1F7E5}\\u{1F7E5}\\u{1F7E5}\\u{1F7E5}\\u{1F7E5}\\u{1F7E5}\\u{1F7E5}\\u{1F7E5}\\u{1F7E5}\\u{1F7E5}\\u{1F7E5}\\u{1F7E5}\\u{1F7E5}\\u{1F7E5}\\u{1F7E5}\\u{1F7E5}\\u{1F7E5}\\u{1F7E5}\\u{1F7E5} #\\n# \\u{1F7E5}\\u{1F7E5}\\u{1F7E5}\\u{1F7E5}\\u{1F7E5}\\u{1F7E5}\\u{1F7E5}\\u{1F7E5}\\u{1F7E5}\\u{1F7E5}\\u{1F7E5}\\u{1F7E5}\\u{1F7E5}\\u{1F7E5}\\u{1F7E5}\\u{1F7E5}\\u{1F7E5}\\u{1F7E5}\\u{1F7E5}\\u{1F7E5}\\u{1F7E5}\\u{1F7E5} #\\n# \\u{1F7E5}\\u{1F7E5}\\u{1F7E5}\\u{1F7E5}\\u{1F7E5}\\u{1F7E5}\\u{1F7E5}\\u{1F7E5}\\u{1F7E5}\\u{1F7E5}\\u{1F7E5}\\u{1F7E5}\\u{1F7E5}\\u{1F7E5}\\u{1F7E5}\\u{1F7E5}\\u{1F7E5}\\u{1F7E5}\\u{1F7E5}\\u{1F7E5}\\u{1F7E5}\\u{1F7E5} #\\n# \\u{1F7E5}\\u{1F7E5}\\u{1F7E5}\\u{1F7E5}\\u{1F7E5}\\u{1F7E5}\\u{1F7E5}\\u{1F7E5}\\u{1F7E5}\\u{1F7E5}\\u{1F7E5}\\u{1F7E5}\\u{1F7E5}\\u{1F7E5}\\u{1F7E5}\\u{1F7E5}\\u{1F7E5}\\u{1F7E5}\\u{1F7E5}\\u{1F7E5}\\u{1F7E5}\\u{1F7E5} #\\n# \\u{1F7E5}\\u{1F7E5}\\u{1F7E5}\\u{1F7E5}\\u{1F7E5}\\u{1F7E5}\\u{1F7E5}\\u{1F7E5}\\u{1F7E5}\\u{1F7E5}\\u{1F7E5}\\u{1F7E5}\\u{1F7E5}\\u{1F7E5}\\u{1F7E5}\\u{1F7E5}\\u{1F7E5}\\u{1F7E5}\\u{1F7E5}\\u{1F7E5}\\u{1F7E5}\\u{1F7E5} #\\n#==============================================#\\n\")",
                  "err": {},
                  "uuid": "1d8d444e-6c78-4b21-84d6-d9ba51596b6c",
                  "parentUUID": "67162142-4f3a-47d9-bc09-6602282f0e95",
                  "isHook": false,
                  "skipped": false
                },
                {
                  "title": "should also work if word is not top/left aligned",
                  "fullTitle": "Message center() should also work if word is not top/left aligned",
                  "timedOut": false,
                  "duration": 1,
                  "state": "passed",
                  "speed": "fast",
                  "pass": true,
                  "fail": false,
                  "pending": false,
                  "context": null,
                  "code": "const msg=new Message;msg.write(\"Hello World\",{position:{line:5,row:11}});msg.center();assert.strictEqual(msg.toString(),\"#==============================================#\\n#                                              #\\n#                                              #\\n#           H E L L O   W O R L D              #\\n#                                              #\\n#                                              #\\n#                                              #\\n#==============================================#\\n\")",
                  "err": {},
                  "uuid": "31acc761-c741-4e91-b05e-9a75d6bd9ede",
                  "parentUUID": "67162142-4f3a-47d9-bc09-6602282f0e95",
                  "isHook": false,
                  "skipped": false
                }
              ],
              "suites": [],
              "passes": [
                "bd434f88-7aac-4088-9b36-df1a79c67165",
                "1d8d444e-6c78-4b21-84d6-d9ba51596b6c",
                "31acc761-c741-4e91-b05e-9a75d6bd9ede"
              ],
              "failures": [],
              "pending": [],
              "skipped": [],
              "duration": 3,
              "root": false,
              "rootEmpty": false,
              "_timeout": 2000
            }
          ],
          "passes": [],
          "failures": [],
          "pending": [],
          "skipped": [],
          "duration": 0,
          "root": false,
          "rootEmpty": false,
          "_timeout": 2000
        },
        {
          "uuid": "7b18957c-ea01-4ba6-926e-484621a354b8",
          "title": "MultipleBoard",
          "fullFile": "/home/runner/work/vestaboard/vestaboard/test/lib/multiple-boards.ts",
          "file": "/test/lib/multiple-boards.ts",
          "beforeHooks": [],
          "afterHooks": [],
          "tests": [],
          "suites": [
            {
              "uuid": "f0604e45-de1a-4dd0-a96c-d8df96ee5336",
              "title": "postMessage()",
              "fullFile": "/home/runner/work/vestaboard/vestaboard/test/lib/multiple-boards.ts",
              "file": "/test/lib/multiple-boards.ts",
              "beforeHooks": [],
              "afterHooks": [],
              "tests": [
                {
                  "title": "should work (live)",
                  "fullTitle": "MultipleBoard postMessage() should work (live)",
                  "timedOut": false,
                  "duration": 0,
                  "state": "pending",
                  "speed": null,
                  "pass": false,
                  "fail": false,
                  "pending": true,
                  "context": null,
                  "code": "",
                  "err": {},
                  "uuid": "f2d02106-2423-474b-bd3e-5c742c472ab6",
                  "parentUUID": "f0604e45-de1a-4dd0-a96c-d8df96ee5336",
                  "isHook": false,
                  "skipped": false
                }
              ],
              "suites": [],
              "passes": [],
              "failures": [],
              "pending": [
                "f2d02106-2423-474b-bd3e-5c742c472ab6"
              ],
              "skipped": [],
              "duration": 0,
              "root": false,
              "rootEmpty": false,
              "_timeout": 30000
            }
          ],
          "passes": [],
          "failures": [],
          "pending": [],
          "skipped": [],
          "duration": 0,
          "root": false,
          "rootEmpty": false,
          "_timeout": 30000
        },
        {
          "uuid": "7af6b2cf-c1cd-4948-b928-183ed32c40f1",
          "title": "ReadWriteAPI",
          "fullFile": "/home/runner/work/vestaboard/vestaboard/test/lib/read-write-api.ts",
          "file": "/test/lib/read-write-api.ts",
          "beforeHooks": [],
          "afterHooks": [],
          "tests": [],
          "suites": [
            {
              "uuid": "79ef8a7b-4500-4500-baec-6dba49310752",
              "title": "getCurrentMessage()",
              "fullFile": "/home/runner/work/vestaboard/vestaboard/test/lib/read-write-api.ts",
              "file": "/test/lib/read-write-api.ts",
              "beforeHooks": [],
              "afterHooks": [],
              "tests": [
                {
                  "title": "should work (mocked)",
                  "fullTitle": "ReadWriteAPI getCurrentMessage() should work (mocked)",
                  "timedOut": false,
                  "duration": 0,
                  "state": "passed",
                  "speed": "fast",
                  "pass": true,
                  "fail": false,
                  "pending": false,
                  "context": null,
                  "code": "const msg=new Message;msg.fill(\"\\u{1F7E5}\\u{1F7E7}\\u{1F7E8}\\u{1F7E9}\\u{1F7E6}\\u{1F7EA}\");const json={currentMessage:{layout:JSON.stringify(msg.toCharArray())}};const fetch=__name(async(url,options)=>{assert.strictEqual(url,\"https://rw.vestaboard.com/\");assert.deepStrictEqual(options,{headers:{\"X-Vestaboard-Read-Write-Key\":\"3eadf7a8-6602-4bf5-92f4-970d36066958\"},method:\"GET\"});return{json:__name(async()=>json,\"json\"),ok:true,status:200,statusText:\"OK\"}},\"fetch\");const api=new ReadWriteAPI(\"3eadf7a8-6602-4bf5-92f4-970d36066958\",{fetch});const result=await api.getCurrentMessage();assert.deepStrictEqual(result.toCharArray(),msg.toCharArray())",
                  "err": {},
                  "uuid": "f9fc3395-a1af-46ff-9b9c-25578dcb235a",
                  "parentUUID": "79ef8a7b-4500-4500-baec-6dba49310752",
                  "isHook": false,
                  "skipped": false
                },
                {
                  "title": "should work (live)",
                  "fullTitle": "ReadWriteAPI getCurrentMessage() should work (live)",
                  "timedOut": false,
                  "duration": 0,
                  "state": "pending",
                  "speed": null,
                  "pass": false,
                  "fail": false,
                  "pending": true,
                  "context": null,
                  "code": "",
                  "err": {},
                  "uuid": "68f3b9ce-9f46-4ee7-8749-9806b1837b74",
                  "parentUUID": "79ef8a7b-4500-4500-baec-6dba49310752",
                  "isHook": false,
                  "skipped": false
                }
              ],
              "suites": [],
              "passes": [
                "f9fc3395-a1af-46ff-9b9c-25578dcb235a"
              ],
              "failures": [],
              "pending": [
                "68f3b9ce-9f46-4ee7-8749-9806b1837b74"
              ],
              "skipped": [],
              "duration": 0,
              "root": false,
              "rootEmpty": false,
              "_timeout": 30000
            },
            {
              "uuid": "9f38b0b3-f75f-407c-90e3-aac650292b03",
              "title": "postMessage()",
              "fullFile": "/home/runner/work/vestaboard/vestaboard/test/lib/read-write-api.ts",
              "file": "/test/lib/read-write-api.ts",
              "beforeHooks": [],
              "afterHooks": [],
              "tests": [
                {
                  "title": "should work (mocked)",
                  "fullTitle": "ReadWriteAPI postMessage() should work (mocked)",
                  "timedOut": false,
                  "duration": 0,
                  "state": "passed",
                  "speed": "fast",
                  "pass": true,
                  "fail": false,
                  "pending": false,
                  "context": null,
                  "code": "const msg=new Message;msg.fill(\"\\u{1F7E5}\\u{1F7E7}\\u{1F7E8}\\u{1F7E9}\\u{1F7E6}\\u{1F7EA}\");const fetch=__name(async(url,options)=>{assert.strictEqual(url,\"https://rw.vestaboard.com/\");assert.deepStrictEqual(options,{body:JSON.stringify(msg.toCharArray()),headers:{\"Content-Type\":\"application/json\",\"X-Vestaboard-Read-Write-Key\":\"3eadf7a8-6602-4bf5-92f4-970d36066958\"},method:\"POST\"});return{json:__name(async()=>({status:\"ok\"}),\"json\"),ok:true,status:200,statusText:\"OK\"}},\"fetch\");const api=new ReadWriteAPI(\"3eadf7a8-6602-4bf5-92f4-970d36066958\",{fetch});await api.postMessage(msg)",
                  "err": {},
                  "uuid": "74b660a5-a52d-4690-8ed2-8881676ba44c",
                  "parentUUID": "9f38b0b3-f75f-407c-90e3-aac650292b03",
                  "isHook": false,
                  "skipped": false
                },
                {
                  "title": "should work (live)",
                  "fullTitle": "ReadWriteAPI postMessage() should work (live)",
                  "timedOut": false,
                  "duration": 0,
                  "state": "pending",
                  "speed": null,
                  "pass": false,
                  "fail": false,
                  "pending": true,
                  "context": null,
                  "code": "",
                  "err": {},
                  "uuid": "0787df42-49b8-45b3-94e7-bbaee608016e",
                  "parentUUID": "9f38b0b3-f75f-407c-90e3-aac650292b03",
                  "isHook": false,
                  "skipped": false
                }
              ],
              "suites": [],
              "passes": [
                "74b660a5-a52d-4690-8ed2-8881676ba44c"
              ],
              "failures": [],
              "pending": [
                "0787df42-49b8-45b3-94e7-bbaee608016e"
              ],
              "skipped": [],
              "duration": 0,
              "root": false,
              "rootEmpty": false,
              "_timeout": 30000
            }
          ],
          "passes": [],
          "failures": [],
          "pending": [],
          "skipped": [],
          "duration": 0,
          "root": false,
          "rootEmpty": false,
          "_timeout": 30000
        },
        {
          "uuid": "211bc1ac-3f45-454b-821f-6d66e87130d5",
          "title": "SubscriptionAPI",
          "fullFile": "/home/runner/work/vestaboard/vestaboard/test/lib/subscription-api.ts",
          "file": "/test/lib/subscription-api.ts",
          "beforeHooks": [],
          "afterHooks": [],
          "tests": [],
          "suites": [
            {
              "uuid": "b1135029-8a57-4548-9ec2-5274464ef19a",
              "title": "getViewer()",
              "fullFile": "/home/runner/work/vestaboard/vestaboard/test/lib/subscription-api.ts",
              "file": "/test/lib/subscription-api.ts",
              "beforeHooks": [],
              "afterHooks": [],
              "tests": [
                {
                  "title": "should work (mocked)",
                  "fullTitle": "SubscriptionAPI getViewer() should work (mocked)",
                  "timedOut": false,
                  "duration": 1,
                  "state": "passed",
                  "speed": "fast",
                  "pass": true,
                  "fail": false,
                  "pending": false,
                  "context": null,
                  "code": "const msg=new Message;msg.fill(\"\\u{1F7E5}\\u{1F7E7}\\u{1F7E8}\\u{1F7E9}\\u{1F7E6}\\u{1F7EA}\");const json={_created:\"1577829607582\",_id:\"f35032ce-fd2b-4afb-8a24-d71c8085303c\",installation:{_id:\"562038d1-6fdb-4ba5-ae8b-bc9ec882178d\"},type:\"installation\"};const fetch=__name(async(url,options)=>{assert.strictEqual(url,\"https://platform.vestaboard.com/viewer\");assert.deepStrictEqual(options,{headers:{\"X-Vestaboard-Api-Key\":\"3eadf7a8-6602-4bf5-92f4-970d36066958\",\"X-Vestaboard-Api-Secret\":\"******************************\"},method:\"GET\"});return{json:__name(async()=>json,\"json\"),ok:true,status:200,statusText:\"OK\"}},\"fetch\");const api=new SubscriptionAPI(\"3eadf7a8-6602-4bf5-92f4-970d36066958\",\"******************************\",{fetch});const result=await api.getViewer();assert.deepStrictEqual(result,json)",
                  "err": {},
                  "uuid": "53a4125d-7fa9-4f4b-a569-269059a4d483",
                  "parentUUID": "b1135029-8a57-4548-9ec2-5274464ef19a",
                  "isHook": false,
                  "skipped": false
                },
                {
                  "title": "should work (live)",
                  "fullTitle": "SubscriptionAPI getViewer() should work (live)",
                  "timedOut": false,
                  "duration": 0,
                  "state": "pending",
                  "speed": null,
                  "pass": false,
                  "fail": false,
                  "pending": true,
                  "context": null,
                  "code": "",
                  "err": {},
                  "uuid": "50bfd5c0-4169-43e8-ac28-08a387e89cbf",
                  "parentUUID": "b1135029-8a57-4548-9ec2-5274464ef19a",
                  "isHook": false,
                  "skipped": false
                }
              ],
              "suites": [],
              "passes": [
                "53a4125d-7fa9-4f4b-a569-269059a4d483"
              ],
              "failures": [],
              "pending": [
                "50bfd5c0-4169-43e8-ac28-08a387e89cbf"
              ],
              "skipped": [],
              "duration": 1,
              "root": false,
              "rootEmpty": false,
              "_timeout": 30000
            },
            {
              "uuid": "7559c311-30db-43ac-b12c-7e999545bbbe",
              "title": "getSubscription()",
              "fullFile": "/home/runner/work/vestaboard/vestaboard/test/lib/subscription-api.ts",
              "file": "/test/lib/subscription-api.ts",
              "beforeHooks": [],
              "afterHooks": [],
              "tests": [
                {
                  "title": "should work (mocked)",
                  "fullTitle": "SubscriptionAPI getSubscription() should work (mocked)",
                  "timedOut": false,
                  "duration": 0,
                  "state": "passed",
                  "speed": "fast",
                  "pass": true,
                  "fail": false,
                  "pending": false,
                  "context": null,
                  "code": "const json={subscriptions:[{_created:\"1577833654294\",_id:\"bc6412b3-3aa6-4684-8962-cd2876942c0d\",boards:[{_id:\"a1e866f2-e77e-45d8-997a-2e3ebeff4961\"}],installation:{_id:\"fefb8778-9500-4522-b115-29c0dd13c402\",installable:{_id:\"b629d7df-7ecb-4460-b51e-f87fa942f113\"}}}]};const fetch=__name(async(url,options)=>{assert.strictEqual(url,\"https://platform.vestaboard.com/subscriptions\");assert.deepStrictEqual(options,{headers:{\"X-Vestaboard-Api-Key\":\"3eadf7a8-6602-4bf5-92f4-970d36066958\",\"X-Vestaboard-Api-Secret\":\"******************************\"},method:\"GET\"});return{json:__name(async()=>json,\"json\"),ok:true,status:200,statusText:\"OK\"}},\"fetch\");const api=new SubscriptionAPI(\"3eadf7a8-6602-4bf5-92f4-970d36066958\",\"******************************\",{fetch});const result=await api.getSubscriptions();assert.deepStrictEqual(result,json)",
                  "err": {},
                  "uuid": "6f3a26c3-5f95-41f1-8490-7a7088837aa2",
                  "parentUUID": "7559c311-30db-43ac-b12c-7e999545bbbe",
                  "isHook": false,
                  "skipped": false
                },
                {
                  "title": "should work (live)",
                  "fullTitle": "SubscriptionAPI getSubscription() should work (live)",
                  "timedOut": false,
                  "duration": 0,
                  "state": "pending",
                  "speed": null,
                  "pass": false,
                  "fail": false,
                  "pending": true,
                  "context": null,
                  "code": "",
                  "err": {},
                  "uuid": "8870bd97-7e46-4e2a-bb6e-c8dc0fe0a442",
                  "parentUUID": "7559c311-30db-43ac-b12c-7e999545bbbe",
                  "isHook": false,
                  "skipped": false
                }
              ],
              "suites": [],
              "passes": [
                "6f3a26c3-5f95-41f1-8490-7a7088837aa2"
              ],
              "failures": [],
              "pending": [
                "8870bd97-7e46-4e2a-bb6e-c8dc0fe0a442"
              ],
              "skipped": [],
              "duration": 0,
              "root": false,
              "rootEmpty": false,
              "_timeout": 30000
            },
            {
              "uuid": "8aa699ca-b409-48f0-92ad-c6a962d06bf5",
              "title": "postMessage()",
              "fullFile": "/home/runner/work/vestaboard/vestaboard/test/lib/subscription-api.ts",
              "file": "/test/lib/subscription-api.ts",
              "beforeHooks": [],
              "afterHooks": [],
              "tests": [
                {
                  "title": "should work (single mode)",
                  "fullTitle": "SubscriptionAPI postMessage() should work (single mode)",
                  "timedOut": false,
                  "duration": 1,
                  "state": "passed",
                  "speed": "fast",
                  "pass": true,
                  "fail": false,
                  "pending": false,
                  "context": null,
                  "code": "const msg=new Message;msg.fill(\"\\u{1F7E5}\\u{1F7E7}\\u{1F7E8}\\u{1F7E9}\\u{1F7E6}\\u{1F7EA}\");const fetch=__name(async(url,options)=>{assert.strictEqual(url,\"https://platform.vestaboard.com/subscriptions/foo/message\");assert.deepStrictEqual(options,{body:JSON.stringify({characters:msg.toCharArray()}),headers:{\"Content-Type\":\"application/json\",\"X-Vestaboard-Api-Key\":\"3eadf7a8-6602-4bf5-92f4-970d36066958\",\"X-Vestaboard-Api-Secret\":\"******************************\"},method:\"POST\"});return{json:__name(async()=>({message:{created:1,id:\"\"}}),\"json\"),ok:true,status:200,statusText:\"OK\"}},\"fetch\");const api=new SubscriptionAPI(\"3eadf7a8-6602-4bf5-92f4-970d36066958\",\"******************************\",{fetch});const result=await api.postMessage(msg,\"foo\");assert.deepStrictEqual(result,{message:{created:1,id:\"\"}})",
                  "err": {},
                  "uuid": "fe5ed1fc-e437-435b-80d9-86fb7acfaf64",
                  "parentUUID": "8aa699ca-b409-48f0-92ad-c6a962d06bf5",
                  "isHook": false,
                  "skipped": false
                },
                {
                  "title": "should work (multi mode)",
                  "fullTitle": "SubscriptionAPI postMessage() should work (multi mode)",
                  "timedOut": false,
                  "duration": 1,
                  "state": "passed",
                  "speed": "fast",
                  "pass": true,
                  "fail": false,
                  "pending": false,
                  "context": null,
                  "code": "const fetch=__name(async(url,options)=>{const msg=new Message(\"Hello World\");assert.strictEqual(url,\"https://platform.vestaboard.com/subscriptions/foo/message\");assert.deepStrictEqual(options,{body:JSON.stringify({characters:msg.toCharArray()}),headers:{\"Content-Type\":\"application/json\",\"X-Vestaboard-Api-Key\":\"3eadf7a8-6602-4bf5-92f4-970d36066958\",\"X-Vestaboard-Api-Secret\":\"******************************\"},method:\"POST\"});return{json:__name(async()=>({message:{created:1,id:\"\"}}),\"json\"),ok:true,status:200,statusText:\"OK\"}},\"fetch\");const api=new SubscriptionAPI(\"3eadf7a8-6602-4bf5-92f4-970d36066958\",\"******************************\",{fetch});const result=await api.postMessage(\"Hello World\",[\"foo\",\"foo\"]);assert.deepStrictEqual(result,[{message:{created:1,id:\"\"}},{message:{created:1,id:\"\"}}])",
                  "err": {},
                  "uuid": "e181d215-8e65-4938-a8ae-bace59f056fd",
                  "parentUUID": "8aa699ca-b409-48f0-92ad-c6a962d06bf5",
                  "isHook": false,
                  "skipped": false
                },
                {
                  "title": "should work (live)",
                  "fullTitle": "SubscriptionAPI postMessage() should work (live)",
                  "timedOut": false,
                  "duration": 0,
                  "state": "pending",
                  "speed": null,
                  "pass": false,
                  "fail": false,
                  "pending": true,
                  "context": null,
                  "code": "",
                  "err": {},
                  "uuid": "b7c8b9b5-929e-4070-8c71-db3519a64513",
                  "parentUUID": "8aa699ca-b409-48f0-92ad-c6a962d06bf5",
                  "isHook": false,
                  "skipped": false
                }
              ],
              "suites": [],
              "passes": [
                "fe5ed1fc-e437-435b-80d9-86fb7acfaf64",
                "e181d215-8e65-4938-a8ae-bace59f056fd"
              ],
              "failures": [],
              "pending": [
                "b7c8b9b5-929e-4070-8c71-db3519a64513"
              ],
              "skipped": [],
              "duration": 2,
              "root": false,
              "rootEmpty": false,
              "_timeout": 30000
            }
          ],
          "passes": [],
          "failures": [],
          "pending": [],
          "skipped": [],
          "duration": 0,
          "root": false,
          "rootEmpty": false,
          "_timeout": 30000
        },
        {
          "uuid": "03521c4e-d208-4cd2-952d-eafbf336c865",
          "title": "Tools",
          "fullFile": "/home/runner/work/vestaboard/vestaboard/test/lib/tools.ts",
          "file": "/test/lib/tools.ts",
          "beforeHooks": [],
          "afterHooks": [],
          "tests": [],
          "suites": [
            {
              "uuid": "b35e0c68-9900-4818-9cc2-402724560f7b",
              "title": "request",
              "fullFile": "/home/runner/work/vestaboard/vestaboard/test/lib/tools.ts",
              "file": "/test/lib/tools.ts",
              "beforeHooks": [],
              "afterHooks": [],
              "tests": [
                {
                  "title": "should work as intended",
                  "fullTitle": "Tools request should work as intended",
                  "timedOut": false,
                  "duration": 0,
                  "state": "passed",
                  "speed": "fast",
                  "pass": true,
                  "fail": false,
                  "pending": false,
                  "context": null,
                  "code": "const fetch=__name(async(url,options)=>{assert.strictEqual(url,\"https://example.com/test\");assert.deepStrictEqual(options,{headers:{\"X-Test-Header\":\"1337\"},method:\"GET\"});return{json:__name(async()=>({foo:\"bar\"}),\"json\"),ok:true,status:200,statusText:\"OK\"}},\"fetch\");const response=await request(\"https://example.com/test\",{\"X-Test-Header\":\"1337\"},void 0,{fetch});assert.deepStrictEqual(response,{foo:\"bar\"})",
                  "err": {},
                  "uuid": "1da77595-b26b-46aa-a9eb-175c99f22e19",
                  "parentUUID": "b35e0c68-9900-4818-9cc2-402724560f7b",
                  "isHook": false,
                  "skipped": false
                },
                {
                  "title": "should throw error on non 2xx status codes",
                  "fullTitle": "Tools request should throw error on non 2xx status codes",
                  "timedOut": false,
                  "duration": 10012,
                  "state": "passed",
                  "speed": "slow",
                  "pass": true,
                  "fail": false,
                  "pending": false,
                  "context": null,
                  "code": "const fetch=__name(async(url,options)=>{assert.strictEqual(url,\"https://example.com/test\");assert.deepStrictEqual(options,{headers:{\"X-Test-Header\":\"1337\"},method:\"GET\"});return{json:__name(async()=>\"\",\"json\"),ok:false,status:500,statusText:\"ERROR\"}},\"fetch\");await assert.rejects(async()=>{await request(\"https://example.com/test\",{\"X-Test-Header\":\"1337\"},void 0,{fetch})},/HTTP Request failed/)",
                  "err": {},
                  "uuid": "af8cb272-3bae-4e43-b2c0-fac483a0bde0",
                  "parentUUID": "b35e0c68-9900-4818-9cc2-402724560f7b",
                  "isHook": false,
                  "skipped": false
                }
              ],
              "suites": [],
              "passes": [
                "1da77595-b26b-46aa-a9eb-175c99f22e19",
                "af8cb272-3bae-4e43-b2c0-fac483a0bde0"
              ],
              "failures": [],
              "pending": [],
              "skipped": [],
              "duration": 10012,
              "root": false,
              "rootEmpty": false,
              "_timeout": 30000
            }
          ],
          "passes": [],
          "failures": [],
          "pending": [],
          "skipped": [],
          "duration": 0,
          "root": false,
          "rootEmpty": false,
          "_timeout": 30000
        }
      ],
      "passes": [],
      "failures": [],
      "pending": [],
      "skipped": [],
      "duration": 0,
      "root": true,
      "rootEmpty": true,
      "_timeout": 2000
    }
  ],
  "meta": {
    "mocha": {
      "version": "11.5.0"
    },
    "mochawesome": {
      "options": {
        "quiet": false,
        "reportFilename": "mochawesome",
        "saveHtml": true,
        "saveJson": true,
        "consoleReporter": "spec",
        "useInlineDiffs": false,
        "code": true
      },
      "version": "7.1.3"
    },
    "marge": {
      "options": null,
      "version": "6.2.0"
    }
  }
}