{
  "stats": {
    "suites": 24,
    "tests": 58,
    "passes": 50,
    "pending": 8,
    "failures": 0,
    "start": "2025-01-21T14:39:14.594Z",
    "end": "2025-01-21T14:39:24.682Z",
    "duration": 10088,
    "testsRegistered": 58,
    "passPercent": 100,
    "pendingPercent": 13.793103448275861,
    "other": 0,
    "hasOther": false,
    "skipped": 0,
    "hasSkipped": false
  },
  "results": [
    {
      "uuid": "1da1e177-f6f3-4c2d-b71b-ee5abd846fe8",
      "title": "",
      "fullFile": "",
      "file": "",
      "beforeHooks": [],
      "afterHooks": [],
      "tests": [],
      "suites": [
        {
          "uuid": "a253c413-ded2-4472-abf7-07210bf70b1d",
          "title": "LocalAPI",
          "fullFile": "/home/runner/work/vestaboard/vestaboard/test/lib/local-api.ts",
          "file": "/test/lib/local-api.ts",
          "beforeHooks": [],
          "afterHooks": [],
          "tests": [],
          "suites": [
            {
              "uuid": "05df8d4a-1f0b-4564-a36a-d0f26210e74e",
              "title": "getCurrentMessage()",
              "fullFile": "/home/runner/work/vestaboard/vestaboard/test/lib/local-api.ts",
              "file": "/test/lib/local-api.ts",
              "beforeHooks": [],
              "afterHooks": [],
              "tests": [
                {
                  "title": "should work (mocked by device)",
                  "fullTitle": "LocalAPI getCurrentMessage() should work (mocked by device)",
                  "timedOut": false,
                  "duration": 3,
                  "state": "passed",
                  "speed": "fast",
                  "pass": true,
                  "fail": false,
                  "pending": false,
                  "context": null,
                  "code": "const msg=new Message;msg.fill(\"\\u{1F7E5}\\u{1F7E7}\\u{1F7E8}\\u{1F7E9}\\u{1F7E6}\\u{1F7EA}\");const fetch=__name(async(url,options)=>{assert.strictEqual(url,\"http://vestaboard.local:7000/local-api/message\");assert.deepStrictEqual(options,{method:\"GET\",headers:{\"X-Vestaboard-Local-Api-Key\":\"3eadf7a8-6602-4bf5-92f4-970d36066958\"}});return{ok:true,status:200,statusText:\"OK\",json:__name(async()=>({message:msg.toCharArray()}),\"json\")}},\"fetch\");const api=new LocalAPI(\"3eadf7a8-6602-4bf5-92f4-970d36066958\",void 0,{fetch});const result=await api.getCurrentMessage();assert.deepStrictEqual(result.toCharArray(),msg.toCharArray())",
                  "err": {},
                  "uuid": "f84f9d6a-e5fd-462c-9ebd-c571056bf422",
                  "parentUUID": "05df8d4a-1f0b-4564-a36a-d0f26210e74e",
                  "isHook": false,
                  "skipped": false
                },
                {
                  "title": "should work (mocked by docs)",
                  "fullTitle": "LocalAPI getCurrentMessage() should work (mocked by docs)",
                  "timedOut": false,
                  "duration": 1,
                  "state": "passed",
                  "speed": "fast",
                  "pass": true,
                  "fail": false,
                  "pending": false,
                  "context": null,
                  "code": "const msg=new Message;msg.fill(\"\\u{1F7E5}\\u{1F7E7}\\u{1F7E8}\\u{1F7E9}\\u{1F7E6}\\u{1F7EA}\");const fetch=__name(async(url,options)=>{assert.strictEqual(url,\"http://vestaboard.local:7000/local-api/message\");assert.deepStrictEqual(options,{method:\"GET\",headers:{\"X-Vestaboard-Local-Api-Key\":\"3eadf7a8-6602-4bf5-92f4-970d36066958\"}});return{ok:true,status:200,statusText:\"OK\",json:__name(async()=>msg.toCharArray(),\"json\")}},\"fetch\");const api=new LocalAPI(\"3eadf7a8-6602-4bf5-92f4-970d36066958\",void 0,{fetch});const result=await api.getCurrentMessage();assert.deepStrictEqual(result.toCharArray(),msg.toCharArray())",
                  "err": {},
                  "uuid": "a431c8b7-c212-4b93-8c81-c3f8b7bcb9a3",
                  "parentUUID": "05df8d4a-1f0b-4564-a36a-d0f26210e74e",
                  "isHook": false,
                  "skipped": false
                },
                {
                  "title": "should work (live)",
                  "fullTitle": "LocalAPI getCurrentMessage() should work (live)",
                  "timedOut": false,
                  "duration": 0,
                  "state": "pending",
                  "speed": null,
                  "pass": false,
                  "fail": false,
                  "pending": true,
                  "context": null,
                  "code": "",
                  "err": {},
                  "uuid": "f184a8dc-d23f-4c09-84ff-a9ec667116a9",
                  "parentUUID": "05df8d4a-1f0b-4564-a36a-d0f26210e74e",
                  "isHook": false,
                  "skipped": false
                }
              ],
              "suites": [],
              "passes": [
                "f84f9d6a-e5fd-462c-9ebd-c571056bf422",
                "a431c8b7-c212-4b93-8c81-c3f8b7bcb9a3"
              ],
              "failures": [],
              "pending": [
                "f184a8dc-d23f-4c09-84ff-a9ec667116a9"
              ],
              "skipped": [],
              "duration": 4,
              "root": false,
              "rootEmpty": false,
              "_timeout": 30000
            },
            {
              "uuid": "c9ba2471-1b94-463c-be91-09a4e5b82069",
              "title": "postMessage()",
              "fullFile": "/home/runner/work/vestaboard/vestaboard/test/lib/local-api.ts",
              "file": "/test/lib/local-api.ts",
              "beforeHooks": [],
              "afterHooks": [],
              "tests": [
                {
                  "title": "should work (mocked)",
                  "fullTitle": "LocalAPI postMessage() should work (mocked)",
                  "timedOut": false,
                  "duration": 1,
                  "state": "passed",
                  "speed": "fast",
                  "pass": true,
                  "fail": false,
                  "pending": false,
                  "context": null,
                  "code": "const msg=new Message(\"Hello World\");const fetch=__name(async(url,options)=>{assert.strictEqual(url,\"http://vestaboard.local:7000/local-api/message\");assert.deepStrictEqual(options,{method:\"POST\",headers:{\"Content-Type\":\"application/json\",\"X-Vestaboard-Local-Api-Key\":\"3eadf7a8-6602-4bf5-92f4-970d36066958\"},body:JSON.stringify(msg.toCharArray())});return{ok:true,status:201,statusText:\"CREATED\",json:__name(async()=>\"\",\"json\")}},\"fetch\");const api=new LocalAPI(\"3eadf7a8-6602-4bf5-92f4-970d36066958\",void 0,{fetch});await api.postMessage(\"Hello World\")",
                  "err": {},
                  "uuid": "a6bd0c2c-cc49-40e6-aac3-c4fcb5815050",
                  "parentUUID": "c9ba2471-1b94-463c-be91-09a4e5b82069",
                  "isHook": false,
                  "skipped": false
                },
                {
                  "title": "should work (live)",
                  "fullTitle": "LocalAPI postMessage() should work (live)",
                  "timedOut": false,
                  "duration": 0,
                  "state": "pending",
                  "speed": null,
                  "pass": false,
                  "fail": false,
                  "pending": true,
                  "context": null,
                  "code": "",
                  "err": {},
                  "uuid": "f098fc69-69a6-4cb0-9c4b-012235bc6a55",
                  "parentUUID": "c9ba2471-1b94-463c-be91-09a4e5b82069",
                  "isHook": false,
                  "skipped": false
                }
              ],
              "suites": [],
              "passes": [
                "a6bd0c2c-cc49-40e6-aac3-c4fcb5815050"
              ],
              "failures": [],
              "pending": [
                "f098fc69-69a6-4cb0-9c4b-012235bc6a55"
              ],
              "skipped": [],
              "duration": 1,
              "root": false,
              "rootEmpty": false,
              "_timeout": 30000
            }
          ],
          "passes": [],
          "failures": [],
          "pending": [],
          "skipped": [],
          "duration": 0,
          "root": false,
          "rootEmpty": false,
          "_timeout": 30000
        },
        {
          "uuid": "c5285cdc-c0e9-40cc-b090-562b9ca38597",
          "title": "Message",
          "fullFile": "/home/runner/work/vestaboard/vestaboard/test/lib/message.ts",
          "file": "/test/lib/message.ts",
          "beforeHooks": [],
          "afterHooks": [],
          "tests": [],
          "suites": [
            {
              "uuid": "6e45ce0a-bd91-4c08-861b-d4af427f547f",
              "title": "constructor",
              "fullFile": "/home/runner/work/vestaboard/vestaboard/test/lib/message.ts",
              "file": "/test/lib/message.ts",
              "beforeHooks": [],
              "afterHooks": [],
              "tests": [
                {
                  "title": "should center the message given",
                  "fullTitle": "Message constructor should center the message given",
                  "timedOut": false,
                  "duration": 2,
                  "state": "passed",
                  "speed": "fast",
                  "pass": true,
                  "fail": false,
                  "pending": false,
                  "context": null,
                  "code": "assert.strictEqual(new Message(\"Hello World\").toString(),\"#==============================================#\\n#                                              #\\n#                                              #\\n#           H E L L O   W O R L D              #\\n#                                              #\\n#                                              #\\n#                                              #\\n#==============================================#\\n\")",
                  "err": {},
                  "uuid": "de03e88a-7eb7-4c3a-82cb-b5c171c1edb5",
                  "parentUUID": "6e45ce0a-bd91-4c08-861b-d4af427f547f",
                  "isHook": false,
                  "skipped": false
                },
                {
                  "title": "should also support a char array",
                  "fullTitle": "Message constructor should also support a char array",
                  "timedOut": false,
                  "duration": 1,
                  "state": "passed",
                  "speed": "fast",
                  "pass": true,
                  "fail": false,
                  "pending": false,
                  "context": null,
                  "code": "const msg=new Message;msg.fill(\"\\u{1F7E5}\\u{1F7E7}\\u{1F7E8}\\u{1F7E9}\\u{1F7E6}\\u{1F7EA} \");assert.deepStrictEqual(new Message(msg.toCharArray()).toCharArray(),msg.toCharArray())",
                  "err": {},
                  "uuid": "905d4111-c28a-4ad4-a3d6-3257111665fa",
                  "parentUUID": "6e45ce0a-bd91-4c08-861b-d4af427f547f",
                  "isHook": false,
                  "skipped": false
                }
              ],
              "suites": [],
              "passes": [
                "de03e88a-7eb7-4c3a-82cb-b5c171c1edb5",
                "905d4111-c28a-4ad4-a3d6-3257111665fa"
              ],
              "failures": [],
              "pending": [],
              "skipped": [],
              "duration": 3,
              "root": false,
              "rootEmpty": false,
              "_timeout": 2000
            },
            {
              "uuid": "f81fc739-4623-418d-b08a-1e524d57f573",
              "title": "static string2chars()",
              "fullFile": "/home/runner/work/vestaboard/vestaboard/test/lib/message.ts",
              "file": "/test/lib/message.ts",
              "beforeHooks": [],
              "afterHooks": [],
              "tests": [
                {
                  "title": "should work",
                  "fullTitle": "Message static string2chars() should work",
                  "timedOut": false,
                  "duration": 1,
                  "state": "passed",
                  "speed": "fast",
                  "pass": true,
                  "fail": false,
                  "pending": false,
                  "context": null,
                  "code": "assert.deepStrictEqual(Message.string2chars(\"Hello\"),[8,5,12,12,15])",
                  "err": {},
                  "uuid": "66b8a078-b63a-4249-b8bb-f1d15b38923b",
                  "parentUUID": "f81fc739-4623-418d-b08a-1e524d57f573",
                  "isHook": false,
                  "skipped": false
                },
                {
                  "title": "should handle german umlauts",
                  "fullTitle": "Message static string2chars() should handle german umlauts",
                  "timedOut": false,
                  "duration": 0,
                  "state": "passed",
                  "speed": "fast",
                  "pass": true,
                  "fail": false,
                  "pending": false,
                  "context": null,
                  "code": "assert.deepStrictEqual(Message.string2chars(\"K\\xE4se\"),[11,1,5,19,5])",
                  "err": {},
                  "uuid": "72c787bc-8d06-4e7b-92a6-4063b4395cb5",
                  "parentUUID": "f81fc739-4623-418d-b08a-1e524d57f573",
                  "isHook": false,
                  "skipped": false
                },
                {
                  "title": "should handle color emojis",
                  "fullTitle": "Message static string2chars() should handle color emojis",
                  "timedOut": false,
                  "duration": 1,
                  "state": "passed",
                  "speed": "fast",
                  "pass": true,
                  "fail": false,
                  "pending": false,
                  "context": null,
                  "code": "assert.deepStrictEqual(Message.string2chars(\"\\u{1F7E5}\\u{1F7E7}\\u{1F7E8}\\u{1F7E9}\\u{1F7E6}\\u{1F7EA}\\u2B1C\\u2B1B\"),[63,64,65,66,67,68,69,0])",
                  "err": {},
                  "uuid": "6bebb9eb-645d-432d-93d9-856a11b606ea",
                  "parentUUID": "f81fc739-4623-418d-b08a-1e524d57f573",
                  "isHook": false,
                  "skipped": false
                },
                {
                  "title": "should remove special chars",
                  "fullTitle": "Message static string2chars() should remove special chars",
                  "timedOut": false,
                  "duration": 1,
                  "state": "passed",
                  "speed": "fast",
                  "pass": true,
                  "fail": false,
                  "pending": false,
                  "context": null,
                  "code": "assert.deepStrictEqual(Message.string2chars(\"H\\u2377llo\",{fallbackChar:null}),[8,12,12,15]);assert.deepStrictEqual(Message.string2chars(\"H\\u2377llo\"),[8,60,12,12,15])",
                  "err": {},
                  "uuid": "b6f62f9c-7f2b-4d44-aff9-0b9edf1dfb76",
                  "parentUUID": "f81fc739-4623-418d-b08a-1e524d57f573",
                  "isHook": false,
                  "skipped": false
                },
                {
                  "title": "should work with all charts defined in CHAR_MAP",
                  "fullTitle": "Message static string2chars() should work with all charts defined in CHAR_MAP",
                  "timedOut": false,
                  "duration": 7,
                  "state": "passed",
                  "speed": "fast",
                  "pass": true,
                  "fail": false,
                  "pending": false,
                  "context": null,
                  "code": "let text=\"\";const result=[];CHAR_MAP.forEach(([str,chars])=>{const actual=Message.string2chars(str,{removeUnsupportedWords:false});const expected=chars.length!==1||chars[0]!==-2?chars:[0];assert.deepStrictEqual(actual,expected,`Unable to process char \"${str}\": string2chars returned ${JSON.stringify(actual)}, but expected result was ${JSON.stringify(expected)}`);text+=str;result.push(...expected)});assert.deepStrictEqual(Message.string2chars(text,{removeUnsupportedWords:false}),result)",
                  "err": {},
                  "uuid": "9f75ccf6-cd03-41a3-aaa8-90c1edc39961",
                  "parentUUID": "f81fc739-4623-418d-b08a-1e524d57f573",
                  "isHook": false,
                  "skipped": false
                }
              ],
              "suites": [],
              "passes": [
                "66b8a078-b63a-4249-b8bb-f1d15b38923b",
                "72c787bc-8d06-4e7b-92a6-4063b4395cb5",
                "6bebb9eb-645d-432d-93d9-856a11b606ea",
                "b6f62f9c-7f2b-4d44-aff9-0b9edf1dfb76",
                "9f75ccf6-cd03-41a3-aaa8-90c1edc39961"
              ],
              "failures": [],
              "pending": [],
              "skipped": [],
              "duration": 10,
              "root": false,
              "rootEmpty": false,
              "_timeout": 2000
            },
            {
              "uuid": "b725a4ed-7ce7-4fb3-b54d-a937272fcdb8",
              "title": "static splitCharsIntoLines()",
              "fullFile": "/home/runner/work/vestaboard/vestaboard/test/lib/message.ts",
              "file": "/test/lib/message.ts",
              "beforeHooks": [],
              "afterHooks": [],
              "tests": [
                {
                  "title": "should split words by whitespace",
                  "fullTitle": "Message static splitCharsIntoLines() should split words by whitespace",
                  "timedOut": false,
                  "duration": 0,
                  "state": "passed",
                  "speed": "fast",
                  "pass": true,
                  "fail": false,
                  "pending": false,
                  "context": null,
                  "code": "const chars=Message.string2chars(\"Hello World\");assert.deepEqual(Message.splitCharsIntoLines(chars,[22,22]),[[8,5,12,12,15,0,23,15,18,12,4]]);assert.deepEqual(Message.splitCharsIntoLines(chars,[8,8]),[[8,5,12,12,15],[23,15,18,12,4]])",
                  "err": {},
                  "uuid": "e4ad341a-2ecd-4357-9d2c-1957c6e724c9",
                  "parentUUID": "b725a4ed-7ce7-4fb3-b54d-a937272fcdb8",
                  "isHook": false,
                  "skipped": false
                },
                {
                  "title": "should split words by dash",
                  "fullTitle": "Message static splitCharsIntoLines() should split words by dash",
                  "timedOut": false,
                  "duration": 1,
                  "state": "passed",
                  "speed": "fast",
                  "pass": true,
                  "fail": false,
                  "pending": false,
                  "context": null,
                  "code": "const chars=Message.string2chars(\"Hello-World\");assert.deepEqual(Message.splitCharsIntoLines(chars,[22,22]),[[8,5,12,12,15,44,23,15,18,12,4]]);assert.deepEqual(Message.splitCharsIntoLines(chars,[8,8]),[[8,5,12,12,15,44],[23,15,18,12,4]])",
                  "err": {},
                  "uuid": "699546a6-32cc-495c-ac59-482d37b3486c",
                  "parentUUID": "b725a4ed-7ce7-4fb3-b54d-a937272fcdb8",
                  "isHook": false,
                  "skipped": false
                },
                {
                  "title": "should auto-split very long words",
                  "fullTitle": "Message static splitCharsIntoLines() should auto-split very long words",
                  "timedOut": false,
                  "duration": 1,
                  "state": "passed",
                  "speed": "fast",
                  "pass": true,
                  "fail": false,
                  "pending": false,
                  "context": null,
                  "code": "const chars=Message.string2chars(\"Rindfleischetikettierungsueberwachungsaufgabenuebertragungsgesetz\");assert.deepEqual(Message.splitCharsIntoLines(chars,[22,22]),[[18,9,14,4,6,12,5,9,19,3,8,5,20,9,11,5,20,20,9,5,18,44],[21,14,7,19,21,5,2,5,18,23,1,3,8,21,14,7,19,1,21,6,7,44],[1,2,5,14,21,5,2,5,18,20,18,1,7,21,14,7,19,7,5,19,5,44],[20,26]])",
                  "err": {},
                  "uuid": "c67f063a-f4b1-4b76-9b5e-00f4eea79862",
                  "parentUUID": "b725a4ed-7ce7-4fb3-b54d-a937272fcdb8",
                  "isHook": false,
                  "skipped": false
                }
              ],
              "suites": [],
              "passes": [
                "e4ad341a-2ecd-4357-9d2c-1957c6e724c9",
                "699546a6-32cc-495c-ac59-482d37b3486c",
                "c67f063a-f4b1-4b76-9b5e-00f4eea79862"
              ],
              "failures": [],
              "pending": [],
              "skipped": [],
              "duration": 2,
              "root": false,
              "rootEmpty": false,
              "_timeout": 2000
            },
            {
              "uuid": "8d11101c-89c8-4907-a67b-37a1196fef2e",
              "title": "static removeEmojisFromChars()",
              "fullFile": "/home/runner/work/vestaboard/vestaboard/test/lib/message.ts",
              "file": "/test/lib/message.ts",
              "beforeHooks": [],
              "afterHooks": [],
              "tests": [
                {
                  "title": "should not trim texts without emoji words",
                  "fullTitle": "Message static removeEmojisFromChars() should not trim texts without emoji words",
                  "timedOut": false,
                  "duration": 1,
                  "state": "passed",
                  "speed": "fast",
                  "pass": true,
                  "fail": false,
                  "pending": false,
                  "context": null,
                  "code": "assert.deepStrictEqual(Message.string2chars(\"Hello World\"),[8,5,12,12,15,0,23,15,18,12,4])",
                  "err": {},
                  "uuid": "e70a82b6-3145-451e-8ae9-2507b09c4999",
                  "parentUUID": "8d11101c-89c8-4907-a67b-37a1196fef2e",
                  "isHook": false,
                  "skipped": false
                },
                {
                  "title": "should trim emoji prefixes",
                  "fullTitle": "Message static removeEmojisFromChars() should trim emoji prefixes",
                  "timedOut": false,
                  "duration": 0,
                  "state": "passed",
                  "speed": "fast",
                  "pass": true,
                  "fail": false,
                  "pending": false,
                  "context": null,
                  "code": "assert.deepStrictEqual(Message.removeEmojisFromChars(Message.string2chars(\"\\u{1F44B}\\u{1F3FC}Hello\")),[8,5,12,12,15]);assert.deepStrictEqual(Message.removeEmojisFromChars(Message.string2chars(\"\\u{1F44B}\\u{1F3FC} Hello\")),[8,5,12,12,15])",
                  "err": {},
                  "uuid": "5f11f86e-e76e-4102-a6c0-9114b2a2e100",
                  "parentUUID": "8d11101c-89c8-4907-a67b-37a1196fef2e",
                  "isHook": false,
                  "skipped": false
                },
                {
                  "title": "should trim emoji postfixes",
                  "fullTitle": "Message static removeEmojisFromChars() should trim emoji postfixes",
                  "timedOut": false,
                  "duration": 1,
                  "state": "passed",
                  "speed": "fast",
                  "pass": true,
                  "fail": false,
                  "pending": false,
                  "context": null,
                  "code": "assert.deepStrictEqual(Message.removeEmojisFromChars(Message.string2chars(\"Hello\\u{1F44B}\\u{1F3FC}\")),[8,5,12,12,15]);assert.deepStrictEqual(Message.removeEmojisFromChars(Message.string2chars(\"Hello \\u{1F44B}\\u{1F3FC}\")),[8,5,12,12,15])",
                  "err": {},
                  "uuid": "af9acc3f-01f3-4ef7-a02f-3214edb3a6e0",
                  "parentUUID": "8d11101c-89c8-4907-a67b-37a1196fef2e",
                  "isHook": false,
                  "skipped": false
                },
                {
                  "title": "should trim emoji words",
                  "fullTitle": "Message static removeEmojisFromChars() should trim emoji words",
                  "timedOut": false,
                  "duration": 1,
                  "state": "passed",
                  "speed": "fast",
                  "pass": true,
                  "fail": false,
                  "pending": false,
                  "context": null,
                  "code": "assert.deepStrictEqual(Message.removeEmojisFromChars(Message.string2chars(\"Hello \\u{1F44B}\\u{1F3FC}\\u{1F44B}\\u{1F3FC} World\")),[8,5,12,12,15,0,23,15,18,12,4])",
                  "err": {},
                  "uuid": "4206b0a0-37fa-4f20-9a37-7ca9d9c4129e",
                  "parentUUID": "8d11101c-89c8-4907-a67b-37a1196fef2e",
                  "isHook": false,
                  "skipped": false
                }
              ],
              "suites": [],
              "passes": [
                "e70a82b6-3145-451e-8ae9-2507b09c4999",
                "5f11f86e-e76e-4102-a6c0-9114b2a2e100",
                "af9acc3f-01f3-4ef7-a02f-3214edb3a6e0",
                "4206b0a0-37fa-4f20-9a37-7ca9d9c4129e"
              ],
              "failures": [],
              "pending": [],
              "skipped": [],
              "duration": 3,
              "root": false,
              "rootEmpty": false,
              "_timeout": 2000
            },
            {
              "uuid": "5f4774ba-e6c2-4b15-a630-c698248ad71e",
              "title": "static getColumnSizesFromData()",
              "fullFile": "/home/runner/work/vestaboard/vestaboard/test/lib/message.ts",
              "file": "/test/lib/message.ts",
              "beforeHooks": [],
              "afterHooks": [],
              "tests": [
                {
                  "title": "should work with a very basic example",
                  "fullTitle": "Message static getColumnSizesFromData() should work with a very basic example",
                  "timedOut": false,
                  "duration": 1,
                  "state": "passed",
                  "speed": "fast",
                  "pass": true,
                  "fail": false,
                  "pending": false,
                  "context": null,
                  "code": "assert.deepStrictEqual(Message.getColumnSizesFromData([[\"now\",\"Daily\"],[\"13:00\",\"Secret Meeting\"]]),[6,15])",
                  "err": {},
                  "uuid": "46f60e28-e525-4298-98eb-2839db6e949d",
                  "parentUUID": "5f4774ba-e6c2-4b15-a630-c698248ad71e",
                  "isHook": false,
                  "skipped": false
                },
                {
                  "title": "should work without data",
                  "fullTitle": "Message static getColumnSizesFromData() should work without data",
                  "timedOut": false,
                  "duration": 0,
                  "state": "passed",
                  "speed": "fast",
                  "pass": true,
                  "fail": false,
                  "pending": false,
                  "context": null,
                  "code": "assert.deepStrictEqual(Message.getColumnSizesFromData([]),[])",
                  "err": {},
                  "uuid": "4165768d-1f8c-4e65-a12b-ad080b96d169",
                  "parentUUID": "5f4774ba-e6c2-4b15-a630-c698248ad71e",
                  "isHook": false,
                  "skipped": false
                },
                {
                  "title": "should work with only one column",
                  "fullTitle": "Message static getColumnSizesFromData() should work with only one column",
                  "timedOut": false,
                  "duration": 1,
                  "state": "passed",
                  "speed": "fast",
                  "pass": true,
                  "fail": false,
                  "pending": false,
                  "context": null,
                  "code": "assert.deepStrictEqual(Message.getColumnSizesFromData([[\"Daily\"],[\"Secret Meeting\"]]),[22])",
                  "err": {},
                  "uuid": "1e06e255-9ab4-438a-bef4-a39c5407420c",
                  "parentUUID": "5f4774ba-e6c2-4b15-a630-c698248ad71e",
                  "isHook": false,
                  "skipped": false
                },
                {
                  "title": "should work if length is not enough",
                  "fullTitle": "Message static getColumnSizesFromData() should work if length is not enough",
                  "timedOut": false,
                  "duration": 0,
                  "state": "passed",
                  "speed": "fast",
                  "pass": true,
                  "fail": false,
                  "pending": false,
                  "context": null,
                  "code": "assert.deepStrictEqual(Message.getColumnSizesFromData([[\"now\",\"Daily\"],[\"13:00\",\"Super Secret Meeting\"]]),[5,16])",
                  "err": {},
                  "uuid": "72c29e08-ef13-4d8f-a990-505c4d661bb5",
                  "parentUUID": "5f4774ba-e6c2-4b15-a630-c698248ad71e",
                  "isHook": false,
                  "skipped": false
                },
                {
                  "title": "should throw error if rows have different number of columns",
                  "fullTitle": "Message static getColumnSizesFromData() should throw error if rows have different number of columns",
                  "timedOut": false,
                  "duration": 0,
                  "state": "passed",
                  "speed": "fast",
                  "pass": true,
                  "fail": false,
                  "pending": false,
                  "context": null,
                  "code": "assert.throws(()=>{new Message().table([[\"now\",\"Daily\"],[\"13:00\",\"Secret Meeting\",\"\\u{1F7E5}\"]])},/Unable to render table: Row 1 has 3 entries, but first row has 2!/)",
                  "err": {},
                  "uuid": "7475953d-0ae1-48cc-99b0-61cd9498012c",
                  "parentUUID": "5f4774ba-e6c2-4b15-a630-c698248ad71e",
                  "isHook": false,
                  "skipped": false
                }
              ],
              "suites": [],
              "passes": [
                "46f60e28-e525-4298-98eb-2839db6e949d",
                "4165768d-1f8c-4e65-a12b-ad080b96d169",
                "1e06e255-9ab4-438a-bef4-a39c5407420c",
                "72c29e08-ef13-4d8f-a990-505c4d661bb5",
                "7475953d-0ae1-48cc-99b0-61cd9498012c"
              ],
              "failures": [],
              "pending": [],
              "skipped": [],
              "duration": 2,
              "root": false,
              "rootEmpty": false,
              "_timeout": 2000
            },
            {
              "uuid": "72c22592-881f-4bf8-8618-5f6f7ecbb1a3",
              "title": "fill()",
              "fullFile": "/home/runner/work/vestaboard/vestaboard/test/lib/message.ts",
              "file": "/test/lib/message.ts",
              "beforeHooks": [],
              "afterHooks": [],
              "tests": [
                {
                  "title": "should work with default",
                  "fullTitle": "Message fill() should work with default",
                  "timedOut": false,
                  "duration": 1,
                  "state": "passed",
                  "speed": "fast",
                  "pass": true,
                  "fail": false,
                  "pending": false,
                  "context": null,
                  "code": "const msg=new Message;msg.write(\"Hello World\");msg.fill();assert.strictEqual(msg.toString(),\"#==============================================#\\n#                                              #\\n#                                              #\\n#                                              #\\n#                                              #\\n#                                              #\\n#                                              #\\n#==============================================#\\n\")",
                  "err": {},
                  "uuid": "5b560773-cab6-4ed8-a29e-4cfdbf5f4652",
                  "parentUUID": "72c22592-881f-4bf8-8618-5f6f7ecbb1a3",
                  "isHook": false,
                  "skipped": false
                },
                {
                  "title": "should work with single chars",
                  "fullTitle": "Message fill() should work with single chars",
                  "timedOut": false,
                  "duration": 2,
                  "state": "passed",
                  "speed": "fast",
                  "pass": true,
                  "fail": false,
                  "pending": false,
                  "context": null,
                  "code": "const msg=new Message;msg.fill(\"\\u{1F7E5}\");assert.strictEqual(msg.toString(),\"#==============================================#\\n# \\u{1F7E5}\\u{1F7E5}\\u{1F7E5}\\u{1F7E5}\\u{1F7E5}\\u{1F7E5}\\u{1F7E5}\\u{1F7E5}\\u{1F7E5}\\u{1F7E5}\\u{1F7E5}\\u{1F7E5}\\u{1F7E5}\\u{1F7E5}\\u{1F7E5}\\u{1F7E5}\\u{1F7E5}\\u{1F7E5}\\u{1F7E5}\\u{1F7E5}\\u{1F7E5}\\u{1F7E5} #\\n# \\u{1F7E5}\\u{1F7E5}\\u{1F7E5}\\u{1F7E5}\\u{1F7E5}\\u{1F7E5}\\u{1F7E5}\\u{1F7E5}\\u{1F7E5}\\u{1F7E5}\\u{1F7E5}\\u{1F7E5}\\u{1F7E5}\\u{1F7E5}\\u{1F7E5}\\u{1F7E5}\\u{1F7E5}\\u{1F7E5}\\u{1F7E5}\\u{1F7E5}\\u{1F7E5}\\u{1F7E5} #\\n# \\u{1F7E5}\\u{1F7E5}\\u{1F7E5}\\u{1F7E5}\\u{1F7E5}\\u{1F7E5}\\u{1F7E5}\\u{1F7E5}\\u{1F7E5}\\u{1F7E5}\\u{1F7E5}\\u{1F7E5}\\u{1F7E5}\\u{1F7E5}\\u{1F7E5}\\u{1F7E5}\\u{1F7E5}\\u{1F7E5}\\u{1F7E5}\\u{1F7E5}\\u{1F7E5}\\u{1F7E5} #\\n# \\u{1F7E5}\\u{1F7E5}\\u{1F7E5}\\u{1F7E5}\\u{1F7E5}\\u{1F7E5}\\u{1F7E5}\\u{1F7E5}\\u{1F7E5}\\u{1F7E5}\\u{1F7E5}\\u{1F7E5}\\u{1F7E5}\\u{1F7E5}\\u{1F7E5}\\u{1F7E5}\\u{1F7E5}\\u{1F7E5}\\u{1F7E5}\\u{1F7E5}\\u{1F7E5}\\u{1F7E5} #\\n# \\u{1F7E5}\\u{1F7E5}\\u{1F7E5}\\u{1F7E5}\\u{1F7E5}\\u{1F7E5}\\u{1F7E5}\\u{1F7E5}\\u{1F7E5}\\u{1F7E5}\\u{1F7E5}\\u{1F7E5}\\u{1F7E5}\\u{1F7E5}\\u{1F7E5}\\u{1F7E5}\\u{1F7E5}\\u{1F7E5}\\u{1F7E5}\\u{1F7E5}\\u{1F7E5}\\u{1F7E5} #\\n# \\u{1F7E5}\\u{1F7E5}\\u{1F7E5}\\u{1F7E5}\\u{1F7E5}\\u{1F7E5}\\u{1F7E5}\\u{1F7E5}\\u{1F7E5}\\u{1F7E5}\\u{1F7E5}\\u{1F7E5}\\u{1F7E5}\\u{1F7E5}\\u{1F7E5}\\u{1F7E5}\\u{1F7E5}\\u{1F7E5}\\u{1F7E5}\\u{1F7E5}\\u{1F7E5}\\u{1F7E5} #\\n#==============================================#\\n\")",
                  "err": {},
                  "uuid": "4806d182-558d-476c-80bc-a9c5082b3a7f",
                  "parentUUID": "72c22592-881f-4bf8-8618-5f6f7ecbb1a3",
                  "isHook": false,
                  "skipped": false
                },
                {
                  "title": "should work with multiple chars",
                  "fullTitle": "Message fill() should work with multiple chars",
                  "timedOut": false,
                  "duration": 1,
                  "state": "passed",
                  "speed": "fast",
                  "pass": true,
                  "fail": false,
                  "pending": false,
                  "context": null,
                  "code": "const msg=new Message;msg.fill(\"\\u{1F7E5}\\u{1F7E7}\\u{1F7E8}\\u{1F7E9}\\u{1F7E6}\\u{1F7EA}\");assert.strictEqual(msg.toString(),\"#==============================================#\\n# \\u{1F7E5}\\u{1F7E7}\\u{1F7E8}\\u{1F7E9}\\u{1F7E6}\\u{1F7EA}\\u{1F7E5}\\u{1F7E7}\\u{1F7E8}\\u{1F7E9}\\u{1F7E6}\\u{1F7EA}\\u{1F7E5}\\u{1F7E7}\\u{1F7E8}\\u{1F7E9}\\u{1F7E6}\\u{1F7EA}\\u{1F7E5}\\u{1F7E7}\\u{1F7E8}\\u{1F7E9} #\\n# \\u{1F7E6}\\u{1F7EA}\\u{1F7E5}\\u{1F7E7}\\u{1F7E8}\\u{1F7E9}\\u{1F7E6}\\u{1F7EA}\\u{1F7E5}\\u{1F7E7}\\u{1F7E8}\\u{1F7E9}\\u{1F7E6}\\u{1F7EA}\\u{1F7E5}\\u{1F7E7}\\u{1F7E8}\\u{1F7E9}\\u{1F7E6}\\u{1F7EA}\\u{1F7E5}\\u{1F7E7} #\\n# \\u{1F7E8}\\u{1F7E9}\\u{1F7E6}\\u{1F7EA}\\u{1F7E5}\\u{1F7E7}\\u{1F7E8}\\u{1F7E9}\\u{1F7E6}\\u{1F7EA}\\u{1F7E5}\\u{1F7E7}\\u{1F7E8}\\u{1F7E9}\\u{1F7E6}\\u{1F7EA}\\u{1F7E5}\\u{1F7E7}\\u{1F7E8}\\u{1F7E9}\\u{1F7E6}\\u{1F7EA} #\\n# \\u{1F7E5}\\u{1F7E7}\\u{1F7E8}\\u{1F7E9}\\u{1F7E6}\\u{1F7EA}\\u{1F7E5}\\u{1F7E7}\\u{1F7E8}\\u{1F7E9}\\u{1F7E6}\\u{1F7EA}\\u{1F7E5}\\u{1F7E7}\\u{1F7E8}\\u{1F7E9}\\u{1F7E6}\\u{1F7EA}\\u{1F7E5}\\u{1F7E7}\\u{1F7E8}\\u{1F7E9} #\\n# \\u{1F7E6}\\u{1F7EA}\\u{1F7E5}\\u{1F7E7}\\u{1F7E8}\\u{1F7E9}\\u{1F7E6}\\u{1F7EA}\\u{1F7E5}\\u{1F7E7}\\u{1F7E8}\\u{1F7E9}\\u{1F7E6}\\u{1F7EA}\\u{1F7E5}\\u{1F7E7}\\u{1F7E8}\\u{1F7E9}\\u{1F7E6}\\u{1F7EA}\\u{1F7E5}\\u{1F7E7} #\\n# \\u{1F7E8}\\u{1F7E9}\\u{1F7E6}\\u{1F7EA}\\u{1F7E5}\\u{1F7E7}\\u{1F7E8}\\u{1F7E9}\\u{1F7E6}\\u{1F7EA}\\u{1F7E5}\\u{1F7E7}\\u{1F7E8}\\u{1F7E9}\\u{1F7E6}\\u{1F7EA}\\u{1F7E5}\\u{1F7E7}\\u{1F7E8}\\u{1F7E9}\\u{1F7E6}\\u{1F7EA} #\\n#==============================================#\\n\")",
                  "err": {},
                  "uuid": "472c238d-0b3a-4f52-832d-351571e80435",
                  "parentUUID": "72c22592-881f-4bf8-8618-5f6f7ecbb1a3",
                  "isHook": false,
                  "skipped": false
                }
              ],
              "suites": [],
              "passes": [
                "5b560773-cab6-4ed8-a29e-4cfdbf5f4652",
                "4806d182-558d-476c-80bc-a9c5082b3a7f",
                "472c238d-0b3a-4f52-832d-351571e80435"
              ],
              "failures": [],
              "pending": [],
              "skipped": [],
              "duration": 4,
              "root": false,
              "rootEmpty": false,
              "_timeout": 2000
            },
            {
              "uuid": "efd73de1-660c-4f00-b6dc-ffa447128396",
              "title": "write()",
              "fullFile": "/home/runner/work/vestaboard/vestaboard/test/lib/message.ts",
              "file": "/test/lib/message.ts",
              "beforeHooks": [],
              "afterHooks": [],
              "tests": [
                {
                  "title": "should start writing from top/left",
                  "fullTitle": "Message write() should start writing from top/left",
                  "timedOut": false,
                  "duration": 1,
                  "state": "passed",
                  "speed": "fast",
                  "pass": true,
                  "fail": false,
                  "pending": false,
                  "context": null,
                  "code": "const msg=new Message;msg.write(\"Hello World\");assert.strictEqual(msg.toString(),\"#==============================================#\\n# H E L L O   W O R L D                        #\\n#                                              #\\n#                                              #\\n#                                              #\\n#                                              #\\n#                                              #\\n#==============================================#\\n\")",
                  "err": {},
                  "uuid": "e0996d20-ca96-4fa4-a910-aeedeb50562a",
                  "parentUUID": "efd73de1-660c-4f00-b6dc-ffa447128396",
                  "isHook": false,
                  "skipped": false
                },
                {
                  "title": "should accept line & row for positioning",
                  "fullTitle": "Message write() should accept line & row for positioning",
                  "timedOut": false,
                  "duration": 1,
                  "state": "passed",
                  "speed": "fast",
                  "pass": true,
                  "fail": false,
                  "pending": false,
                  "context": null,
                  "code": "const msg=new Message;msg.write(\"Hello World\",{position:{line:2,row:5}});assert.strictEqual(msg.toString(),\"#==============================================#\\n#                                              #\\n#                                              #\\n#           H E L L O   W O R L D              #\\n#                                              #\\n#                                              #\\n#                                              #\\n#==============================================#\\n\")",
                  "err": {},
                  "uuid": "520851f1-fd99-4148-9988-a5d3c3e395af",
                  "parentUUID": "efd73de1-660c-4f00-b6dc-ffa447128396",
                  "isHook": false,
                  "skipped": false
                },
                {
                  "title": "should add another line if text is too long",
                  "fullTitle": "Message write() should add another line if text is too long",
                  "timedOut": false,
                  "duration": 2,
                  "state": "passed",
                  "speed": "fast",
                  "pass": true,
                  "fail": false,
                  "pending": false,
                  "context": null,
                  "code": "const msg=new Message;msg.write(\"Lorem ipsum dolor sit amet, consetetur sadipscing elitr, sed diam nonumy eirmod tempor invidunt\");assert.strictEqual(msg.toString(),\"#==============================================#\\n# L O R E M   I P S U M   D O L O R   S I T    #\\n# A M E T ,   C O N S E T E T U R              #\\n# S A D I P S C I N G   E L I T R ,   S E D    #\\n# D I A M   N O N U M Y   E I R M O D          #\\n# T E M P O R   I N V I D U N T                #\\n#                                              #\\n#==============================================#\\n\")",
                  "err": {},
                  "uuid": "11205029-36f7-46e6-a6fc-f4e4bdc56b94",
                  "parentUUID": "efd73de1-660c-4f00-b6dc-ffa447128396",
                  "isHook": false,
                  "skipped": false
                },
                {
                  "title": "should work with words > board length",
                  "fullTitle": "Message write() should work with words > board length",
                  "timedOut": false,
                  "duration": 2,
                  "state": "passed",
                  "speed": "fast",
                  "pass": true,
                  "fail": false,
                  "pending": false,
                  "context": null,
                  "code": "const msg=new Message;msg.write(\"Lorem-ipsum-dolor-sit-amet\");assert.strictEqual(msg.toString(),\"#==============================================#\\n# L O R E M - I P S U M - D O L O R - S I T -  #\\n# A M E T                                      #\\n#                                              #\\n#                                              #\\n#                                              #\\n#                                              #\\n#==============================================#\\n\")",
                  "err": {},
                  "uuid": "446288d4-513f-4f14-a655-db5234de0c4b",
                  "parentUUID": "efd73de1-660c-4f00-b6dc-ffa447128396",
                  "isHook": false,
                  "skipped": false
                },
                {
                  "title": "should allow to use NEXT_LINE flag",
                  "fullTitle": "Message write() should allow to use NEXT_LINE flag",
                  "timedOut": false,
                  "duration": 2,
                  "state": "passed",
                  "speed": "fast",
                  "pass": true,
                  "fail": false,
                  "pending": false,
                  "context": null,
                  "code": "const msg=new Message;msg.write(\"13:00\",{position:MessageWritePosition.NEXT_LINE});msg.write(\"Daily\",{indent:true});msg.write(\"\",{position:MessageWritePosition.NEXT_LINE});msg.write(\"18:00\",{position:MessageWritePosition.NEXT_LINE});msg.write(\"Fischst\\xE4bchen, Spinat & Ei\",{indent:true});msg.write(\"\",{position:MessageWritePosition.NEXT_LINE});msg.write(\"20:00\",{position:MessageWritePosition.NEXT_LINE});msg.write(\"Sandm\\xE4nnchen\",{indent:true});assert.strictEqual(msg.toString(),\"#==============================================#\\n# 1 3 : 0 0   D A I L Y                        #\\n#                                              #\\n# 1 8 : 0 0   F I S C H S T A E B C H E N ,    #\\n#             S P I N A T   &   E I            #\\n#                                              #\\n# 2 0 : 0 0   S A N D M A E N N C H E N        #\\n#==============================================#\\n\")",
                  "err": {},
                  "uuid": "afc5f4ab-e8f3-48e7-8755-a0ebf7217d02",
                  "parentUUID": "efd73de1-660c-4f00-b6dc-ffa447128396",
                  "isHook": false,
                  "skipped": false
                },
                {
                  "title": "should support the NO_SPACE_BETWEEN flag",
                  "fullTitle": "Message write() should support the NO_SPACE_BETWEEN flag",
                  "timedOut": false,
                  "duration": 2,
                  "state": "passed",
                  "speed": "fast",
                  "pass": true,
                  "fail": false,
                  "pending": false,
                  "context": null,
                  "code": "const msg=new Message;msg.write(\"Rindfleisch\").write(\"etikettierungs\",{position:MessageWritePosition.NO_SPACE_BETWEEN}).write(\"ueberwachungs\",{position:MessageWritePosition.NO_SPACE_BETWEEN}).write(\"aufgaben\",{position:MessageWritePosition.NO_SPACE_BETWEEN}).write(\"uebertragungs\",{position:MessageWritePosition.NO_SPACE_BETWEEN}).write(\"gesetz\",{position:MessageWritePosition.NO_SPACE_BETWEEN}).write(\"(das)\");assert.strictEqual(msg.toString(),\"#==============================================#\\n# R I N D F L E I S C H                        #\\n# E T I K E T T I E R U N G S                  #\\n# U E B E R W A C H U N G S A U F G A B E N    #\\n# U E B E R T R A G U N G S G E S E T Z        #\\n# ( D A S )                                    #\\n#                                              #\\n#==============================================#\\n\")",
                  "err": {},
                  "uuid": "ef163e01-c49d-40e8-990f-68dc362cfb8e",
                  "parentUUID": "efd73de1-660c-4f00-b6dc-ffa447128396",
                  "isHook": false,
                  "skipped": false
                },
                {
                  "title": "should support \\n",
                  "fullTitle": "Message write() should support \\n",
                  "timedOut": false,
                  "duration": 2,
                  "state": "passed",
                  "speed": "fast",
                  "pass": true,
                  "fail": false,
                  "pending": false,
                  "context": null,
                  "code": "assert.strictEqual(new Message().write(\"Hello\\nWorld\").toString(),\"#==============================================#\\n# H E L L O                                    #\\n# W O R L D                                    #\\n#                                              #\\n#                                              #\\n#                                              #\\n#                                              #\\n#==============================================#\\n\");assert.strictEqual(new Message().write(\"H\\u2377llo World\",{fallbackChar:0}).toString(),\"#==============================================#\\n# H   L L O   W O R L D                        #\\n#                                              #\\n#                                              #\\n#                                              #\\n#                                              #\\n#                                              #\\n#==============================================#\\n\");assert.strictEqual(new Message().write(\"H\\u2377llo World\",{fallbackChar:null}).toString(),\"#==============================================#\\n# H L L O   W O R L D                          #\\n#                                              #\\n#                                              #\\n#                                              #\\n#                                              #\\n#                                              #\\n#==============================================#\\n\")",
                  "err": {},
                  "uuid": "60da6e8f-90ad-4ecc-8b7c-6fdc0223fc81",
                  "parentUUID": "efd73de1-660c-4f00-b6dc-ffa447128396",
                  "isHook": false,
                  "skipped": false
                },
                {
                  "title": "should handle the fallback char",
                  "fullTitle": "Message write() should handle the fallback char",
                  "timedOut": false,
                  "duration": 3,
                  "state": "passed",
                  "speed": "fast",
                  "pass": true,
                  "fail": false,
                  "pending": false,
                  "context": null,
                  "code": "assert.strictEqual(new Message().write(\"H\\u2377llo World\").toString(),\"#==============================================#\\n# H ? L L O   W O R L D                        #\\n#                                              #\\n#                                              #\\n#                                              #\\n#                                              #\\n#                                              #\\n#==============================================#\\n\");assert.strictEqual(new Message().write(\"H\\u2377llo World\",{fallbackChar:0}).toString(),\"#==============================================#\\n# H   L L O   W O R L D                        #\\n#                                              #\\n#                                              #\\n#                                              #\\n#                                              #\\n#                                              #\\n#==============================================#\\n\");assert.strictEqual(new Message().write(\"H\\u2377llo World\",{fallbackChar:null}).toString(),\"#==============================================#\\n# H L L O   W O R L D                          #\\n#                                              #\\n#                                              #\\n#                                              #\\n#                                              #\\n#                                              #\\n#==============================================#\\n\")",
                  "err": {},
                  "uuid": "b80220e7-48b3-42a8-86cc-d28cf75e56ad",
                  "parentUUID": "efd73de1-660c-4f00-b6dc-ffa447128396",
                  "isHook": false,
                  "skipped": false
                },
                {
                  "title": "should remove unsupported words by default",
                  "fullTitle": "Message write() should remove unsupported words by default",
                  "timedOut": false,
                  "duration": 0,
                  "state": "passed",
                  "speed": "fast",
                  "pass": true,
                  "fail": false,
                  "pending": false,
                  "context": null,
                  "code": "const msg=new Message;msg.write(\"\\u{1F4AA}\\u{1F3FC} Gym\");assert.strictEqual(msg.toString(),\"#==============================================#\\n# G Y M                                        #\\n#                                              #\\n#                                              #\\n#                                              #\\n#                                              #\\n#                                              #\\n#==============================================#\\n\")",
                  "err": {},
                  "uuid": "37ceebbf-2f4b-4aac-9a6c-76ab1c984632",
                  "parentUUID": "efd73de1-660c-4f00-b6dc-ffa447128396",
                  "isHook": false,
                  "skipped": false
                },
                {
                  "title": "should not break if message is way too long",
                  "fullTitle": "Message write() should not break if message is way too long",
                  "timedOut": false,
                  "duration": 4,
                  "state": "passed",
                  "speed": "fast",
                  "pass": true,
                  "fail": false,
                  "pending": false,
                  "context": null,
                  "code": "const msg=new Message;msg.write(\"Lorem ipsum dolor sit amet, consectetur adipisici elit, sed eiusmod tempor incidunt ut labore et dolore magna aliqua.\");msg.write(\"Ut enim ad minim veniam, quis nostrud exercitation ullamco laboris nisi ut aliquid ex ea commodi consequat.\");msg.write(\"Quis aute iure reprehenderit in voluptate velit esse cillum dolore eu fugiat nulla pariatur.\");msg.write(\"Excepteur sint obcaecat cupiditat non proident, sunt in culpa qui officia deserunt mollit anim id est laborum.\");assert.strictEqual(msg.toString(),\"#==============================================#\\n# L O R E M   I P S U M   D O L O R   S I T    #\\n# A M E T ,   C O N S E C T E T U R            #\\n# A D I P I S I C I   E L I T ,   S E D        #\\n# E I U S M O D   T E M P O R I N C I D U N T  #\\n# U T   L A B O R E   E T   D O L O R E        #\\n# M A G N A   A L I Q U A .   U T   E N I M    #\\n#==============================================#\\n\")",
                  "err": {},
                  "uuid": "f0ff1d36-74fd-4563-9cbd-6391ef270370",
                  "parentUUID": "efd73de1-660c-4f00-b6dc-ffa447128396",
                  "isHook": false,
                  "skipped": false
                }
              ],
              "suites": [],
              "passes": [
                "e0996d20-ca96-4fa4-a910-aeedeb50562a",
                "520851f1-fd99-4148-9988-a5d3c3e395af",
                "11205029-36f7-46e6-a6fc-f4e4bdc56b94",
                "446288d4-513f-4f14-a655-db5234de0c4b",
                "afc5f4ab-e8f3-48e7-8755-a0ebf7217d02",
                "ef163e01-c49d-40e8-990f-68dc362cfb8e",
                "60da6e8f-90ad-4ecc-8b7c-6fdc0223fc81",
                "b80220e7-48b3-42a8-86cc-d28cf75e56ad",
                "37ceebbf-2f4b-4aac-9a6c-76ab1c984632",
                "f0ff1d36-74fd-4563-9cbd-6391ef270370"
              ],
              "failures": [],
              "pending": [],
              "skipped": [],
              "duration": 19,
              "root": false,
              "rootEmpty": false,
              "_timeout": 2000
            },
            {
              "uuid": "7309b508-059c-4524-9d81-b75aab399241",
              "title": "table()",
              "fullFile": "/home/runner/work/vestaboard/vestaboard/test/lib/message.ts",
              "file": "/test/lib/message.ts",
              "beforeHooks": [],
              "afterHooks": [],
              "tests": [
                {
                  "title": "should work with a very basic example",
                  "fullTitle": "Message table() should work with a very basic example",
                  "timedOut": false,
                  "duration": 2,
                  "state": "passed",
                  "speed": "fast",
                  "pass": true,
                  "fail": false,
                  "pending": false,
                  "context": null,
                  "code": "const msg=new Message;msg.table([[\"now\",\"Daily\"],[\"13:00\",\"Secret Meeting\"]]);assert.strictEqual(msg.toString(),\"#==============================================#\\n# N O W         D A I L Y                      #\\n#                                              #\\n# 1 3 : 0 0     S E C R E T   M E E T I N G    #\\n#                                              #\\n#                                              #\\n#                                              #\\n#==============================================#\\n\")",
                  "err": {},
                  "uuid": "7138541a-57de-41bc-9915-03d776c67a98",
                  "parentUUID": "7309b508-059c-4524-9d81-b75aab399241",
                  "isHook": false,
                  "skipped": false
                },
                {
                  "title": "should just fill the space available if too full",
                  "fullTitle": "Message table() should just fill the space available if too full",
                  "timedOut": false,
                  "duration": 2,
                  "state": "passed",
                  "speed": "fast",
                  "pass": true,
                  "fail": false,
                  "pending": false,
                  "context": null,
                  "code": "const msg=new Message;msg.table([[\"now\",\"Daily\"],[\"13:00\",\"Super Secret Meeting\"],[\"16:30\",\"Awesome Presentation\"]]);assert.strictEqual(msg.toString(),\"#==============================================#\\n# N O W       D A I L Y                        #\\n#                                              #\\n# 1 3 : 0 0   S U P E R   S E C R E T          #\\n#             M E E T I N G                    #\\n#                                              #\\n# 1 6 : 3 0   A W E S O M E   P R E S E N T -  #\\n#==============================================#\\n\")",
                  "err": {},
                  "uuid": "58991fd6-347a-423d-928f-0ddd1934452a",
                  "parentUUID": "7309b508-059c-4524-9d81-b75aab399241",
                  "isHook": false,
                  "skipped": false
                },
                {
                  "title": "should pay attention to the cursor",
                  "fullTitle": "Message table() should pay attention to the cursor",
                  "timedOut": false,
                  "duration": 1,
                  "state": "passed",
                  "speed": "fast",
                  "pass": true,
                  "fail": false,
                  "pending": false,
                  "context": null,
                  "code": "const msg=new Message;msg.write(\"Hello World\\n\");msg.table([[\"now\",\"Daily\"],[\"13:00\",\"Secret Meeting\"]]);assert.strictEqual(msg.toString(),\"#==============================================#\\n# H E L L O   W O R L D                        #\\n#                                              #\\n# N O W         D A I L Y                      #\\n#                                              #\\n# 1 3 : 0 0     S E C R E T   M E E T I N G    #\\n#                                              #\\n#==============================================#\\n\")",
                  "err": {},
                  "uuid": "d91ce57f-8733-4fcc-a36b-b5fbaec8e68f",
                  "parentUUID": "7309b508-059c-4524-9d81-b75aab399241",
                  "isHook": false,
                  "skipped": false
                },
                {
                  "title": "should throw error if rows have different number of columns",
                  "fullTitle": "Message table() should throw error if rows have different number of columns",
                  "timedOut": false,
                  "duration": 1,
                  "state": "passed",
                  "speed": "fast",
                  "pass": true,
                  "fail": false,
                  "pending": false,
                  "context": null,
                  "code": "const msg=new Message;assert.throws(()=>{msg.table([[\"now\",\"Daily\"],[\"13:00\",\"Secret Meeting\",\"\\u{1F7E5}\"]])},/Unable to render table: Row 1 has 3 entries, but first row has 2!/)",
                  "err": {},
                  "uuid": "d7d40c1d-a19b-4c5b-8e76-bdf8dc198e48",
                  "parentUUID": "7309b508-059c-4524-9d81-b75aab399241",
                  "isHook": false,
                  "skipped": false
                }
              ],
              "suites": [],
              "passes": [
                "7138541a-57de-41bc-9915-03d776c67a98",
                "58991fd6-347a-423d-928f-0ddd1934452a",
                "d91ce57f-8733-4fcc-a36b-b5fbaec8e68f",
                "d7d40c1d-a19b-4c5b-8e76-bdf8dc198e48"
              ],
              "failures": [],
              "pending": [],
              "skipped": [],
              "duration": 6,
              "root": false,
              "rootEmpty": false,
              "_timeout": 2000
            },
            {
              "uuid": "039c3c86-ce2b-43ae-a427-2319e9216060",
              "title": "center()",
              "fullFile": "/home/runner/work/vestaboard/vestaboard/test/lib/message.ts",
              "file": "/test/lib/message.ts",
              "beforeHooks": [],
              "afterHooks": [],
              "tests": [
                {
                  "title": "should work with a single word",
                  "fullTitle": "Message center() should work with a single word",
                  "timedOut": false,
                  "duration": 1,
                  "state": "passed",
                  "speed": "fast",
                  "pass": true,
                  "fail": false,
                  "pending": false,
                  "context": null,
                  "code": "const msg=new Message;msg.write(\"Hello World\");msg.center();assert.strictEqual(msg.toString(),\"#==============================================#\\n#                                              #\\n#                                              #\\n#           H E L L O   W O R L D              #\\n#                                              #\\n#                                              #\\n#                                              #\\n#==============================================#\\n\")",
                  "err": {},
                  "uuid": "a1b110e0-2f0a-4ae5-beed-c0e64f003051",
                  "parentUUID": "039c3c86-ce2b-43ae-a427-2319e9216060",
                  "isHook": false,
                  "skipped": false
                },
                {
                  "title": "should work with a complete filled board",
                  "fullTitle": "Message center() should work with a complete filled board",
                  "timedOut": false,
                  "duration": 1,
                  "state": "passed",
                  "speed": "fast",
                  "pass": true,
                  "fail": false,
                  "pending": false,
                  "context": null,
                  "code": "const msg=new Message;msg.fill(\"\\u{1F7E5}\");msg.center();assert.strictEqual(msg.toString(),\"#==============================================#\\n# \\u{1F7E5}\\u{1F7E5}\\u{1F7E5}\\u{1F7E5}\\u{1F7E5}\\u{1F7E5}\\u{1F7E5}\\u{1F7E5}\\u{1F7E5}\\u{1F7E5}\\u{1F7E5}\\u{1F7E5}\\u{1F7E5}\\u{1F7E5}\\u{1F7E5}\\u{1F7E5}\\u{1F7E5}\\u{1F7E5}\\u{1F7E5}\\u{1F7E5}\\u{1F7E5}\\u{1F7E5} #\\n# \\u{1F7E5}\\u{1F7E5}\\u{1F7E5}\\u{1F7E5}\\u{1F7E5}\\u{1F7E5}\\u{1F7E5}\\u{1F7E5}\\u{1F7E5}\\u{1F7E5}\\u{1F7E5}\\u{1F7E5}\\u{1F7E5}\\u{1F7E5}\\u{1F7E5}\\u{1F7E5}\\u{1F7E5}\\u{1F7E5}\\u{1F7E5}\\u{1F7E5}\\u{1F7E5}\\u{1F7E5} #\\n# \\u{1F7E5}\\u{1F7E5}\\u{1F7E5}\\u{1F7E5}\\u{1F7E5}\\u{1F7E5}\\u{1F7E5}\\u{1F7E5}\\u{1F7E5}\\u{1F7E5}\\u{1F7E5}\\u{1F7E5}\\u{1F7E5}\\u{1F7E5}\\u{1F7E5}\\u{1F7E5}\\u{1F7E5}\\u{1F7E5}\\u{1F7E5}\\u{1F7E5}\\u{1F7E5}\\u{1F7E5} #\\n# \\u{1F7E5}\\u{1F7E5}\\u{1F7E5}\\u{1F7E5}\\u{1F7E5}\\u{1F7E5}\\u{1F7E5}\\u{1F7E5}\\u{1F7E5}\\u{1F7E5}\\u{1F7E5}\\u{1F7E5}\\u{1F7E5}\\u{1F7E5}\\u{1F7E5}\\u{1F7E5}\\u{1F7E5}\\u{1F7E5}\\u{1F7E5}\\u{1F7E5}\\u{1F7E5}\\u{1F7E5} #\\n# \\u{1F7E5}\\u{1F7E5}\\u{1F7E5}\\u{1F7E5}\\u{1F7E5}\\u{1F7E5}\\u{1F7E5}\\u{1F7E5}\\u{1F7E5}\\u{1F7E5}\\u{1F7E5}\\u{1F7E5}\\u{1F7E5}\\u{1F7E5}\\u{1F7E5}\\u{1F7E5}\\u{1F7E5}\\u{1F7E5}\\u{1F7E5}\\u{1F7E5}\\u{1F7E5}\\u{1F7E5} #\\n# \\u{1F7E5}\\u{1F7E5}\\u{1F7E5}\\u{1F7E5}\\u{1F7E5}\\u{1F7E5}\\u{1F7E5}\\u{1F7E5}\\u{1F7E5}\\u{1F7E5}\\u{1F7E5}\\u{1F7E5}\\u{1F7E5}\\u{1F7E5}\\u{1F7E5}\\u{1F7E5}\\u{1F7E5}\\u{1F7E5}\\u{1F7E5}\\u{1F7E5}\\u{1F7E5}\\u{1F7E5} #\\n#==============================================#\\n\")",
                  "err": {},
                  "uuid": "813c6db4-3062-4d79-ae45-59cce4e559b1",
                  "parentUUID": "039c3c86-ce2b-43ae-a427-2319e9216060",
                  "isHook": false,
                  "skipped": false
                },
                {
                  "title": "should also work if word is not top/left aligned",
                  "fullTitle": "Message center() should also work if word is not top/left aligned",
                  "timedOut": false,
                  "duration": 1,
                  "state": "passed",
                  "speed": "fast",
                  "pass": true,
                  "fail": false,
                  "pending": false,
                  "context": null,
                  "code": "const msg=new Message;msg.write(\"Hello World\",{position:{line:5,row:11}});msg.center();assert.strictEqual(msg.toString(),\"#==============================================#\\n#                                              #\\n#                                              #\\n#           H E L L O   W O R L D              #\\n#                                              #\\n#                                              #\\n#                                              #\\n#==============================================#\\n\")",
                  "err": {},
                  "uuid": "554329ff-57c3-4bb9-98e0-e2719fe1c99d",
                  "parentUUID": "039c3c86-ce2b-43ae-a427-2319e9216060",
                  "isHook": false,
                  "skipped": false
                }
              ],
              "suites": [],
              "passes": [
                "a1b110e0-2f0a-4ae5-beed-c0e64f003051",
                "813c6db4-3062-4d79-ae45-59cce4e559b1",
                "554329ff-57c3-4bb9-98e0-e2719fe1c99d"
              ],
              "failures": [],
              "pending": [],
              "skipped": [],
              "duration": 3,
              "root": false,
              "rootEmpty": false,
              "_timeout": 2000
            }
          ],
          "passes": [],
          "failures": [],
          "pending": [],
          "skipped": [],
          "duration": 0,
          "root": false,
          "rootEmpty": false,
          "_timeout": 2000
        },
        {
          "uuid": "4b5b319e-ad9b-41d3-8841-bac5cf2a0a4e",
          "title": "MultipleBoard",
          "fullFile": "/home/runner/work/vestaboard/vestaboard/test/lib/multiple-boards.ts",
          "file": "/test/lib/multiple-boards.ts",
          "beforeHooks": [],
          "afterHooks": [],
          "tests": [],
          "suites": [
            {
              "uuid": "67ba01d9-ccdd-4a41-b9f8-a9c29f292051",
              "title": "postMessage()",
              "fullFile": "/home/runner/work/vestaboard/vestaboard/test/lib/multiple-boards.ts",
              "file": "/test/lib/multiple-boards.ts",
              "beforeHooks": [],
              "afterHooks": [],
              "tests": [
                {
                  "title": "should work (live)",
                  "fullTitle": "MultipleBoard postMessage() should work (live)",
                  "timedOut": false,
                  "duration": 0,
                  "state": "pending",
                  "speed": null,
                  "pass": false,
                  "fail": false,
                  "pending": true,
                  "context": null,
                  "code": "",
                  "err": {},
                  "uuid": "d986989e-a97e-453c-a2de-05f7c4b5f854",
                  "parentUUID": "67ba01d9-ccdd-4a41-b9f8-a9c29f292051",
                  "isHook": false,
                  "skipped": false
                }
              ],
              "suites": [],
              "passes": [],
              "failures": [],
              "pending": [
                "d986989e-a97e-453c-a2de-05f7c4b5f854"
              ],
              "skipped": [],
              "duration": 0,
              "root": false,
              "rootEmpty": false,
              "_timeout": 30000
            }
          ],
          "passes": [],
          "failures": [],
          "pending": [],
          "skipped": [],
          "duration": 0,
          "root": false,
          "rootEmpty": false,
          "_timeout": 30000
        },
        {
          "uuid": "5beec495-a897-4215-8e15-eeecf553d1db",
          "title": "ReadWriteAPI",
          "fullFile": "/home/runner/work/vestaboard/vestaboard/test/lib/read-write-api.ts",
          "file": "/test/lib/read-write-api.ts",
          "beforeHooks": [],
          "afterHooks": [],
          "tests": [],
          "suites": [
            {
              "uuid": "7cd34c1c-c4aa-46d1-ad01-b3fdfb73556a",
              "title": "getCurrentMessage()",
              "fullFile": "/home/runner/work/vestaboard/vestaboard/test/lib/read-write-api.ts",
              "file": "/test/lib/read-write-api.ts",
              "beforeHooks": [],
              "afterHooks": [],
              "tests": [
                {
                  "title": "should work (mocked)",
                  "fullTitle": "ReadWriteAPI getCurrentMessage() should work (mocked)",
                  "timedOut": false,
                  "duration": 1,
                  "state": "passed",
                  "speed": "fast",
                  "pass": true,
                  "fail": false,
                  "pending": false,
                  "context": null,
                  "code": "const msg=new Message;msg.fill(\"\\u{1F7E5}\\u{1F7E7}\\u{1F7E8}\\u{1F7E9}\\u{1F7E6}\\u{1F7EA}\");const json={currentMessage:{layout:JSON.stringify(msg.toCharArray())}};const fetch=__name(async(url,options)=>{assert.strictEqual(url,\"https://rw.vestaboard.com/\");assert.deepStrictEqual(options,{method:\"GET\",headers:{\"X-Vestaboard-Read-Write-Key\":\"3eadf7a8-6602-4bf5-92f4-970d36066958\"}});return{ok:true,status:200,statusText:\"OK\",json:__name(async()=>json,\"json\")}},\"fetch\");const api=new ReadWriteAPI(\"3eadf7a8-6602-4bf5-92f4-970d36066958\",{fetch});const result=await api.getCurrentMessage();assert.deepStrictEqual(result.toCharArray(),msg.toCharArray())",
                  "err": {},
                  "uuid": "f7b90175-bd9c-49d3-825b-de9068cbca1a",
                  "parentUUID": "7cd34c1c-c4aa-46d1-ad01-b3fdfb73556a",
                  "isHook": false,
                  "skipped": false
                },
                {
                  "title": "should work (live)",
                  "fullTitle": "ReadWriteAPI getCurrentMessage() should work (live)",
                  "timedOut": false,
                  "duration": 0,
                  "state": "pending",
                  "speed": null,
                  "pass": false,
                  "fail": false,
                  "pending": true,
                  "context": null,
                  "code": "",
                  "err": {},
                  "uuid": "d57990b7-5c5d-49b2-a9ff-5bdda29051d0",
                  "parentUUID": "7cd34c1c-c4aa-46d1-ad01-b3fdfb73556a",
                  "isHook": false,
                  "skipped": false
                }
              ],
              "suites": [],
              "passes": [
                "f7b90175-bd9c-49d3-825b-de9068cbca1a"
              ],
              "failures": [],
              "pending": [
                "d57990b7-5c5d-49b2-a9ff-5bdda29051d0"
              ],
              "skipped": [],
              "duration": 1,
              "root": false,
              "rootEmpty": false,
              "_timeout": 30000
            },
            {
              "uuid": "299cf807-cf64-4d8d-bdee-4271430e2062",
              "title": "postMessage()",
              "fullFile": "/home/runner/work/vestaboard/vestaboard/test/lib/read-write-api.ts",
              "file": "/test/lib/read-write-api.ts",
              "beforeHooks": [],
              "afterHooks": [],
              "tests": [
                {
                  "title": "should work (mocked)",
                  "fullTitle": "ReadWriteAPI postMessage() should work (mocked)",
                  "timedOut": false,
                  "duration": 0,
                  "state": "passed",
                  "speed": "fast",
                  "pass": true,
                  "fail": false,
                  "pending": false,
                  "context": null,
                  "code": "const msg=new Message;msg.fill(\"\\u{1F7E5}\\u{1F7E7}\\u{1F7E8}\\u{1F7E9}\\u{1F7E6}\\u{1F7EA}\");const fetch=__name(async(url,options)=>{assert.strictEqual(url,\"https://rw.vestaboard.com/\");assert.deepStrictEqual(options,{method:\"POST\",headers:{\"Content-Type\":\"application/json\",\"X-Vestaboard-Read-Write-Key\":\"3eadf7a8-6602-4bf5-92f4-970d36066958\"},body:JSON.stringify(msg.toCharArray())});return{ok:true,status:200,statusText:\"OK\",json:__name(async()=>({status:\"ok\"}),\"json\")}},\"fetch\");const api=new ReadWriteAPI(\"3eadf7a8-6602-4bf5-92f4-970d36066958\",{fetch});await api.postMessage(msg)",
                  "err": {},
                  "uuid": "8962f323-1111-4926-bc51-a9fc3c7cdae8",
                  "parentUUID": "299cf807-cf64-4d8d-bdee-4271430e2062",
                  "isHook": false,
                  "skipped": false
                },
                {
                  "title": "should work (live)",
                  "fullTitle": "ReadWriteAPI postMessage() should work (live)",
                  "timedOut": false,
                  "duration": 0,
                  "state": "pending",
                  "speed": null,
                  "pass": false,
                  "fail": false,
                  "pending": true,
                  "context": null,
                  "code": "",
                  "err": {},
                  "uuid": "a141b98c-4ac3-4130-91c1-7559f72ec2a1",
                  "parentUUID": "299cf807-cf64-4d8d-bdee-4271430e2062",
                  "isHook": false,
                  "skipped": false
                }
              ],
              "suites": [],
              "passes": [
                "8962f323-1111-4926-bc51-a9fc3c7cdae8"
              ],
              "failures": [],
              "pending": [
                "a141b98c-4ac3-4130-91c1-7559f72ec2a1"
              ],
              "skipped": [],
              "duration": 0,
              "root": false,
              "rootEmpty": false,
              "_timeout": 30000
            }
          ],
          "passes": [],
          "failures": [],
          "pending": [],
          "skipped": [],
          "duration": 0,
          "root": false,
          "rootEmpty": false,
          "_timeout": 30000
        },
        {
          "uuid": "75d2021b-3aa8-4a55-be3f-fb26961eda1b",
          "title": "SubscriptionAPI",
          "fullFile": "/home/runner/work/vestaboard/vestaboard/test/lib/subscription-api.ts",
          "file": "/test/lib/subscription-api.ts",
          "beforeHooks": [],
          "afterHooks": [],
          "tests": [],
          "suites": [
            {
              "uuid": "1758e65d-509b-4fab-943e-888f7ee1815e",
              "title": "getViewer()",
              "fullFile": "/home/runner/work/vestaboard/vestaboard/test/lib/subscription-api.ts",
              "file": "/test/lib/subscription-api.ts",
              "beforeHooks": [],
              "afterHooks": [],
              "tests": [
                {
                  "title": "should work (mocked)",
                  "fullTitle": "SubscriptionAPI getViewer() should work (mocked)",
                  "timedOut": false,
                  "duration": 1,
                  "state": "passed",
                  "speed": "fast",
                  "pass": true,
                  "fail": false,
                  "pending": false,
                  "context": null,
                  "code": "const msg=new Message;msg.fill(\"\\u{1F7E5}\\u{1F7E7}\\u{1F7E8}\\u{1F7E9}\\u{1F7E6}\\u{1F7EA}\");const json={type:\"installation\",_id:\"f35032ce-fd2b-4afb-8a24-d71c8085303c\",_created:\"1577829607582\",installation:{_id:\"562038d1-6fdb-4ba5-ae8b-bc9ec882178d\"}};const fetch=__name(async(url,options)=>{assert.strictEqual(url,\"https://platform.vestaboard.com/viewer\");assert.deepStrictEqual(options,{method:\"GET\",headers:{\"X-Vestaboard-Api-Key\":\"3eadf7a8-6602-4bf5-92f4-970d36066958\",\"X-Vestaboard-Api-Secret\":\"******************************\"}});return{ok:true,status:200,statusText:\"OK\",json:__name(async()=>json,\"json\")}},\"fetch\");const api=new SubscriptionAPI(\"3eadf7a8-6602-4bf5-92f4-970d36066958\",\"******************************\",{fetch});const result=await api.getViewer();assert.deepStrictEqual(result,json)",
                  "err": {},
                  "uuid": "a8f73f05-12ef-4f95-a898-29a46fab2ddc",
                  "parentUUID": "1758e65d-509b-4fab-943e-888f7ee1815e",
                  "isHook": false,
                  "skipped": false
                },
                {
                  "title": "should work (live)",
                  "fullTitle": "SubscriptionAPI getViewer() should work (live)",
                  "timedOut": false,
                  "duration": 0,
                  "state": "pending",
                  "speed": null,
                  "pass": false,
                  "fail": false,
                  "pending": true,
                  "context": null,
                  "code": "",
                  "err": {},
                  "uuid": "d510f901-83ba-44a1-885b-c75d1a9358e2",
                  "parentUUID": "1758e65d-509b-4fab-943e-888f7ee1815e",
                  "isHook": false,
                  "skipped": false
                }
              ],
              "suites": [],
              "passes": [
                "a8f73f05-12ef-4f95-a898-29a46fab2ddc"
              ],
              "failures": [],
              "pending": [
                "d510f901-83ba-44a1-885b-c75d1a9358e2"
              ],
              "skipped": [],
              "duration": 1,
              "root": false,
              "rootEmpty": false,
              "_timeout": 30000
            },
            {
              "uuid": "48fc090d-865a-4e43-9f77-55e5a11727b3",
              "title": "getSubscription()",
              "fullFile": "/home/runner/work/vestaboard/vestaboard/test/lib/subscription-api.ts",
              "file": "/test/lib/subscription-api.ts",
              "beforeHooks": [],
              "afterHooks": [],
              "tests": [
                {
                  "title": "should work (mocked)",
                  "fullTitle": "SubscriptionAPI getSubscription() should work (mocked)",
                  "timedOut": false,
                  "duration": 0,
                  "state": "passed",
                  "speed": "fast",
                  "pass": true,
                  "fail": false,
                  "pending": false,
                  "context": null,
                  "code": "const json={subscriptions:[{_id:\"bc6412b3-3aa6-4684-8962-cd2876942c0d\",_created:\"1577833654294\",installation:{_id:\"fefb8778-9500-4522-b115-29c0dd13c402\",installable:{_id:\"b629d7df-7ecb-4460-b51e-f87fa942f113\"}},boards:[{_id:\"a1e866f2-e77e-45d8-997a-2e3ebeff4961\"}]}]};const fetch=__name(async(url,options)=>{assert.strictEqual(url,\"https://platform.vestaboard.com/subscriptions\");assert.deepStrictEqual(options,{method:\"GET\",headers:{\"X-Vestaboard-Api-Key\":\"3eadf7a8-6602-4bf5-92f4-970d36066958\",\"X-Vestaboard-Api-Secret\":\"******************************\"}});return{ok:true,status:200,statusText:\"OK\",json:__name(async()=>json,\"json\")}},\"fetch\");const api=new SubscriptionAPI(\"3eadf7a8-6602-4bf5-92f4-970d36066958\",\"******************************\",{fetch});const result=await api.getSubscriptions();assert.deepStrictEqual(result,json)",
                  "err": {},
                  "uuid": "2a9e4174-78e8-4c66-8a56-394c81e91e0f",
                  "parentUUID": "48fc090d-865a-4e43-9f77-55e5a11727b3",
                  "isHook": false,
                  "skipped": false
                },
                {
                  "title": "should work (live)",
                  "fullTitle": "SubscriptionAPI getSubscription() should work (live)",
                  "timedOut": false,
                  "duration": 0,
                  "state": "pending",
                  "speed": null,
                  "pass": false,
                  "fail": false,
                  "pending": true,
                  "context": null,
                  "code": "",
                  "err": {},
                  "uuid": "4300ac6c-98e2-49ec-9f91-e85f280e46c4",
                  "parentUUID": "48fc090d-865a-4e43-9f77-55e5a11727b3",
                  "isHook": false,
                  "skipped": false
                }
              ],
              "suites": [],
              "passes": [
                "2a9e4174-78e8-4c66-8a56-394c81e91e0f"
              ],
              "failures": [],
              "pending": [
                "4300ac6c-98e2-49ec-9f91-e85f280e46c4"
              ],
              "skipped": [],
              "duration": 0,
              "root": false,
              "rootEmpty": false,
              "_timeout": 30000
            },
            {
              "uuid": "fcf8ccce-7fea-4fe5-ace4-67b34fbd9f34",
              "title": "postMessage()",
              "fullFile": "/home/runner/work/vestaboard/vestaboard/test/lib/subscription-api.ts",
              "file": "/test/lib/subscription-api.ts",
              "beforeHooks": [],
              "afterHooks": [],
              "tests": [
                {
                  "title": "should work (single mode)",
                  "fullTitle": "SubscriptionAPI postMessage() should work (single mode)",
                  "timedOut": false,
                  "duration": 1,
                  "state": "passed",
                  "speed": "fast",
                  "pass": true,
                  "fail": false,
                  "pending": false,
                  "context": null,
                  "code": "const msg=new Message;msg.fill(\"\\u{1F7E5}\\u{1F7E7}\\u{1F7E8}\\u{1F7E9}\\u{1F7E6}\\u{1F7EA}\");const fetch=__name(async(url,options)=>{assert.strictEqual(url,\"https://platform.vestaboard.com/subscriptions/foo/message\");assert.deepStrictEqual(options,{method:\"POST\",headers:{\"Content-Type\":\"application/json\",\"X-Vestaboard-Api-Key\":\"3eadf7a8-6602-4bf5-92f4-970d36066958\",\"X-Vestaboard-Api-Secret\":\"******************************\"},body:JSON.stringify({characters:msg.toCharArray()})});return{ok:true,status:200,statusText:\"OK\",json:__name(async()=>({message:{id:\"\",created:1}}),\"json\")}},\"fetch\");const api=new SubscriptionAPI(\"3eadf7a8-6602-4bf5-92f4-970d36066958\",\"******************************\",{fetch});const result=await api.postMessage(msg,\"foo\");assert.deepStrictEqual(result,{message:{id:\"\",created:1}})",
                  "err": {},
                  "uuid": "f2462d9b-fce7-4314-b56d-5bded83a9ad4",
                  "parentUUID": "fcf8ccce-7fea-4fe5-ace4-67b34fbd9f34",
                  "isHook": false,
                  "skipped": false
                },
                {
                  "title": "should work (multi mode)",
                  "fullTitle": "SubscriptionAPI postMessage() should work (multi mode)",
                  "timedOut": false,
                  "duration": 2,
                  "state": "passed",
                  "speed": "fast",
                  "pass": true,
                  "fail": false,
                  "pending": false,
                  "context": null,
                  "code": "const fetch=__name(async(url,options)=>{const msg=new Message(\"Hello World\");assert.strictEqual(url,\"https://platform.vestaboard.com/subscriptions/foo/message\");assert.deepStrictEqual(options,{method:\"POST\",headers:{\"Content-Type\":\"application/json\",\"X-Vestaboard-Api-Key\":\"3eadf7a8-6602-4bf5-92f4-970d36066958\",\"X-Vestaboard-Api-Secret\":\"******************************\"},body:JSON.stringify({characters:msg.toCharArray()})});return{ok:true,status:200,statusText:\"OK\",json:__name(async()=>({message:{id:\"\",created:1}}),\"json\")}},\"fetch\");const api=new SubscriptionAPI(\"3eadf7a8-6602-4bf5-92f4-970d36066958\",\"******************************\",{fetch});const result=await api.postMessage(\"Hello World\",[\"foo\",\"foo\"]);assert.deepStrictEqual(result,[{message:{id:\"\",created:1}},{message:{id:\"\",created:1}}])",
                  "err": {},
                  "uuid": "f10048be-eca1-48c2-addc-6d6f1fdc1cfd",
                  "parentUUID": "fcf8ccce-7fea-4fe5-ace4-67b34fbd9f34",
                  "isHook": false,
                  "skipped": false
                },
                {
                  "title": "should work (live)",
                  "fullTitle": "SubscriptionAPI postMessage() should work (live)",
                  "timedOut": false,
                  "duration": 0,
                  "state": "pending",
                  "speed": null,
                  "pass": false,
                  "fail": false,
                  "pending": true,
                  "context": null,
                  "code": "",
                  "err": {},
                  "uuid": "63fec396-2074-4d19-8728-366aa10cc389",
                  "parentUUID": "fcf8ccce-7fea-4fe5-ace4-67b34fbd9f34",
                  "isHook": false,
                  "skipped": false
                }
              ],
              "suites": [],
              "passes": [
                "f2462d9b-fce7-4314-b56d-5bded83a9ad4",
                "f10048be-eca1-48c2-addc-6d6f1fdc1cfd"
              ],
              "failures": [],
              "pending": [
                "63fec396-2074-4d19-8728-366aa10cc389"
              ],
              "skipped": [],
              "duration": 3,
              "root": false,
              "rootEmpty": false,
              "_timeout": 30000
            }
          ],
          "passes": [],
          "failures": [],
          "pending": [],
          "skipped": [],
          "duration": 0,
          "root": false,
          "rootEmpty": false,
          "_timeout": 30000
        },
        {
          "uuid": "fddeda49-0c8a-4e2a-b34f-c04c46d8862c",
          "title": "Tools",
          "fullFile": "/home/runner/work/vestaboard/vestaboard/test/lib/tools.ts",
          "file": "/test/lib/tools.ts",
          "beforeHooks": [],
          "afterHooks": [],
          "tests": [],
          "suites": [
            {
              "uuid": "976f4c80-71c4-4256-ad14-39a51845c706",
              "title": "request",
              "fullFile": "/home/runner/work/vestaboard/vestaboard/test/lib/tools.ts",
              "file": "/test/lib/tools.ts",
              "beforeHooks": [],
              "afterHooks": [],
              "tests": [
                {
                  "title": "should work as intended",
                  "fullTitle": "Tools request should work as intended",
                  "timedOut": false,
                  "duration": 0,
                  "state": "passed",
                  "speed": "fast",
                  "pass": true,
                  "fail": false,
                  "pending": false,
                  "context": null,
                  "code": "const fetch=__name(async(url,options)=>{assert.strictEqual(url,\"https://example.com/test\");assert.deepStrictEqual(options,{method:\"GET\",headers:{\"X-Test-Header\":\"1337\"}});return{ok:true,status:200,statusText:\"OK\",json:__name(async()=>({foo:\"bar\"}),\"json\")}},\"fetch\");const response=await request(\"https://example.com/test\",{\"X-Test-Header\":\"1337\"},void 0,{fetch});assert.deepStrictEqual(response,{foo:\"bar\"})",
                  "err": {},
                  "uuid": "ea37ca7c-2a17-48d5-bfca-0af4c029b737",
                  "parentUUID": "976f4c80-71c4-4256-ad14-39a51845c706",
                  "isHook": false,
                  "skipped": false
                },
                {
                  "title": "should throw error on non 2xx status codes",
                  "fullTitle": "Tools request should throw error on non 2xx status codes",
                  "timedOut": false,
                  "duration": 10012,
                  "state": "passed",
                  "speed": "slow",
                  "pass": true,
                  "fail": false,
                  "pending": false,
                  "context": null,
                  "code": "const fetch=__name(async(url,options)=>{assert.strictEqual(url,\"https://example.com/test\");assert.deepStrictEqual(options,{method:\"GET\",headers:{\"X-Test-Header\":\"1337\"}});return{ok:false,status:500,statusText:\"ERROR\",json:__name(async()=>\"\",\"json\")}},\"fetch\");await assert.rejects(async()=>{await request(\"https://example.com/test\",{\"X-Test-Header\":\"1337\"},void 0,{fetch})},/HTTP Request failed/)",
                  "err": {},
                  "uuid": "a21ab691-8198-4cb0-9161-94b0bba26d64",
                  "parentUUID": "976f4c80-71c4-4256-ad14-39a51845c706",
                  "isHook": false,
                  "skipped": false
                }
              ],
              "suites": [],
              "passes": [
                "ea37ca7c-2a17-48d5-bfca-0af4c029b737",
                "a21ab691-8198-4cb0-9161-94b0bba26d64"
              ],
              "failures": [],
              "pending": [],
              "skipped": [],
              "duration": 10012,
              "root": false,
              "rootEmpty": false,
              "_timeout": 30000
            }
          ],
          "passes": [],
          "failures": [],
          "pending": [],
          "skipped": [],
          "duration": 0,
          "root": false,
          "rootEmpty": false,
          "_timeout": 30000
        }
      ],
      "passes": [],
      "failures": [],
      "pending": [],
      "skipped": [],
      "duration": 0,
      "root": true,
      "rootEmpty": true,
      "_timeout": 2000
    }
  ],
  "meta": {
    "mocha": {
      "version": "11.0.1"
    },
    "mochawesome": {
      "options": {
        "quiet": false,
        "reportFilename": "mochawesome",
        "saveHtml": true,
        "saveJson": true,
        "consoleReporter": "spec",
        "useInlineDiffs": false,
        "code": true
      },
      "version": "7.1.3"
    },
    "marge": {
      "options": null,
      "version": "6.2.0"
    }
  }
}