{
  "stats": {
    "suites": 24,
    "tests": 58,
    "passes": 50,
    "pending": 8,
    "failures": 0,
    "start": "2025-10-09T19:04:53.495Z",
    "end": "2025-10-09T19:05:03.588Z",
    "duration": 10093,
    "testsRegistered": 58,
    "passPercent": 100,
    "pendingPercent": 13.793103448275861,
    "other": 0,
    "hasOther": false,
    "skipped": 0,
    "hasSkipped": false
  },
  "results": [
    {
      "uuid": "a342a5aa-f40d-4658-aa44-57dfbe671c4f",
      "title": "",
      "fullFile": "",
      "file": "",
      "beforeHooks": [],
      "afterHooks": [],
      "tests": [],
      "suites": [
        {
          "uuid": "240a7b9d-c139-4632-97ec-4ea163ff8cc5",
          "title": "LocalAPI",
          "fullFile": "/home/runner/work/vestaboard/vestaboard/test/lib/local-api.ts",
          "file": "/test/lib/local-api.ts",
          "beforeHooks": [],
          "afterHooks": [],
          "tests": [],
          "suites": [
            {
              "uuid": "8aaec2c7-ac7e-4437-bcc2-e3e72c3ed4aa",
              "title": "getCurrentMessage()",
              "fullFile": "/home/runner/work/vestaboard/vestaboard/test/lib/local-api.ts",
              "file": "/test/lib/local-api.ts",
              "beforeHooks": [],
              "afterHooks": [],
              "tests": [
                {
                  "title": "should work (mocked by device)",
                  "fullTitle": "LocalAPI getCurrentMessage() should work (mocked by device)",
                  "timedOut": false,
                  "duration": 3,
                  "state": "passed",
                  "speed": "fast",
                  "pass": true,
                  "fail": false,
                  "pending": false,
                  "context": null,
                  "code": "const msg=new import_message.default;msg.fill(\"\\u{1F7E5}\\u{1F7E7}\\u{1F7E8}\\u{1F7E9}\\u{1F7E6}\\u{1F7EA}\");const fetch=__name(async(url,options)=>{import_assert.default.strictEqual(url,\"http://vestaboard.local:7000/local-api/message\");import_assert.default.deepStrictEqual(options,{headers:{\"X-Vestaboard-Local-Api-Key\":\"3eadf7a8-6602-4bf5-92f4-970d36066958\"},method:\"GET\"});return{json:__name(async()=>({message:msg.toCharArray()}),\"json\"),ok:true,status:200,statusText:\"OK\"}},\"fetch\");const api=new import_local_api.default(\"3eadf7a8-6602-4bf5-92f4-970d36066958\",void 0,{fetch});const result=await api.getCurrentMessage();import_assert.default.deepStrictEqual(result.toCharArray(),msg.toCharArray())",
                  "err": {},
                  "uuid": "acce3c56-09dd-4a22-8457-e559b86a7e00",
                  "parentUUID": "8aaec2c7-ac7e-4437-bcc2-e3e72c3ed4aa",
                  "isHook": false,
                  "skipped": false
                },
                {
                  "title": "should work (mocked by docs)",
                  "fullTitle": "LocalAPI getCurrentMessage() should work (mocked by docs)",
                  "timedOut": false,
                  "duration": 1,
                  "state": "passed",
                  "speed": "fast",
                  "pass": true,
                  "fail": false,
                  "pending": false,
                  "context": null,
                  "code": "const msg=new import_message.default;msg.fill(\"\\u{1F7E5}\\u{1F7E7}\\u{1F7E8}\\u{1F7E9}\\u{1F7E6}\\u{1F7EA}\");const fetch=__name(async(url,options)=>{import_assert.default.strictEqual(url,\"http://vestaboard.local:7000/local-api/message\");import_assert.default.deepStrictEqual(options,{headers:{\"X-Vestaboard-Local-Api-Key\":\"3eadf7a8-6602-4bf5-92f4-970d36066958\"},method:\"GET\"});return{json:__name(async()=>msg.toCharArray(),\"json\"),ok:true,status:200,statusText:\"OK\"}},\"fetch\");const api=new import_local_api.default(\"3eadf7a8-6602-4bf5-92f4-970d36066958\",void 0,{fetch});const result=await api.getCurrentMessage();import_assert.default.deepStrictEqual(result.toCharArray(),msg.toCharArray())",
                  "err": {},
                  "uuid": "8bc62bf7-b6a6-4f86-bbf0-b320643e81c0",
                  "parentUUID": "8aaec2c7-ac7e-4437-bcc2-e3e72c3ed4aa",
                  "isHook": false,
                  "skipped": false
                },
                {
                  "title": "should work (live)",
                  "fullTitle": "LocalAPI getCurrentMessage() should work (live)",
                  "timedOut": false,
                  "duration": 0,
                  "state": "pending",
                  "speed": null,
                  "pass": false,
                  "fail": false,
                  "pending": true,
                  "context": null,
                  "code": "",
                  "err": {},
                  "uuid": "b8da24cd-99b4-4794-a450-5796efe82c07",
                  "parentUUID": "8aaec2c7-ac7e-4437-bcc2-e3e72c3ed4aa",
                  "isHook": false,
                  "skipped": false
                }
              ],
              "suites": [],
              "passes": [
                "acce3c56-09dd-4a22-8457-e559b86a7e00",
                "8bc62bf7-b6a6-4f86-bbf0-b320643e81c0"
              ],
              "failures": [],
              "pending": [
                "b8da24cd-99b4-4794-a450-5796efe82c07"
              ],
              "skipped": [],
              "duration": 4,
              "root": false,
              "rootEmpty": false,
              "_timeout": 30000
            },
            {
              "uuid": "8f09cec6-1865-4c90-933d-942becc99032",
              "title": "postMessage()",
              "fullFile": "/home/runner/work/vestaboard/vestaboard/test/lib/local-api.ts",
              "file": "/test/lib/local-api.ts",
              "beforeHooks": [],
              "afterHooks": [],
              "tests": [
                {
                  "title": "should work (mocked)",
                  "fullTitle": "LocalAPI postMessage() should work (mocked)",
                  "timedOut": false,
                  "duration": 1,
                  "state": "passed",
                  "speed": "fast",
                  "pass": true,
                  "fail": false,
                  "pending": false,
                  "context": null,
                  "code": "const msg=new import_message.default(\"Hello World\");const fetch=__name(async(url,options)=>{import_assert.default.strictEqual(url,\"http://vestaboard.local:7000/local-api/message\");import_assert.default.deepStrictEqual(options,{body:JSON.stringify(msg.toCharArray()),headers:{\"Content-Type\":\"application/json\",\"X-Vestaboard-Local-Api-Key\":\"3eadf7a8-6602-4bf5-92f4-970d36066958\"},method:\"POST\"});return{json:__name(async()=>\"\",\"json\"),ok:true,status:201,statusText:\"CREATED\"}},\"fetch\");const api=new import_local_api.default(\"3eadf7a8-6602-4bf5-92f4-970d36066958\",void 0,{fetch});await api.postMessage(\"Hello World\")",
                  "err": {},
                  "uuid": "c0c9dafc-b3ac-4b1e-834a-290fec8c4585",
                  "parentUUID": "8f09cec6-1865-4c90-933d-942becc99032",
                  "isHook": false,
                  "skipped": false
                },
                {
                  "title": "should work (live)",
                  "fullTitle": "LocalAPI postMessage() should work (live)",
                  "timedOut": false,
                  "duration": 0,
                  "state": "pending",
                  "speed": null,
                  "pass": false,
                  "fail": false,
                  "pending": true,
                  "context": null,
                  "code": "",
                  "err": {},
                  "uuid": "30df226a-232e-4fe0-b558-8692b1bdecc3",
                  "parentUUID": "8f09cec6-1865-4c90-933d-942becc99032",
                  "isHook": false,
                  "skipped": false
                }
              ],
              "suites": [],
              "passes": [
                "c0c9dafc-b3ac-4b1e-834a-290fec8c4585"
              ],
              "failures": [],
              "pending": [
                "30df226a-232e-4fe0-b558-8692b1bdecc3"
              ],
              "skipped": [],
              "duration": 1,
              "root": false,
              "rootEmpty": false,
              "_timeout": 30000
            }
          ],
          "passes": [],
          "failures": [],
          "pending": [],
          "skipped": [],
          "duration": 0,
          "root": false,
          "rootEmpty": false,
          "_timeout": 30000
        },
        {
          "uuid": "d6e9d341-ce40-4a59-a754-804927520d14",
          "title": "Message",
          "fullFile": "/home/runner/work/vestaboard/vestaboard/test/lib/message.ts",
          "file": "/test/lib/message.ts",
          "beforeHooks": [],
          "afterHooks": [],
          "tests": [],
          "suites": [
            {
              "uuid": "93e60f15-d58b-46f8-8f28-9c293a176de1",
              "title": "constructor",
              "fullFile": "/home/runner/work/vestaboard/vestaboard/test/lib/message.ts",
              "file": "/test/lib/message.ts",
              "beforeHooks": [],
              "afterHooks": [],
              "tests": [
                {
                  "title": "should center the message given",
                  "fullTitle": "Message constructor should center the message given",
                  "timedOut": false,
                  "duration": 2,
                  "state": "passed",
                  "speed": "fast",
                  "pass": true,
                  "fail": false,
                  "pending": false,
                  "context": null,
                  "code": "import_assert.default.strictEqual(new import_message.default(\"Hello World\").toString(),\"#==============================================#\\n#                                              #\\n#                                              #\\n#           H E L L O   W O R L D              #\\n#                                              #\\n#                                              #\\n#                                              #\\n#==============================================#\\n\")",
                  "err": {},
                  "uuid": "cb4b5012-c782-4a5a-b586-e1650c180e61",
                  "parentUUID": "93e60f15-d58b-46f8-8f28-9c293a176de1",
                  "isHook": false,
                  "skipped": false
                },
                {
                  "title": "should also support a char array",
                  "fullTitle": "Message constructor should also support a char array",
                  "timedOut": false,
                  "duration": 0,
                  "state": "passed",
                  "speed": "fast",
                  "pass": true,
                  "fail": false,
                  "pending": false,
                  "context": null,
                  "code": "const msg=new import_message.default;msg.fill(\"\\u{1F7E5}\\u{1F7E7}\\u{1F7E8}\\u{1F7E9}\\u{1F7E6}\\u{1F7EA} \");import_assert.default.deepStrictEqual(new import_message.default(msg.toCharArray()).toCharArray(),msg.toCharArray())",
                  "err": {},
                  "uuid": "a72b5074-6765-4365-b0a5-a742a6fec367",
                  "parentUUID": "93e60f15-d58b-46f8-8f28-9c293a176de1",
                  "isHook": false,
                  "skipped": false
                }
              ],
              "suites": [],
              "passes": [
                "cb4b5012-c782-4a5a-b586-e1650c180e61",
                "a72b5074-6765-4365-b0a5-a742a6fec367"
              ],
              "failures": [],
              "pending": [],
              "skipped": [],
              "duration": 2,
              "root": false,
              "rootEmpty": false,
              "_timeout": 2000
            },
            {
              "uuid": "ccfea37c-8620-401f-a4d9-fc7cd7ac49a5",
              "title": "static string2chars()",
              "fullFile": "/home/runner/work/vestaboard/vestaboard/test/lib/message.ts",
              "file": "/test/lib/message.ts",
              "beforeHooks": [],
              "afterHooks": [],
              "tests": [
                {
                  "title": "should work",
                  "fullTitle": "Message static string2chars() should work",
                  "timedOut": false,
                  "duration": 0,
                  "state": "passed",
                  "speed": "fast",
                  "pass": true,
                  "fail": false,
                  "pending": false,
                  "context": null,
                  "code": "import_assert.default.deepStrictEqual(import_message.default.string2chars(\"Hello\"),[8,5,12,12,15])",
                  "err": {},
                  "uuid": "4274b84d-73e3-4f65-a021-30084cdfd366",
                  "parentUUID": "ccfea37c-8620-401f-a4d9-fc7cd7ac49a5",
                  "isHook": false,
                  "skipped": false
                },
                {
                  "title": "should handle german umlauts",
                  "fullTitle": "Message static string2chars() should handle german umlauts",
                  "timedOut": false,
                  "duration": 0,
                  "state": "passed",
                  "speed": "fast",
                  "pass": true,
                  "fail": false,
                  "pending": false,
                  "context": null,
                  "code": "import_assert.default.deepStrictEqual(import_message.default.string2chars(\"K\\xE4se\"),[11,1,5,19,5])",
                  "err": {},
                  "uuid": "96e4979d-b100-4352-b522-ff98e43b0588",
                  "parentUUID": "ccfea37c-8620-401f-a4d9-fc7cd7ac49a5",
                  "isHook": false,
                  "skipped": false
                },
                {
                  "title": "should handle color emojis",
                  "fullTitle": "Message static string2chars() should handle color emojis",
                  "timedOut": false,
                  "duration": 0,
                  "state": "passed",
                  "speed": "fast",
                  "pass": true,
                  "fail": false,
                  "pending": false,
                  "context": null,
                  "code": "import_assert.default.deepStrictEqual(import_message.default.string2chars(\"\\u{1F7E5}\\u{1F7E7}\\u{1F7E8}\\u{1F7E9}\\u{1F7E6}\\u{1F7EA}\\u2B1C\\u2B1B\"),[63,64,65,66,67,68,69,0])",
                  "err": {},
                  "uuid": "ad9dee3b-b646-4483-9f03-f3fe44b2e344",
                  "parentUUID": "ccfea37c-8620-401f-a4d9-fc7cd7ac49a5",
                  "isHook": false,
                  "skipped": false
                },
                {
                  "title": "should remove special chars",
                  "fullTitle": "Message static string2chars() should remove special chars",
                  "timedOut": false,
                  "duration": 0,
                  "state": "passed",
                  "speed": "fast",
                  "pass": true,
                  "fail": false,
                  "pending": false,
                  "context": null,
                  "code": "import_assert.default.deepStrictEqual(import_message.default.string2chars(\"H\\u2377llo\",{fallbackChar:null}),[8,12,12,15]);import_assert.default.deepStrictEqual(import_message.default.string2chars(\"H\\u2377llo\"),[8,60,12,12,15])",
                  "err": {},
                  "uuid": "29daae88-02dd-4f85-8780-5e131f4267c8",
                  "parentUUID": "ccfea37c-8620-401f-a4d9-fc7cd7ac49a5",
                  "isHook": false,
                  "skipped": false
                },
                {
                  "title": "should work with all charts defined in CHAR_MAP",
                  "fullTitle": "Message static string2chars() should work with all charts defined in CHAR_MAP",
                  "timedOut": false,
                  "duration": 6,
                  "state": "passed",
                  "speed": "fast",
                  "pass": true,
                  "fail": false,
                  "pending": false,
                  "context": null,
                  "code": "let text=\"\";const result=[];import_message.CHAR_MAP.forEach(([str,chars])=>{const actual=import_message.default.string2chars(str,{removeUnsupportedWords:false});const expected=chars.length!==1||chars[0]!==-2?chars:[0];import_assert.default.deepStrictEqual(actual,expected,`Unable to process char \"${str}\": string2chars returned ${JSON.stringify(actual)}, but expected result was ${JSON.stringify(expected)}`);text+=str;result.push(...expected)});import_assert.default.deepStrictEqual(import_message.default.string2chars(text,{removeUnsupportedWords:false}),result)",
                  "err": {},
                  "uuid": "f4b56eb7-25dc-4d85-bc56-30fc32a55629",
                  "parentUUID": "ccfea37c-8620-401f-a4d9-fc7cd7ac49a5",
                  "isHook": false,
                  "skipped": false
                }
              ],
              "suites": [],
              "passes": [
                "4274b84d-73e3-4f65-a021-30084cdfd366",
                "96e4979d-b100-4352-b522-ff98e43b0588",
                "ad9dee3b-b646-4483-9f03-f3fe44b2e344",
                "29daae88-02dd-4f85-8780-5e131f4267c8",
                "f4b56eb7-25dc-4d85-bc56-30fc32a55629"
              ],
              "failures": [],
              "pending": [],
              "skipped": [],
              "duration": 6,
              "root": false,
              "rootEmpty": false,
              "_timeout": 2000
            },
            {
              "uuid": "59c8c43a-e050-4848-9e86-04527b71187a",
              "title": "static splitCharsIntoLines()",
              "fullFile": "/home/runner/work/vestaboard/vestaboard/test/lib/message.ts",
              "file": "/test/lib/message.ts",
              "beforeHooks": [],
              "afterHooks": [],
              "tests": [
                {
                  "title": "should split words by whitespace",
                  "fullTitle": "Message static splitCharsIntoLines() should split words by whitespace",
                  "timedOut": false,
                  "duration": 0,
                  "state": "passed",
                  "speed": "fast",
                  "pass": true,
                  "fail": false,
                  "pending": false,
                  "context": null,
                  "code": "const chars=import_message.default.string2chars(\"Hello World\");import_assert.default.deepEqual(import_message.default.splitCharsIntoLines(chars,[22,22]),[[8,5,12,12,15,0,23,15,18,12,4]]);import_assert.default.deepEqual(import_message.default.splitCharsIntoLines(chars,[8,8]),[[8,5,12,12,15],[23,15,18,12,4]])",
                  "err": {},
                  "uuid": "6b925807-cffc-4514-9c3d-ebbdedaaea4b",
                  "parentUUID": "59c8c43a-e050-4848-9e86-04527b71187a",
                  "isHook": false,
                  "skipped": false
                },
                {
                  "title": "should split words by dash",
                  "fullTitle": "Message static splitCharsIntoLines() should split words by dash",
                  "timedOut": false,
                  "duration": 1,
                  "state": "passed",
                  "speed": "fast",
                  "pass": true,
                  "fail": false,
                  "pending": false,
                  "context": null,
                  "code": "const chars=import_message.default.string2chars(\"Hello-World\");import_assert.default.deepEqual(import_message.default.splitCharsIntoLines(chars,[22,22]),[[8,5,12,12,15,44,23,15,18,12,4]]);import_assert.default.deepEqual(import_message.default.splitCharsIntoLines(chars,[8,8]),[[8,5,12,12,15,44],[23,15,18,12,4]])",
                  "err": {},
                  "uuid": "06383497-d619-40fd-8f6c-e96bd0927912",
                  "parentUUID": "59c8c43a-e050-4848-9e86-04527b71187a",
                  "isHook": false,
                  "skipped": false
                },
                {
                  "title": "should auto-split very long words",
                  "fullTitle": "Message static splitCharsIntoLines() should auto-split very long words",
                  "timedOut": false,
                  "duration": 1,
                  "state": "passed",
                  "speed": "fast",
                  "pass": true,
                  "fail": false,
                  "pending": false,
                  "context": null,
                  "code": "const chars=import_message.default.string2chars(\"Rindfleischetikettierungsueberwachungsaufgabenuebertragungsgesetz\");import_assert.default.deepEqual(import_message.default.splitCharsIntoLines(chars,[22,22]),[[18,9,14,4,6,12,5,9,19,3,8,5,20,9,11,5,20,20,9,5,18,44],[21,14,7,19,21,5,2,5,18,23,1,3,8,21,14,7,19,1,21,6,7,44],[1,2,5,14,21,5,2,5,18,20,18,1,7,21,14,7,19,7,5,19,5,44],[20,26]])",
                  "err": {},
                  "uuid": "e7b419e2-11c5-4625-8144-7d0495370376",
                  "parentUUID": "59c8c43a-e050-4848-9e86-04527b71187a",
                  "isHook": false,
                  "skipped": false
                }
              ],
              "suites": [],
              "passes": [
                "6b925807-cffc-4514-9c3d-ebbdedaaea4b",
                "06383497-d619-40fd-8f6c-e96bd0927912",
                "e7b419e2-11c5-4625-8144-7d0495370376"
              ],
              "failures": [],
              "pending": [],
              "skipped": [],
              "duration": 2,
              "root": false,
              "rootEmpty": false,
              "_timeout": 2000
            },
            {
              "uuid": "ccb7f805-2d33-423d-a394-2a522050cf13",
              "title": "static removeEmojisFromChars()",
              "fullFile": "/home/runner/work/vestaboard/vestaboard/test/lib/message.ts",
              "file": "/test/lib/message.ts",
              "beforeHooks": [],
              "afterHooks": [],
              "tests": [
                {
                  "title": "should not trim texts without emoji words",
                  "fullTitle": "Message static removeEmojisFromChars() should not trim texts without emoji words",
                  "timedOut": false,
                  "duration": 0,
                  "state": "passed",
                  "speed": "fast",
                  "pass": true,
                  "fail": false,
                  "pending": false,
                  "context": null,
                  "code": "import_assert.default.deepStrictEqual(import_message.default.string2chars(\"Hello World\"),[8,5,12,12,15,0,23,15,18,12,4])",
                  "err": {},
                  "uuid": "009b93fc-5bd5-43b8-b7c7-c717250739e1",
                  "parentUUID": "ccb7f805-2d33-423d-a394-2a522050cf13",
                  "isHook": false,
                  "skipped": false
                },
                {
                  "title": "should trim emoji prefixes",
                  "fullTitle": "Message static removeEmojisFromChars() should trim emoji prefixes",
                  "timedOut": false,
                  "duration": 1,
                  "state": "passed",
                  "speed": "fast",
                  "pass": true,
                  "fail": false,
                  "pending": false,
                  "context": null,
                  "code": "import_assert.default.deepStrictEqual(import_message.default.removeEmojisFromChars(import_message.default.string2chars(\"\\u{1F44B}\\u{1F3FC}Hello\")),[8,5,12,12,15]);import_assert.default.deepStrictEqual(import_message.default.removeEmojisFromChars(import_message.default.string2chars(\"\\u{1F44B}\\u{1F3FC} Hello\")),[8,5,12,12,15])",
                  "err": {},
                  "uuid": "270c02d8-8211-4658-9685-6341b9f5002b",
                  "parentUUID": "ccb7f805-2d33-423d-a394-2a522050cf13",
                  "isHook": false,
                  "skipped": false
                },
                {
                  "title": "should trim emoji postfixes",
                  "fullTitle": "Message static removeEmojisFromChars() should trim emoji postfixes",
                  "timedOut": false,
                  "duration": 0,
                  "state": "passed",
                  "speed": "fast",
                  "pass": true,
                  "fail": false,
                  "pending": false,
                  "context": null,
                  "code": "import_assert.default.deepStrictEqual(import_message.default.removeEmojisFromChars(import_message.default.string2chars(\"Hello\\u{1F44B}\\u{1F3FC}\")),[8,5,12,12,15]);import_assert.default.deepStrictEqual(import_message.default.removeEmojisFromChars(import_message.default.string2chars(\"Hello \\u{1F44B}\\u{1F3FC}\")),[8,5,12,12,15])",
                  "err": {},
                  "uuid": "46f35252-c639-40b2-a5d8-ac19c8ea234a",
                  "parentUUID": "ccb7f805-2d33-423d-a394-2a522050cf13",
                  "isHook": false,
                  "skipped": false
                },
                {
                  "title": "should trim emoji words",
                  "fullTitle": "Message static removeEmojisFromChars() should trim emoji words",
                  "timedOut": false,
                  "duration": 1,
                  "state": "passed",
                  "speed": "fast",
                  "pass": true,
                  "fail": false,
                  "pending": false,
                  "context": null,
                  "code": "import_assert.default.deepStrictEqual(import_message.default.removeEmojisFromChars(import_message.default.string2chars(\"Hello \\u{1F44B}\\u{1F3FC}\\u{1F44B}\\u{1F3FC} World\")),[8,5,12,12,15,0,23,15,18,12,4])",
                  "err": {},
                  "uuid": "04789381-6c14-4b3c-8bf2-cac77e864e0e",
                  "parentUUID": "ccb7f805-2d33-423d-a394-2a522050cf13",
                  "isHook": false,
                  "skipped": false
                }
              ],
              "suites": [],
              "passes": [
                "009b93fc-5bd5-43b8-b7c7-c717250739e1",
                "270c02d8-8211-4658-9685-6341b9f5002b",
                "46f35252-c639-40b2-a5d8-ac19c8ea234a",
                "04789381-6c14-4b3c-8bf2-cac77e864e0e"
              ],
              "failures": [],
              "pending": [],
              "skipped": [],
              "duration": 2,
              "root": false,
              "rootEmpty": false,
              "_timeout": 2000
            },
            {
              "uuid": "a7f79988-e2f2-48fe-a1e6-c70546fdb807",
              "title": "static getColumnSizesFromData()",
              "fullFile": "/home/runner/work/vestaboard/vestaboard/test/lib/message.ts",
              "file": "/test/lib/message.ts",
              "beforeHooks": [],
              "afterHooks": [],
              "tests": [
                {
                  "title": "should work with a very basic example",
                  "fullTitle": "Message static getColumnSizesFromData() should work with a very basic example",
                  "timedOut": false,
                  "duration": 1,
                  "state": "passed",
                  "speed": "fast",
                  "pass": true,
                  "fail": false,
                  "pending": false,
                  "context": null,
                  "code": "import_assert.default.deepStrictEqual(import_message.default.getColumnSizesFromData([[\"now\",\"Daily\"],[\"13:00\",\"Secret Meeting\"]]),[6,15])",
                  "err": {},
                  "uuid": "f22bd5b5-7781-4bda-9bd2-f1b28ed3909c",
                  "parentUUID": "a7f79988-e2f2-48fe-a1e6-c70546fdb807",
                  "isHook": false,
                  "skipped": false
                },
                {
                  "title": "should work without data",
                  "fullTitle": "Message static getColumnSizesFromData() should work without data",
                  "timedOut": false,
                  "duration": 0,
                  "state": "passed",
                  "speed": "fast",
                  "pass": true,
                  "fail": false,
                  "pending": false,
                  "context": null,
                  "code": "import_assert.default.deepStrictEqual(import_message.default.getColumnSizesFromData([]),[])",
                  "err": {},
                  "uuid": "cd99da2c-c8eb-45a5-bf05-80c21130d5e0",
                  "parentUUID": "a7f79988-e2f2-48fe-a1e6-c70546fdb807",
                  "isHook": false,
                  "skipped": false
                },
                {
                  "title": "should work with only one column",
                  "fullTitle": "Message static getColumnSizesFromData() should work with only one column",
                  "timedOut": false,
                  "duration": 0,
                  "state": "passed",
                  "speed": "fast",
                  "pass": true,
                  "fail": false,
                  "pending": false,
                  "context": null,
                  "code": "import_assert.default.deepStrictEqual(import_message.default.getColumnSizesFromData([[\"Daily\"],[\"Secret Meeting\"]]),[22])",
                  "err": {},
                  "uuid": "4657e40d-3438-4a97-b8e0-6e6fb8bfe63e",
                  "parentUUID": "a7f79988-e2f2-48fe-a1e6-c70546fdb807",
                  "isHook": false,
                  "skipped": false
                },
                {
                  "title": "should work if length is not enough",
                  "fullTitle": "Message static getColumnSizesFromData() should work if length is not enough",
                  "timedOut": false,
                  "duration": 0,
                  "state": "passed",
                  "speed": "fast",
                  "pass": true,
                  "fail": false,
                  "pending": false,
                  "context": null,
                  "code": "import_assert.default.deepStrictEqual(import_message.default.getColumnSizesFromData([[\"now\",\"Daily\"],[\"13:00\",\"Super Secret Meeting\"]]),[5,16])",
                  "err": {},
                  "uuid": "d0eae197-1827-4a9a-9cb1-9383c939f733",
                  "parentUUID": "a7f79988-e2f2-48fe-a1e6-c70546fdb807",
                  "isHook": false,
                  "skipped": false
                },
                {
                  "title": "should throw error if rows have different number of columns",
                  "fullTitle": "Message static getColumnSizesFromData() should throw error if rows have different number of columns",
                  "timedOut": false,
                  "duration": 1,
                  "state": "passed",
                  "speed": "fast",
                  "pass": true,
                  "fail": false,
                  "pending": false,
                  "context": null,
                  "code": "import_assert.default.throws(()=>{new import_message.default().table([[\"now\",\"Daily\"],[\"13:00\",\"Secret Meeting\",\"\\u{1F7E5}\"]])},/Unable to render table: Row 1 has 3 entries, but first row has 2!/)",
                  "err": {},
                  "uuid": "a86a99b6-bc15-44aa-ab74-4f6abe0b5ed8",
                  "parentUUID": "a7f79988-e2f2-48fe-a1e6-c70546fdb807",
                  "isHook": false,
                  "skipped": false
                }
              ],
              "suites": [],
              "passes": [
                "f22bd5b5-7781-4bda-9bd2-f1b28ed3909c",
                "cd99da2c-c8eb-45a5-bf05-80c21130d5e0",
                "4657e40d-3438-4a97-b8e0-6e6fb8bfe63e",
                "d0eae197-1827-4a9a-9cb1-9383c939f733",
                "a86a99b6-bc15-44aa-ab74-4f6abe0b5ed8"
              ],
              "failures": [],
              "pending": [],
              "skipped": [],
              "duration": 2,
              "root": false,
              "rootEmpty": false,
              "_timeout": 2000
            },
            {
              "uuid": "5df3de5b-c62b-4997-b7fa-02e9e315c91c",
              "title": "fill()",
              "fullFile": "/home/runner/work/vestaboard/vestaboard/test/lib/message.ts",
              "file": "/test/lib/message.ts",
              "beforeHooks": [],
              "afterHooks": [],
              "tests": [
                {
                  "title": "should work with default",
                  "fullTitle": "Message fill() should work with default",
                  "timedOut": false,
                  "duration": 1,
                  "state": "passed",
                  "speed": "fast",
                  "pass": true,
                  "fail": false,
                  "pending": false,
                  "context": null,
                  "code": "const msg=new import_message.default;msg.write(\"Hello World\");msg.fill();import_assert.default.strictEqual(msg.toString(),\"#==============================================#\\n#                                              #\\n#                                              #\\n#                                              #\\n#                                              #\\n#                                              #\\n#                                              #\\n#==============================================#\\n\")",
                  "err": {},
                  "uuid": "eff62bf2-5bde-4e51-a192-2db1e86c6a38",
                  "parentUUID": "5df3de5b-c62b-4997-b7fa-02e9e315c91c",
                  "isHook": false,
                  "skipped": false
                },
                {
                  "title": "should work with single chars",
                  "fullTitle": "Message fill() should work with single chars",
                  "timedOut": false,
                  "duration": 2,
                  "state": "passed",
                  "speed": "fast",
                  "pass": true,
                  "fail": false,
                  "pending": false,
                  "context": null,
                  "code": "const msg=new import_message.default;msg.fill(\"\\u{1F7E5}\");import_assert.default.strictEqual(msg.toString(),\"#==============================================#\\n# \\u{1F7E5}\\u{1F7E5}\\u{1F7E5}\\u{1F7E5}\\u{1F7E5}\\u{1F7E5}\\u{1F7E5}\\u{1F7E5}\\u{1F7E5}\\u{1F7E5}\\u{1F7E5}\\u{1F7E5}\\u{1F7E5}\\u{1F7E5}\\u{1F7E5}\\u{1F7E5}\\u{1F7E5}\\u{1F7E5}\\u{1F7E5}\\u{1F7E5}\\u{1F7E5}\\u{1F7E5} #\\n# \\u{1F7E5}\\u{1F7E5}\\u{1F7E5}\\u{1F7E5}\\u{1F7E5}\\u{1F7E5}\\u{1F7E5}\\u{1F7E5}\\u{1F7E5}\\u{1F7E5}\\u{1F7E5}\\u{1F7E5}\\u{1F7E5}\\u{1F7E5}\\u{1F7E5}\\u{1F7E5}\\u{1F7E5}\\u{1F7E5}\\u{1F7E5}\\u{1F7E5}\\u{1F7E5}\\u{1F7E5} #\\n# \\u{1F7E5}\\u{1F7E5}\\u{1F7E5}\\u{1F7E5}\\u{1F7E5}\\u{1F7E5}\\u{1F7E5}\\u{1F7E5}\\u{1F7E5}\\u{1F7E5}\\u{1F7E5}\\u{1F7E5}\\u{1F7E5}\\u{1F7E5}\\u{1F7E5}\\u{1F7E5}\\u{1F7E5}\\u{1F7E5}\\u{1F7E5}\\u{1F7E5}\\u{1F7E5}\\u{1F7E5} #\\n# \\u{1F7E5}\\u{1F7E5}\\u{1F7E5}\\u{1F7E5}\\u{1F7E5}\\u{1F7E5}\\u{1F7E5}\\u{1F7E5}\\u{1F7E5}\\u{1F7E5}\\u{1F7E5}\\u{1F7E5}\\u{1F7E5}\\u{1F7E5}\\u{1F7E5}\\u{1F7E5}\\u{1F7E5}\\u{1F7E5}\\u{1F7E5}\\u{1F7E5}\\u{1F7E5}\\u{1F7E5} #\\n# \\u{1F7E5}\\u{1F7E5}\\u{1F7E5}\\u{1F7E5}\\u{1F7E5}\\u{1F7E5}\\u{1F7E5}\\u{1F7E5}\\u{1F7E5}\\u{1F7E5}\\u{1F7E5}\\u{1F7E5}\\u{1F7E5}\\u{1F7E5}\\u{1F7E5}\\u{1F7E5}\\u{1F7E5}\\u{1F7E5}\\u{1F7E5}\\u{1F7E5}\\u{1F7E5}\\u{1F7E5} #\\n# \\u{1F7E5}\\u{1F7E5}\\u{1F7E5}\\u{1F7E5}\\u{1F7E5}\\u{1F7E5}\\u{1F7E5}\\u{1F7E5}\\u{1F7E5}\\u{1F7E5}\\u{1F7E5}\\u{1F7E5}\\u{1F7E5}\\u{1F7E5}\\u{1F7E5}\\u{1F7E5}\\u{1F7E5}\\u{1F7E5}\\u{1F7E5}\\u{1F7E5}\\u{1F7E5}\\u{1F7E5} #\\n#==============================================#\\n\")",
                  "err": {},
                  "uuid": "e2799780-d794-48fb-8c55-e85ee6607618",
                  "parentUUID": "5df3de5b-c62b-4997-b7fa-02e9e315c91c",
                  "isHook": false,
                  "skipped": false
                },
                {
                  "title": "should work with multiple chars",
                  "fullTitle": "Message fill() should work with multiple chars",
                  "timedOut": false,
                  "duration": 1,
                  "state": "passed",
                  "speed": "fast",
                  "pass": true,
                  "fail": false,
                  "pending": false,
                  "context": null,
                  "code": "const msg=new import_message.default;msg.fill(\"\\u{1F7E5}\\u{1F7E7}\\u{1F7E8}\\u{1F7E9}\\u{1F7E6}\\u{1F7EA}\");import_assert.default.strictEqual(msg.toString(),\"#==============================================#\\n# \\u{1F7E5}\\u{1F7E7}\\u{1F7E8}\\u{1F7E9}\\u{1F7E6}\\u{1F7EA}\\u{1F7E5}\\u{1F7E7}\\u{1F7E8}\\u{1F7E9}\\u{1F7E6}\\u{1F7EA}\\u{1F7E5}\\u{1F7E7}\\u{1F7E8}\\u{1F7E9}\\u{1F7E6}\\u{1F7EA}\\u{1F7E5}\\u{1F7E7}\\u{1F7E8}\\u{1F7E9} #\\n# \\u{1F7E6}\\u{1F7EA}\\u{1F7E5}\\u{1F7E7}\\u{1F7E8}\\u{1F7E9}\\u{1F7E6}\\u{1F7EA}\\u{1F7E5}\\u{1F7E7}\\u{1F7E8}\\u{1F7E9}\\u{1F7E6}\\u{1F7EA}\\u{1F7E5}\\u{1F7E7}\\u{1F7E8}\\u{1F7E9}\\u{1F7E6}\\u{1F7EA}\\u{1F7E5}\\u{1F7E7} #\\n# \\u{1F7E8}\\u{1F7E9}\\u{1F7E6}\\u{1F7EA}\\u{1F7E5}\\u{1F7E7}\\u{1F7E8}\\u{1F7E9}\\u{1F7E6}\\u{1F7EA}\\u{1F7E5}\\u{1F7E7}\\u{1F7E8}\\u{1F7E9}\\u{1F7E6}\\u{1F7EA}\\u{1F7E5}\\u{1F7E7}\\u{1F7E8}\\u{1F7E9}\\u{1F7E6}\\u{1F7EA} #\\n# \\u{1F7E5}\\u{1F7E7}\\u{1F7E8}\\u{1F7E9}\\u{1F7E6}\\u{1F7EA}\\u{1F7E5}\\u{1F7E7}\\u{1F7E8}\\u{1F7E9}\\u{1F7E6}\\u{1F7EA}\\u{1F7E5}\\u{1F7E7}\\u{1F7E8}\\u{1F7E9}\\u{1F7E6}\\u{1F7EA}\\u{1F7E5}\\u{1F7E7}\\u{1F7E8}\\u{1F7E9} #\\n# \\u{1F7E6}\\u{1F7EA}\\u{1F7E5}\\u{1F7E7}\\u{1F7E8}\\u{1F7E9}\\u{1F7E6}\\u{1F7EA}\\u{1F7E5}\\u{1F7E7}\\u{1F7E8}\\u{1F7E9}\\u{1F7E6}\\u{1F7EA}\\u{1F7E5}\\u{1F7E7}\\u{1F7E8}\\u{1F7E9}\\u{1F7E6}\\u{1F7EA}\\u{1F7E5}\\u{1F7E7} #\\n# \\u{1F7E8}\\u{1F7E9}\\u{1F7E6}\\u{1F7EA}\\u{1F7E5}\\u{1F7E7}\\u{1F7E8}\\u{1F7E9}\\u{1F7E6}\\u{1F7EA}\\u{1F7E5}\\u{1F7E7}\\u{1F7E8}\\u{1F7E9}\\u{1F7E6}\\u{1F7EA}\\u{1F7E5}\\u{1F7E7}\\u{1F7E8}\\u{1F7E9}\\u{1F7E6}\\u{1F7EA} #\\n#==============================================#\\n\")",
                  "err": {},
                  "uuid": "103540e6-f050-4bff-9a4c-54c689fc3fba",
                  "parentUUID": "5df3de5b-c62b-4997-b7fa-02e9e315c91c",
                  "isHook": false,
                  "skipped": false
                }
              ],
              "suites": [],
              "passes": [
                "eff62bf2-5bde-4e51-a192-2db1e86c6a38",
                "e2799780-d794-48fb-8c55-e85ee6607618",
                "103540e6-f050-4bff-9a4c-54c689fc3fba"
              ],
              "failures": [],
              "pending": [],
              "skipped": [],
              "duration": 4,
              "root": false,
              "rootEmpty": false,
              "_timeout": 2000
            },
            {
              "uuid": "02fb6b6f-25a0-4167-a153-024b20b2c8b4",
              "title": "write()",
              "fullFile": "/home/runner/work/vestaboard/vestaboard/test/lib/message.ts",
              "file": "/test/lib/message.ts",
              "beforeHooks": [],
              "afterHooks": [],
              "tests": [
                {
                  "title": "should start writing from top/left",
                  "fullTitle": "Message write() should start writing from top/left",
                  "timedOut": false,
                  "duration": 0,
                  "state": "passed",
                  "speed": "fast",
                  "pass": true,
                  "fail": false,
                  "pending": false,
                  "context": null,
                  "code": "const msg=new import_message.default;msg.write(\"Hello World\");import_assert.default.strictEqual(msg.toString(),\"#==============================================#\\n# H E L L O   W O R L D                        #\\n#                                              #\\n#                                              #\\n#                                              #\\n#                                              #\\n#                                              #\\n#==============================================#\\n\")",
                  "err": {},
                  "uuid": "2cfb693d-6ac4-4d96-bd4a-7b7070536a8c",
                  "parentUUID": "02fb6b6f-25a0-4167-a153-024b20b2c8b4",
                  "isHook": false,
                  "skipped": false
                },
                {
                  "title": "should accept line & row for positioning",
                  "fullTitle": "Message write() should accept line & row for positioning",
                  "timedOut": false,
                  "duration": 1,
                  "state": "passed",
                  "speed": "fast",
                  "pass": true,
                  "fail": false,
                  "pending": false,
                  "context": null,
                  "code": "const msg=new import_message.default;msg.write(\"Hello World\",{position:{line:2,row:5}});import_assert.default.strictEqual(msg.toString(),\"#==============================================#\\n#                                              #\\n#                                              #\\n#           H E L L O   W O R L D              #\\n#                                              #\\n#                                              #\\n#                                              #\\n#==============================================#\\n\")",
                  "err": {},
                  "uuid": "222edc22-f9a1-44a0-b19f-9306db6d1c7d",
                  "parentUUID": "02fb6b6f-25a0-4167-a153-024b20b2c8b4",
                  "isHook": false,
                  "skipped": false
                },
                {
                  "title": "should add another line if text is too long",
                  "fullTitle": "Message write() should add another line if text is too long",
                  "timedOut": false,
                  "duration": 3,
                  "state": "passed",
                  "speed": "fast",
                  "pass": true,
                  "fail": false,
                  "pending": false,
                  "context": null,
                  "code": "const msg=new import_message.default;msg.write(\"Lorem ipsum dolor sit amet, consetetur sadipscing elitr, sed diam nonumy eirmod tempor invidunt\");import_assert.default.strictEqual(msg.toString(),\"#==============================================#\\n# L O R E M   I P S U M   D O L O R   S I T    #\\n# A M E T ,   C O N S E T E T U R              #\\n# S A D I P S C I N G   E L I T R ,   S E D    #\\n# D I A M   N O N U M Y   E I R M O D          #\\n# T E M P O R   I N V I D U N T                #\\n#                                              #\\n#==============================================#\\n\")",
                  "err": {},
                  "uuid": "4c0cd612-8b4c-466b-899a-dedba1a608f1",
                  "parentUUID": "02fb6b6f-25a0-4167-a153-024b20b2c8b4",
                  "isHook": false,
                  "skipped": false
                },
                {
                  "title": "should work with words > board length",
                  "fullTitle": "Message write() should work with words > board length",
                  "timedOut": false,
                  "duration": 1,
                  "state": "passed",
                  "speed": "fast",
                  "pass": true,
                  "fail": false,
                  "pending": false,
                  "context": null,
                  "code": "const msg=new import_message.default;msg.write(\"Lorem-ipsum-dolor-sit-amet\");import_assert.default.strictEqual(msg.toString(),\"#==============================================#\\n# L O R E M - I P S U M - D O L O R - S I T -  #\\n# A M E T                                      #\\n#                                              #\\n#                                              #\\n#                                              #\\n#                                              #\\n#==============================================#\\n\")",
                  "err": {},
                  "uuid": "a5c4b616-5929-4a55-8bb4-d48ec6b6206c",
                  "parentUUID": "02fb6b6f-25a0-4167-a153-024b20b2c8b4",
                  "isHook": false,
                  "skipped": false
                },
                {
                  "title": "should allow to use NEXT_LINE flag",
                  "fullTitle": "Message write() should allow to use NEXT_LINE flag",
                  "timedOut": false,
                  "duration": 2,
                  "state": "passed",
                  "speed": "fast",
                  "pass": true,
                  "fail": false,
                  "pending": false,
                  "context": null,
                  "code": "const msg=new import_message.default;msg.write(\"13:00\",{position:import_types.MessageWritePosition.NEXT_LINE});msg.write(\"Daily\",{indent:true});msg.write(\"\",{position:import_types.MessageWritePosition.NEXT_LINE});msg.write(\"18:00\",{position:import_types.MessageWritePosition.NEXT_LINE});msg.write(\"Fischst\\xE4bchen, Spinat & Ei\",{indent:true});msg.write(\"\",{position:import_types.MessageWritePosition.NEXT_LINE});msg.write(\"20:00\",{position:import_types.MessageWritePosition.NEXT_LINE});msg.write(\"Sandm\\xE4nnchen\",{indent:true});import_assert.default.strictEqual(msg.toString(),\"#==============================================#\\n# 1 3 : 0 0   D A I L Y                        #\\n#                                              #\\n# 1 8 : 0 0   F I S C H S T A E B C H E N ,    #\\n#             S P I N A T   &   E I            #\\n#                                              #\\n# 2 0 : 0 0   S A N D M A E N N C H E N        #\\n#==============================================#\\n\")",
                  "err": {},
                  "uuid": "00d5ad10-5019-4a18-81bf-f78eeee56fc6",
                  "parentUUID": "02fb6b6f-25a0-4167-a153-024b20b2c8b4",
                  "isHook": false,
                  "skipped": false
                },
                {
                  "title": "should support the NO_SPACE_BETWEEN flag",
                  "fullTitle": "Message write() should support the NO_SPACE_BETWEEN flag",
                  "timedOut": false,
                  "duration": 2,
                  "state": "passed",
                  "speed": "fast",
                  "pass": true,
                  "fail": false,
                  "pending": false,
                  "context": null,
                  "code": "const msg=new import_message.default;msg.write(\"Rindfleisch\").write(\"etikettierungs\",{position:import_types.MessageWritePosition.NO_SPACE_BETWEEN}).write(\"ueberwachungs\",{position:import_types.MessageWritePosition.NO_SPACE_BETWEEN}).write(\"aufgaben\",{position:import_types.MessageWritePosition.NO_SPACE_BETWEEN}).write(\"uebertragungs\",{position:import_types.MessageWritePosition.NO_SPACE_BETWEEN}).write(\"gesetz\",{position:import_types.MessageWritePosition.NO_SPACE_BETWEEN}).write(\"(das)\");import_assert.default.strictEqual(msg.toString(),\"#==============================================#\\n# R I N D F L E I S C H                        #\\n# E T I K E T T I E R U N G S                  #\\n# U E B E R W A C H U N G S A U F G A B E N    #\\n# U E B E R T R A G U N G S G E S E T Z        #\\n# ( D A S )                                    #\\n#                                              #\\n#==============================================#\\n\")",
                  "err": {},
                  "uuid": "42881f66-52ac-4814-994c-5cee9145c09a",
                  "parentUUID": "02fb6b6f-25a0-4167-a153-024b20b2c8b4",
                  "isHook": false,
                  "skipped": false
                },
                {
                  "title": "should support \\n",
                  "fullTitle": "Message write() should support \\n",
                  "timedOut": false,
                  "duration": 3,
                  "state": "passed",
                  "speed": "fast",
                  "pass": true,
                  "fail": false,
                  "pending": false,
                  "context": null,
                  "code": "import_assert.default.strictEqual(new import_message.default().write(\"Hello\\nWorld\").toString(),\"#==============================================#\\n# H E L L O                                    #\\n# W O R L D                                    #\\n#                                              #\\n#                                              #\\n#                                              #\\n#                                              #\\n#==============================================#\\n\");import_assert.default.strictEqual(new import_message.default().write(\"H\\u2377llo World\",{fallbackChar:0}).toString(),\"#==============================================#\\n# H   L L O   W O R L D                        #\\n#                                              #\\n#                                              #\\n#                                              #\\n#                                              #\\n#                                              #\\n#==============================================#\\n\");import_assert.default.strictEqual(new import_message.default().write(\"H\\u2377llo World\",{fallbackChar:null}).toString(),\"#==============================================#\\n# H L L O   W O R L D                          #\\n#                                              #\\n#                                              #\\n#                                              #\\n#                                              #\\n#                                              #\\n#==============================================#\\n\")",
                  "err": {},
                  "uuid": "c74be0d7-ea81-48ff-a8b6-f9a24dc6b1fc",
                  "parentUUID": "02fb6b6f-25a0-4167-a153-024b20b2c8b4",
                  "isHook": false,
                  "skipped": false
                },
                {
                  "title": "should handle the fallback char",
                  "fullTitle": "Message write() should handle the fallback char",
                  "timedOut": false,
                  "duration": 2,
                  "state": "passed",
                  "speed": "fast",
                  "pass": true,
                  "fail": false,
                  "pending": false,
                  "context": null,
                  "code": "import_assert.default.strictEqual(new import_message.default().write(\"H\\u2377llo World\").toString(),\"#==============================================#\\n# H ? L L O   W O R L D                        #\\n#                                              #\\n#                                              #\\n#                                              #\\n#                                              #\\n#                                              #\\n#==============================================#\\n\");import_assert.default.strictEqual(new import_message.default().write(\"H\\u2377llo World\",{fallbackChar:0}).toString(),\"#==============================================#\\n# H   L L O   W O R L D                        #\\n#                                              #\\n#                                              #\\n#                                              #\\n#                                              #\\n#                                              #\\n#==============================================#\\n\");import_assert.default.strictEqual(new import_message.default().write(\"H\\u2377llo World\",{fallbackChar:null}).toString(),\"#==============================================#\\n# H L L O   W O R L D                          #\\n#                                              #\\n#                                              #\\n#                                              #\\n#                                              #\\n#                                              #\\n#==============================================#\\n\")",
                  "err": {},
                  "uuid": "86d62c1a-f25b-419c-9fe5-24a8e8525975",
                  "parentUUID": "02fb6b6f-25a0-4167-a153-024b20b2c8b4",
                  "isHook": false,
                  "skipped": false
                },
                {
                  "title": "should remove unsupported words by default",
                  "fullTitle": "Message write() should remove unsupported words by default",
                  "timedOut": false,
                  "duration": 0,
                  "state": "passed",
                  "speed": "fast",
                  "pass": true,
                  "fail": false,
                  "pending": false,
                  "context": null,
                  "code": "const msg=new import_message.default;msg.write(\"\\u{1F4AA}\\u{1F3FC} Gym\");import_assert.default.strictEqual(msg.toString(),\"#==============================================#\\n# G Y M                                        #\\n#                                              #\\n#                                              #\\n#                                              #\\n#                                              #\\n#                                              #\\n#==============================================#\\n\")",
                  "err": {},
                  "uuid": "c70df2de-867b-4d43-9bf9-a61197624d57",
                  "parentUUID": "02fb6b6f-25a0-4167-a153-024b20b2c8b4",
                  "isHook": false,
                  "skipped": false
                },
                {
                  "title": "should not break if message is way too long",
                  "fullTitle": "Message write() should not break if message is way too long",
                  "timedOut": false,
                  "duration": 5,
                  "state": "passed",
                  "speed": "fast",
                  "pass": true,
                  "fail": false,
                  "pending": false,
                  "context": null,
                  "code": "const msg=new import_message.default;msg.write(\"Lorem ipsum dolor sit amet, consectetur adipisici elit, sed eiusmod tempor incidunt ut labore et dolore magna aliqua.\");msg.write(\"Ut enim ad minim veniam, quis nostrud exercitation ullamco laboris nisi ut aliquid ex ea commodi consequat.\");msg.write(\"Quis aute iure reprehenderit in voluptate velit esse cillum dolore eu fugiat nulla pariatur.\");msg.write(\"Excepteur sint obcaecat cupiditat non proident, sunt in culpa qui officia deserunt mollit anim id est laborum.\");import_assert.default.strictEqual(msg.toString(),\"#==============================================#\\n# L O R E M   I P S U M   D O L O R   S I T    #\\n# A M E T ,   C O N S E C T E T U R            #\\n# A D I P I S I C I   E L I T ,   S E D        #\\n# E I U S M O D   T E M P O R I N C I D U N T  #\\n# U T   L A B O R E   E T   D O L O R E        #\\n# M A G N A   A L I Q U A .   U T   E N I M    #\\n#==============================================#\\n\")",
                  "err": {},
                  "uuid": "294261e4-120f-43da-adf6-eb50829f4180",
                  "parentUUID": "02fb6b6f-25a0-4167-a153-024b20b2c8b4",
                  "isHook": false,
                  "skipped": false
                }
              ],
              "suites": [],
              "passes": [
                "2cfb693d-6ac4-4d96-bd4a-7b7070536a8c",
                "222edc22-f9a1-44a0-b19f-9306db6d1c7d",
                "4c0cd612-8b4c-466b-899a-dedba1a608f1",
                "a5c4b616-5929-4a55-8bb4-d48ec6b6206c",
                "00d5ad10-5019-4a18-81bf-f78eeee56fc6",
                "42881f66-52ac-4814-994c-5cee9145c09a",
                "c74be0d7-ea81-48ff-a8b6-f9a24dc6b1fc",
                "86d62c1a-f25b-419c-9fe5-24a8e8525975",
                "c70df2de-867b-4d43-9bf9-a61197624d57",
                "294261e4-120f-43da-adf6-eb50829f4180"
              ],
              "failures": [],
              "pending": [],
              "skipped": [],
              "duration": 19,
              "root": false,
              "rootEmpty": false,
              "_timeout": 2000
            },
            {
              "uuid": "9339e0a2-bd80-4c39-a19c-6a7f09f50c51",
              "title": "table()",
              "fullFile": "/home/runner/work/vestaboard/vestaboard/test/lib/message.ts",
              "file": "/test/lib/message.ts",
              "beforeHooks": [],
              "afterHooks": [],
              "tests": [
                {
                  "title": "should work with a very basic example",
                  "fullTitle": "Message table() should work with a very basic example",
                  "timedOut": false,
                  "duration": 2,
                  "state": "passed",
                  "speed": "fast",
                  "pass": true,
                  "fail": false,
                  "pending": false,
                  "context": null,
                  "code": "const msg=new import_message.default;msg.table([[\"now\",\"Daily\"],[\"13:00\",\"Secret Meeting\"]]);import_assert.default.strictEqual(msg.toString(),\"#==============================================#\\n# N O W         D A I L Y                      #\\n#                                              #\\n# 1 3 : 0 0     S E C R E T   M E E T I N G    #\\n#                                              #\\n#                                              #\\n#                                              #\\n#==============================================#\\n\")",
                  "err": {},
                  "uuid": "cad4a43a-a5fe-4dc3-970a-d547fb2cf115",
                  "parentUUID": "9339e0a2-bd80-4c39-a19c-6a7f09f50c51",
                  "isHook": false,
                  "skipped": false
                },
                {
                  "title": "should just fill the space available if too full",
                  "fullTitle": "Message table() should just fill the space available if too full",
                  "timedOut": false,
                  "duration": 3,
                  "state": "passed",
                  "speed": "fast",
                  "pass": true,
                  "fail": false,
                  "pending": false,
                  "context": null,
                  "code": "const msg=new import_message.default;msg.table([[\"now\",\"Daily\"],[\"13:00\",\"Super Secret Meeting\"],[\"16:30\",\"Awesome Presentation\"]]);import_assert.default.strictEqual(msg.toString(),\"#==============================================#\\n# N O W       D A I L Y                        #\\n#                                              #\\n# 1 3 : 0 0   S U P E R   S E C R E T          #\\n#             M E E T I N G                    #\\n#                                              #\\n# 1 6 : 3 0   A W E S O M E   P R E S E N T -  #\\n#==============================================#\\n\")",
                  "err": {},
                  "uuid": "8570d215-82a3-4719-aa80-51034a587d28",
                  "parentUUID": "9339e0a2-bd80-4c39-a19c-6a7f09f50c51",
                  "isHook": false,
                  "skipped": false
                },
                {
                  "title": "should pay attention to the cursor",
                  "fullTitle": "Message table() should pay attention to the cursor",
                  "timedOut": false,
                  "duration": 2,
                  "state": "passed",
                  "speed": "fast",
                  "pass": true,
                  "fail": false,
                  "pending": false,
                  "context": null,
                  "code": "const msg=new import_message.default;msg.write(\"Hello World\\n\");msg.table([[\"now\",\"Daily\"],[\"13:00\",\"Secret Meeting\"]]);import_assert.default.strictEqual(msg.toString(),\"#==============================================#\\n# H E L L O   W O R L D                        #\\n#                                              #\\n# N O W         D A I L Y                      #\\n#                                              #\\n# 1 3 : 0 0     S E C R E T   M E E T I N G    #\\n#                                              #\\n#==============================================#\\n\")",
                  "err": {},
                  "uuid": "db265d9d-baf3-4d82-974f-32a48df52b1d",
                  "parentUUID": "9339e0a2-bd80-4c39-a19c-6a7f09f50c51",
                  "isHook": false,
                  "skipped": false
                },
                {
                  "title": "should throw error if rows have different number of columns",
                  "fullTitle": "Message table() should throw error if rows have different number of columns",
                  "timedOut": false,
                  "duration": 0,
                  "state": "passed",
                  "speed": "fast",
                  "pass": true,
                  "fail": false,
                  "pending": false,
                  "context": null,
                  "code": "const msg=new import_message.default;import_assert.default.throws(()=>{msg.table([[\"now\",\"Daily\"],[\"13:00\",\"Secret Meeting\",\"\\u{1F7E5}\"]])},/Unable to render table: Row 1 has 3 entries, but first row has 2!/)",
                  "err": {},
                  "uuid": "277436d1-b420-466d-a478-ed452248170c",
                  "parentUUID": "9339e0a2-bd80-4c39-a19c-6a7f09f50c51",
                  "isHook": false,
                  "skipped": false
                }
              ],
              "suites": [],
              "passes": [
                "cad4a43a-a5fe-4dc3-970a-d547fb2cf115",
                "8570d215-82a3-4719-aa80-51034a587d28",
                "db265d9d-baf3-4d82-974f-32a48df52b1d",
                "277436d1-b420-466d-a478-ed452248170c"
              ],
              "failures": [],
              "pending": [],
              "skipped": [],
              "duration": 7,
              "root": false,
              "rootEmpty": false,
              "_timeout": 2000
            },
            {
              "uuid": "524bf765-3939-41cc-ad6c-271d049c2a05",
              "title": "center()",
              "fullFile": "/home/runner/work/vestaboard/vestaboard/test/lib/message.ts",
              "file": "/test/lib/message.ts",
              "beforeHooks": [],
              "afterHooks": [],
              "tests": [
                {
                  "title": "should work with a single word",
                  "fullTitle": "Message center() should work with a single word",
                  "timedOut": false,
                  "duration": 0,
                  "state": "passed",
                  "speed": "fast",
                  "pass": true,
                  "fail": false,
                  "pending": false,
                  "context": null,
                  "code": "const msg=new import_message.default;msg.write(\"Hello World\");msg.center();import_assert.default.strictEqual(msg.toString(),\"#==============================================#\\n#                                              #\\n#                                              #\\n#           H E L L O   W O R L D              #\\n#                                              #\\n#                                              #\\n#                                              #\\n#==============================================#\\n\")",
                  "err": {},
                  "uuid": "9a6d3d9e-8399-4aca-a7cd-3bd0744e44f5",
                  "parentUUID": "524bf765-3939-41cc-ad6c-271d049c2a05",
                  "isHook": false,
                  "skipped": false
                },
                {
                  "title": "should work with a complete filled board",
                  "fullTitle": "Message center() should work with a complete filled board",
                  "timedOut": false,
                  "duration": 0,
                  "state": "passed",
                  "speed": "fast",
                  "pass": true,
                  "fail": false,
                  "pending": false,
                  "context": null,
                  "code": "const msg=new import_message.default;msg.fill(\"\\u{1F7E5}\");msg.center();import_assert.default.strictEqual(msg.toString(),\"#==============================================#\\n# \\u{1F7E5}\\u{1F7E5}\\u{1F7E5}\\u{1F7E5}\\u{1F7E5}\\u{1F7E5}\\u{1F7E5}\\u{1F7E5}\\u{1F7E5}\\u{1F7E5}\\u{1F7E5}\\u{1F7E5}\\u{1F7E5}\\u{1F7E5}\\u{1F7E5}\\u{1F7E5}\\u{1F7E5}\\u{1F7E5}\\u{1F7E5}\\u{1F7E5}\\u{1F7E5}\\u{1F7E5} #\\n# \\u{1F7E5}\\u{1F7E5}\\u{1F7E5}\\u{1F7E5}\\u{1F7E5}\\u{1F7E5}\\u{1F7E5}\\u{1F7E5}\\u{1F7E5}\\u{1F7E5}\\u{1F7E5}\\u{1F7E5}\\u{1F7E5}\\u{1F7E5}\\u{1F7E5}\\u{1F7E5}\\u{1F7E5}\\u{1F7E5}\\u{1F7E5}\\u{1F7E5}\\u{1F7E5}\\u{1F7E5} #\\n# \\u{1F7E5}\\u{1F7E5}\\u{1F7E5}\\u{1F7E5}\\u{1F7E5}\\u{1F7E5}\\u{1F7E5}\\u{1F7E5}\\u{1F7E5}\\u{1F7E5}\\u{1F7E5}\\u{1F7E5}\\u{1F7E5}\\u{1F7E5}\\u{1F7E5}\\u{1F7E5}\\u{1F7E5}\\u{1F7E5}\\u{1F7E5}\\u{1F7E5}\\u{1F7E5}\\u{1F7E5} #\\n# \\u{1F7E5}\\u{1F7E5}\\u{1F7E5}\\u{1F7E5}\\u{1F7E5}\\u{1F7E5}\\u{1F7E5}\\u{1F7E5}\\u{1F7E5}\\u{1F7E5}\\u{1F7E5}\\u{1F7E5}\\u{1F7E5}\\u{1F7E5}\\u{1F7E5}\\u{1F7E5}\\u{1F7E5}\\u{1F7E5}\\u{1F7E5}\\u{1F7E5}\\u{1F7E5}\\u{1F7E5} #\\n# \\u{1F7E5}\\u{1F7E5}\\u{1F7E5}\\u{1F7E5}\\u{1F7E5}\\u{1F7E5}\\u{1F7E5}\\u{1F7E5}\\u{1F7E5}\\u{1F7E5}\\u{1F7E5}\\u{1F7E5}\\u{1F7E5}\\u{1F7E5}\\u{1F7E5}\\u{1F7E5}\\u{1F7E5}\\u{1F7E5}\\u{1F7E5}\\u{1F7E5}\\u{1F7E5}\\u{1F7E5} #\\n# \\u{1F7E5}\\u{1F7E5}\\u{1F7E5}\\u{1F7E5}\\u{1F7E5}\\u{1F7E5}\\u{1F7E5}\\u{1F7E5}\\u{1F7E5}\\u{1F7E5}\\u{1F7E5}\\u{1F7E5}\\u{1F7E5}\\u{1F7E5}\\u{1F7E5}\\u{1F7E5}\\u{1F7E5}\\u{1F7E5}\\u{1F7E5}\\u{1F7E5}\\u{1F7E5}\\u{1F7E5} #\\n#==============================================#\\n\")",
                  "err": {},
                  "uuid": "70aa5a13-95a6-4340-869c-dea7ad3a98f7",
                  "parentUUID": "524bf765-3939-41cc-ad6c-271d049c2a05",
                  "isHook": false,
                  "skipped": false
                },
                {
                  "title": "should also work if word is not top/left aligned",
                  "fullTitle": "Message center() should also work if word is not top/left aligned",
                  "timedOut": false,
                  "duration": 1,
                  "state": "passed",
                  "speed": "fast",
                  "pass": true,
                  "fail": false,
                  "pending": false,
                  "context": null,
                  "code": "const msg=new import_message.default;msg.write(\"Hello World\",{position:{line:5,row:11}});msg.center();import_assert.default.strictEqual(msg.toString(),\"#==============================================#\\n#                                              #\\n#                                              #\\n#           H E L L O   W O R L D              #\\n#                                              #\\n#                                              #\\n#                                              #\\n#==============================================#\\n\")",
                  "err": {},
                  "uuid": "41e3cfb9-5647-4da2-a1de-8209319b9dc9",
                  "parentUUID": "524bf765-3939-41cc-ad6c-271d049c2a05",
                  "isHook": false,
                  "skipped": false
                }
              ],
              "suites": [],
              "passes": [
                "9a6d3d9e-8399-4aca-a7cd-3bd0744e44f5",
                "70aa5a13-95a6-4340-869c-dea7ad3a98f7",
                "41e3cfb9-5647-4da2-a1de-8209319b9dc9"
              ],
              "failures": [],
              "pending": [],
              "skipped": [],
              "duration": 1,
              "root": false,
              "rootEmpty": false,
              "_timeout": 2000
            }
          ],
          "passes": [],
          "failures": [],
          "pending": [],
          "skipped": [],
          "duration": 0,
          "root": false,
          "rootEmpty": false,
          "_timeout": 2000
        },
        {
          "uuid": "c69da38b-7a9a-4898-8de3-b0e50e87fb88",
          "title": "MultipleBoard",
          "fullFile": "/home/runner/work/vestaboard/vestaboard/test/lib/multiple-boards.ts",
          "file": "/test/lib/multiple-boards.ts",
          "beforeHooks": [],
          "afterHooks": [],
          "tests": [],
          "suites": [
            {
              "uuid": "56c08d7c-fed6-40ad-a6da-7e0a01c4fdd8",
              "title": "postMessage()",
              "fullFile": "/home/runner/work/vestaboard/vestaboard/test/lib/multiple-boards.ts",
              "file": "/test/lib/multiple-boards.ts",
              "beforeHooks": [],
              "afterHooks": [],
              "tests": [
                {
                  "title": "should work (live)",
                  "fullTitle": "MultipleBoard postMessage() should work (live)",
                  "timedOut": false,
                  "duration": 0,
                  "state": "pending",
                  "speed": null,
                  "pass": false,
                  "fail": false,
                  "pending": true,
                  "context": null,
                  "code": "",
                  "err": {},
                  "uuid": "2d1246b3-709c-4379-bc2d-1168aeb5d3b1",
                  "parentUUID": "56c08d7c-fed6-40ad-a6da-7e0a01c4fdd8",
                  "isHook": false,
                  "skipped": false
                }
              ],
              "suites": [],
              "passes": [],
              "failures": [],
              "pending": [
                "2d1246b3-709c-4379-bc2d-1168aeb5d3b1"
              ],
              "skipped": [],
              "duration": 0,
              "root": false,
              "rootEmpty": false,
              "_timeout": 30000
            }
          ],
          "passes": [],
          "failures": [],
          "pending": [],
          "skipped": [],
          "duration": 0,
          "root": false,
          "rootEmpty": false,
          "_timeout": 30000
        },
        {
          "uuid": "60a48c75-c626-4235-bda6-e543e39d0c64",
          "title": "ReadWriteAPI",
          "fullFile": "/home/runner/work/vestaboard/vestaboard/test/lib/read-write-api.ts",
          "file": "/test/lib/read-write-api.ts",
          "beforeHooks": [],
          "afterHooks": [],
          "tests": [],
          "suites": [
            {
              "uuid": "dbb5c43c-8817-450a-9f67-c02ed1e46648",
              "title": "getCurrentMessage()",
              "fullFile": "/home/runner/work/vestaboard/vestaboard/test/lib/read-write-api.ts",
              "file": "/test/lib/read-write-api.ts",
              "beforeHooks": [],
              "afterHooks": [],
              "tests": [
                {
                  "title": "should work (mocked)",
                  "fullTitle": "ReadWriteAPI getCurrentMessage() should work (mocked)",
                  "timedOut": false,
                  "duration": 1,
                  "state": "passed",
                  "speed": "fast",
                  "pass": true,
                  "fail": false,
                  "pending": false,
                  "context": null,
                  "code": "const msg=new import_message.default;msg.fill(\"\\u{1F7E5}\\u{1F7E7}\\u{1F7E8}\\u{1F7E9}\\u{1F7E6}\\u{1F7EA}\");const json={currentMessage:{layout:JSON.stringify(msg.toCharArray())}};const fetch=__name(async(url,options)=>{import_assert.default.strictEqual(url,\"https://rw.vestaboard.com/\");import_assert.default.deepStrictEqual(options,{headers:{\"X-Vestaboard-Read-Write-Key\":\"3eadf7a8-6602-4bf5-92f4-970d36066958\"},method:\"GET\"});return{json:__name(async()=>json,\"json\"),ok:true,status:200,statusText:\"OK\"}},\"fetch\");const api=new import_read_write_api.default(\"3eadf7a8-6602-4bf5-92f4-970d36066958\",{fetch});const result=await api.getCurrentMessage();import_assert.default.deepStrictEqual(result.toCharArray(),msg.toCharArray())",
                  "err": {},
                  "uuid": "9f2270a2-d5cf-4f64-9a96-0d78932cad9c",
                  "parentUUID": "dbb5c43c-8817-450a-9f67-c02ed1e46648",
                  "isHook": false,
                  "skipped": false
                },
                {
                  "title": "should work (live)",
                  "fullTitle": "ReadWriteAPI getCurrentMessage() should work (live)",
                  "timedOut": false,
                  "duration": 0,
                  "state": "pending",
                  "speed": null,
                  "pass": false,
                  "fail": false,
                  "pending": true,
                  "context": null,
                  "code": "",
                  "err": {},
                  "uuid": "b03a943c-0b05-4418-b4f6-10674800edc5",
                  "parentUUID": "dbb5c43c-8817-450a-9f67-c02ed1e46648",
                  "isHook": false,
                  "skipped": false
                }
              ],
              "suites": [],
              "passes": [
                "9f2270a2-d5cf-4f64-9a96-0d78932cad9c"
              ],
              "failures": [],
              "pending": [
                "b03a943c-0b05-4418-b4f6-10674800edc5"
              ],
              "skipped": [],
              "duration": 1,
              "root": false,
              "rootEmpty": false,
              "_timeout": 30000
            },
            {
              "uuid": "bba12772-aa34-4449-a983-a87e853107c0",
              "title": "postMessage()",
              "fullFile": "/home/runner/work/vestaboard/vestaboard/test/lib/read-write-api.ts",
              "file": "/test/lib/read-write-api.ts",
              "beforeHooks": [],
              "afterHooks": [],
              "tests": [
                {
                  "title": "should work (mocked)",
                  "fullTitle": "ReadWriteAPI postMessage() should work (mocked)",
                  "timedOut": false,
                  "duration": 1,
                  "state": "passed",
                  "speed": "fast",
                  "pass": true,
                  "fail": false,
                  "pending": false,
                  "context": null,
                  "code": "const msg=new import_message.default;msg.fill(\"\\u{1F7E5}\\u{1F7E7}\\u{1F7E8}\\u{1F7E9}\\u{1F7E6}\\u{1F7EA}\");const fetch=__name(async(url,options)=>{import_assert.default.strictEqual(url,\"https://rw.vestaboard.com/\");import_assert.default.deepStrictEqual(options,{body:JSON.stringify(msg.toCharArray()),headers:{\"Content-Type\":\"application/json\",\"X-Vestaboard-Read-Write-Key\":\"3eadf7a8-6602-4bf5-92f4-970d36066958\"},method:\"POST\"});return{json:__name(async()=>({status:\"ok\"}),\"json\"),ok:true,status:200,statusText:\"OK\"}},\"fetch\");const api=new import_read_write_api.default(\"3eadf7a8-6602-4bf5-92f4-970d36066958\",{fetch});await api.postMessage(msg)",
                  "err": {},
                  "uuid": "e352e6b7-b493-4e7a-bbbb-ff28a26cf0d7",
                  "parentUUID": "bba12772-aa34-4449-a983-a87e853107c0",
                  "isHook": false,
                  "skipped": false
                },
                {
                  "title": "should work (live)",
                  "fullTitle": "ReadWriteAPI postMessage() should work (live)",
                  "timedOut": false,
                  "duration": 0,
                  "state": "pending",
                  "speed": null,
                  "pass": false,
                  "fail": false,
                  "pending": true,
                  "context": null,
                  "code": "",
                  "err": {},
                  "uuid": "db45de98-ce8c-4cbb-b277-8b9f23d4a232",
                  "parentUUID": "bba12772-aa34-4449-a983-a87e853107c0",
                  "isHook": false,
                  "skipped": false
                }
              ],
              "suites": [],
              "passes": [
                "e352e6b7-b493-4e7a-bbbb-ff28a26cf0d7"
              ],
              "failures": [],
              "pending": [
                "db45de98-ce8c-4cbb-b277-8b9f23d4a232"
              ],
              "skipped": [],
              "duration": 1,
              "root": false,
              "rootEmpty": false,
              "_timeout": 30000
            }
          ],
          "passes": [],
          "failures": [],
          "pending": [],
          "skipped": [],
          "duration": 0,
          "root": false,
          "rootEmpty": false,
          "_timeout": 30000
        },
        {
          "uuid": "57ff9dd5-517f-46f3-961d-534313480c28",
          "title": "SubscriptionAPI",
          "fullFile": "/home/runner/work/vestaboard/vestaboard/test/lib/subscription-api.ts",
          "file": "/test/lib/subscription-api.ts",
          "beforeHooks": [],
          "afterHooks": [],
          "tests": [],
          "suites": [
            {
              "uuid": "bc2ea695-136f-4e14-9762-b1473f5a596f",
              "title": "getViewer()",
              "fullFile": "/home/runner/work/vestaboard/vestaboard/test/lib/subscription-api.ts",
              "file": "/test/lib/subscription-api.ts",
              "beforeHooks": [],
              "afterHooks": [],
              "tests": [
                {
                  "title": "should work (mocked)",
                  "fullTitle": "SubscriptionAPI getViewer() should work (mocked)",
                  "timedOut": false,
                  "duration": 1,
                  "state": "passed",
                  "speed": "fast",
                  "pass": true,
                  "fail": false,
                  "pending": false,
                  "context": null,
                  "code": "const msg=new import_message.default;msg.fill(\"\\u{1F7E5}\\u{1F7E7}\\u{1F7E8}\\u{1F7E9}\\u{1F7E6}\\u{1F7EA}\");const json={_created:\"1577829607582\",_id:\"f35032ce-fd2b-4afb-8a24-d71c8085303c\",installation:{_id:\"562038d1-6fdb-4ba5-ae8b-bc9ec882178d\"},type:\"installation\"};const fetch=__name(async(url,options)=>{import_assert.default.strictEqual(url,\"https://platform.vestaboard.com/viewer\");import_assert.default.deepStrictEqual(options,{headers:{\"X-Vestaboard-Api-Key\":\"3eadf7a8-6602-4bf5-92f4-970d36066958\",\"X-Vestaboard-Api-Secret\":\"******************************\"},method:\"GET\"});return{json:__name(async()=>json,\"json\"),ok:true,status:200,statusText:\"OK\"}},\"fetch\");const api=new import_subscription_api.default(\"3eadf7a8-6602-4bf5-92f4-970d36066958\",\"******************************\",{fetch});const result=await api.getViewer();import_assert.default.deepStrictEqual(result,json)",
                  "err": {},
                  "uuid": "eac15a6e-9bfd-40ec-aa98-80f6ce2912ea",
                  "parentUUID": "bc2ea695-136f-4e14-9762-b1473f5a596f",
                  "isHook": false,
                  "skipped": false
                },
                {
                  "title": "should work (live)",
                  "fullTitle": "SubscriptionAPI getViewer() should work (live)",
                  "timedOut": false,
                  "duration": 0,
                  "state": "pending",
                  "speed": null,
                  "pass": false,
                  "fail": false,
                  "pending": true,
                  "context": null,
                  "code": "",
                  "err": {},
                  "uuid": "13438acc-4be1-4546-ac8d-9089066d581d",
                  "parentUUID": "bc2ea695-136f-4e14-9762-b1473f5a596f",
                  "isHook": false,
                  "skipped": false
                }
              ],
              "suites": [],
              "passes": [
                "eac15a6e-9bfd-40ec-aa98-80f6ce2912ea"
              ],
              "failures": [],
              "pending": [
                "13438acc-4be1-4546-ac8d-9089066d581d"
              ],
              "skipped": [],
              "duration": 1,
              "root": false,
              "rootEmpty": false,
              "_timeout": 30000
            },
            {
              "uuid": "28351f57-7d13-4911-89d2-0230b303e136",
              "title": "getSubscription()",
              "fullFile": "/home/runner/work/vestaboard/vestaboard/test/lib/subscription-api.ts",
              "file": "/test/lib/subscription-api.ts",
              "beforeHooks": [],
              "afterHooks": [],
              "tests": [
                {
                  "title": "should work (mocked)",
                  "fullTitle": "SubscriptionAPI getSubscription() should work (mocked)",
                  "timedOut": false,
                  "duration": 1,
                  "state": "passed",
                  "speed": "fast",
                  "pass": true,
                  "fail": false,
                  "pending": false,
                  "context": null,
                  "code": "const json={subscriptions:[{_created:\"1577833654294\",_id:\"bc6412b3-3aa6-4684-8962-cd2876942c0d\",boards:[{_id:\"a1e866f2-e77e-45d8-997a-2e3ebeff4961\"}],installation:{_id:\"fefb8778-9500-4522-b115-29c0dd13c402\",installable:{_id:\"b629d7df-7ecb-4460-b51e-f87fa942f113\"}}}]};const fetch=__name(async(url,options)=>{import_assert.default.strictEqual(url,\"https://platform.vestaboard.com/subscriptions\");import_assert.default.deepStrictEqual(options,{headers:{\"X-Vestaboard-Api-Key\":\"3eadf7a8-6602-4bf5-92f4-970d36066958\",\"X-Vestaboard-Api-Secret\":\"******************************\"},method:\"GET\"});return{json:__name(async()=>json,\"json\"),ok:true,status:200,statusText:\"OK\"}},\"fetch\");const api=new import_subscription_api.default(\"3eadf7a8-6602-4bf5-92f4-970d36066958\",\"******************************\",{fetch});const result=await api.getSubscriptions();import_assert.default.deepStrictEqual(result,json)",
                  "err": {},
                  "uuid": "2a8a1703-93f6-44f1-8f42-7bd3b2592a48",
                  "parentUUID": "28351f57-7d13-4911-89d2-0230b303e136",
                  "isHook": false,
                  "skipped": false
                },
                {
                  "title": "should work (live)",
                  "fullTitle": "SubscriptionAPI getSubscription() should work (live)",
                  "timedOut": false,
                  "duration": 0,
                  "state": "pending",
                  "speed": null,
                  "pass": false,
                  "fail": false,
                  "pending": true,
                  "context": null,
                  "code": "",
                  "err": {},
                  "uuid": "1278d24a-b9fd-4220-a031-2546801ffc92",
                  "parentUUID": "28351f57-7d13-4911-89d2-0230b303e136",
                  "isHook": false,
                  "skipped": false
                }
              ],
              "suites": [],
              "passes": [
                "2a8a1703-93f6-44f1-8f42-7bd3b2592a48"
              ],
              "failures": [],
              "pending": [
                "1278d24a-b9fd-4220-a031-2546801ffc92"
              ],
              "skipped": [],
              "duration": 1,
              "root": false,
              "rootEmpty": false,
              "_timeout": 30000
            },
            {
              "uuid": "b1fc240d-1b3b-4899-89b2-a532e4cfffdb",
              "title": "postMessage()",
              "fullFile": "/home/runner/work/vestaboard/vestaboard/test/lib/subscription-api.ts",
              "file": "/test/lib/subscription-api.ts",
              "beforeHooks": [],
              "afterHooks": [],
              "tests": [
                {
                  "title": "should work (single mode)",
                  "fullTitle": "SubscriptionAPI postMessage() should work (single mode)",
                  "timedOut": false,
                  "duration": 1,
                  "state": "passed",
                  "speed": "fast",
                  "pass": true,
                  "fail": false,
                  "pending": false,
                  "context": null,
                  "code": "const msg=new import_message.default;msg.fill(\"\\u{1F7E5}\\u{1F7E7}\\u{1F7E8}\\u{1F7E9}\\u{1F7E6}\\u{1F7EA}\");const fetch=__name(async(url,options)=>{import_assert.default.strictEqual(url,\"https://platform.vestaboard.com/subscriptions/foo/message\");import_assert.default.deepStrictEqual(options,{body:JSON.stringify({characters:msg.toCharArray()}),headers:{\"Content-Type\":\"application/json\",\"X-Vestaboard-Api-Key\":\"3eadf7a8-6602-4bf5-92f4-970d36066958\",\"X-Vestaboard-Api-Secret\":\"******************************\"},method:\"POST\"});return{json:__name(async()=>({message:{created:1,id:\"\"}}),\"json\"),ok:true,status:200,statusText:\"OK\"}},\"fetch\");const api=new import_subscription_api.default(\"3eadf7a8-6602-4bf5-92f4-970d36066958\",\"******************************\",{fetch});const result=await api.postMessage(msg,\"foo\");import_assert.default.deepStrictEqual(result,{message:{created:1,id:\"\"}})",
                  "err": {},
                  "uuid": "a000b688-e447-40a2-9bd0-c0ddc3ae5684",
                  "parentUUID": "b1fc240d-1b3b-4899-89b2-a532e4cfffdb",
                  "isHook": false,
                  "skipped": false
                },
                {
                  "title": "should work (multi mode)",
                  "fullTitle": "SubscriptionAPI postMessage() should work (multi mode)",
                  "timedOut": false,
                  "duration": 1,
                  "state": "passed",
                  "speed": "fast",
                  "pass": true,
                  "fail": false,
                  "pending": false,
                  "context": null,
                  "code": "const fetch=__name(async(url,options)=>{const msg=new import_message.default(\"Hello World\");import_assert.default.strictEqual(url,\"https://platform.vestaboard.com/subscriptions/foo/message\");import_assert.default.deepStrictEqual(options,{body:JSON.stringify({characters:msg.toCharArray()}),headers:{\"Content-Type\":\"application/json\",\"X-Vestaboard-Api-Key\":\"3eadf7a8-6602-4bf5-92f4-970d36066958\",\"X-Vestaboard-Api-Secret\":\"******************************\"},method:\"POST\"});return{json:__name(async()=>({message:{created:1,id:\"\"}}),\"json\"),ok:true,status:200,statusText:\"OK\"}},\"fetch\");const api=new import_subscription_api.default(\"3eadf7a8-6602-4bf5-92f4-970d36066958\",\"******************************\",{fetch});const result=await api.postMessage(\"Hello World\",[\"foo\",\"foo\"]);import_assert.default.deepStrictEqual(result,[{message:{created:1,id:\"\"}},{message:{created:1,id:\"\"}}])",
                  "err": {},
                  "uuid": "2c87b358-6e56-4c36-b9bb-51e371501958",
                  "parentUUID": "b1fc240d-1b3b-4899-89b2-a532e4cfffdb",
                  "isHook": false,
                  "skipped": false
                },
                {
                  "title": "should work (live)",
                  "fullTitle": "SubscriptionAPI postMessage() should work (live)",
                  "timedOut": false,
                  "duration": 0,
                  "state": "pending",
                  "speed": null,
                  "pass": false,
                  "fail": false,
                  "pending": true,
                  "context": null,
                  "code": "",
                  "err": {},
                  "uuid": "83e12aa9-a6b5-499e-8904-23e12909beef",
                  "parentUUID": "b1fc240d-1b3b-4899-89b2-a532e4cfffdb",
                  "isHook": false,
                  "skipped": false
                }
              ],
              "suites": [],
              "passes": [
                "a000b688-e447-40a2-9bd0-c0ddc3ae5684",
                "2c87b358-6e56-4c36-b9bb-51e371501958"
              ],
              "failures": [],
              "pending": [
                "83e12aa9-a6b5-499e-8904-23e12909beef"
              ],
              "skipped": [],
              "duration": 2,
              "root": false,
              "rootEmpty": false,
              "_timeout": 30000
            }
          ],
          "passes": [],
          "failures": [],
          "pending": [],
          "skipped": [],
          "duration": 0,
          "root": false,
          "rootEmpty": false,
          "_timeout": 30000
        },
        {
          "uuid": "ee97d96c-c158-4fff-9ef9-3dca4655d3ee",
          "title": "Tools",
          "fullFile": "/home/runner/work/vestaboard/vestaboard/test/lib/tools.ts",
          "file": "/test/lib/tools.ts",
          "beforeHooks": [],
          "afterHooks": [],
          "tests": [],
          "suites": [
            {
              "uuid": "874c9361-8034-48df-bf2e-7d67ae7f61ef",
              "title": "request",
              "fullFile": "/home/runner/work/vestaboard/vestaboard/test/lib/tools.ts",
              "file": "/test/lib/tools.ts",
              "beforeHooks": [],
              "afterHooks": [],
              "tests": [
                {
                  "title": "should work as intended",
                  "fullTitle": "Tools request should work as intended",
                  "timedOut": false,
                  "duration": 0,
                  "state": "passed",
                  "speed": "fast",
                  "pass": true,
                  "fail": false,
                  "pending": false,
                  "context": null,
                  "code": "const fetch=__name(async(url,options)=>{import_assert.default.strictEqual(url,\"https://example.com/test\");import_assert.default.deepStrictEqual(options,{headers:{\"X-Test-Header\":\"1337\"},method:\"GET\"});return{json:__name(async()=>({foo:\"bar\"}),\"json\"),ok:true,status:200,statusText:\"OK\"}},\"fetch\");const response=await(0,import_tools.request)(\"https://example.com/test\",{\"X-Test-Header\":\"1337\"},void 0,{fetch});import_assert.default.deepStrictEqual(response,{foo:\"bar\"})",
                  "err": {},
                  "uuid": "a4942de9-b301-4091-9bec-abae47528d21",
                  "parentUUID": "874c9361-8034-48df-bf2e-7d67ae7f61ef",
                  "isHook": false,
                  "skipped": false
                },
                {
                  "title": "should throw error on non 2xx status codes",
                  "fullTitle": "Tools request should throw error on non 2xx status codes",
                  "timedOut": false,
                  "duration": 10012,
                  "state": "passed",
                  "speed": "slow",
                  "pass": true,
                  "fail": false,
                  "pending": false,
                  "context": null,
                  "code": "const fetch=__name(async(url,options)=>{import_assert.default.strictEqual(url,\"https://example.com/test\");import_assert.default.deepStrictEqual(options,{headers:{\"X-Test-Header\":\"1337\"},method:\"GET\"});return{json:__name(async()=>\"\",\"json\"),ok:false,status:500,statusText:\"ERROR\"}},\"fetch\");await import_assert.default.rejects(async()=>{await(0,import_tools.request)(\"https://example.com/test\",{\"X-Test-Header\":\"1337\"},void 0,{fetch})},/HTTP Request failed/)",
                  "err": {},
                  "uuid": "cfb9bda0-80c9-4498-89cf-2ac32e70059b",
                  "parentUUID": "874c9361-8034-48df-bf2e-7d67ae7f61ef",
                  "isHook": false,
                  "skipped": false
                }
              ],
              "suites": [],
              "passes": [
                "a4942de9-b301-4091-9bec-abae47528d21",
                "cfb9bda0-80c9-4498-89cf-2ac32e70059b"
              ],
              "failures": [],
              "pending": [],
              "skipped": [],
              "duration": 10012,
              "root": false,
              "rootEmpty": false,
              "_timeout": 30000
            }
          ],
          "passes": [],
          "failures": [],
          "pending": [],
          "skipped": [],
          "duration": 0,
          "root": false,
          "rootEmpty": false,
          "_timeout": 30000
        }
      ],
      "passes": [],
      "failures": [],
      "pending": [],
      "skipped": [],
      "duration": 0,
      "root": true,
      "rootEmpty": true,
      "_timeout": 2000
    }
  ],
  "meta": {
    "mocha": {
      "version": "11.7.2"
    },
    "mochawesome": {
      "options": {
        "quiet": false,
        "reportFilename": "mochawesome",
        "saveHtml": true,
        "saveJson": true,
        "consoleReporter": "spec",
        "useInlineDiffs": false,
        "code": true
      },
      "version": "7.1.4"
    },
    "marge": {
      "options": null,
      "version": "6.3.0"
    }
  }
}