{
  "stats": {
    "suites": 24,
    "tests": 58,
    "passes": 50,
    "pending": 8,
    "failures": 0,
    "start": "2024-03-02T19:42:10.681Z",
    "end": "2024-03-02T19:42:20.778Z",
    "duration": 10097,
    "testsRegistered": 58,
    "passPercent": 100,
    "pendingPercent": 13.793103448275861,
    "other": 0,
    "hasOther": false,
    "skipped": 0,
    "hasSkipped": false
  },
  "results": [
    {
      "uuid": "8accc1aa-1630-456a-967e-178b3abdd138",
      "title": "",
      "fullFile": "",
      "file": "",
      "beforeHooks": [],
      "afterHooks": [],
      "tests": [],
      "suites": [
        {
          "uuid": "4be64919-4a57-4461-919c-95b31d3ff8be",
          "title": "LocalAPI",
          "fullFile": "/home/runner/work/vestaboard/vestaboard/test/lib/local-api.ts",
          "file": "/test/lib/local-api.ts",
          "beforeHooks": [],
          "afterHooks": [],
          "tests": [],
          "suites": [
            {
              "uuid": "3c8c7689-fa0a-4465-841b-df59e83a6ede",
              "title": "getCurrentMessage()",
              "fullFile": "/home/runner/work/vestaboard/vestaboard/test/lib/local-api.ts",
              "file": "/test/lib/local-api.ts",
              "beforeHooks": [],
              "afterHooks": [],
              "tests": [
                {
                  "title": "should work (mocked by device)",
                  "fullTitle": "LocalAPI getCurrentMessage() should work (mocked by device)",
                  "timedOut": false,
                  "duration": 4,
                  "state": "passed",
                  "speed": "fast",
                  "pass": true,
                  "fail": false,
                  "pending": false,
                  "context": null,
                  "code": "return __awaiter(this, void 0, void 0, function* () {\n    const msg = new Message();\n    msg.fill('🟥🟧🟨🟩🟦🟪');\n    const fetch = (url, options) => __awaiter(this, void 0, void 0, function* () {\n        assert.strictEqual(url, 'http://vestaboard.local:7000/local-api/message');\n        assert.deepStrictEqual(options, {\n            method: 'GET',\n            headers: {\n                'X-Vestaboard-Local-Api-Key': '3eadf7a8-6602-4bf5-92f4-970d36066958'\n            }\n        });\n        return {\n            ok: true,\n            status: 200,\n            statusText: 'OK',\n            json: () => __awaiter(this, void 0, void 0, function* () {\n                return ({\n                    message: msg.toCharArray()\n                });\n            })\n        };\n    });\n    const api = new LocalAPI('3eadf7a8-6602-4bf5-92f4-970d36066958', undefined, { fetch });\n    const result = yield api.getCurrentMessage();\n    assert.deepStrictEqual(result.toCharArray(), msg.toCharArray());\n});",
                  "err": {},
                  "uuid": "b41a8add-563d-4324-b0bc-fb9663705919",
                  "parentUUID": "3c8c7689-fa0a-4465-841b-df59e83a6ede",
                  "isHook": false,
                  "skipped": false
                },
                {
                  "title": "should work (mocked by docs)",
                  "fullTitle": "LocalAPI getCurrentMessage() should work (mocked by docs)",
                  "timedOut": false,
                  "duration": 1,
                  "state": "passed",
                  "speed": "fast",
                  "pass": true,
                  "fail": false,
                  "pending": false,
                  "context": null,
                  "code": "return __awaiter(this, void 0, void 0, function* () {\n    const msg = new Message();\n    msg.fill('🟥🟧🟨🟩🟦🟪');\n    const fetch = (url, options) => __awaiter(this, void 0, void 0, function* () {\n        assert.strictEqual(url, 'http://vestaboard.local:7000/local-api/message');\n        assert.deepStrictEqual(options, {\n            method: 'GET',\n            headers: {\n                'X-Vestaboard-Local-Api-Key': '3eadf7a8-6602-4bf5-92f4-970d36066958'\n            }\n        });\n        return {\n            ok: true,\n            status: 200,\n            statusText: 'OK',\n            json: () => __awaiter(this, void 0, void 0, function* () { return msg.toCharArray(); })\n        };\n    });\n    const api = new LocalAPI('3eadf7a8-6602-4bf5-92f4-970d36066958', undefined, { fetch });\n    const result = yield api.getCurrentMessage();\n    assert.deepStrictEqual(result.toCharArray(), msg.toCharArray());\n});",
                  "err": {},
                  "uuid": "a9a45cd0-2e5d-4e1f-bbff-cd14f407c608",
                  "parentUUID": "3c8c7689-fa0a-4465-841b-df59e83a6ede",
                  "isHook": false,
                  "skipped": false
                },
                {
                  "title": "should work (live)",
                  "fullTitle": "LocalAPI getCurrentMessage() should work (live)",
                  "timedOut": false,
                  "duration": 0,
                  "state": "pending",
                  "speed": null,
                  "pass": false,
                  "fail": false,
                  "pending": true,
                  "context": null,
                  "code": "",
                  "err": {},
                  "uuid": "973099ef-7a70-4547-a2ae-36e648f57a20",
                  "parentUUID": "3c8c7689-fa0a-4465-841b-df59e83a6ede",
                  "isHook": false,
                  "skipped": false
                }
              ],
              "suites": [],
              "passes": [
                "b41a8add-563d-4324-b0bc-fb9663705919",
                "a9a45cd0-2e5d-4e1f-bbff-cd14f407c608"
              ],
              "failures": [],
              "pending": [
                "973099ef-7a70-4547-a2ae-36e648f57a20"
              ],
              "skipped": [],
              "duration": 5,
              "root": false,
              "rootEmpty": false,
              "_timeout": 30000
            },
            {
              "uuid": "a11a17ba-e17d-4cad-83ef-30a70b417585",
              "title": "postMessage()",
              "fullFile": "/home/runner/work/vestaboard/vestaboard/test/lib/local-api.ts",
              "file": "/test/lib/local-api.ts",
              "beforeHooks": [],
              "afterHooks": [],
              "tests": [
                {
                  "title": "should work (mocked)",
                  "fullTitle": "LocalAPI postMessage() should work (mocked)",
                  "timedOut": false,
                  "duration": 2,
                  "state": "passed",
                  "speed": "fast",
                  "pass": true,
                  "fail": false,
                  "pending": false,
                  "context": null,
                  "code": "return __awaiter(this, void 0, void 0, function* () {\n    const msg = new Message('Hello World');\n    const fetch = (url, options) => __awaiter(this, void 0, void 0, function* () {\n        assert.strictEqual(url, 'http://vestaboard.local:7000/local-api/message');\n        assert.deepStrictEqual(options, {\n            method: 'POST',\n            headers: {\n                'Content-Type': 'application/json',\n                'X-Vestaboard-Local-Api-Key': '3eadf7a8-6602-4bf5-92f4-970d36066958'\n            },\n            body: JSON.stringify(msg.toCharArray())\n        });\n        return {\n            ok: true,\n            status: 201,\n            statusText: 'CREATED',\n            json: () => __awaiter(this, void 0, void 0, function* () { return (''); })\n        };\n    });\n    const api = new LocalAPI('3eadf7a8-6602-4bf5-92f4-970d36066958', undefined, { fetch });\n    yield api.postMessage('Hello World');\n});",
                  "err": {},
                  "uuid": "ac12f74b-8147-4b3a-a139-aef4ea078e5e",
                  "parentUUID": "a11a17ba-e17d-4cad-83ef-30a70b417585",
                  "isHook": false,
                  "skipped": false
                },
                {
                  "title": "should work (live)",
                  "fullTitle": "LocalAPI postMessage() should work (live)",
                  "timedOut": false,
                  "duration": 0,
                  "state": "pending",
                  "speed": null,
                  "pass": false,
                  "fail": false,
                  "pending": true,
                  "context": null,
                  "code": "",
                  "err": {},
                  "uuid": "22bfbac4-f4ec-4843-87c8-c972a537592f",
                  "parentUUID": "a11a17ba-e17d-4cad-83ef-30a70b417585",
                  "isHook": false,
                  "skipped": false
                }
              ],
              "suites": [],
              "passes": [
                "ac12f74b-8147-4b3a-a139-aef4ea078e5e"
              ],
              "failures": [],
              "pending": [
                "22bfbac4-f4ec-4843-87c8-c972a537592f"
              ],
              "skipped": [],
              "duration": 2,
              "root": false,
              "rootEmpty": false,
              "_timeout": 30000
            }
          ],
          "passes": [],
          "failures": [],
          "pending": [],
          "skipped": [],
          "duration": 0,
          "root": false,
          "rootEmpty": false,
          "_timeout": 30000
        },
        {
          "uuid": "3a5e0e4d-60ec-46a8-98da-b467f8791f21",
          "title": "Message",
          "fullFile": "/home/runner/work/vestaboard/vestaboard/test/lib/message.ts",
          "file": "/test/lib/message.ts",
          "beforeHooks": [],
          "afterHooks": [],
          "tests": [],
          "suites": [
            {
              "uuid": "49c27a96-56cd-4496-bdcf-255ee955bd7e",
              "title": "constructor",
              "fullFile": "/home/runner/work/vestaboard/vestaboard/test/lib/message.ts",
              "file": "/test/lib/message.ts",
              "beforeHooks": [],
              "afterHooks": [],
              "tests": [
                {
                  "title": "should center the message given",
                  "fullTitle": "Message constructor should center the message given",
                  "timedOut": false,
                  "duration": 2,
                  "state": "passed",
                  "speed": "fast",
                  "pass": true,
                  "fail": false,
                  "pending": false,
                  "context": null,
                  "code": "assert.strictEqual(new Message('Hello World').toString(), '#==============================================#\\n' +\n    '#                                              #\\n' +\n    '#                                              #\\n' +\n    '#           H E L L O   W O R L D              #\\n' +\n    '#                                              #\\n' +\n    '#                                              #\\n' +\n    '#                                              #\\n' +\n    '#==============================================#\\n');",
                  "err": {},
                  "uuid": "f764d678-297b-4eee-9abb-7fb762bf2b45",
                  "parentUUID": "49c27a96-56cd-4496-bdcf-255ee955bd7e",
                  "isHook": false,
                  "skipped": false
                },
                {
                  "title": "should also support a char array",
                  "fullTitle": "Message constructor should also support a char array",
                  "timedOut": false,
                  "duration": 1,
                  "state": "passed",
                  "speed": "fast",
                  "pass": true,
                  "fail": false,
                  "pending": false,
                  "context": null,
                  "code": "const msg = new Message();\nmsg.fill('🟥🟧🟨🟩🟦🟪 ');\nassert.deepStrictEqual(new Message(msg.toCharArray()).toCharArray(), msg.toCharArray());",
                  "err": {},
                  "uuid": "fe988633-6f3b-49c2-bea4-377ca365869a",
                  "parentUUID": "49c27a96-56cd-4496-bdcf-255ee955bd7e",
                  "isHook": false,
                  "skipped": false
                }
              ],
              "suites": [],
              "passes": [
                "f764d678-297b-4eee-9abb-7fb762bf2b45",
                "fe988633-6f3b-49c2-bea4-377ca365869a"
              ],
              "failures": [],
              "pending": [],
              "skipped": [],
              "duration": 3,
              "root": false,
              "rootEmpty": false,
              "_timeout": 2000
            },
            {
              "uuid": "c29812a4-ee79-4b12-bc27-4b7ce08ffe19",
              "title": "static string2chars()",
              "fullFile": "/home/runner/work/vestaboard/vestaboard/test/lib/message.ts",
              "file": "/test/lib/message.ts",
              "beforeHooks": [],
              "afterHooks": [],
              "tests": [
                {
                  "title": "should work",
                  "fullTitle": "Message static string2chars() should work",
                  "timedOut": false,
                  "duration": 0,
                  "state": "passed",
                  "speed": "fast",
                  "pass": true,
                  "fail": false,
                  "pending": false,
                  "context": null,
                  "code": "assert.deepStrictEqual(Message.string2chars('Hello'), [8, 5, 12, 12, 15]);",
                  "err": {},
                  "uuid": "be587eaa-349b-41fb-9b89-7e9c2edab693",
                  "parentUUID": "c29812a4-ee79-4b12-bc27-4b7ce08ffe19",
                  "isHook": false,
                  "skipped": false
                },
                {
                  "title": "should handle german umlauts",
                  "fullTitle": "Message static string2chars() should handle german umlauts",
                  "timedOut": false,
                  "duration": 1,
                  "state": "passed",
                  "speed": "fast",
                  "pass": true,
                  "fail": false,
                  "pending": false,
                  "context": null,
                  "code": "assert.deepStrictEqual(Message.string2chars('Käse'), [11, 1, 5, 19, 5]);",
                  "err": {},
                  "uuid": "0d96224c-4023-4d7e-af8b-58e4bef2d5be",
                  "parentUUID": "c29812a4-ee79-4b12-bc27-4b7ce08ffe19",
                  "isHook": false,
                  "skipped": false
                },
                {
                  "title": "should handle color emojis",
                  "fullTitle": "Message static string2chars() should handle color emojis",
                  "timedOut": false,
                  "duration": 0,
                  "state": "passed",
                  "speed": "fast",
                  "pass": true,
                  "fail": false,
                  "pending": false,
                  "context": null,
                  "code": "assert.deepStrictEqual(Message.string2chars('🟥🟧🟨🟩🟦🟪⬜⬛'), [63, 64, 65, 66, 67, 68, 69, 0]);",
                  "err": {},
                  "uuid": "ee2e8c5f-85e0-43fe-8a04-23e23d667814",
                  "parentUUID": "c29812a4-ee79-4b12-bc27-4b7ce08ffe19",
                  "isHook": false,
                  "skipped": false
                },
                {
                  "title": "should remove special chars",
                  "fullTitle": "Message static string2chars() should remove special chars",
                  "timedOut": false,
                  "duration": 1,
                  "state": "passed",
                  "speed": "fast",
                  "pass": true,
                  "fail": false,
                  "pending": false,
                  "context": null,
                  "code": "assert.deepStrictEqual(Message.string2chars('H⍷llo', { fallbackChar: null }), [8, 12, 12, 15]);\nassert.deepStrictEqual(Message.string2chars('H⍷llo'), [8, 60, 12, 12, 15]);",
                  "err": {},
                  "uuid": "02091a00-d502-49e6-baf9-d4beef2f3abf",
                  "parentUUID": "c29812a4-ee79-4b12-bc27-4b7ce08ffe19",
                  "isHook": false,
                  "skipped": false
                },
                {
                  "title": "should work with all charts defined in CHAR_MAP",
                  "fullTitle": "Message static string2chars() should work with all charts defined in CHAR_MAP",
                  "timedOut": false,
                  "duration": 4,
                  "state": "passed",
                  "speed": "fast",
                  "pass": true,
                  "fail": false,
                  "pending": false,
                  "context": null,
                  "code": "let text = '';\nconst result = [];\nCHAR_MAP.forEach(([str, chars]) => {\n    // assert.strictEqual(char.length, 1, `Char \"${char}\" has a length of ${char.length}`);\n    const actual = Message.string2chars(str, { removeUnsupportedWords: false });\n    const expected = chars.length !== 1 || chars[0] !== -2 ? chars : [0];\n    assert.deepStrictEqual(actual, expected, `Unable to process char \"${str}\": string2chars returned ${JSON.stringify(actual)}, but expected result was ${JSON.stringify(expected)}`);\n    text += str;\n    result.push(...expected);\n});\nassert.deepStrictEqual(Message.string2chars(text, { removeUnsupportedWords: false }), result);",
                  "err": {},
                  "uuid": "0d3620f9-3812-48c6-a033-a2b3bca89ab1",
                  "parentUUID": "c29812a4-ee79-4b12-bc27-4b7ce08ffe19",
                  "isHook": false,
                  "skipped": false
                }
              ],
              "suites": [],
              "passes": [
                "be587eaa-349b-41fb-9b89-7e9c2edab693",
                "0d96224c-4023-4d7e-af8b-58e4bef2d5be",
                "ee2e8c5f-85e0-43fe-8a04-23e23d667814",
                "02091a00-d502-49e6-baf9-d4beef2f3abf",
                "0d3620f9-3812-48c6-a033-a2b3bca89ab1"
              ],
              "failures": [],
              "pending": [],
              "skipped": [],
              "duration": 6,
              "root": false,
              "rootEmpty": false,
              "_timeout": 2000
            },
            {
              "uuid": "d1fe88cf-69d9-4458-bc11-c661968909e4",
              "title": "static splitCharsIntoLines()",
              "fullFile": "/home/runner/work/vestaboard/vestaboard/test/lib/message.ts",
              "file": "/test/lib/message.ts",
              "beforeHooks": [],
              "afterHooks": [],
              "tests": [
                {
                  "title": "should split words by whitespace",
                  "fullTitle": "Message static splitCharsIntoLines() should split words by whitespace",
                  "timedOut": false,
                  "duration": 0,
                  "state": "passed",
                  "speed": "fast",
                  "pass": true,
                  "fail": false,
                  "pending": false,
                  "context": null,
                  "code": "const chars = Message.string2chars('Hello World');\nassert.deepEqual(Message.splitCharsIntoLines(chars, [22, 22]), [\n    [\n        8,\n        5,\n        12,\n        12,\n        15,\n        0,\n        23,\n        15,\n        18,\n        12,\n        4\n    ]\n]);\nassert.deepEqual(Message.splitCharsIntoLines(chars, [8, 8]), [\n    [\n        8,\n        5,\n        12,\n        12,\n        15\n    ],\n    [\n        23,\n        15,\n        18,\n        12,\n        4\n    ]\n]);",
                  "err": {},
                  "uuid": "964b80da-cf35-486e-bc04-98eec8756b4b",
                  "parentUUID": "d1fe88cf-69d9-4458-bc11-c661968909e4",
                  "isHook": false,
                  "skipped": false
                },
                {
                  "title": "should split words by dash",
                  "fullTitle": "Message static splitCharsIntoLines() should split words by dash",
                  "timedOut": false,
                  "duration": 1,
                  "state": "passed",
                  "speed": "fast",
                  "pass": true,
                  "fail": false,
                  "pending": false,
                  "context": null,
                  "code": "const chars = Message.string2chars('Hello-World');\nassert.deepEqual(Message.splitCharsIntoLines(chars, [22, 22]), [\n    [\n        8,\n        5,\n        12,\n        12,\n        15,\n        44,\n        23,\n        15,\n        18,\n        12,\n        4\n    ]\n]);\nassert.deepEqual(Message.splitCharsIntoLines(chars, [8, 8]), [\n    [\n        8,\n        5,\n        12,\n        12,\n        15,\n        44,\n    ],\n    [\n        23,\n        15,\n        18,\n        12,\n        4\n    ]\n]);",
                  "err": {},
                  "uuid": "b9c162e1-83b7-4e96-99e1-6c7831e0aaf7",
                  "parentUUID": "d1fe88cf-69d9-4458-bc11-c661968909e4",
                  "isHook": false,
                  "skipped": false
                },
                {
                  "title": "should auto-split very long words",
                  "fullTitle": "Message static splitCharsIntoLines() should auto-split very long words",
                  "timedOut": false,
                  "duration": 1,
                  "state": "passed",
                  "speed": "fast",
                  "pass": true,
                  "fail": false,
                  "pending": false,
                  "context": null,
                  "code": "const chars = Message.string2chars('Rindfleischetikettierungsueberwachungsaufgabenuebertragungsgesetz');\nassert.deepEqual(Message.splitCharsIntoLines(chars, [22, 22]), [\n    [\n        18,\n        9,\n        14,\n        4,\n        6,\n        12,\n        5,\n        9,\n        19,\n        3,\n        8,\n        5,\n        20,\n        9,\n        11,\n        5,\n        20,\n        20,\n        9,\n        5,\n        18,\n        44\n    ],\n    [\n        21,\n        14,\n        7,\n        19,\n        21,\n        5,\n        2,\n        5,\n        18,\n        23,\n        1,\n        3,\n        8,\n        21,\n        14,\n        7,\n        19,\n        1,\n        21,\n        6,\n        7,\n        44\n    ],\n    [\n        1,\n        2,\n        5,\n        14,\n        21,\n        5,\n        2,\n        5,\n        18,\n        20,\n        18,\n        1,\n        7,\n        21,\n        14,\n        7,\n        19,\n        7,\n        5,\n        19,\n        5,\n        44,\n    ],\n    [\n        20,\n        26\n    ]\n]);",
                  "err": {},
                  "uuid": "3f350f9f-c3d3-48e4-9f5c-85b52e0e4241",
                  "parentUUID": "d1fe88cf-69d9-4458-bc11-c661968909e4",
                  "isHook": false,
                  "skipped": false
                }
              ],
              "suites": [],
              "passes": [
                "964b80da-cf35-486e-bc04-98eec8756b4b",
                "b9c162e1-83b7-4e96-99e1-6c7831e0aaf7",
                "3f350f9f-c3d3-48e4-9f5c-85b52e0e4241"
              ],
              "failures": [],
              "pending": [],
              "skipped": [],
              "duration": 2,
              "root": false,
              "rootEmpty": false,
              "_timeout": 2000
            },
            {
              "uuid": "72575ade-623d-4d01-b599-e4594c4d9dca",
              "title": "static removeEmojisFromChars()",
              "fullFile": "/home/runner/work/vestaboard/vestaboard/test/lib/message.ts",
              "file": "/test/lib/message.ts",
              "beforeHooks": [],
              "afterHooks": [],
              "tests": [
                {
                  "title": "should not trim texts without emoji words",
                  "fullTitle": "Message static removeEmojisFromChars() should not trim texts without emoji words",
                  "timedOut": false,
                  "duration": 1,
                  "state": "passed",
                  "speed": "fast",
                  "pass": true,
                  "fail": false,
                  "pending": false,
                  "context": null,
                  "code": "assert.deepStrictEqual(Message.string2chars('Hello World'), [\n    8,\n    5,\n    12,\n    12,\n    15,\n    0,\n    23,\n    15,\n    18,\n    12,\n    4\n]);",
                  "err": {},
                  "uuid": "4e5bfe4c-d870-44dd-a165-f252a6f906a4",
                  "parentUUID": "72575ade-623d-4d01-b599-e4594c4d9dca",
                  "isHook": false,
                  "skipped": false
                },
                {
                  "title": "should trim emoji prefixes",
                  "fullTitle": "Message static removeEmojisFromChars() should trim emoji prefixes",
                  "timedOut": false,
                  "duration": 0,
                  "state": "passed",
                  "speed": "fast",
                  "pass": true,
                  "fail": false,
                  "pending": false,
                  "context": null,
                  "code": "assert.deepStrictEqual(Message.removeEmojisFromChars(Message.string2chars('👋🏼Hello')), [8, 5, 12, 12, 15]);\nassert.deepStrictEqual(Message.removeEmojisFromChars(Message.string2chars('👋🏼 Hello')), [8, 5, 12, 12, 15]);",
                  "err": {},
                  "uuid": "fae83a5b-f903-4d5f-860f-111187e004df",
                  "parentUUID": "72575ade-623d-4d01-b599-e4594c4d9dca",
                  "isHook": false,
                  "skipped": false
                },
                {
                  "title": "should trim emoji postfixes",
                  "fullTitle": "Message static removeEmojisFromChars() should trim emoji postfixes",
                  "timedOut": false,
                  "duration": 0,
                  "state": "passed",
                  "speed": "fast",
                  "pass": true,
                  "fail": false,
                  "pending": false,
                  "context": null,
                  "code": "assert.deepStrictEqual(Message.removeEmojisFromChars(Message.string2chars('Hello👋🏼')), [8, 5, 12, 12, 15]);\nassert.deepStrictEqual(Message.removeEmojisFromChars(Message.string2chars('Hello 👋🏼')), [8, 5, 12, 12, 15]);",
                  "err": {},
                  "uuid": "5d385ce4-60b6-4578-a02e-120313efb0dd",
                  "parentUUID": "72575ade-623d-4d01-b599-e4594c4d9dca",
                  "isHook": false,
                  "skipped": false
                },
                {
                  "title": "should trim emoji words",
                  "fullTitle": "Message static removeEmojisFromChars() should trim emoji words",
                  "timedOut": false,
                  "duration": 1,
                  "state": "passed",
                  "speed": "fast",
                  "pass": true,
                  "fail": false,
                  "pending": false,
                  "context": null,
                  "code": "assert.deepStrictEqual(Message.removeEmojisFromChars(Message.string2chars('Hello 👋🏼👋🏼 World')), [8, 5, 12, 12, 15, 0, 23, 15, 18, 12, 4]);",
                  "err": {},
                  "uuid": "e0c7d8b7-2c21-4b9f-9f04-4462c4c958fa",
                  "parentUUID": "72575ade-623d-4d01-b599-e4594c4d9dca",
                  "isHook": false,
                  "skipped": false
                }
              ],
              "suites": [],
              "passes": [
                "4e5bfe4c-d870-44dd-a165-f252a6f906a4",
                "fae83a5b-f903-4d5f-860f-111187e004df",
                "5d385ce4-60b6-4578-a02e-120313efb0dd",
                "e0c7d8b7-2c21-4b9f-9f04-4462c4c958fa"
              ],
              "failures": [],
              "pending": [],
              "skipped": [],
              "duration": 2,
              "root": false,
              "rootEmpty": false,
              "_timeout": 2000
            },
            {
              "uuid": "29f3d7f9-9270-4e58-8f53-3840965304dc",
              "title": "static getColumnSizesFromData()",
              "fullFile": "/home/runner/work/vestaboard/vestaboard/test/lib/message.ts",
              "file": "/test/lib/message.ts",
              "beforeHooks": [],
              "afterHooks": [],
              "tests": [
                {
                  "title": "should work with a very basic example",
                  "fullTitle": "Message static getColumnSizesFromData() should work with a very basic example",
                  "timedOut": false,
                  "duration": 1,
                  "state": "passed",
                  "speed": "fast",
                  "pass": true,
                  "fail": false,
                  "pending": false,
                  "context": null,
                  "code": "assert.deepStrictEqual(Message.getColumnSizesFromData([\n    ['now', 'Daily'],\n    ['13:00', 'Secret Meeting']\n]), [6, 15]);",
                  "err": {},
                  "uuid": "7b41aac9-fbbb-40ec-88b5-7420d30ee8a3",
                  "parentUUID": "29f3d7f9-9270-4e58-8f53-3840965304dc",
                  "isHook": false,
                  "skipped": false
                },
                {
                  "title": "should work without data",
                  "fullTitle": "Message static getColumnSizesFromData() should work without data",
                  "timedOut": false,
                  "duration": 0,
                  "state": "passed",
                  "speed": "fast",
                  "pass": true,
                  "fail": false,
                  "pending": false,
                  "context": null,
                  "code": "assert.deepStrictEqual(Message.getColumnSizesFromData([]), []);",
                  "err": {},
                  "uuid": "3bef8b05-95e8-4111-833b-0726f5da18f6",
                  "parentUUID": "29f3d7f9-9270-4e58-8f53-3840965304dc",
                  "isHook": false,
                  "skipped": false
                },
                {
                  "title": "should work with only one column",
                  "fullTitle": "Message static getColumnSizesFromData() should work with only one column",
                  "timedOut": false,
                  "duration": 0,
                  "state": "passed",
                  "speed": "fast",
                  "pass": true,
                  "fail": false,
                  "pending": false,
                  "context": null,
                  "code": "assert.deepStrictEqual(Message.getColumnSizesFromData([\n    ['Daily'],\n    ['Secret Meeting']\n]), [22]);",
                  "err": {},
                  "uuid": "8999392e-62ec-48a0-b37f-11b560eb0e30",
                  "parentUUID": "29f3d7f9-9270-4e58-8f53-3840965304dc",
                  "isHook": false,
                  "skipped": false
                },
                {
                  "title": "should work if length is not enough",
                  "fullTitle": "Message static getColumnSizesFromData() should work if length is not enough",
                  "timedOut": false,
                  "duration": 2,
                  "state": "passed",
                  "speed": "fast",
                  "pass": true,
                  "fail": false,
                  "pending": false,
                  "context": null,
                  "code": "assert.deepStrictEqual(Message.getColumnSizesFromData([\n    ['now', 'Daily'],\n    ['13:00', 'Super Secret Meeting']\n]), [5, 16]);",
                  "err": {},
                  "uuid": "23079720-1a3b-4c99-bbfc-0aaddb7f5570",
                  "parentUUID": "29f3d7f9-9270-4e58-8f53-3840965304dc",
                  "isHook": false,
                  "skipped": false
                },
                {
                  "title": "should throw error if rows have different number of columns",
                  "fullTitle": "Message static getColumnSizesFromData() should throw error if rows have different number of columns",
                  "timedOut": false,
                  "duration": 0,
                  "state": "passed",
                  "speed": "fast",
                  "pass": true,
                  "fail": false,
                  "pending": false,
                  "context": null,
                  "code": "assert.throws(() => {\n    new Message().table([\n        ['now', 'Daily'],\n        ['13:00', 'Secret Meeting', '🟥']\n    ]);\n}, /Unable to render table: Row 1 has 3 entries, but first row has 2!/);",
                  "err": {},
                  "uuid": "7f9d7437-d92e-403d-a8b2-ccf8f829d84d",
                  "parentUUID": "29f3d7f9-9270-4e58-8f53-3840965304dc",
                  "isHook": false,
                  "skipped": false
                }
              ],
              "suites": [],
              "passes": [
                "7b41aac9-fbbb-40ec-88b5-7420d30ee8a3",
                "3bef8b05-95e8-4111-833b-0726f5da18f6",
                "8999392e-62ec-48a0-b37f-11b560eb0e30",
                "23079720-1a3b-4c99-bbfc-0aaddb7f5570",
                "7f9d7437-d92e-403d-a8b2-ccf8f829d84d"
              ],
              "failures": [],
              "pending": [],
              "skipped": [],
              "duration": 3,
              "root": false,
              "rootEmpty": false,
              "_timeout": 2000
            },
            {
              "uuid": "e4ed5485-7d71-4ea0-8845-b48efa5b5bd1",
              "title": "fill()",
              "fullFile": "/home/runner/work/vestaboard/vestaboard/test/lib/message.ts",
              "file": "/test/lib/message.ts",
              "beforeHooks": [],
              "afterHooks": [],
              "tests": [
                {
                  "title": "should work with default",
                  "fullTitle": "Message fill() should work with default",
                  "timedOut": false,
                  "duration": 1,
                  "state": "passed",
                  "speed": "fast",
                  "pass": true,
                  "fail": false,
                  "pending": false,
                  "context": null,
                  "code": "const msg = new Message();\nmsg.write('Hello World');\nmsg.fill();\nassert.strictEqual(msg.toString(), '#==============================================#\\n' +\n    '#                                              #\\n' +\n    '#                                              #\\n' +\n    '#                                              #\\n' +\n    '#                                              #\\n' +\n    '#                                              #\\n' +\n    '#                                              #\\n' +\n    '#==============================================#\\n');",
                  "err": {},
                  "uuid": "b0de7633-a3d8-49d6-a03d-60f195a97136",
                  "parentUUID": "e4ed5485-7d71-4ea0-8845-b48efa5b5bd1",
                  "isHook": false,
                  "skipped": false
                },
                {
                  "title": "should work with single chars",
                  "fullTitle": "Message fill() should work with single chars",
                  "timedOut": false,
                  "duration": 3,
                  "state": "passed",
                  "speed": "fast",
                  "pass": true,
                  "fail": false,
                  "pending": false,
                  "context": null,
                  "code": "const msg = new Message();\nmsg.fill('🟥');\nassert.strictEqual(msg.toString(), '#==============================================#\\n' +\n    '# 🟥🟥🟥🟥🟥🟥🟥🟥🟥🟥🟥🟥🟥🟥🟥🟥🟥🟥🟥🟥🟥🟥 #\\n' +\n    '# 🟥🟥🟥🟥🟥🟥🟥🟥🟥🟥🟥🟥🟥🟥🟥🟥🟥🟥🟥🟥🟥🟥 #\\n' +\n    '# 🟥🟥🟥🟥🟥🟥🟥🟥🟥🟥🟥🟥🟥🟥🟥🟥🟥🟥🟥🟥🟥🟥 #\\n' +\n    '# 🟥🟥🟥🟥🟥🟥🟥🟥🟥🟥🟥🟥🟥🟥🟥🟥🟥🟥🟥🟥🟥🟥 #\\n' +\n    '# 🟥🟥🟥🟥🟥🟥🟥🟥🟥🟥🟥🟥🟥🟥🟥🟥🟥🟥🟥🟥🟥🟥 #\\n' +\n    '# 🟥🟥🟥🟥🟥🟥🟥🟥🟥🟥🟥🟥🟥🟥🟥🟥🟥🟥🟥🟥🟥🟥 #\\n' +\n    '#==============================================#\\n');",
                  "err": {},
                  "uuid": "8fbe4f86-049a-4e1a-9eba-d04bc045c11d",
                  "parentUUID": "e4ed5485-7d71-4ea0-8845-b48efa5b5bd1",
                  "isHook": false,
                  "skipped": false
                },
                {
                  "title": "should work with multiple chars",
                  "fullTitle": "Message fill() should work with multiple chars",
                  "timedOut": false,
                  "duration": 1,
                  "state": "passed",
                  "speed": "fast",
                  "pass": true,
                  "fail": false,
                  "pending": false,
                  "context": null,
                  "code": "const msg = new Message();\nmsg.fill('🟥🟧🟨🟩🟦🟪');\nassert.strictEqual(msg.toString(), '#==============================================#\\n' +\n    '# 🟥🟧🟨🟩🟦🟪🟥🟧🟨🟩🟦🟪🟥🟧🟨🟩🟦🟪🟥🟧🟨🟩 #\\n' +\n    '# 🟦🟪🟥🟧🟨🟩🟦🟪🟥🟧🟨🟩🟦🟪🟥🟧🟨🟩🟦🟪🟥🟧 #\\n' +\n    '# 🟨🟩🟦🟪🟥🟧🟨🟩🟦🟪🟥🟧🟨🟩🟦🟪🟥🟧🟨🟩🟦🟪 #\\n' +\n    '# 🟥🟧🟨🟩🟦🟪🟥🟧🟨🟩🟦🟪🟥🟧🟨🟩🟦🟪🟥🟧🟨🟩 #\\n' +\n    '# 🟦🟪🟥🟧🟨🟩🟦🟪🟥🟧🟨🟩🟦🟪🟥🟧🟨🟩🟦🟪🟥🟧 #\\n' +\n    '# 🟨🟩🟦🟪🟥🟧🟨🟩🟦🟪🟥🟧🟨🟩🟦🟪🟥🟧🟨🟩🟦🟪 #\\n' +\n    '#==============================================#\\n');",
                  "err": {},
                  "uuid": "e4f3f6f0-83e2-4c0c-bce9-4390e67806cf",
                  "parentUUID": "e4ed5485-7d71-4ea0-8845-b48efa5b5bd1",
                  "isHook": false,
                  "skipped": false
                }
              ],
              "suites": [],
              "passes": [
                "b0de7633-a3d8-49d6-a03d-60f195a97136",
                "8fbe4f86-049a-4e1a-9eba-d04bc045c11d",
                "e4f3f6f0-83e2-4c0c-bce9-4390e67806cf"
              ],
              "failures": [],
              "pending": [],
              "skipped": [],
              "duration": 5,
              "root": false,
              "rootEmpty": false,
              "_timeout": 2000
            },
            {
              "uuid": "2532d2ae-d6d6-4657-bc2f-9c5dba1b060e",
              "title": "write()",
              "fullFile": "/home/runner/work/vestaboard/vestaboard/test/lib/message.ts",
              "file": "/test/lib/message.ts",
              "beforeHooks": [],
              "afterHooks": [],
              "tests": [
                {
                  "title": "should start writing from top/left",
                  "fullTitle": "Message write() should start writing from top/left",
                  "timedOut": false,
                  "duration": 1,
                  "state": "passed",
                  "speed": "fast",
                  "pass": true,
                  "fail": false,
                  "pending": false,
                  "context": null,
                  "code": "const msg = new Message();\nmsg.write('Hello World');\nassert.strictEqual(msg.toString(), '#==============================================#\\n' +\n    '# H E L L O   W O R L D                        #\\n' +\n    '#                                              #\\n' +\n    '#                                              #\\n' +\n    '#                                              #\\n' +\n    '#                                              #\\n' +\n    '#                                              #\\n' +\n    '#==============================================#\\n');",
                  "err": {},
                  "uuid": "aa571013-d77b-4cb0-b128-ea77498648cf",
                  "parentUUID": "2532d2ae-d6d6-4657-bc2f-9c5dba1b060e",
                  "isHook": false,
                  "skipped": false
                },
                {
                  "title": "should accept line & row for positioning",
                  "fullTitle": "Message write() should accept line & row for positioning",
                  "timedOut": false,
                  "duration": 1,
                  "state": "passed",
                  "speed": "fast",
                  "pass": true,
                  "fail": false,
                  "pending": false,
                  "context": null,
                  "code": "const msg = new Message();\nmsg.write('Hello World', {\n    position: {\n        line: 2,\n        row: 5\n    }\n});\nassert.strictEqual(msg.toString(), '#==============================================#\\n' +\n    '#                                              #\\n' +\n    '#                                              #\\n' +\n    '#           H E L L O   W O R L D              #\\n' +\n    '#                                              #\\n' +\n    '#                                              #\\n' +\n    '#                                              #\\n' +\n    '#==============================================#\\n');",
                  "err": {},
                  "uuid": "7efe058a-fbf5-4234-8d03-7043ccdc8d5f",
                  "parentUUID": "2532d2ae-d6d6-4657-bc2f-9c5dba1b060e",
                  "isHook": false,
                  "skipped": false
                },
                {
                  "title": "should add another line if text is too long",
                  "fullTitle": "Message write() should add another line if text is too long",
                  "timedOut": false,
                  "duration": 2,
                  "state": "passed",
                  "speed": "fast",
                  "pass": true,
                  "fail": false,
                  "pending": false,
                  "context": null,
                  "code": "const msg = new Message();\nmsg.write('Lorem ipsum dolor sit amet, ' +\n    'consetetur sadipscing elitr, sed ' +\n    'diam nonumy eirmod tempor invidunt');\nassert.strictEqual(msg.toString(), '#==============================================#\\n' +\n    '# L O R E M   I P S U M   D O L O R   S I T    #\\n' +\n    '# A M E T ,   C O N S E T E T U R              #\\n' +\n    '# S A D I P S C I N G   E L I T R ,   S E D    #\\n' +\n    '# D I A M   N O N U M Y   E I R M O D          #\\n' +\n    '# T E M P O R   I N V I D U N T                #\\n' +\n    '#                                              #\\n' +\n    '#==============================================#\\n');",
                  "err": {},
                  "uuid": "be5e5c0a-a43f-4894-a658-525f77f4ed1f",
                  "parentUUID": "2532d2ae-d6d6-4657-bc2f-9c5dba1b060e",
                  "isHook": false,
                  "skipped": false
                },
                {
                  "title": "should work with words > board length",
                  "fullTitle": "Message write() should work with words > board length",
                  "timedOut": false,
                  "duration": 1,
                  "state": "passed",
                  "speed": "fast",
                  "pass": true,
                  "fail": false,
                  "pending": false,
                  "context": null,
                  "code": "const msg = new Message();\nmsg.write('Lorem-ipsum-dolor-sit-amet');\nassert.strictEqual(msg.toString(), '#==============================================#\\n' +\n    '# L O R E M - I P S U M - D O L O R - S I T -  #\\n' +\n    '# A M E T                                      #\\n' +\n    '#                                              #\\n' +\n    '#                                              #\\n' +\n    '#                                              #\\n' +\n    '#                                              #\\n' +\n    '#==============================================#\\n');",
                  "err": {},
                  "uuid": "5da71db8-3b7e-43db-a6b8-5b96fdc52784",
                  "parentUUID": "2532d2ae-d6d6-4657-bc2f-9c5dba1b060e",
                  "isHook": false,
                  "skipped": false
                },
                {
                  "title": "should allow to use NEXT_LINE flag",
                  "fullTitle": "Message write() should allow to use NEXT_LINE flag",
                  "timedOut": false,
                  "duration": 2,
                  "state": "passed",
                  "speed": "fast",
                  "pass": true,
                  "fail": false,
                  "pending": false,
                  "context": null,
                  "code": "const msg = new Message();\nmsg.write('13:00', { position: MessageWritePosition.NEXT_LINE });\nmsg.write('Daily', { indent: true });\nmsg.write('', { position: MessageWritePosition.NEXT_LINE });\nmsg.write('18:00', { position: MessageWritePosition.NEXT_LINE });\nmsg.write('Fischstäbchen, Spinat & Ei', { indent: true });\nmsg.write('', { position: MessageWritePosition.NEXT_LINE });\nmsg.write('20:00', { position: MessageWritePosition.NEXT_LINE });\nmsg.write('Sandmännchen', { indent: true });\nassert.strictEqual(msg.toString(), '#==============================================#\\n' +\n    '# 1 3 : 0 0   D A I L Y                        #\\n' +\n    '#                                              #\\n' +\n    '# 1 8 : 0 0   F I S C H S T A E B C H E N ,    #\\n' +\n    '#             S P I N A T   &   E I            #\\n' +\n    '#                                              #\\n' +\n    '# 2 0 : 0 0   S A N D M A E N N C H E N        #\\n' +\n    '#==============================================#\\n');",
                  "err": {},
                  "uuid": "7edd5468-11b7-4626-a7ac-d39a72131c1d",
                  "parentUUID": "2532d2ae-d6d6-4657-bc2f-9c5dba1b060e",
                  "isHook": false,
                  "skipped": false
                },
                {
                  "title": "should support the NO_SPACE_BETWEEN flag",
                  "fullTitle": "Message write() should support the NO_SPACE_BETWEEN flag",
                  "timedOut": false,
                  "duration": 2,
                  "state": "passed",
                  "speed": "fast",
                  "pass": true,
                  "fail": false,
                  "pending": false,
                  "context": null,
                  "code": "const msg = new Message();\nmsg.write('Rindfleisch')\n    .write('etikettierungs', { position: MessageWritePosition.NO_SPACE_BETWEEN })\n    .write('ueberwachungs', { position: MessageWritePosition.NO_SPACE_BETWEEN })\n    .write('aufgaben', { position: MessageWritePosition.NO_SPACE_BETWEEN })\n    .write('uebertragungs', { position: MessageWritePosition.NO_SPACE_BETWEEN })\n    .write('gesetz', { position: MessageWritePosition.NO_SPACE_BETWEEN })\n    .write('(das)');\nassert.strictEqual(msg.toString(), '#==============================================#\\n' +\n    '# R I N D F L E I S C H                        #\\n' +\n    '# E T I K E T T I E R U N G S                  #\\n' +\n    '# U E B E R W A C H U N G S A U F G A B E N    #\\n' +\n    '# U E B E R T R A G U N G S G E S E T Z        #\\n' +\n    '# ( D A S )                                    #\\n' +\n    '#                                              #\\n' +\n    '#==============================================#\\n');",
                  "err": {},
                  "uuid": "cff254df-e677-4fda-8d5f-2a6944d94087",
                  "parentUUID": "2532d2ae-d6d6-4657-bc2f-9c5dba1b060e",
                  "isHook": false,
                  "skipped": false
                },
                {
                  "title": "should support \\n",
                  "fullTitle": "Message write() should support \\n",
                  "timedOut": false,
                  "duration": 2,
                  "state": "passed",
                  "speed": "fast",
                  "pass": true,
                  "fail": false,
                  "pending": false,
                  "context": null,
                  "code": "assert.strictEqual(new Message()\n    .write('Hello\\nWorld')\n    .toString(), '#==============================================#\\n' +\n    '# H E L L O                                    #\\n' +\n    '# W O R L D                                    #\\n' +\n    '#                                              #\\n' +\n    '#                                              #\\n' +\n    '#                                              #\\n' +\n    '#                                              #\\n' +\n    '#==============================================#\\n');\nassert.strictEqual(new Message()\n    .write('H⍷llo World', { fallbackChar: 0 })\n    .toString(), '#==============================================#\\n' +\n    '# H   L L O   W O R L D                        #\\n' +\n    '#                                              #\\n' +\n    '#                                              #\\n' +\n    '#                                              #\\n' +\n    '#                                              #\\n' +\n    '#                                              #\\n' +\n    '#==============================================#\\n');\nassert.strictEqual(new Message()\n    .write('H⍷llo World', { fallbackChar: null })\n    .toString(), '#==============================================#\\n' +\n    '# H L L O   W O R L D                          #\\n' +\n    '#                                              #\\n' +\n    '#                                              #\\n' +\n    '#                                              #\\n' +\n    '#                                              #\\n' +\n    '#                                              #\\n' +\n    '#==============================================#\\n');",
                  "err": {},
                  "uuid": "856c8dbd-e803-415a-92d0-842107e24c71",
                  "parentUUID": "2532d2ae-d6d6-4657-bc2f-9c5dba1b060e",
                  "isHook": false,
                  "skipped": false
                },
                {
                  "title": "should handle the fallback char",
                  "fullTitle": "Message write() should handle the fallback char",
                  "timedOut": false,
                  "duration": 2,
                  "state": "passed",
                  "speed": "fast",
                  "pass": true,
                  "fail": false,
                  "pending": false,
                  "context": null,
                  "code": "assert.strictEqual(new Message()\n    .write('H⍷llo World')\n    .toString(), '#==============================================#\\n' +\n    '# H ? L L O   W O R L D                        #\\n' +\n    '#                                              #\\n' +\n    '#                                              #\\n' +\n    '#                                              #\\n' +\n    '#                                              #\\n' +\n    '#                                              #\\n' +\n    '#==============================================#\\n');\nassert.strictEqual(new Message()\n    .write('H⍷llo World', { fallbackChar: 0 })\n    .toString(), '#==============================================#\\n' +\n    '# H   L L O   W O R L D                        #\\n' +\n    '#                                              #\\n' +\n    '#                                              #\\n' +\n    '#                                              #\\n' +\n    '#                                              #\\n' +\n    '#                                              #\\n' +\n    '#==============================================#\\n');\nassert.strictEqual(new Message()\n    .write('H⍷llo World', { fallbackChar: null })\n    .toString(), '#==============================================#\\n' +\n    '# H L L O   W O R L D                          #\\n' +\n    '#                                              #\\n' +\n    '#                                              #\\n' +\n    '#                                              #\\n' +\n    '#                                              #\\n' +\n    '#                                              #\\n' +\n    '#==============================================#\\n');",
                  "err": {},
                  "uuid": "db4c65a2-96bb-4600-8135-8564a80b6ec6",
                  "parentUUID": "2532d2ae-d6d6-4657-bc2f-9c5dba1b060e",
                  "isHook": false,
                  "skipped": false
                },
                {
                  "title": "should remove unsupported words by default",
                  "fullTitle": "Message write() should remove unsupported words by default",
                  "timedOut": false,
                  "duration": 0,
                  "state": "passed",
                  "speed": "fast",
                  "pass": true,
                  "fail": false,
                  "pending": false,
                  "context": null,
                  "code": "const msg = new Message();\nmsg.write('💪🏼 Gym');\nassert.strictEqual(msg.toString(), '#==============================================#\\n' +\n    '# G Y M                                        #\\n' +\n    '#                                              #\\n' +\n    '#                                              #\\n' +\n    '#                                              #\\n' +\n    '#                                              #\\n' +\n    '#                                              #\\n' +\n    '#==============================================#\\n');",
                  "err": {},
                  "uuid": "6199b54c-144f-402b-872d-cf6becc62fb4",
                  "parentUUID": "2532d2ae-d6d6-4657-bc2f-9c5dba1b060e",
                  "isHook": false,
                  "skipped": false
                },
                {
                  "title": "should not break if message is way too long",
                  "fullTitle": "Message write() should not break if message is way too long",
                  "timedOut": false,
                  "duration": 6,
                  "state": "passed",
                  "speed": "fast",
                  "pass": true,
                  "fail": false,
                  "pending": false,
                  "context": null,
                  "code": "const msg = new Message();\nmsg.write('Lorem ipsum dolor sit amet, consectetur adipisici elit, sed eiusmod tempor incidunt ut labore et dolore magna aliqua.');\nmsg.write('Ut enim ad minim veniam, quis nostrud exercitation ullamco laboris nisi ut aliquid ex ea commodi consequat.');\nmsg.write('Quis aute iure reprehenderit in voluptate velit esse cillum dolore eu fugiat nulla pariatur.');\nmsg.write('Excepteur sint obcaecat cupiditat non proident, sunt in culpa qui officia deserunt mollit anim id est laborum.');\nassert.strictEqual(msg.toString(), '#==============================================#\\n' +\n    '# L O R E M   I P S U M   D O L O R   S I T    #\\n' +\n    '# A M E T ,   C O N S E C T E T U R            #\\n' +\n    '# A D I P I S I C I   E L I T ,   S E D        #\\n' +\n    '# E I U S M O D   T E M P O R I N C I D U N T  #\\n' +\n    '# U T   L A B O R E   E T   D O L O R E        #\\n' +\n    '# M A G N A   A L I Q U A .   U T   E N I M    #\\n' +\n    '#==============================================#\\n');",
                  "err": {},
                  "uuid": "6b860a94-6581-483c-ad0a-627aaf90505f",
                  "parentUUID": "2532d2ae-d6d6-4657-bc2f-9c5dba1b060e",
                  "isHook": false,
                  "skipped": false
                }
              ],
              "suites": [],
              "passes": [
                "aa571013-d77b-4cb0-b128-ea77498648cf",
                "7efe058a-fbf5-4234-8d03-7043ccdc8d5f",
                "be5e5c0a-a43f-4894-a658-525f77f4ed1f",
                "5da71db8-3b7e-43db-a6b8-5b96fdc52784",
                "7edd5468-11b7-4626-a7ac-d39a72131c1d",
                "cff254df-e677-4fda-8d5f-2a6944d94087",
                "856c8dbd-e803-415a-92d0-842107e24c71",
                "db4c65a2-96bb-4600-8135-8564a80b6ec6",
                "6199b54c-144f-402b-872d-cf6becc62fb4",
                "6b860a94-6581-483c-ad0a-627aaf90505f"
              ],
              "failures": [],
              "pending": [],
              "skipped": [],
              "duration": 19,
              "root": false,
              "rootEmpty": false,
              "_timeout": 2000
            },
            {
              "uuid": "faac35f1-0323-4fab-984c-4194263230fd",
              "title": "table()",
              "fullFile": "/home/runner/work/vestaboard/vestaboard/test/lib/message.ts",
              "file": "/test/lib/message.ts",
              "beforeHooks": [],
              "afterHooks": [],
              "tests": [
                {
                  "title": "should work with a very basic example",
                  "fullTitle": "Message table() should work with a very basic example",
                  "timedOut": false,
                  "duration": 2,
                  "state": "passed",
                  "speed": "fast",
                  "pass": true,
                  "fail": false,
                  "pending": false,
                  "context": null,
                  "code": "const msg = new Message();\nmsg.table([\n    ['now', 'Daily'],\n    ['13:00', 'Secret Meeting']\n]);\nassert.strictEqual(msg.toString(), '#==============================================#\\n' +\n    '# N O W         D A I L Y                      #\\n' +\n    '#                                              #\\n' +\n    '# 1 3 : 0 0     S E C R E T   M E E T I N G    #\\n' +\n    '#                                              #\\n' +\n    '#                                              #\\n' +\n    '#                                              #\\n' +\n    '#==============================================#\\n');",
                  "err": {},
                  "uuid": "a5eaea2a-f77c-4f26-b342-1ac2f832444e",
                  "parentUUID": "faac35f1-0323-4fab-984c-4194263230fd",
                  "isHook": false,
                  "skipped": false
                },
                {
                  "title": "should just fill the space available if too full",
                  "fullTitle": "Message table() should just fill the space available if too full",
                  "timedOut": false,
                  "duration": 3,
                  "state": "passed",
                  "speed": "fast",
                  "pass": true,
                  "fail": false,
                  "pending": false,
                  "context": null,
                  "code": "const msg = new Message();\nmsg.table([\n    ['now', 'Daily'],\n    ['13:00', 'Super Secret Meeting'],\n    ['16:30', 'Awesome Presentation']\n]);\nassert.strictEqual(msg.toString(), '#==============================================#\\n' +\n    '# N O W       D A I L Y                        #\\n' +\n    '#                                              #\\n' +\n    '# 1 3 : 0 0   S U P E R   S E C R E T          #\\n' +\n    '#             M E E T I N G                    #\\n' +\n    '#                                              #\\n' +\n    '# 1 6 : 3 0   A W E S O M E   P R E S E N T -  #\\n' +\n    '#==============================================#\\n');",
                  "err": {},
                  "uuid": "4d082120-7f9f-4c3f-8479-5c2775511df8",
                  "parentUUID": "faac35f1-0323-4fab-984c-4194263230fd",
                  "isHook": false,
                  "skipped": false
                },
                {
                  "title": "should pay attention to the cursor",
                  "fullTitle": "Message table() should pay attention to the cursor",
                  "timedOut": false,
                  "duration": 2,
                  "state": "passed",
                  "speed": "fast",
                  "pass": true,
                  "fail": false,
                  "pending": false,
                  "context": null,
                  "code": "const msg = new Message();\nmsg.write('Hello World\\n');\nmsg.table([\n    ['now', 'Daily'],\n    ['13:00', 'Secret Meeting']\n]);\nassert.strictEqual(msg.toString(), '#==============================================#\\n' +\n    '# H E L L O   W O R L D                        #\\n' +\n    '#                                              #\\n' +\n    '# N O W         D A I L Y                      #\\n' +\n    '#                                              #\\n' +\n    '# 1 3 : 0 0     S E C R E T   M E E T I N G    #\\n' +\n    '#                                              #\\n' +\n    '#==============================================#\\n');",
                  "err": {},
                  "uuid": "4a6e1808-5121-4c4c-82dd-fe49dbde6f93",
                  "parentUUID": "faac35f1-0323-4fab-984c-4194263230fd",
                  "isHook": false,
                  "skipped": false
                },
                {
                  "title": "should throw error if rows have different number of columns",
                  "fullTitle": "Message table() should throw error if rows have different number of columns",
                  "timedOut": false,
                  "duration": 0,
                  "state": "passed",
                  "speed": "fast",
                  "pass": true,
                  "fail": false,
                  "pending": false,
                  "context": null,
                  "code": "const msg = new Message();\nassert.throws(() => {\n    msg.table([\n        ['now', 'Daily'],\n        ['13:00', 'Secret Meeting', '🟥']\n    ]);\n}, /Unable to render table: Row 1 has 3 entries, but first row has 2!/);",
                  "err": {},
                  "uuid": "e89245f5-b7a4-4a7e-b772-68a7dfe58e37",
                  "parentUUID": "faac35f1-0323-4fab-984c-4194263230fd",
                  "isHook": false,
                  "skipped": false
                }
              ],
              "suites": [],
              "passes": [
                "a5eaea2a-f77c-4f26-b342-1ac2f832444e",
                "4d082120-7f9f-4c3f-8479-5c2775511df8",
                "4a6e1808-5121-4c4c-82dd-fe49dbde6f93",
                "e89245f5-b7a4-4a7e-b772-68a7dfe58e37"
              ],
              "failures": [],
              "pending": [],
              "skipped": [],
              "duration": 7,
              "root": false,
              "rootEmpty": false,
              "_timeout": 2000
            },
            {
              "uuid": "7f490c86-e5f4-442a-94b8-0ad628b0d81b",
              "title": "center()",
              "fullFile": "/home/runner/work/vestaboard/vestaboard/test/lib/message.ts",
              "file": "/test/lib/message.ts",
              "beforeHooks": [],
              "afterHooks": [],
              "tests": [
                {
                  "title": "should work with a single word",
                  "fullTitle": "Message center() should work with a single word",
                  "timedOut": false,
                  "duration": 1,
                  "state": "passed",
                  "speed": "fast",
                  "pass": true,
                  "fail": false,
                  "pending": false,
                  "context": null,
                  "code": "const msg = new Message();\nmsg.write('Hello World');\nmsg.center();\nassert.strictEqual(msg.toString(), '#==============================================#\\n' +\n    '#                                              #\\n' +\n    '#                                              #\\n' +\n    '#           H E L L O   W O R L D              #\\n' +\n    '#                                              #\\n' +\n    '#                                              #\\n' +\n    '#                                              #\\n' +\n    '#==============================================#\\n');",
                  "err": {},
                  "uuid": "b2cf0ae7-3373-4ac2-865f-55dbdd91234a",
                  "parentUUID": "7f490c86-e5f4-442a-94b8-0ad628b0d81b",
                  "isHook": false,
                  "skipped": false
                },
                {
                  "title": "should work with a complete filled board",
                  "fullTitle": "Message center() should work with a complete filled board",
                  "timedOut": false,
                  "duration": 1,
                  "state": "passed",
                  "speed": "fast",
                  "pass": true,
                  "fail": false,
                  "pending": false,
                  "context": null,
                  "code": "const msg = new Message();\nmsg.fill('🟥');\nmsg.center();\nassert.strictEqual(msg.toString(), '#==============================================#\\n' +\n    '# 🟥🟥🟥🟥🟥🟥🟥🟥🟥🟥🟥🟥🟥🟥🟥🟥🟥🟥🟥🟥🟥🟥 #\\n' +\n    '# 🟥🟥🟥🟥🟥🟥🟥🟥🟥🟥🟥🟥🟥🟥🟥🟥🟥🟥🟥🟥🟥🟥 #\\n' +\n    '# 🟥🟥🟥🟥🟥🟥🟥🟥🟥🟥🟥🟥🟥🟥🟥🟥🟥🟥🟥🟥🟥🟥 #\\n' +\n    '# 🟥🟥🟥🟥🟥🟥🟥🟥🟥🟥🟥🟥🟥🟥🟥🟥🟥🟥🟥🟥🟥🟥 #\\n' +\n    '# 🟥🟥🟥🟥🟥🟥🟥🟥🟥🟥🟥🟥🟥🟥🟥🟥🟥🟥🟥🟥🟥🟥 #\\n' +\n    '# 🟥🟥🟥🟥🟥🟥🟥🟥🟥🟥🟥🟥🟥🟥🟥🟥🟥🟥🟥🟥🟥🟥 #\\n' +\n    '#==============================================#\\n');",
                  "err": {},
                  "uuid": "c7257741-36d6-4d89-98e6-2d48f27593cf",
                  "parentUUID": "7f490c86-e5f4-442a-94b8-0ad628b0d81b",
                  "isHook": false,
                  "skipped": false
                },
                {
                  "title": "should also work if word is not top/left aligned",
                  "fullTitle": "Message center() should also work if word is not top/left aligned",
                  "timedOut": false,
                  "duration": 1,
                  "state": "passed",
                  "speed": "fast",
                  "pass": true,
                  "fail": false,
                  "pending": false,
                  "context": null,
                  "code": "const msg = new Message();\nmsg.write('Hello World', {\n    position: {\n        line: 5,\n        row: 11\n    }\n});\nmsg.center();\nassert.strictEqual(msg.toString(), '#==============================================#\\n' +\n    '#                                              #\\n' +\n    '#                                              #\\n' +\n    '#           H E L L O   W O R L D              #\\n' +\n    '#                                              #\\n' +\n    '#                                              #\\n' +\n    '#                                              #\\n' +\n    '#==============================================#\\n');",
                  "err": {},
                  "uuid": "99df126f-f36d-410e-be5b-8d68b7fd03e1",
                  "parentUUID": "7f490c86-e5f4-442a-94b8-0ad628b0d81b",
                  "isHook": false,
                  "skipped": false
                }
              ],
              "suites": [],
              "passes": [
                "b2cf0ae7-3373-4ac2-865f-55dbdd91234a",
                "c7257741-36d6-4d89-98e6-2d48f27593cf",
                "99df126f-f36d-410e-be5b-8d68b7fd03e1"
              ],
              "failures": [],
              "pending": [],
              "skipped": [],
              "duration": 3,
              "root": false,
              "rootEmpty": false,
              "_timeout": 2000
            }
          ],
          "passes": [],
          "failures": [],
          "pending": [],
          "skipped": [],
          "duration": 0,
          "root": false,
          "rootEmpty": false,
          "_timeout": 2000
        },
        {
          "uuid": "dcb31403-fe03-48fb-bfc9-2825df441830",
          "title": "MultipleBoard",
          "fullFile": "/home/runner/work/vestaboard/vestaboard/test/lib/multiple-boards.ts",
          "file": "/test/lib/multiple-boards.ts",
          "beforeHooks": [],
          "afterHooks": [],
          "tests": [],
          "suites": [
            {
              "uuid": "5c1dafad-cce0-400b-8930-e84b3fa1e722",
              "title": "postMessage()",
              "fullFile": "/home/runner/work/vestaboard/vestaboard/test/lib/multiple-boards.ts",
              "file": "/test/lib/multiple-boards.ts",
              "beforeHooks": [],
              "afterHooks": [],
              "tests": [
                {
                  "title": "should work (live)",
                  "fullTitle": "MultipleBoard postMessage() should work (live)",
                  "timedOut": false,
                  "duration": 0,
                  "state": "pending",
                  "speed": null,
                  "pass": false,
                  "fail": false,
                  "pending": true,
                  "context": null,
                  "code": "",
                  "err": {},
                  "uuid": "c933454b-94c8-4025-a4b5-162fa5a636ae",
                  "parentUUID": "5c1dafad-cce0-400b-8930-e84b3fa1e722",
                  "isHook": false,
                  "skipped": false
                }
              ],
              "suites": [],
              "passes": [],
              "failures": [],
              "pending": [
                "c933454b-94c8-4025-a4b5-162fa5a636ae"
              ],
              "skipped": [],
              "duration": 0,
              "root": false,
              "rootEmpty": false,
              "_timeout": 30000
            }
          ],
          "passes": [],
          "failures": [],
          "pending": [],
          "skipped": [],
          "duration": 0,
          "root": false,
          "rootEmpty": false,
          "_timeout": 30000
        },
        {
          "uuid": "28c55d67-ac6b-412d-9b9c-da2c7af47aa0",
          "title": "ReadWriteAPI",
          "fullFile": "/home/runner/work/vestaboard/vestaboard/test/lib/read-write-api.ts",
          "file": "/test/lib/read-write-api.ts",
          "beforeHooks": [],
          "afterHooks": [],
          "tests": [],
          "suites": [
            {
              "uuid": "c2af6d46-0995-4ab5-ab0a-0b49c0bc192f",
              "title": "getCurrentMessage()",
              "fullFile": "/home/runner/work/vestaboard/vestaboard/test/lib/read-write-api.ts",
              "file": "/test/lib/read-write-api.ts",
              "beforeHooks": [],
              "afterHooks": [],
              "tests": [
                {
                  "title": "should work (mocked)",
                  "fullTitle": "ReadWriteAPI getCurrentMessage() should work (mocked)",
                  "timedOut": false,
                  "duration": 1,
                  "state": "passed",
                  "speed": "fast",
                  "pass": true,
                  "fail": false,
                  "pending": false,
                  "context": null,
                  "code": "return __awaiter(this, void 0, void 0, function* () {\n    const msg = new Message();\n    msg.fill('🟥🟧🟨🟩🟦🟪');\n    const json = {\n        currentMessage: {\n            layout: JSON.stringify(msg.toCharArray())\n        }\n    };\n    const fetch = (url, options) => __awaiter(this, void 0, void 0, function* () {\n        assert.strictEqual(url, 'https://rw.vestaboard.com/');\n        assert.deepStrictEqual(options, {\n            method: 'GET',\n            headers: {\n                'X-Vestaboard-Read-Write-Key': '3eadf7a8-6602-4bf5-92f4-970d36066958'\n            }\n        });\n        return {\n            ok: true,\n            status: 200,\n            statusText: 'OK',\n            json: () => __awaiter(this, void 0, void 0, function* () { return json; })\n        };\n    });\n    const api = new ReadWriteAPI('3eadf7a8-6602-4bf5-92f4-970d36066958', { fetch });\n    const result = yield api.getCurrentMessage();\n    assert.deepStrictEqual(result.toCharArray(), msg.toCharArray());\n});",
                  "err": {},
                  "uuid": "f6db6735-a7f2-4f69-9392-8cc54db86964",
                  "parentUUID": "c2af6d46-0995-4ab5-ab0a-0b49c0bc192f",
                  "isHook": false,
                  "skipped": false
                },
                {
                  "title": "should work (live)",
                  "fullTitle": "ReadWriteAPI getCurrentMessage() should work (live)",
                  "timedOut": false,
                  "duration": 0,
                  "state": "pending",
                  "speed": null,
                  "pass": false,
                  "fail": false,
                  "pending": true,
                  "context": null,
                  "code": "",
                  "err": {},
                  "uuid": "131977b5-5383-4f9d-9867-4f7d54726091",
                  "parentUUID": "c2af6d46-0995-4ab5-ab0a-0b49c0bc192f",
                  "isHook": false,
                  "skipped": false
                }
              ],
              "suites": [],
              "passes": [
                "f6db6735-a7f2-4f69-9392-8cc54db86964"
              ],
              "failures": [],
              "pending": [
                "131977b5-5383-4f9d-9867-4f7d54726091"
              ],
              "skipped": [],
              "duration": 1,
              "root": false,
              "rootEmpty": false,
              "_timeout": 30000
            },
            {
              "uuid": "a219013d-f10d-4c5d-aadd-80adc371104a",
              "title": "postMessage()",
              "fullFile": "/home/runner/work/vestaboard/vestaboard/test/lib/read-write-api.ts",
              "file": "/test/lib/read-write-api.ts",
              "beforeHooks": [],
              "afterHooks": [],
              "tests": [
                {
                  "title": "should work (mocked)",
                  "fullTitle": "ReadWriteAPI postMessage() should work (mocked)",
                  "timedOut": false,
                  "duration": 0,
                  "state": "passed",
                  "speed": "fast",
                  "pass": true,
                  "fail": false,
                  "pending": false,
                  "context": null,
                  "code": "return __awaiter(this, void 0, void 0, function* () {\n    const msg = new Message();\n    msg.fill('🟥🟧🟨🟩🟦🟪');\n    const fetch = (url, options) => __awaiter(this, void 0, void 0, function* () {\n        assert.strictEqual(url, 'https://rw.vestaboard.com/');\n        assert.deepStrictEqual(options, {\n            method: 'POST',\n            headers: {\n                'Content-Type': 'application/json',\n                'X-Vestaboard-Read-Write-Key': '3eadf7a8-6602-4bf5-92f4-970d36066958'\n            },\n            body: JSON.stringify(msg.toCharArray())\n        });\n        return {\n            ok: true,\n            status: 200,\n            statusText: 'OK',\n            json: () => __awaiter(this, void 0, void 0, function* () {\n                return ({\n                    status: 'ok'\n                });\n            })\n        };\n    });\n    const api = new ReadWriteAPI('3eadf7a8-6602-4bf5-92f4-970d36066958', { fetch });\n    yield api.postMessage(msg);\n});",
                  "err": {},
                  "uuid": "9e747bdd-7fc7-4dcb-98f0-eac2d07da166",
                  "parentUUID": "a219013d-f10d-4c5d-aadd-80adc371104a",
                  "isHook": false,
                  "skipped": false
                },
                {
                  "title": "should work (live)",
                  "fullTitle": "ReadWriteAPI postMessage() should work (live)",
                  "timedOut": false,
                  "duration": 0,
                  "state": "pending",
                  "speed": null,
                  "pass": false,
                  "fail": false,
                  "pending": true,
                  "context": null,
                  "code": "",
                  "err": {},
                  "uuid": "6fb54e2d-eb63-4816-a5be-0888442cf873",
                  "parentUUID": "a219013d-f10d-4c5d-aadd-80adc371104a",
                  "isHook": false,
                  "skipped": false
                }
              ],
              "suites": [],
              "passes": [
                "9e747bdd-7fc7-4dcb-98f0-eac2d07da166"
              ],
              "failures": [],
              "pending": [
                "6fb54e2d-eb63-4816-a5be-0888442cf873"
              ],
              "skipped": [],
              "duration": 0,
              "root": false,
              "rootEmpty": false,
              "_timeout": 30000
            }
          ],
          "passes": [],
          "failures": [],
          "pending": [],
          "skipped": [],
          "duration": 0,
          "root": false,
          "rootEmpty": false,
          "_timeout": 30000
        },
        {
          "uuid": "4df19061-7695-46e9-9660-0ad73432e4b9",
          "title": "SubscriptionAPI",
          "fullFile": "/home/runner/work/vestaboard/vestaboard/test/lib/subscription-api.ts",
          "file": "/test/lib/subscription-api.ts",
          "beforeHooks": [],
          "afterHooks": [],
          "tests": [],
          "suites": [
            {
              "uuid": "0d0d69ec-2eea-4c60-b8cf-4d2ec4b8ac86",
              "title": "getViewer()",
              "fullFile": "/home/runner/work/vestaboard/vestaboard/test/lib/subscription-api.ts",
              "file": "/test/lib/subscription-api.ts",
              "beforeHooks": [],
              "afterHooks": [],
              "tests": [
                {
                  "title": "should work (mocked)",
                  "fullTitle": "SubscriptionAPI getViewer() should work (mocked)",
                  "timedOut": false,
                  "duration": 1,
                  "state": "passed",
                  "speed": "fast",
                  "pass": true,
                  "fail": false,
                  "pending": false,
                  "context": null,
                  "code": "return __awaiter(this, void 0, void 0, function* () {\n    const msg = new Message();\n    msg.fill('🟥🟧🟨🟩🟦🟪');\n    const json = {\n        type: 'installation',\n        _id: 'f35032ce-fd2b-4afb-8a24-d71c8085303c',\n        _created: '1577829607582',\n        installation: {\n            _id: '562038d1-6fdb-4ba5-ae8b-bc9ec882178d'\n        }\n    };\n    const fetch = (url, options) => __awaiter(this, void 0, void 0, function* () {\n        assert.strictEqual(url, 'https://platform.vestaboard.com/viewer');\n        assert.deepStrictEqual(options, {\n            method: 'GET',\n            headers: {\n                'X-Vestaboard-Api-Key': '3eadf7a8-6602-4bf5-92f4-970d36066958',\n                'X-Vestaboard-Api-Secret': '******************************'\n            }\n        });\n        return {\n            ok: true,\n            status: 200,\n            statusText: 'OK',\n            json: () => __awaiter(this, void 0, void 0, function* () { return json; })\n        };\n    });\n    const api = new SubscriptionAPI('3eadf7a8-6602-4bf5-92f4-970d36066958', '******************************', { fetch });\n    const result = yield api.getViewer();\n    assert.deepStrictEqual(result, json);\n});",
                  "err": {},
                  "uuid": "20db991c-4e57-4c09-9caf-788994ce95f2",
                  "parentUUID": "0d0d69ec-2eea-4c60-b8cf-4d2ec4b8ac86",
                  "isHook": false,
                  "skipped": false
                },
                {
                  "title": "should work (live)",
                  "fullTitle": "SubscriptionAPI getViewer() should work (live)",
                  "timedOut": false,
                  "duration": 0,
                  "state": "pending",
                  "speed": null,
                  "pass": false,
                  "fail": false,
                  "pending": true,
                  "context": null,
                  "code": "",
                  "err": {},
                  "uuid": "72daf373-67bc-458c-b748-31db63af6fa3",
                  "parentUUID": "0d0d69ec-2eea-4c60-b8cf-4d2ec4b8ac86",
                  "isHook": false,
                  "skipped": false
                }
              ],
              "suites": [],
              "passes": [
                "20db991c-4e57-4c09-9caf-788994ce95f2"
              ],
              "failures": [],
              "pending": [
                "72daf373-67bc-458c-b748-31db63af6fa3"
              ],
              "skipped": [],
              "duration": 1,
              "root": false,
              "rootEmpty": false,
              "_timeout": 30000
            },
            {
              "uuid": "b26f84c9-5182-4444-92b4-127592fc89a8",
              "title": "getSubscription()",
              "fullFile": "/home/runner/work/vestaboard/vestaboard/test/lib/subscription-api.ts",
              "file": "/test/lib/subscription-api.ts",
              "beforeHooks": [],
              "afterHooks": [],
              "tests": [
                {
                  "title": "should work (mocked)",
                  "fullTitle": "SubscriptionAPI getSubscription() should work (mocked)",
                  "timedOut": false,
                  "duration": 0,
                  "state": "passed",
                  "speed": "fast",
                  "pass": true,
                  "fail": false,
                  "pending": false,
                  "context": null,
                  "code": "return __awaiter(this, void 0, void 0, function* () {\n    const json = {\n        subscriptions: [\n            {\n                _id: 'bc6412b3-3aa6-4684-8962-cd2876942c0d',\n                _created: '1577833654294',\n                installation: {\n                    _id: 'fefb8778-9500-4522-b115-29c0dd13c402',\n                    installable: {\n                        _id: 'b629d7df-7ecb-4460-b51e-f87fa942f113'\n                    }\n                },\n                boards: [{\n                        _id: 'a1e866f2-e77e-45d8-997a-2e3ebeff4961'\n                    }]\n            }\n        ]\n    };\n    const fetch = (url, options) => __awaiter(this, void 0, void 0, function* () {\n        assert.strictEqual(url, 'https://platform.vestaboard.com/subscriptions');\n        assert.deepStrictEqual(options, {\n            method: 'GET',\n            headers: {\n                'X-Vestaboard-Api-Key': '3eadf7a8-6602-4bf5-92f4-970d36066958',\n                'X-Vestaboard-Api-Secret': '******************************'\n            }\n        });\n        return {\n            ok: true,\n            status: 200,\n            statusText: 'OK',\n            json: () => __awaiter(this, void 0, void 0, function* () { return json; })\n        };\n    });\n    const api = new SubscriptionAPI('3eadf7a8-6602-4bf5-92f4-970d36066958', '******************************', { fetch });\n    const result = yield api.getSubscriptions();\n    assert.deepStrictEqual(result, json);\n});",
                  "err": {},
                  "uuid": "fa0f502c-9a15-4ace-8829-51b20137a2c8",
                  "parentUUID": "b26f84c9-5182-4444-92b4-127592fc89a8",
                  "isHook": false,
                  "skipped": false
                },
                {
                  "title": "should work (live)",
                  "fullTitle": "SubscriptionAPI getSubscription() should work (live)",
                  "timedOut": false,
                  "duration": 0,
                  "state": "pending",
                  "speed": null,
                  "pass": false,
                  "fail": false,
                  "pending": true,
                  "context": null,
                  "code": "",
                  "err": {},
                  "uuid": "2e99a777-4b4a-421a-a04e-a5fea92e3a57",
                  "parentUUID": "b26f84c9-5182-4444-92b4-127592fc89a8",
                  "isHook": false,
                  "skipped": false
                }
              ],
              "suites": [],
              "passes": [
                "fa0f502c-9a15-4ace-8829-51b20137a2c8"
              ],
              "failures": [],
              "pending": [
                "2e99a777-4b4a-421a-a04e-a5fea92e3a57"
              ],
              "skipped": [],
              "duration": 0,
              "root": false,
              "rootEmpty": false,
              "_timeout": 30000
            },
            {
              "uuid": "07cd5ebd-5edb-4623-b31a-81dd6b93684c",
              "title": "postMessage()",
              "fullFile": "/home/runner/work/vestaboard/vestaboard/test/lib/subscription-api.ts",
              "file": "/test/lib/subscription-api.ts",
              "beforeHooks": [],
              "afterHooks": [],
              "tests": [
                {
                  "title": "should work (single mode)",
                  "fullTitle": "SubscriptionAPI postMessage() should work (single mode)",
                  "timedOut": false,
                  "duration": 1,
                  "state": "passed",
                  "speed": "fast",
                  "pass": true,
                  "fail": false,
                  "pending": false,
                  "context": null,
                  "code": "return __awaiter(this, void 0, void 0, function* () {\n    const msg = new Message();\n    msg.fill('🟥🟧🟨🟩🟦🟪');\n    const fetch = (url, options) => __awaiter(this, void 0, void 0, function* () {\n        assert.strictEqual(url, 'https://platform.vestaboard.com/subscriptions/foo/message');\n        assert.deepStrictEqual(options, {\n            method: 'POST',\n            headers: {\n                'Content-Type': 'application/json',\n                'X-Vestaboard-Api-Key': '3eadf7a8-6602-4bf5-92f4-970d36066958',\n                'X-Vestaboard-Api-Secret': '******************************'\n            },\n            body: JSON.stringify({ characters: msg.toCharArray() })\n        });\n        return {\n            ok: true,\n            status: 200,\n            statusText: 'OK',\n            json: () => __awaiter(this, void 0, void 0, function* () {\n                return ({\n                    message: {\n                        id: '',\n                        created: 1\n                    }\n                });\n            })\n        };\n    });\n    const api = new SubscriptionAPI('3eadf7a8-6602-4bf5-92f4-970d36066958', '******************************', { fetch });\n    const result = yield api.postMessage(msg, 'foo');\n    assert.deepStrictEqual(result, {\n        message: {\n            id: '',\n            created: 1\n        }\n    });\n});",
                  "err": {},
                  "uuid": "1d6f5eef-0ce2-400d-ae01-a2b369e9fab8",
                  "parentUUID": "07cd5ebd-5edb-4623-b31a-81dd6b93684c",
                  "isHook": false,
                  "skipped": false
                },
                {
                  "title": "should work (multi mode)",
                  "fullTitle": "SubscriptionAPI postMessage() should work (multi mode)",
                  "timedOut": false,
                  "duration": 1,
                  "state": "passed",
                  "speed": "fast",
                  "pass": true,
                  "fail": false,
                  "pending": false,
                  "context": null,
                  "code": "return __awaiter(this, void 0, void 0, function* () {\n    const fetch = (url, options) => __awaiter(this, void 0, void 0, function* () {\n        const msg = new Message('Hello World');\n        assert.strictEqual(url, 'https://platform.vestaboard.com/subscriptions/foo/message');\n        assert.deepStrictEqual(options, {\n            method: 'POST',\n            headers: {\n                'Content-Type': 'application/json',\n                'X-Vestaboard-Api-Key': '3eadf7a8-6602-4bf5-92f4-970d36066958',\n                'X-Vestaboard-Api-Secret': '******************************'\n            },\n            body: JSON.stringify({ characters: msg.toCharArray() })\n        });\n        return {\n            ok: true,\n            status: 200,\n            statusText: 'OK',\n            json: () => __awaiter(this, void 0, void 0, function* () {\n                return ({\n                    message: {\n                        id: '',\n                        created: 1\n                    }\n                });\n            })\n        };\n    });\n    const api = new SubscriptionAPI('3eadf7a8-6602-4bf5-92f4-970d36066958', '******************************', { fetch });\n    const result = yield api.postMessage('Hello World', ['foo', 'foo']);\n    assert.deepStrictEqual(result, [\n        {\n            message: {\n                id: '',\n                created: 1\n            }\n        },\n        {\n            message: {\n                id: '',\n                created: 1\n            }\n        }\n    ]);\n});",
                  "err": {},
                  "uuid": "e5f4d218-b021-4b73-bdec-56f11211b5ac",
                  "parentUUID": "07cd5ebd-5edb-4623-b31a-81dd6b93684c",
                  "isHook": false,
                  "skipped": false
                },
                {
                  "title": "should work (live)",
                  "fullTitle": "SubscriptionAPI postMessage() should work (live)",
                  "timedOut": false,
                  "duration": 0,
                  "state": "pending",
                  "speed": null,
                  "pass": false,
                  "fail": false,
                  "pending": true,
                  "context": null,
                  "code": "",
                  "err": {},
                  "uuid": "203d72da-99e0-47fe-9f31-d4d36b67fd3e",
                  "parentUUID": "07cd5ebd-5edb-4623-b31a-81dd6b93684c",
                  "isHook": false,
                  "skipped": false
                }
              ],
              "suites": [],
              "passes": [
                "1d6f5eef-0ce2-400d-ae01-a2b369e9fab8",
                "e5f4d218-b021-4b73-bdec-56f11211b5ac"
              ],
              "failures": [],
              "pending": [
                "203d72da-99e0-47fe-9f31-d4d36b67fd3e"
              ],
              "skipped": [],
              "duration": 2,
              "root": false,
              "rootEmpty": false,
              "_timeout": 30000
            }
          ],
          "passes": [],
          "failures": [],
          "pending": [],
          "skipped": [],
          "duration": 0,
          "root": false,
          "rootEmpty": false,
          "_timeout": 30000
        },
        {
          "uuid": "2151a4a0-ee22-41d6-a277-7cd85d0c7855",
          "title": "Tools",
          "fullFile": "/home/runner/work/vestaboard/vestaboard/test/lib/tools.ts",
          "file": "/test/lib/tools.ts",
          "beforeHooks": [],
          "afterHooks": [],
          "tests": [],
          "suites": [
            {
              "uuid": "666f41c7-af07-492e-b523-0dfdbc1b940a",
              "title": "request",
              "fullFile": "/home/runner/work/vestaboard/vestaboard/test/lib/tools.ts",
              "file": "/test/lib/tools.ts",
              "beforeHooks": [],
              "afterHooks": [],
              "tests": [
                {
                  "title": "should work as intended",
                  "fullTitle": "Tools request should work as intended",
                  "timedOut": false,
                  "duration": 0,
                  "state": "passed",
                  "speed": "fast",
                  "pass": true,
                  "fail": false,
                  "pending": false,
                  "context": null,
                  "code": "return __awaiter(this, void 0, void 0, function* () {\n    const fetch = (url, options) => __awaiter(this, void 0, void 0, function* () {\n        assert.strictEqual(url, 'https://example.com/test');\n        assert.deepStrictEqual(options, {\n            method: 'GET',\n            headers: {\n                'X-Test-Header': '1337'\n            }\n        });\n        return {\n            ok: true,\n            status: 200,\n            statusText: 'OK',\n            json: () => __awaiter(this, void 0, void 0, function* () { return ({ foo: 'bar' }); })\n        };\n    });\n    const response = yield request('https://example.com/test', {\n        'X-Test-Header': '1337'\n    }, undefined, { fetch });\n    assert.deepStrictEqual(response, { foo: 'bar' });\n});",
                  "err": {},
                  "uuid": "b82d7be9-ee78-40a6-b689-7a573ef1b5bb",
                  "parentUUID": "666f41c7-af07-492e-b523-0dfdbc1b940a",
                  "isHook": false,
                  "skipped": false
                },
                {
                  "title": "should throw error on non 2xx status codes",
                  "fullTitle": "Tools request should throw error on non 2xx status codes",
                  "timedOut": false,
                  "duration": 10012,
                  "state": "passed",
                  "speed": "slow",
                  "pass": true,
                  "fail": false,
                  "pending": false,
                  "context": null,
                  "code": "return __awaiter(this, void 0, void 0, function* () {\n    const fetch = (url, options) => __awaiter(this, void 0, void 0, function* () {\n        assert.strictEqual(url, 'https://example.com/test');\n        assert.deepStrictEqual(options, {\n            method: 'GET',\n            headers: {\n                'X-Test-Header': '1337'\n            }\n        });\n        return {\n            ok: false,\n            status: 500,\n            statusText: 'ERROR',\n            json: () => __awaiter(this, void 0, void 0, function* () { return (''); })\n        };\n    });\n    yield assert.rejects(() => __awaiter(this, void 0, void 0, function* () {\n        yield request('https://example.com/test', {\n            'X-Test-Header': '1337'\n        }, undefined, { fetch });\n    }), /HTTP Request failed/);\n});",
                  "err": {},
                  "uuid": "f2959b38-63c5-4bde-bb88-f4a5df02bf8c",
                  "parentUUID": "666f41c7-af07-492e-b523-0dfdbc1b940a",
                  "isHook": false,
                  "skipped": false
                }
              ],
              "suites": [],
              "passes": [
                "b82d7be9-ee78-40a6-b689-7a573ef1b5bb",
                "f2959b38-63c5-4bde-bb88-f4a5df02bf8c"
              ],
              "failures": [],
              "pending": [],
              "skipped": [],
              "duration": 10012,
              "root": false,
              "rootEmpty": false,
              "_timeout": 30000
            }
          ],
          "passes": [],
          "failures": [],
          "pending": [],
          "skipped": [],
          "duration": 0,
          "root": false,
          "rootEmpty": false,
          "_timeout": 30000
        }
      ],
      "passes": [],
      "failures": [],
      "pending": [],
      "skipped": [],
      "duration": 0,
      "root": true,
      "rootEmpty": true,
      "_timeout": 2000
    }
  ],
  "meta": {
    "mocha": {
      "version": "10.3.0"
    },
    "mochawesome": {
      "options": {
        "quiet": false,
        "reportFilename": "mochawesome",
        "saveHtml": true,
        "saveJson": true,
        "consoleReporter": "spec",
        "useInlineDiffs": false,
        "code": true
      },
      "version": "7.1.3"
    },
    "marge": {
      "options": null,
      "version": "6.2.0"
    }
  }
}