{
  "stats": {
    "suites": 24,
    "tests": 58,
    "passes": 50,
    "pending": 8,
    "failures": 0,
    "start": "2023-02-08T20:17:40.293Z",
    "end": "2023-02-08T20:17:50.403Z",
    "duration": 10110,
    "testsRegistered": 58,
    "passPercent": 100,
    "pendingPercent": 13.793103448275861,
    "other": 0,
    "hasOther": false,
    "skipped": 0,
    "hasSkipped": false
  },
  "results": [
    {
      "uuid": "36b4f201-765b-494b-9769-527e32a54005",
      "title": "",
      "fullFile": "",
      "file": "",
      "beforeHooks": [],
      "afterHooks": [],
      "tests": [],
      "suites": [
        {
          "uuid": "b9502dc1-358c-4a1c-b162-ce98401ea1eb",
          "title": "LocalAPI",
          "fullFile": "/home/runner/work/vestaboard/vestaboard/test/lib/local-api.ts",
          "file": "/test/lib/local-api.ts",
          "beforeHooks": [],
          "afterHooks": [],
          "tests": [],
          "suites": [
            {
              "uuid": "af7849f6-ec63-4f5c-a2c7-57f309f639bf",
              "title": "getCurrentMessage()",
              "fullFile": "/home/runner/work/vestaboard/vestaboard/test/lib/local-api.ts",
              "file": "/test/lib/local-api.ts",
              "beforeHooks": [],
              "afterHooks": [],
              "tests": [
                {
                  "title": "should work (mocked by device)",
                  "fullTitle": "LocalAPI getCurrentMessage() should work (mocked by device)",
                  "timedOut": false,
                  "duration": 5,
                  "state": "passed",
                  "speed": "fast",
                  "pass": true,
                  "fail": false,
                  "pending": false,
                  "context": null,
                  "code": "return __awaiter(this, void 0, void 0, function* () {\n    const msg = new Message();\n    msg.fill('🟥🟧🟨🟩🟦🟪');\n    const fetch = (url, options) => __awaiter(this, void 0, void 0, function* () {\n        assert.strictEqual(url, 'http://vestaboard.local:7000/local-api/message');\n        assert.deepStrictEqual(options, {\n            method: 'GET',\n            headers: {\n                'X-Vestaboard-Local-Api-Key': '3eadf7a8-6602-4bf5-92f4-970d36066958'\n            }\n        });\n        return {\n            ok: true,\n            status: 200,\n            statusText: 'OK',\n            json: () => __awaiter(this, void 0, void 0, function* () {\n                return ({\n                    message: msg.toCharArray()\n                });\n            })\n        };\n    });\n    const api = new LocalAPI('3eadf7a8-6602-4bf5-92f4-970d36066958', undefined, { fetch });\n    const result = yield api.getCurrentMessage();\n    assert.deepStrictEqual(result.toCharArray(), msg.toCharArray());\n});",
                  "err": {},
                  "uuid": "2306771d-8f10-496a-8deb-50320a8040bf",
                  "parentUUID": "af7849f6-ec63-4f5c-a2c7-57f309f639bf",
                  "isHook": false,
                  "skipped": false
                },
                {
                  "title": "should work (mocked by docs)",
                  "fullTitle": "LocalAPI getCurrentMessage() should work (mocked by docs)",
                  "timedOut": false,
                  "duration": 1,
                  "state": "passed",
                  "speed": "fast",
                  "pass": true,
                  "fail": false,
                  "pending": false,
                  "context": null,
                  "code": "return __awaiter(this, void 0, void 0, function* () {\n    const msg = new Message();\n    msg.fill('🟥🟧🟨🟩🟦🟪');\n    const fetch = (url, options) => __awaiter(this, void 0, void 0, function* () {\n        assert.strictEqual(url, 'http://vestaboard.local:7000/local-api/message');\n        assert.deepStrictEqual(options, {\n            method: 'GET',\n            headers: {\n                'X-Vestaboard-Local-Api-Key': '3eadf7a8-6602-4bf5-92f4-970d36066958'\n            }\n        });\n        return {\n            ok: true,\n            status: 200,\n            statusText: 'OK',\n            json: () => __awaiter(this, void 0, void 0, function* () { return msg.toCharArray(); })\n        };\n    });\n    const api = new LocalAPI('3eadf7a8-6602-4bf5-92f4-970d36066958', undefined, { fetch });\n    const result = yield api.getCurrentMessage();\n    assert.deepStrictEqual(result.toCharArray(), msg.toCharArray());\n});",
                  "err": {},
                  "uuid": "f783f30d-f05c-4771-a8fb-5527785d8e29",
                  "parentUUID": "af7849f6-ec63-4f5c-a2c7-57f309f639bf",
                  "isHook": false,
                  "skipped": false
                },
                {
                  "title": "should work (live)",
                  "fullTitle": "LocalAPI getCurrentMessage() should work (live)",
                  "timedOut": false,
                  "duration": 0,
                  "state": "pending",
                  "speed": null,
                  "pass": false,
                  "fail": false,
                  "pending": true,
                  "context": null,
                  "code": "",
                  "err": {},
                  "uuid": "63d350f8-4278-4d28-a1f8-3673f62522f7",
                  "parentUUID": "af7849f6-ec63-4f5c-a2c7-57f309f639bf",
                  "isHook": false,
                  "skipped": false
                }
              ],
              "suites": [],
              "passes": [
                "2306771d-8f10-496a-8deb-50320a8040bf",
                "f783f30d-f05c-4771-a8fb-5527785d8e29"
              ],
              "failures": [],
              "pending": [
                "63d350f8-4278-4d28-a1f8-3673f62522f7"
              ],
              "skipped": [],
              "duration": 6,
              "root": false,
              "rootEmpty": false,
              "_timeout": 30000
            },
            {
              "uuid": "b9077817-494e-474e-9ba6-62aabedd7f1b",
              "title": "postMessage()",
              "fullFile": "/home/runner/work/vestaboard/vestaboard/test/lib/local-api.ts",
              "file": "/test/lib/local-api.ts",
              "beforeHooks": [],
              "afterHooks": [],
              "tests": [
                {
                  "title": "should work (mocked)",
                  "fullTitle": "LocalAPI postMessage() should work (mocked)",
                  "timedOut": false,
                  "duration": 2,
                  "state": "passed",
                  "speed": "fast",
                  "pass": true,
                  "fail": false,
                  "pending": false,
                  "context": null,
                  "code": "return __awaiter(this, void 0, void 0, function* () {\n    const msg = new Message('Hello World');\n    const fetch = (url, options) => __awaiter(this, void 0, void 0, function* () {\n        assert.strictEqual(url, 'http://vestaboard.local:7000/local-api/message');\n        assert.deepStrictEqual(options, {\n            method: 'POST',\n            headers: {\n                'Content-Type': 'application/json',\n                'X-Vestaboard-Local-Api-Key': '3eadf7a8-6602-4bf5-92f4-970d36066958'\n            },\n            body: JSON.stringify(msg.toCharArray())\n        });\n        return {\n            ok: true,\n            status: 201,\n            statusText: 'CREATED',\n            json: () => __awaiter(this, void 0, void 0, function* () { return (''); })\n        };\n    });\n    const api = new LocalAPI('3eadf7a8-6602-4bf5-92f4-970d36066958', undefined, { fetch });\n    yield api.postMessage('Hello World');\n});",
                  "err": {},
                  "uuid": "1b012ac2-1515-460d-9ed1-1c64dbac43c6",
                  "parentUUID": "b9077817-494e-474e-9ba6-62aabedd7f1b",
                  "isHook": false,
                  "skipped": false
                },
                {
                  "title": "should work (live)",
                  "fullTitle": "LocalAPI postMessage() should work (live)",
                  "timedOut": false,
                  "duration": 0,
                  "state": "pending",
                  "speed": null,
                  "pass": false,
                  "fail": false,
                  "pending": true,
                  "context": null,
                  "code": "",
                  "err": {},
                  "uuid": "a65dc4c5-53fc-4370-ac10-0e71cbef9bb3",
                  "parentUUID": "b9077817-494e-474e-9ba6-62aabedd7f1b",
                  "isHook": false,
                  "skipped": false
                }
              ],
              "suites": [],
              "passes": [
                "1b012ac2-1515-460d-9ed1-1c64dbac43c6"
              ],
              "failures": [],
              "pending": [
                "a65dc4c5-53fc-4370-ac10-0e71cbef9bb3"
              ],
              "skipped": [],
              "duration": 2,
              "root": false,
              "rootEmpty": false,
              "_timeout": 30000
            }
          ],
          "passes": [],
          "failures": [],
          "pending": [],
          "skipped": [],
          "duration": 0,
          "root": false,
          "rootEmpty": false,
          "_timeout": 30000
        },
        {
          "uuid": "bc5c6133-76cd-4312-b216-eed777701855",
          "title": "Message",
          "fullFile": "/home/runner/work/vestaboard/vestaboard/test/lib/message.ts",
          "file": "/test/lib/message.ts",
          "beforeHooks": [],
          "afterHooks": [],
          "tests": [],
          "suites": [
            {
              "uuid": "eb61cf0b-8cf8-422e-989c-3e54317fd0db",
              "title": "constructor",
              "fullFile": "/home/runner/work/vestaboard/vestaboard/test/lib/message.ts",
              "file": "/test/lib/message.ts",
              "beforeHooks": [],
              "afterHooks": [],
              "tests": [
                {
                  "title": "should center the message given",
                  "fullTitle": "Message constructor should center the message given",
                  "timedOut": false,
                  "duration": 2,
                  "state": "passed",
                  "speed": "fast",
                  "pass": true,
                  "fail": false,
                  "pending": false,
                  "context": null,
                  "code": "assert.strictEqual(new Message('Hello World').toString(), '#==============================================#\\n' +\n    '#                                              #\\n' +\n    '#                                              #\\n' +\n    '#           H E L L O   W O R L D              #\\n' +\n    '#                                              #\\n' +\n    '#                                              #\\n' +\n    '#                                              #\\n' +\n    '#==============================================#\\n');",
                  "err": {},
                  "uuid": "bae94293-a2dc-433b-b7f8-43adf9084f9a",
                  "parentUUID": "eb61cf0b-8cf8-422e-989c-3e54317fd0db",
                  "isHook": false,
                  "skipped": false
                },
                {
                  "title": "should also support a char array",
                  "fullTitle": "Message constructor should also support a char array",
                  "timedOut": false,
                  "duration": 1,
                  "state": "passed",
                  "speed": "fast",
                  "pass": true,
                  "fail": false,
                  "pending": false,
                  "context": null,
                  "code": "const msg = new Message();\nmsg.fill('🟥🟧🟨🟩🟦🟪 ');\nassert.deepStrictEqual(new Message(msg.toCharArray()).toCharArray(), msg.toCharArray());",
                  "err": {},
                  "uuid": "1a7da4a0-443e-47d3-96a8-0b86189cc8de",
                  "parentUUID": "eb61cf0b-8cf8-422e-989c-3e54317fd0db",
                  "isHook": false,
                  "skipped": false
                }
              ],
              "suites": [],
              "passes": [
                "bae94293-a2dc-433b-b7f8-43adf9084f9a",
                "1a7da4a0-443e-47d3-96a8-0b86189cc8de"
              ],
              "failures": [],
              "pending": [],
              "skipped": [],
              "duration": 3,
              "root": false,
              "rootEmpty": false,
              "_timeout": 2000
            },
            {
              "uuid": "173ff96e-33f1-437b-9cf0-2deb99dcf1d2",
              "title": "static string2chars()",
              "fullFile": "/home/runner/work/vestaboard/vestaboard/test/lib/message.ts",
              "file": "/test/lib/message.ts",
              "beforeHooks": [],
              "afterHooks": [],
              "tests": [
                {
                  "title": "should work",
                  "fullTitle": "Message static string2chars() should work",
                  "timedOut": false,
                  "duration": 0,
                  "state": "passed",
                  "speed": "fast",
                  "pass": true,
                  "fail": false,
                  "pending": false,
                  "context": null,
                  "code": "assert.deepStrictEqual(Message.string2chars('Hello'), [8, 5, 12, 12, 15]);",
                  "err": {},
                  "uuid": "16843af7-494c-4a8a-97d4-91a21f96c20a",
                  "parentUUID": "173ff96e-33f1-437b-9cf0-2deb99dcf1d2",
                  "isHook": false,
                  "skipped": false
                },
                {
                  "title": "should handle german umlauts",
                  "fullTitle": "Message static string2chars() should handle german umlauts",
                  "timedOut": false,
                  "duration": 1,
                  "state": "passed",
                  "speed": "fast",
                  "pass": true,
                  "fail": false,
                  "pending": false,
                  "context": null,
                  "code": "assert.deepStrictEqual(Message.string2chars('Käse'), [11, 1, 5, 19, 5]);",
                  "err": {},
                  "uuid": "10fc6854-8259-47c6-89c2-9ad436d8c9dc",
                  "parentUUID": "173ff96e-33f1-437b-9cf0-2deb99dcf1d2",
                  "isHook": false,
                  "skipped": false
                },
                {
                  "title": "should handle color emojis",
                  "fullTitle": "Message static string2chars() should handle color emojis",
                  "timedOut": false,
                  "duration": 0,
                  "state": "passed",
                  "speed": "fast",
                  "pass": true,
                  "fail": false,
                  "pending": false,
                  "context": null,
                  "code": "assert.deepStrictEqual(Message.string2chars('🟥🟧🟨🟩🟦🟪⬜⬛'), [63, 64, 65, 66, 67, 68, 69, 0]);",
                  "err": {},
                  "uuid": "a1c3457d-6c5a-48c9-93b4-f1b85173fa17",
                  "parentUUID": "173ff96e-33f1-437b-9cf0-2deb99dcf1d2",
                  "isHook": false,
                  "skipped": false
                },
                {
                  "title": "should remove special chars",
                  "fullTitle": "Message static string2chars() should remove special chars",
                  "timedOut": false,
                  "duration": 0,
                  "state": "passed",
                  "speed": "fast",
                  "pass": true,
                  "fail": false,
                  "pending": false,
                  "context": null,
                  "code": "assert.deepStrictEqual(Message.string2chars('H⍷llo', { fallbackChar: null }), [8, 12, 12, 15]);\nassert.deepStrictEqual(Message.string2chars('H⍷llo'), [8, 60, 12, 12, 15]);",
                  "err": {},
                  "uuid": "a339b129-bbb5-440d-8345-b5c2c9b56e30",
                  "parentUUID": "173ff96e-33f1-437b-9cf0-2deb99dcf1d2",
                  "isHook": false,
                  "skipped": false
                },
                {
                  "title": "should work with all charts defined in CHAR_MAP",
                  "fullTitle": "Message static string2chars() should work with all charts defined in CHAR_MAP",
                  "timedOut": false,
                  "duration": 7,
                  "state": "passed",
                  "speed": "fast",
                  "pass": true,
                  "fail": false,
                  "pending": false,
                  "context": null,
                  "code": "let text = '';\nconst result = [];\nCHAR_MAP.forEach(([str, chars]) => {\n    // assert.strictEqual(char.length, 1, `Char \"${char}\" has a length of ${char.length}`);\n    const actual = Message.string2chars(str, { removeUnsupportedWords: false });\n    const expected = chars.length !== 1 || chars[0] !== -2 ? chars : [0];\n    assert.deepStrictEqual(actual, expected, `Unable to process char \"${str}\": string2chars returned ${JSON.stringify(actual)}, but expected result was ${JSON.stringify(expected)}`);\n    text += str;\n    result.push(...expected);\n});\nassert.deepStrictEqual(Message.string2chars(text, { removeUnsupportedWords: false }), result);",
                  "err": {},
                  "uuid": "16ad85ba-07b7-4e7e-b350-2af9aa0d45ef",
                  "parentUUID": "173ff96e-33f1-437b-9cf0-2deb99dcf1d2",
                  "isHook": false,
                  "skipped": false
                }
              ],
              "suites": [],
              "passes": [
                "16843af7-494c-4a8a-97d4-91a21f96c20a",
                "10fc6854-8259-47c6-89c2-9ad436d8c9dc",
                "a1c3457d-6c5a-48c9-93b4-f1b85173fa17",
                "a339b129-bbb5-440d-8345-b5c2c9b56e30",
                "16ad85ba-07b7-4e7e-b350-2af9aa0d45ef"
              ],
              "failures": [],
              "pending": [],
              "skipped": [],
              "duration": 8,
              "root": false,
              "rootEmpty": false,
              "_timeout": 2000
            },
            {
              "uuid": "9c63e93b-526d-4a86-95ff-8bf174166787",
              "title": "static splitCharsIntoLines()",
              "fullFile": "/home/runner/work/vestaboard/vestaboard/test/lib/message.ts",
              "file": "/test/lib/message.ts",
              "beforeHooks": [],
              "afterHooks": [],
              "tests": [
                {
                  "title": "should split words by whitespace",
                  "fullTitle": "Message static splitCharsIntoLines() should split words by whitespace",
                  "timedOut": false,
                  "duration": 0,
                  "state": "passed",
                  "speed": "fast",
                  "pass": true,
                  "fail": false,
                  "pending": false,
                  "context": null,
                  "code": "const chars = Message.string2chars('Hello World');\nassert.deepEqual(Message.splitCharsIntoLines(chars, [22, 22]), [\n    [\n        8,\n        5,\n        12,\n        12,\n        15,\n        0,\n        23,\n        15,\n        18,\n        12,\n        4\n    ]\n]);\nassert.deepEqual(Message.splitCharsIntoLines(chars, [8, 8]), [\n    [\n        8,\n        5,\n        12,\n        12,\n        15\n    ],\n    [\n        23,\n        15,\n        18,\n        12,\n        4\n    ]\n]);",
                  "err": {},
                  "uuid": "00d40121-9d9c-49ff-ace8-ca1ffb0f72b3",
                  "parentUUID": "9c63e93b-526d-4a86-95ff-8bf174166787",
                  "isHook": false,
                  "skipped": false
                },
                {
                  "title": "should split words by dash",
                  "fullTitle": "Message static splitCharsIntoLines() should split words by dash",
                  "timedOut": false,
                  "duration": 0,
                  "state": "passed",
                  "speed": "fast",
                  "pass": true,
                  "fail": false,
                  "pending": false,
                  "context": null,
                  "code": "const chars = Message.string2chars('Hello-World');\nassert.deepEqual(Message.splitCharsIntoLines(chars, [22, 22]), [\n    [\n        8,\n        5,\n        12,\n        12,\n        15,\n        44,\n        23,\n        15,\n        18,\n        12,\n        4\n    ]\n]);\nassert.deepEqual(Message.splitCharsIntoLines(chars, [8, 8]), [\n    [\n        8,\n        5,\n        12,\n        12,\n        15,\n        44,\n    ],\n    [\n        23,\n        15,\n        18,\n        12,\n        4\n    ]\n]);",
                  "err": {},
                  "uuid": "8fba67c5-d460-4863-904b-e5238e11397c",
                  "parentUUID": "9c63e93b-526d-4a86-95ff-8bf174166787",
                  "isHook": false,
                  "skipped": false
                },
                {
                  "title": "should auto-split very long words",
                  "fullTitle": "Message static splitCharsIntoLines() should auto-split very long words",
                  "timedOut": false,
                  "duration": 2,
                  "state": "passed",
                  "speed": "fast",
                  "pass": true,
                  "fail": false,
                  "pending": false,
                  "context": null,
                  "code": "const chars = Message.string2chars('Rindfleischetikettierungsueberwachungsaufgabenuebertragungsgesetz');\nassert.deepEqual(Message.splitCharsIntoLines(chars, [22, 22]), [\n    [\n        18,\n        9,\n        14,\n        4,\n        6,\n        12,\n        5,\n        9,\n        19,\n        3,\n        8,\n        5,\n        20,\n        9,\n        11,\n        5,\n        20,\n        20,\n        9,\n        5,\n        18,\n        44\n    ],\n    [\n        21,\n        14,\n        7,\n        19,\n        21,\n        5,\n        2,\n        5,\n        18,\n        23,\n        1,\n        3,\n        8,\n        21,\n        14,\n        7,\n        19,\n        1,\n        21,\n        6,\n        7,\n        44\n    ],\n    [\n        1,\n        2,\n        5,\n        14,\n        21,\n        5,\n        2,\n        5,\n        18,\n        20,\n        18,\n        1,\n        7,\n        21,\n        14,\n        7,\n        19,\n        7,\n        5,\n        19,\n        5,\n        44,\n    ],\n    [\n        20,\n        26\n    ]\n]);",
                  "err": {},
                  "uuid": "fe1a4fa1-12b0-46c7-bacc-5c64fca5b8a5",
                  "parentUUID": "9c63e93b-526d-4a86-95ff-8bf174166787",
                  "isHook": false,
                  "skipped": false
                }
              ],
              "suites": [],
              "passes": [
                "00d40121-9d9c-49ff-ace8-ca1ffb0f72b3",
                "8fba67c5-d460-4863-904b-e5238e11397c",
                "fe1a4fa1-12b0-46c7-bacc-5c64fca5b8a5"
              ],
              "failures": [],
              "pending": [],
              "skipped": [],
              "duration": 2,
              "root": false,
              "rootEmpty": false,
              "_timeout": 2000
            },
            {
              "uuid": "e02d068d-f85f-4472-8af2-66ce499ed3dc",
              "title": "static removeEmojisFromChars()",
              "fullFile": "/home/runner/work/vestaboard/vestaboard/test/lib/message.ts",
              "file": "/test/lib/message.ts",
              "beforeHooks": [],
              "afterHooks": [],
              "tests": [
                {
                  "title": "should not trim texts without emoji words",
                  "fullTitle": "Message static removeEmojisFromChars() should not trim texts without emoji words",
                  "timedOut": false,
                  "duration": 0,
                  "state": "passed",
                  "speed": "fast",
                  "pass": true,
                  "fail": false,
                  "pending": false,
                  "context": null,
                  "code": "assert.deepStrictEqual(Message.string2chars('Hello World'), [\n    8,\n    5,\n    12,\n    12,\n    15,\n    0,\n    23,\n    15,\n    18,\n    12,\n    4\n]);",
                  "err": {},
                  "uuid": "23e3ff9f-0e38-4978-946a-dbef08bf6459",
                  "parentUUID": "e02d068d-f85f-4472-8af2-66ce499ed3dc",
                  "isHook": false,
                  "skipped": false
                },
                {
                  "title": "should trim emoji prefixes",
                  "fullTitle": "Message static removeEmojisFromChars() should trim emoji prefixes",
                  "timedOut": false,
                  "duration": 1,
                  "state": "passed",
                  "speed": "fast",
                  "pass": true,
                  "fail": false,
                  "pending": false,
                  "context": null,
                  "code": "assert.deepStrictEqual(Message.removeEmojisFromChars(Message.string2chars('👋🏼Hello')), [8, 5, 12, 12, 15]);\nassert.deepStrictEqual(Message.removeEmojisFromChars(Message.string2chars('👋🏼 Hello')), [8, 5, 12, 12, 15]);",
                  "err": {},
                  "uuid": "150e1c7e-f6b0-45df-82e5-abad78ec3b1a",
                  "parentUUID": "e02d068d-f85f-4472-8af2-66ce499ed3dc",
                  "isHook": false,
                  "skipped": false
                },
                {
                  "title": "should trim emoji postfixes",
                  "fullTitle": "Message static removeEmojisFromChars() should trim emoji postfixes",
                  "timedOut": false,
                  "duration": 1,
                  "state": "passed",
                  "speed": "fast",
                  "pass": true,
                  "fail": false,
                  "pending": false,
                  "context": null,
                  "code": "assert.deepStrictEqual(Message.removeEmojisFromChars(Message.string2chars('Hello👋🏼')), [8, 5, 12, 12, 15]);\nassert.deepStrictEqual(Message.removeEmojisFromChars(Message.string2chars('Hello 👋🏼')), [8, 5, 12, 12, 15]);",
                  "err": {},
                  "uuid": "940b9de1-1f4e-409d-8da1-e23a0178e755",
                  "parentUUID": "e02d068d-f85f-4472-8af2-66ce499ed3dc",
                  "isHook": false,
                  "skipped": false
                },
                {
                  "title": "should trim emoji words",
                  "fullTitle": "Message static removeEmojisFromChars() should trim emoji words",
                  "timedOut": false,
                  "duration": 0,
                  "state": "passed",
                  "speed": "fast",
                  "pass": true,
                  "fail": false,
                  "pending": false,
                  "context": null,
                  "code": "assert.deepStrictEqual(Message.removeEmojisFromChars(Message.string2chars('Hello 👋🏼👋🏼 World')), [8, 5, 12, 12, 15, 0, 23, 15, 18, 12, 4]);",
                  "err": {},
                  "uuid": "4b144895-9a59-48f7-8f13-8d7a66c9f5f2",
                  "parentUUID": "e02d068d-f85f-4472-8af2-66ce499ed3dc",
                  "isHook": false,
                  "skipped": false
                }
              ],
              "suites": [],
              "passes": [
                "23e3ff9f-0e38-4978-946a-dbef08bf6459",
                "150e1c7e-f6b0-45df-82e5-abad78ec3b1a",
                "940b9de1-1f4e-409d-8da1-e23a0178e755",
                "4b144895-9a59-48f7-8f13-8d7a66c9f5f2"
              ],
              "failures": [],
              "pending": [],
              "skipped": [],
              "duration": 2,
              "root": false,
              "rootEmpty": false,
              "_timeout": 2000
            },
            {
              "uuid": "999cdf4e-6ce4-43bd-96dd-c7e3fce79a99",
              "title": "static getColumnSizesFromData()",
              "fullFile": "/home/runner/work/vestaboard/vestaboard/test/lib/message.ts",
              "file": "/test/lib/message.ts",
              "beforeHooks": [],
              "afterHooks": [],
              "tests": [
                {
                  "title": "should work with a very basic example",
                  "fullTitle": "Message static getColumnSizesFromData() should work with a very basic example",
                  "timedOut": false,
                  "duration": 1,
                  "state": "passed",
                  "speed": "fast",
                  "pass": true,
                  "fail": false,
                  "pending": false,
                  "context": null,
                  "code": "assert.deepStrictEqual(Message.getColumnSizesFromData([\n    ['now', 'Daily'],\n    ['13:00', 'Secret Meeting']\n]), [6, 15]);",
                  "err": {},
                  "uuid": "c0f6aee6-2230-480f-9452-8ccc5c7b7642",
                  "parentUUID": "999cdf4e-6ce4-43bd-96dd-c7e3fce79a99",
                  "isHook": false,
                  "skipped": false
                },
                {
                  "title": "should work without data",
                  "fullTitle": "Message static getColumnSizesFromData() should work without data",
                  "timedOut": false,
                  "duration": 0,
                  "state": "passed",
                  "speed": "fast",
                  "pass": true,
                  "fail": false,
                  "pending": false,
                  "context": null,
                  "code": "assert.deepStrictEqual(Message.getColumnSizesFromData([]), []);",
                  "err": {},
                  "uuid": "4b79eaaf-c58b-462b-97a1-e27c4a76636d",
                  "parentUUID": "999cdf4e-6ce4-43bd-96dd-c7e3fce79a99",
                  "isHook": false,
                  "skipped": false
                },
                {
                  "title": "should work with only one column",
                  "fullTitle": "Message static getColumnSizesFromData() should work with only one column",
                  "timedOut": false,
                  "duration": 1,
                  "state": "passed",
                  "speed": "fast",
                  "pass": true,
                  "fail": false,
                  "pending": false,
                  "context": null,
                  "code": "assert.deepStrictEqual(Message.getColumnSizesFromData([\n    ['Daily'],\n    ['Secret Meeting']\n]), [22]);",
                  "err": {},
                  "uuid": "c4cae767-7db5-41d4-8cf0-41f047d011e8",
                  "parentUUID": "999cdf4e-6ce4-43bd-96dd-c7e3fce79a99",
                  "isHook": false,
                  "skipped": false
                },
                {
                  "title": "should work if length is not enough",
                  "fullTitle": "Message static getColumnSizesFromData() should work if length is not enough",
                  "timedOut": false,
                  "duration": 1,
                  "state": "passed",
                  "speed": "fast",
                  "pass": true,
                  "fail": false,
                  "pending": false,
                  "context": null,
                  "code": "assert.deepStrictEqual(Message.getColumnSizesFromData([\n    ['now', 'Daily'],\n    ['13:00', 'Super Secret Meeting']\n]), [5, 16]);",
                  "err": {},
                  "uuid": "5a1e2aeb-00a3-4105-b61e-c9f522121e4b",
                  "parentUUID": "999cdf4e-6ce4-43bd-96dd-c7e3fce79a99",
                  "isHook": false,
                  "skipped": false
                },
                {
                  "title": "should throw error if rows have different number of columns",
                  "fullTitle": "Message static getColumnSizesFromData() should throw error if rows have different number of columns",
                  "timedOut": false,
                  "duration": 1,
                  "state": "passed",
                  "speed": "fast",
                  "pass": true,
                  "fail": false,
                  "pending": false,
                  "context": null,
                  "code": "assert.throws(() => {\n    new Message().table([\n        ['now', 'Daily'],\n        ['13:00', 'Secret Meeting', '🟥']\n    ]);\n}, /Unable to render table: Row 1 has 3 entries, but first row has 2!/);",
                  "err": {},
                  "uuid": "f498dc28-c82f-47e3-9fa6-acbbfef73563",
                  "parentUUID": "999cdf4e-6ce4-43bd-96dd-c7e3fce79a99",
                  "isHook": false,
                  "skipped": false
                }
              ],
              "suites": [],
              "passes": [
                "c0f6aee6-2230-480f-9452-8ccc5c7b7642",
                "4b79eaaf-c58b-462b-97a1-e27c4a76636d",
                "c4cae767-7db5-41d4-8cf0-41f047d011e8",
                "5a1e2aeb-00a3-4105-b61e-c9f522121e4b",
                "f498dc28-c82f-47e3-9fa6-acbbfef73563"
              ],
              "failures": [],
              "pending": [],
              "skipped": [],
              "duration": 4,
              "root": false,
              "rootEmpty": false,
              "_timeout": 2000
            },
            {
              "uuid": "0b903276-0b82-4d77-a904-58d7cde3af1a",
              "title": "fill()",
              "fullFile": "/home/runner/work/vestaboard/vestaboard/test/lib/message.ts",
              "file": "/test/lib/message.ts",
              "beforeHooks": [],
              "afterHooks": [],
              "tests": [
                {
                  "title": "should work with default",
                  "fullTitle": "Message fill() should work with default",
                  "timedOut": false,
                  "duration": 1,
                  "state": "passed",
                  "speed": "fast",
                  "pass": true,
                  "fail": false,
                  "pending": false,
                  "context": null,
                  "code": "const msg = new Message();\nmsg.write('Hello World');\nmsg.fill();\nassert.strictEqual(msg.toString(), '#==============================================#\\n' +\n    '#                                              #\\n' +\n    '#                                              #\\n' +\n    '#                                              #\\n' +\n    '#                                              #\\n' +\n    '#                                              #\\n' +\n    '#                                              #\\n' +\n    '#==============================================#\\n');",
                  "err": {},
                  "uuid": "9029132e-7c55-4faf-9eb2-7acca747fcf8",
                  "parentUUID": "0b903276-0b82-4d77-a904-58d7cde3af1a",
                  "isHook": false,
                  "skipped": false
                },
                {
                  "title": "should work with single chars",
                  "fullTitle": "Message fill() should work with single chars",
                  "timedOut": false,
                  "duration": 2,
                  "state": "passed",
                  "speed": "fast",
                  "pass": true,
                  "fail": false,
                  "pending": false,
                  "context": null,
                  "code": "const msg = new Message();\nmsg.fill('🟥');\nassert.strictEqual(msg.toString(), '#==============================================#\\n' +\n    '# 🟥🟥🟥🟥🟥🟥🟥🟥🟥🟥🟥🟥🟥🟥🟥🟥🟥🟥🟥🟥🟥🟥 #\\n' +\n    '# 🟥🟥🟥🟥🟥🟥🟥🟥🟥🟥🟥🟥🟥🟥🟥🟥🟥🟥🟥🟥🟥🟥 #\\n' +\n    '# 🟥🟥🟥🟥🟥🟥🟥🟥🟥🟥🟥🟥🟥🟥🟥🟥🟥🟥🟥🟥🟥🟥 #\\n' +\n    '# 🟥🟥🟥🟥🟥🟥🟥🟥🟥🟥🟥🟥🟥🟥🟥🟥🟥🟥🟥🟥🟥🟥 #\\n' +\n    '# 🟥🟥🟥🟥🟥🟥🟥🟥🟥🟥🟥🟥🟥🟥🟥🟥🟥🟥🟥🟥🟥🟥 #\\n' +\n    '# 🟥🟥🟥🟥🟥🟥🟥🟥🟥🟥🟥🟥🟥🟥🟥🟥🟥🟥🟥🟥🟥🟥 #\\n' +\n    '#==============================================#\\n');",
                  "err": {},
                  "uuid": "b7b6b8c6-e7e8-4cc5-8d33-db550c3af382",
                  "parentUUID": "0b903276-0b82-4d77-a904-58d7cde3af1a",
                  "isHook": false,
                  "skipped": false
                },
                {
                  "title": "should work with multiple chars",
                  "fullTitle": "Message fill() should work with multiple chars",
                  "timedOut": false,
                  "duration": 1,
                  "state": "passed",
                  "speed": "fast",
                  "pass": true,
                  "fail": false,
                  "pending": false,
                  "context": null,
                  "code": "const msg = new Message();\nmsg.fill('🟥🟧🟨🟩🟦🟪');\nassert.strictEqual(msg.toString(), '#==============================================#\\n' +\n    '# 🟥🟧🟨🟩🟦🟪🟥🟧🟨🟩🟦🟪🟥🟧🟨🟩🟦🟪🟥🟧🟨🟩 #\\n' +\n    '# 🟦🟪🟥🟧🟨🟩🟦🟪🟥🟧🟨🟩🟦🟪🟥🟧🟨🟩🟦🟪🟥🟧 #\\n' +\n    '# 🟨🟩🟦🟪🟥🟧🟨🟩🟦🟪🟥🟧🟨🟩🟦🟪🟥🟧🟨🟩🟦🟪 #\\n' +\n    '# 🟥🟧🟨🟩🟦🟪🟥🟧🟨🟩🟦🟪🟥🟧🟨🟩🟦🟪🟥🟧🟨🟩 #\\n' +\n    '# 🟦🟪🟥🟧🟨🟩🟦🟪🟥🟧🟨🟩🟦🟪🟥🟧🟨🟩🟦🟪🟥🟧 #\\n' +\n    '# 🟨🟩🟦🟪🟥🟧🟨🟩🟦🟪🟥🟧🟨🟩🟦🟪🟥🟧🟨🟩🟦🟪 #\\n' +\n    '#==============================================#\\n');",
                  "err": {},
                  "uuid": "616c543e-3d41-4e1e-b8ef-206a9a3e78df",
                  "parentUUID": "0b903276-0b82-4d77-a904-58d7cde3af1a",
                  "isHook": false,
                  "skipped": false
                }
              ],
              "suites": [],
              "passes": [
                "9029132e-7c55-4faf-9eb2-7acca747fcf8",
                "b7b6b8c6-e7e8-4cc5-8d33-db550c3af382",
                "616c543e-3d41-4e1e-b8ef-206a9a3e78df"
              ],
              "failures": [],
              "pending": [],
              "skipped": [],
              "duration": 4,
              "root": false,
              "rootEmpty": false,
              "_timeout": 2000
            },
            {
              "uuid": "54841ac0-3c5e-4782-b0ab-28247879b2a6",
              "title": "write()",
              "fullFile": "/home/runner/work/vestaboard/vestaboard/test/lib/message.ts",
              "file": "/test/lib/message.ts",
              "beforeHooks": [],
              "afterHooks": [],
              "tests": [
                {
                  "title": "should start writing from top/left",
                  "fullTitle": "Message write() should start writing from top/left",
                  "timedOut": false,
                  "duration": 1,
                  "state": "passed",
                  "speed": "fast",
                  "pass": true,
                  "fail": false,
                  "pending": false,
                  "context": null,
                  "code": "const msg = new Message();\nmsg.write('Hello World');\nassert.strictEqual(msg.toString(), '#==============================================#\\n' +\n    '# H E L L O   W O R L D                        #\\n' +\n    '#                                              #\\n' +\n    '#                                              #\\n' +\n    '#                                              #\\n' +\n    '#                                              #\\n' +\n    '#                                              #\\n' +\n    '#==============================================#\\n');",
                  "err": {},
                  "uuid": "86da0cc3-1afc-435f-8b29-5bcd3945c168",
                  "parentUUID": "54841ac0-3c5e-4782-b0ab-28247879b2a6",
                  "isHook": false,
                  "skipped": false
                },
                {
                  "title": "should accept line & row for positioning",
                  "fullTitle": "Message write() should accept line & row for positioning",
                  "timedOut": false,
                  "duration": 1,
                  "state": "passed",
                  "speed": "fast",
                  "pass": true,
                  "fail": false,
                  "pending": false,
                  "context": null,
                  "code": "const msg = new Message();\nmsg.write('Hello World', {\n    position: {\n        line: 2,\n        row: 5\n    }\n});\nassert.strictEqual(msg.toString(), '#==============================================#\\n' +\n    '#                                              #\\n' +\n    '#                                              #\\n' +\n    '#           H E L L O   W O R L D              #\\n' +\n    '#                                              #\\n' +\n    '#                                              #\\n' +\n    '#                                              #\\n' +\n    '#==============================================#\\n');",
                  "err": {},
                  "uuid": "4a5d99cf-a800-412e-82a6-da5bd12e5560",
                  "parentUUID": "54841ac0-3c5e-4782-b0ab-28247879b2a6",
                  "isHook": false,
                  "skipped": false
                },
                {
                  "title": "should add another line if text is too long",
                  "fullTitle": "Message write() should add another line if text is too long",
                  "timedOut": false,
                  "duration": 4,
                  "state": "passed",
                  "speed": "fast",
                  "pass": true,
                  "fail": false,
                  "pending": false,
                  "context": null,
                  "code": "const msg = new Message();\nmsg.write('Lorem ipsum dolor sit amet, ' +\n    'consetetur sadipscing elitr, sed ' +\n    'diam nonumy eirmod tempor invidunt');\nassert.strictEqual(msg.toString(), '#==============================================#\\n' +\n    '# L O R E M   I P S U M   D O L O R   S I T    #\\n' +\n    '# A M E T ,   C O N S E T E T U R              #\\n' +\n    '# S A D I P S C I N G   E L I T R ,   S E D    #\\n' +\n    '# D I A M   N O N U M Y   E I R M O D          #\\n' +\n    '# T E M P O R   I N V I D U N T                #\\n' +\n    '#                                              #\\n' +\n    '#==============================================#\\n');",
                  "err": {},
                  "uuid": "38a3d028-6641-4b86-9128-bf0e707911e4",
                  "parentUUID": "54841ac0-3c5e-4782-b0ab-28247879b2a6",
                  "isHook": false,
                  "skipped": false
                },
                {
                  "title": "should work with words > board length",
                  "fullTitle": "Message write() should work with words > board length",
                  "timedOut": false,
                  "duration": 1,
                  "state": "passed",
                  "speed": "fast",
                  "pass": true,
                  "fail": false,
                  "pending": false,
                  "context": null,
                  "code": "const msg = new Message();\nmsg.write('Lorem-ipsum-dolor-sit-amet');\nassert.strictEqual(msg.toString(), '#==============================================#\\n' +\n    '# L O R E M - I P S U M - D O L O R - S I T -  #\\n' +\n    '# A M E T                                      #\\n' +\n    '#                                              #\\n' +\n    '#                                              #\\n' +\n    '#                                              #\\n' +\n    '#                                              #\\n' +\n    '#==============================================#\\n');",
                  "err": {},
                  "uuid": "12ed4586-a078-424b-91d9-ce2ee2b73617",
                  "parentUUID": "54841ac0-3c5e-4782-b0ab-28247879b2a6",
                  "isHook": false,
                  "skipped": false
                },
                {
                  "title": "should allow to use NEXT_LINE flag",
                  "fullTitle": "Message write() should allow to use NEXT_LINE flag",
                  "timedOut": false,
                  "duration": 3,
                  "state": "passed",
                  "speed": "fast",
                  "pass": true,
                  "fail": false,
                  "pending": false,
                  "context": null,
                  "code": "const msg = new Message();\nmsg.write('13:00', { position: MessageWritePosition.NEXT_LINE });\nmsg.write('Daily', { indent: true });\nmsg.write('', { position: MessageWritePosition.NEXT_LINE });\nmsg.write('18:00', { position: MessageWritePosition.NEXT_LINE });\nmsg.write('Fischstäbchen, Spinat & Ei', { indent: true });\nmsg.write('', { position: MessageWritePosition.NEXT_LINE });\nmsg.write('20:00', { position: MessageWritePosition.NEXT_LINE });\nmsg.write('Sandmännchen', { indent: true });\nassert.strictEqual(msg.toString(), '#==============================================#\\n' +\n    '# 1 3 : 0 0   D A I L Y                        #\\n' +\n    '#                                              #\\n' +\n    '# 1 8 : 0 0   F I S C H S T A E B C H E N ,    #\\n' +\n    '#             S P I N A T   &   E I            #\\n' +\n    '#                                              #\\n' +\n    '# 2 0 : 0 0   S A N D M A E N N C H E N        #\\n' +\n    '#==============================================#\\n');",
                  "err": {},
                  "uuid": "02f3031b-5541-41ca-a31b-409ce3b8a442",
                  "parentUUID": "54841ac0-3c5e-4782-b0ab-28247879b2a6",
                  "isHook": false,
                  "skipped": false
                },
                {
                  "title": "should support the NO_SPACE_BETWEEN flag",
                  "fullTitle": "Message write() should support the NO_SPACE_BETWEEN flag",
                  "timedOut": false,
                  "duration": 2,
                  "state": "passed",
                  "speed": "fast",
                  "pass": true,
                  "fail": false,
                  "pending": false,
                  "context": null,
                  "code": "const msg = new Message();\nmsg.write('Rindfleisch')\n    .write('etikettierungs', { position: MessageWritePosition.NO_SPACE_BETWEEN })\n    .write('ueberwachungs', { position: MessageWritePosition.NO_SPACE_BETWEEN })\n    .write('aufgaben', { position: MessageWritePosition.NO_SPACE_BETWEEN })\n    .write('uebertragungs', { position: MessageWritePosition.NO_SPACE_BETWEEN })\n    .write('gesetz', { position: MessageWritePosition.NO_SPACE_BETWEEN })\n    .write('(das)');\nassert.strictEqual(msg.toString(), '#==============================================#\\n' +\n    '# R I N D F L E I S C H                        #\\n' +\n    '# E T I K E T T I E R U N G S                  #\\n' +\n    '# U E B E R W A C H U N G S A U F G A B E N    #\\n' +\n    '# U E B E R T R A G U N G S G E S E T Z        #\\n' +\n    '# ( D A S )                                    #\\n' +\n    '#                                              #\\n' +\n    '#==============================================#\\n');",
                  "err": {},
                  "uuid": "ffeada5c-fd87-4ad3-9c77-f7eb185310f6",
                  "parentUUID": "54841ac0-3c5e-4782-b0ab-28247879b2a6",
                  "isHook": false,
                  "skipped": false
                },
                {
                  "title": "should support \\n",
                  "fullTitle": "Message write() should support \\n",
                  "timedOut": false,
                  "duration": 2,
                  "state": "passed",
                  "speed": "fast",
                  "pass": true,
                  "fail": false,
                  "pending": false,
                  "context": null,
                  "code": "assert.strictEqual(new Message()\n    .write('Hello\\nWorld')\n    .toString(), '#==============================================#\\n' +\n    '# H E L L O                                    #\\n' +\n    '# W O R L D                                    #\\n' +\n    '#                                              #\\n' +\n    '#                                              #\\n' +\n    '#                                              #\\n' +\n    '#                                              #\\n' +\n    '#==============================================#\\n');\nassert.strictEqual(new Message()\n    .write('H⍷llo World', { fallbackChar: 0 })\n    .toString(), '#==============================================#\\n' +\n    '# H   L L O   W O R L D                        #\\n' +\n    '#                                              #\\n' +\n    '#                                              #\\n' +\n    '#                                              #\\n' +\n    '#                                              #\\n' +\n    '#                                              #\\n' +\n    '#==============================================#\\n');\nassert.strictEqual(new Message()\n    .write('H⍷llo World', { fallbackChar: null })\n    .toString(), '#==============================================#\\n' +\n    '# H L L O   W O R L D                          #\\n' +\n    '#                                              #\\n' +\n    '#                                              #\\n' +\n    '#                                              #\\n' +\n    '#                                              #\\n' +\n    '#                                              #\\n' +\n    '#==============================================#\\n');",
                  "err": {},
                  "uuid": "9dd4b9df-9b68-40d1-8a96-5e83304ac918",
                  "parentUUID": "54841ac0-3c5e-4782-b0ab-28247879b2a6",
                  "isHook": false,
                  "skipped": false
                },
                {
                  "title": "should handle the fallback char",
                  "fullTitle": "Message write() should handle the fallback char",
                  "timedOut": false,
                  "duration": 3,
                  "state": "passed",
                  "speed": "fast",
                  "pass": true,
                  "fail": false,
                  "pending": false,
                  "context": null,
                  "code": "assert.strictEqual(new Message()\n    .write('H⍷llo World')\n    .toString(), '#==============================================#\\n' +\n    '# H ? L L O   W O R L D                        #\\n' +\n    '#                                              #\\n' +\n    '#                                              #\\n' +\n    '#                                              #\\n' +\n    '#                                              #\\n' +\n    '#                                              #\\n' +\n    '#==============================================#\\n');\nassert.strictEqual(new Message()\n    .write('H⍷llo World', { fallbackChar: 0 })\n    .toString(), '#==============================================#\\n' +\n    '# H   L L O   W O R L D                        #\\n' +\n    '#                                              #\\n' +\n    '#                                              #\\n' +\n    '#                                              #\\n' +\n    '#                                              #\\n' +\n    '#                                              #\\n' +\n    '#==============================================#\\n');\nassert.strictEqual(new Message()\n    .write('H⍷llo World', { fallbackChar: null })\n    .toString(), '#==============================================#\\n' +\n    '# H L L O   W O R L D                          #\\n' +\n    '#                                              #\\n' +\n    '#                                              #\\n' +\n    '#                                              #\\n' +\n    '#                                              #\\n' +\n    '#                                              #\\n' +\n    '#==============================================#\\n');",
                  "err": {},
                  "uuid": "b3b74a59-e433-43d4-a4b7-18f83146190f",
                  "parentUUID": "54841ac0-3c5e-4782-b0ab-28247879b2a6",
                  "isHook": false,
                  "skipped": false
                },
                {
                  "title": "should remove unsupported words by default",
                  "fullTitle": "Message write() should remove unsupported words by default",
                  "timedOut": false,
                  "duration": 1,
                  "state": "passed",
                  "speed": "fast",
                  "pass": true,
                  "fail": false,
                  "pending": false,
                  "context": null,
                  "code": "const msg = new Message();\nmsg.write('💪🏼 Gym');\nassert.strictEqual(msg.toString(), '#==============================================#\\n' +\n    '# G Y M                                        #\\n' +\n    '#                                              #\\n' +\n    '#                                              #\\n' +\n    '#                                              #\\n' +\n    '#                                              #\\n' +\n    '#                                              #\\n' +\n    '#==============================================#\\n');",
                  "err": {},
                  "uuid": "0bef41e1-7ebf-4efc-8090-ba729f1387ff",
                  "parentUUID": "54841ac0-3c5e-4782-b0ab-28247879b2a6",
                  "isHook": false,
                  "skipped": false
                },
                {
                  "title": "should not break if message is way too long",
                  "fullTitle": "Message write() should not break if message is way too long",
                  "timedOut": false,
                  "duration": 7,
                  "state": "passed",
                  "speed": "fast",
                  "pass": true,
                  "fail": false,
                  "pending": false,
                  "context": null,
                  "code": "const msg = new Message();\nmsg.write('Lorem ipsum dolor sit amet, consectetur adipisici elit, sed eiusmod tempor incidunt ut labore et dolore magna aliqua.');\nmsg.write('Ut enim ad minim veniam, quis nostrud exercitation ullamco laboris nisi ut aliquid ex ea commodi consequat.');\nmsg.write('Quis aute iure reprehenderit in voluptate velit esse cillum dolore eu fugiat nulla pariatur.');\nmsg.write('Excepteur sint obcaecat cupiditat non proident, sunt in culpa qui officia deserunt mollit anim id est laborum.');\nassert.strictEqual(msg.toString(), '#==============================================#\\n' +\n    '# L O R E M   I P S U M   D O L O R   S I T    #\\n' +\n    '# A M E T ,   C O N S E C T E T U R            #\\n' +\n    '# A D I P I S I C I   E L I T ,   S E D        #\\n' +\n    '# E I U S M O D   T E M P O R I N C I D U N T  #\\n' +\n    '# U T   L A B O R E   E T   D O L O R E        #\\n' +\n    '# M A G N A   A L I Q U A .   U T   E N I M    #\\n' +\n    '#==============================================#\\n');",
                  "err": {},
                  "uuid": "2d4cf5e8-4e5c-44fd-bd50-bcd590933ccb",
                  "parentUUID": "54841ac0-3c5e-4782-b0ab-28247879b2a6",
                  "isHook": false,
                  "skipped": false
                }
              ],
              "suites": [],
              "passes": [
                "86da0cc3-1afc-435f-8b29-5bcd3945c168",
                "4a5d99cf-a800-412e-82a6-da5bd12e5560",
                "38a3d028-6641-4b86-9128-bf0e707911e4",
                "12ed4586-a078-424b-91d9-ce2ee2b73617",
                "02f3031b-5541-41ca-a31b-409ce3b8a442",
                "ffeada5c-fd87-4ad3-9c77-f7eb185310f6",
                "9dd4b9df-9b68-40d1-8a96-5e83304ac918",
                "b3b74a59-e433-43d4-a4b7-18f83146190f",
                "0bef41e1-7ebf-4efc-8090-ba729f1387ff",
                "2d4cf5e8-4e5c-44fd-bd50-bcd590933ccb"
              ],
              "failures": [],
              "pending": [],
              "skipped": [],
              "duration": 25,
              "root": false,
              "rootEmpty": false,
              "_timeout": 2000
            },
            {
              "uuid": "11969ab2-7e68-4bbd-8ec4-e182ab923c98",
              "title": "table()",
              "fullFile": "/home/runner/work/vestaboard/vestaboard/test/lib/message.ts",
              "file": "/test/lib/message.ts",
              "beforeHooks": [],
              "afterHooks": [],
              "tests": [
                {
                  "title": "should work with a very basic example",
                  "fullTitle": "Message table() should work with a very basic example",
                  "timedOut": false,
                  "duration": 3,
                  "state": "passed",
                  "speed": "fast",
                  "pass": true,
                  "fail": false,
                  "pending": false,
                  "context": null,
                  "code": "const msg = new Message();\nmsg.table([\n    ['now', 'Daily'],\n    ['13:00', 'Secret Meeting']\n]);\nassert.strictEqual(msg.toString(), '#==============================================#\\n' +\n    '# N O W         D A I L Y                      #\\n' +\n    '#                                              #\\n' +\n    '# 1 3 : 0 0     S E C R E T   M E E T I N G    #\\n' +\n    '#                                              #\\n' +\n    '#                                              #\\n' +\n    '#                                              #\\n' +\n    '#==============================================#\\n');",
                  "err": {},
                  "uuid": "13b4ae9d-ad99-4290-8de7-6574a79b2d59",
                  "parentUUID": "11969ab2-7e68-4bbd-8ec4-e182ab923c98",
                  "isHook": false,
                  "skipped": false
                },
                {
                  "title": "should just fill the space available if too full",
                  "fullTitle": "Message table() should just fill the space available if too full",
                  "timedOut": false,
                  "duration": 4,
                  "state": "passed",
                  "speed": "fast",
                  "pass": true,
                  "fail": false,
                  "pending": false,
                  "context": null,
                  "code": "const msg = new Message();\nmsg.table([\n    ['now', 'Daily'],\n    ['13:00', 'Super Secret Meeting'],\n    ['16:30', 'Awesome Presentation']\n]);\nassert.strictEqual(msg.toString(), '#==============================================#\\n' +\n    '# N O W       D A I L Y                        #\\n' +\n    '#                                              #\\n' +\n    '# 1 3 : 0 0   S U P E R   S E C R E T          #\\n' +\n    '#             M E E T I N G                    #\\n' +\n    '#                                              #\\n' +\n    '# 1 6 : 3 0   A W E S O M E   P R E S E N T -  #\\n' +\n    '#==============================================#\\n');",
                  "err": {},
                  "uuid": "8157a70b-92ab-4a60-b054-1d0468b0340f",
                  "parentUUID": "11969ab2-7e68-4bbd-8ec4-e182ab923c98",
                  "isHook": false,
                  "skipped": false
                },
                {
                  "title": "should pay attention to the cursor",
                  "fullTitle": "Message table() should pay attention to the cursor",
                  "timedOut": false,
                  "duration": 2,
                  "state": "passed",
                  "speed": "fast",
                  "pass": true,
                  "fail": false,
                  "pending": false,
                  "context": null,
                  "code": "const msg = new Message();\nmsg.write('Hello World\\n');\nmsg.table([\n    ['now', 'Daily'],\n    ['13:00', 'Secret Meeting']\n]);\nassert.strictEqual(msg.toString(), '#==============================================#\\n' +\n    '# H E L L O   W O R L D                        #\\n' +\n    '#                                              #\\n' +\n    '# N O W         D A I L Y                      #\\n' +\n    '#                                              #\\n' +\n    '# 1 3 : 0 0     S E C R E T   M E E T I N G    #\\n' +\n    '#                                              #\\n' +\n    '#==============================================#\\n');",
                  "err": {},
                  "uuid": "9821056d-870d-4271-a8cd-e32350627b53",
                  "parentUUID": "11969ab2-7e68-4bbd-8ec4-e182ab923c98",
                  "isHook": false,
                  "skipped": false
                },
                {
                  "title": "should throw error if rows have different number of columns",
                  "fullTitle": "Message table() should throw error if rows have different number of columns",
                  "timedOut": false,
                  "duration": 0,
                  "state": "passed",
                  "speed": "fast",
                  "pass": true,
                  "fail": false,
                  "pending": false,
                  "context": null,
                  "code": "const msg = new Message();\nassert.throws(() => {\n    msg.table([\n        ['now', 'Daily'],\n        ['13:00', 'Secret Meeting', '🟥']\n    ]);\n}, /Unable to render table: Row 1 has 3 entries, but first row has 2!/);",
                  "err": {},
                  "uuid": "55190641-3280-4f74-8837-d833ee78231a",
                  "parentUUID": "11969ab2-7e68-4bbd-8ec4-e182ab923c98",
                  "isHook": false,
                  "skipped": false
                }
              ],
              "suites": [],
              "passes": [
                "13b4ae9d-ad99-4290-8de7-6574a79b2d59",
                "8157a70b-92ab-4a60-b054-1d0468b0340f",
                "9821056d-870d-4271-a8cd-e32350627b53",
                "55190641-3280-4f74-8837-d833ee78231a"
              ],
              "failures": [],
              "pending": [],
              "skipped": [],
              "duration": 9,
              "root": false,
              "rootEmpty": false,
              "_timeout": 2000
            },
            {
              "uuid": "59101189-09f4-4c9f-aca9-4eb968c9809d",
              "title": "center()",
              "fullFile": "/home/runner/work/vestaboard/vestaboard/test/lib/message.ts",
              "file": "/test/lib/message.ts",
              "beforeHooks": [],
              "afterHooks": [],
              "tests": [
                {
                  "title": "should work with a single word",
                  "fullTitle": "Message center() should work with a single word",
                  "timedOut": false,
                  "duration": 1,
                  "state": "passed",
                  "speed": "fast",
                  "pass": true,
                  "fail": false,
                  "pending": false,
                  "context": null,
                  "code": "const msg = new Message();\nmsg.write('Hello World');\nmsg.center();\nassert.strictEqual(msg.toString(), '#==============================================#\\n' +\n    '#                                              #\\n' +\n    '#                                              #\\n' +\n    '#           H E L L O   W O R L D              #\\n' +\n    '#                                              #\\n' +\n    '#                                              #\\n' +\n    '#                                              #\\n' +\n    '#==============================================#\\n');",
                  "err": {},
                  "uuid": "a725d539-45a6-4993-a8c3-109c58c7c144",
                  "parentUUID": "59101189-09f4-4c9f-aca9-4eb968c9809d",
                  "isHook": false,
                  "skipped": false
                },
                {
                  "title": "should work with a complete filled board",
                  "fullTitle": "Message center() should work with a complete filled board",
                  "timedOut": false,
                  "duration": 1,
                  "state": "passed",
                  "speed": "fast",
                  "pass": true,
                  "fail": false,
                  "pending": false,
                  "context": null,
                  "code": "const msg = new Message();\nmsg.fill('🟥');\nmsg.center();\nassert.strictEqual(msg.toString(), '#==============================================#\\n' +\n    '# 🟥🟥🟥🟥🟥🟥🟥🟥🟥🟥🟥🟥🟥🟥🟥🟥🟥🟥🟥🟥🟥🟥 #\\n' +\n    '# 🟥🟥🟥🟥🟥🟥🟥🟥🟥🟥🟥🟥🟥🟥🟥🟥🟥🟥🟥🟥🟥🟥 #\\n' +\n    '# 🟥🟥🟥🟥🟥🟥🟥🟥🟥🟥🟥🟥🟥🟥🟥🟥🟥🟥🟥🟥🟥🟥 #\\n' +\n    '# 🟥🟥🟥🟥🟥🟥🟥🟥🟥🟥🟥🟥🟥🟥🟥🟥🟥🟥🟥🟥🟥🟥 #\\n' +\n    '# 🟥🟥🟥🟥🟥🟥🟥🟥🟥🟥🟥🟥🟥🟥🟥🟥🟥🟥🟥🟥🟥🟥 #\\n' +\n    '# 🟥🟥🟥🟥🟥🟥🟥🟥🟥🟥🟥🟥🟥🟥🟥🟥🟥🟥🟥🟥🟥🟥 #\\n' +\n    '#==============================================#\\n');",
                  "err": {},
                  "uuid": "5f1d4c8e-5a3c-49c0-ad27-e9405cc001b1",
                  "parentUUID": "59101189-09f4-4c9f-aca9-4eb968c9809d",
                  "isHook": false,
                  "skipped": false
                },
                {
                  "title": "should also work if word is not top/left aligned",
                  "fullTitle": "Message center() should also work if word is not top/left aligned",
                  "timedOut": false,
                  "duration": 1,
                  "state": "passed",
                  "speed": "fast",
                  "pass": true,
                  "fail": false,
                  "pending": false,
                  "context": null,
                  "code": "const msg = new Message();\nmsg.write('Hello World', {\n    position: {\n        line: 5,\n        row: 11\n    }\n});\nmsg.center();\nassert.strictEqual(msg.toString(), '#==============================================#\\n' +\n    '#                                              #\\n' +\n    '#                                              #\\n' +\n    '#           H E L L O   W O R L D              #\\n' +\n    '#                                              #\\n' +\n    '#                                              #\\n' +\n    '#                                              #\\n' +\n    '#==============================================#\\n');",
                  "err": {},
                  "uuid": "fbb6e5f7-6693-41b7-912b-45933fae905e",
                  "parentUUID": "59101189-09f4-4c9f-aca9-4eb968c9809d",
                  "isHook": false,
                  "skipped": false
                }
              ],
              "suites": [],
              "passes": [
                "a725d539-45a6-4993-a8c3-109c58c7c144",
                "5f1d4c8e-5a3c-49c0-ad27-e9405cc001b1",
                "fbb6e5f7-6693-41b7-912b-45933fae905e"
              ],
              "failures": [],
              "pending": [],
              "skipped": [],
              "duration": 3,
              "root": false,
              "rootEmpty": false,
              "_timeout": 2000
            }
          ],
          "passes": [],
          "failures": [],
          "pending": [],
          "skipped": [],
          "duration": 0,
          "root": false,
          "rootEmpty": false,
          "_timeout": 2000
        },
        {
          "uuid": "873b6214-c387-4eba-8d90-7eae7ae30a48",
          "title": "MultipleBoard",
          "fullFile": "/home/runner/work/vestaboard/vestaboard/test/lib/multiple-boards.ts",
          "file": "/test/lib/multiple-boards.ts",
          "beforeHooks": [],
          "afterHooks": [],
          "tests": [],
          "suites": [
            {
              "uuid": "a6bd0b58-a03f-4f39-bb63-15f986e19ded",
              "title": "postMessage()",
              "fullFile": "/home/runner/work/vestaboard/vestaboard/test/lib/multiple-boards.ts",
              "file": "/test/lib/multiple-boards.ts",
              "beforeHooks": [],
              "afterHooks": [],
              "tests": [
                {
                  "title": "should work (live)",
                  "fullTitle": "MultipleBoard postMessage() should work (live)",
                  "timedOut": false,
                  "duration": 0,
                  "state": "pending",
                  "speed": null,
                  "pass": false,
                  "fail": false,
                  "pending": true,
                  "context": null,
                  "code": "",
                  "err": {},
                  "uuid": "a5247cc4-6f4d-4f47-a165-0c5347a43299",
                  "parentUUID": "a6bd0b58-a03f-4f39-bb63-15f986e19ded",
                  "isHook": false,
                  "skipped": false
                }
              ],
              "suites": [],
              "passes": [],
              "failures": [],
              "pending": [
                "a5247cc4-6f4d-4f47-a165-0c5347a43299"
              ],
              "skipped": [],
              "duration": 0,
              "root": false,
              "rootEmpty": false,
              "_timeout": 30000
            }
          ],
          "passes": [],
          "failures": [],
          "pending": [],
          "skipped": [],
          "duration": 0,
          "root": false,
          "rootEmpty": false,
          "_timeout": 30000
        },
        {
          "uuid": "9f5f4e17-db31-461e-bf4c-2e1f4a8ab02f",
          "title": "ReadWriteAPI",
          "fullFile": "/home/runner/work/vestaboard/vestaboard/test/lib/read-write-api.ts",
          "file": "/test/lib/read-write-api.ts",
          "beforeHooks": [],
          "afterHooks": [],
          "tests": [],
          "suites": [
            {
              "uuid": "c48d2b79-f69d-4dfa-98b1-9625883b8784",
              "title": "getCurrentMessage()",
              "fullFile": "/home/runner/work/vestaboard/vestaboard/test/lib/read-write-api.ts",
              "file": "/test/lib/read-write-api.ts",
              "beforeHooks": [],
              "afterHooks": [],
              "tests": [
                {
                  "title": "should work (mocked)",
                  "fullTitle": "ReadWriteAPI getCurrentMessage() should work (mocked)",
                  "timedOut": false,
                  "duration": 1,
                  "state": "passed",
                  "speed": "fast",
                  "pass": true,
                  "fail": false,
                  "pending": false,
                  "context": null,
                  "code": "return __awaiter(this, void 0, void 0, function* () {\n    const msg = new Message();\n    msg.fill('🟥🟧🟨🟩🟦🟪');\n    const json = {\n        currentMessage: {\n            layout: JSON.stringify(msg.toCharArray())\n        }\n    };\n    const fetch = (url, options) => __awaiter(this, void 0, void 0, function* () {\n        assert.strictEqual(url, 'https://rw.vestaboard.com/');\n        assert.deepStrictEqual(options, {\n            method: 'GET',\n            headers: {\n                'X-Vestaboard-Read-Write-Key': '3eadf7a8-6602-4bf5-92f4-970d36066958'\n            }\n        });\n        return {\n            ok: true,\n            status: 200,\n            statusText: 'OK',\n            json: () => __awaiter(this, void 0, void 0, function* () { return json; })\n        };\n    });\n    const api = new ReadWriteAPI('3eadf7a8-6602-4bf5-92f4-970d36066958', { fetch });\n    const result = yield api.getCurrentMessage();\n    assert.deepStrictEqual(result.toCharArray(), msg.toCharArray());\n});",
                  "err": {},
                  "uuid": "66ee4735-aaf4-44a4-a0a6-84dc6259778f",
                  "parentUUID": "c48d2b79-f69d-4dfa-98b1-9625883b8784",
                  "isHook": false,
                  "skipped": false
                },
                {
                  "title": "should work (live)",
                  "fullTitle": "ReadWriteAPI getCurrentMessage() should work (live)",
                  "timedOut": false,
                  "duration": 0,
                  "state": "pending",
                  "speed": null,
                  "pass": false,
                  "fail": false,
                  "pending": true,
                  "context": null,
                  "code": "",
                  "err": {},
                  "uuid": "19e47acd-522a-4fcc-8095-ba3b9a857c0a",
                  "parentUUID": "c48d2b79-f69d-4dfa-98b1-9625883b8784",
                  "isHook": false,
                  "skipped": false
                }
              ],
              "suites": [],
              "passes": [
                "66ee4735-aaf4-44a4-a0a6-84dc6259778f"
              ],
              "failures": [],
              "pending": [
                "19e47acd-522a-4fcc-8095-ba3b9a857c0a"
              ],
              "skipped": [],
              "duration": 1,
              "root": false,
              "rootEmpty": false,
              "_timeout": 30000
            },
            {
              "uuid": "8f4bbf62-9c63-45c0-a04c-26b58cc4d547",
              "title": "postMessage()",
              "fullFile": "/home/runner/work/vestaboard/vestaboard/test/lib/read-write-api.ts",
              "file": "/test/lib/read-write-api.ts",
              "beforeHooks": [],
              "afterHooks": [],
              "tests": [
                {
                  "title": "should work (mocked)",
                  "fullTitle": "ReadWriteAPI postMessage() should work (mocked)",
                  "timedOut": false,
                  "duration": 1,
                  "state": "passed",
                  "speed": "fast",
                  "pass": true,
                  "fail": false,
                  "pending": false,
                  "context": null,
                  "code": "return __awaiter(this, void 0, void 0, function* () {\n    const msg = new Message();\n    msg.fill('🟥🟧🟨🟩🟦🟪');\n    const fetch = (url, options) => __awaiter(this, void 0, void 0, function* () {\n        assert.strictEqual(url, 'https://rw.vestaboard.com/');\n        assert.deepStrictEqual(options, {\n            method: 'POST',\n            headers: {\n                'Content-Type': 'application/json',\n                'X-Vestaboard-Read-Write-Key': '3eadf7a8-6602-4bf5-92f4-970d36066958'\n            },\n            body: JSON.stringify(msg.toCharArray())\n        });\n        return {\n            ok: true,\n            status: 200,\n            statusText: 'OK',\n            json: () => __awaiter(this, void 0, void 0, function* () {\n                return ({\n                    status: 'ok'\n                });\n            })\n        };\n    });\n    const api = new ReadWriteAPI('3eadf7a8-6602-4bf5-92f4-970d36066958', { fetch });\n    yield api.postMessage(msg);\n});",
                  "err": {},
                  "uuid": "f0161e28-1be9-4162-9af0-3a99314c1a10",
                  "parentUUID": "8f4bbf62-9c63-45c0-a04c-26b58cc4d547",
                  "isHook": false,
                  "skipped": false
                },
                {
                  "title": "should work (live)",
                  "fullTitle": "ReadWriteAPI postMessage() should work (live)",
                  "timedOut": false,
                  "duration": 0,
                  "state": "pending",
                  "speed": null,
                  "pass": false,
                  "fail": false,
                  "pending": true,
                  "context": null,
                  "code": "",
                  "err": {},
                  "uuid": "9fafcc9e-3c8f-4fb9-b25d-b01bec98cbfb",
                  "parentUUID": "8f4bbf62-9c63-45c0-a04c-26b58cc4d547",
                  "isHook": false,
                  "skipped": false
                }
              ],
              "suites": [],
              "passes": [
                "f0161e28-1be9-4162-9af0-3a99314c1a10"
              ],
              "failures": [],
              "pending": [
                "9fafcc9e-3c8f-4fb9-b25d-b01bec98cbfb"
              ],
              "skipped": [],
              "duration": 1,
              "root": false,
              "rootEmpty": false,
              "_timeout": 30000
            }
          ],
          "passes": [],
          "failures": [],
          "pending": [],
          "skipped": [],
          "duration": 0,
          "root": false,
          "rootEmpty": false,
          "_timeout": 30000
        },
        {
          "uuid": "f6c8afc0-5890-4adf-97e1-de037f6867dc",
          "title": "SubscriptionAPI",
          "fullFile": "/home/runner/work/vestaboard/vestaboard/test/lib/subscription-api.ts",
          "file": "/test/lib/subscription-api.ts",
          "beforeHooks": [],
          "afterHooks": [],
          "tests": [],
          "suites": [
            {
              "uuid": "309cef6d-d939-4240-8152-1d7841095009",
              "title": "getViewer()",
              "fullFile": "/home/runner/work/vestaboard/vestaboard/test/lib/subscription-api.ts",
              "file": "/test/lib/subscription-api.ts",
              "beforeHooks": [],
              "afterHooks": [],
              "tests": [
                {
                  "title": "should work (mocked)",
                  "fullTitle": "SubscriptionAPI getViewer() should work (mocked)",
                  "timedOut": false,
                  "duration": 1,
                  "state": "passed",
                  "speed": "fast",
                  "pass": true,
                  "fail": false,
                  "pending": false,
                  "context": null,
                  "code": "return __awaiter(this, void 0, void 0, function* () {\n    const msg = new Message();\n    msg.fill('🟥🟧🟨🟩🟦🟪');\n    const json = {\n        type: 'installation',\n        _id: 'f35032ce-fd2b-4afb-8a24-d71c8085303c',\n        _created: '1577829607582',\n        installation: {\n            _id: '562038d1-6fdb-4ba5-ae8b-bc9ec882178d'\n        }\n    };\n    const fetch = (url, options) => __awaiter(this, void 0, void 0, function* () {\n        assert.strictEqual(url, 'https://platform.vestaboard.com/viewer');\n        assert.deepStrictEqual(options, {\n            method: 'GET',\n            headers: {\n                'X-Vestaboard-Api-Key': '3eadf7a8-6602-4bf5-92f4-970d36066958',\n                'X-Vestaboard-Api-Secret': '******************************'\n            }\n        });\n        return {\n            ok: true,\n            status: 200,\n            statusText: 'OK',\n            json: () => __awaiter(this, void 0, void 0, function* () { return json; })\n        };\n    });\n    const api = new SubscriptionAPI('3eadf7a8-6602-4bf5-92f4-970d36066958', '******************************', { fetch });\n    const result = yield api.getViewer();\n    assert.deepStrictEqual(result, json);\n});",
                  "err": {},
                  "uuid": "190e261e-b408-4f27-822e-608172505b99",
                  "parentUUID": "309cef6d-d939-4240-8152-1d7841095009",
                  "isHook": false,
                  "skipped": false
                },
                {
                  "title": "should work (live)",
                  "fullTitle": "SubscriptionAPI getViewer() should work (live)",
                  "timedOut": false,
                  "duration": 0,
                  "state": "pending",
                  "speed": null,
                  "pass": false,
                  "fail": false,
                  "pending": true,
                  "context": null,
                  "code": "",
                  "err": {},
                  "uuid": "04bcb947-b1cf-41b6-be09-9ff7b923c67a",
                  "parentUUID": "309cef6d-d939-4240-8152-1d7841095009",
                  "isHook": false,
                  "skipped": false
                }
              ],
              "suites": [],
              "passes": [
                "190e261e-b408-4f27-822e-608172505b99"
              ],
              "failures": [],
              "pending": [
                "04bcb947-b1cf-41b6-be09-9ff7b923c67a"
              ],
              "skipped": [],
              "duration": 1,
              "root": false,
              "rootEmpty": false,
              "_timeout": 30000
            },
            {
              "uuid": "f471ea26-f20b-42b9-b83f-5a1480b182a0",
              "title": "getSubscription()",
              "fullFile": "/home/runner/work/vestaboard/vestaboard/test/lib/subscription-api.ts",
              "file": "/test/lib/subscription-api.ts",
              "beforeHooks": [],
              "afterHooks": [],
              "tests": [
                {
                  "title": "should work (mocked)",
                  "fullTitle": "SubscriptionAPI getSubscription() should work (mocked)",
                  "timedOut": false,
                  "duration": 0,
                  "state": "passed",
                  "speed": "fast",
                  "pass": true,
                  "fail": false,
                  "pending": false,
                  "context": null,
                  "code": "return __awaiter(this, void 0, void 0, function* () {\n    const json = {\n        subscriptions: [\n            {\n                _id: 'bc6412b3-3aa6-4684-8962-cd2876942c0d',\n                _created: '1577833654294',\n                installation: {\n                    _id: 'fefb8778-9500-4522-b115-29c0dd13c402',\n                    installable: {\n                        _id: 'b629d7df-7ecb-4460-b51e-f87fa942f113'\n                    }\n                },\n                boards: [{\n                        _id: 'a1e866f2-e77e-45d8-997a-2e3ebeff4961'\n                    }]\n            }\n        ]\n    };\n    const fetch = (url, options) => __awaiter(this, void 0, void 0, function* () {\n        assert.strictEqual(url, 'https://platform.vestaboard.com/subscriptions');\n        assert.deepStrictEqual(options, {\n            method: 'GET',\n            headers: {\n                'X-Vestaboard-Api-Key': '3eadf7a8-6602-4bf5-92f4-970d36066958',\n                'X-Vestaboard-Api-Secret': '******************************'\n            }\n        });\n        return {\n            ok: true,\n            status: 200,\n            statusText: 'OK',\n            json: () => __awaiter(this, void 0, void 0, function* () { return json; })\n        };\n    });\n    const api = new SubscriptionAPI('3eadf7a8-6602-4bf5-92f4-970d36066958', '******************************', { fetch });\n    const result = yield api.getSubscriptions();\n    assert.deepStrictEqual(result, json);\n});",
                  "err": {},
                  "uuid": "4d43d8bd-2eaf-4bf9-b66a-3567f7418d69",
                  "parentUUID": "f471ea26-f20b-42b9-b83f-5a1480b182a0",
                  "isHook": false,
                  "skipped": false
                },
                {
                  "title": "should work (live)",
                  "fullTitle": "SubscriptionAPI getSubscription() should work (live)",
                  "timedOut": false,
                  "duration": 0,
                  "state": "pending",
                  "speed": null,
                  "pass": false,
                  "fail": false,
                  "pending": true,
                  "context": null,
                  "code": "",
                  "err": {},
                  "uuid": "f829fcb7-d175-4de6-bb05-7bf1c0482fbd",
                  "parentUUID": "f471ea26-f20b-42b9-b83f-5a1480b182a0",
                  "isHook": false,
                  "skipped": false
                }
              ],
              "suites": [],
              "passes": [
                "4d43d8bd-2eaf-4bf9-b66a-3567f7418d69"
              ],
              "failures": [],
              "pending": [
                "f829fcb7-d175-4de6-bb05-7bf1c0482fbd"
              ],
              "skipped": [],
              "duration": 0,
              "root": false,
              "rootEmpty": false,
              "_timeout": 30000
            },
            {
              "uuid": "10d308ee-843a-4a34-8396-bd9a849899a4",
              "title": "postMessage()",
              "fullFile": "/home/runner/work/vestaboard/vestaboard/test/lib/subscription-api.ts",
              "file": "/test/lib/subscription-api.ts",
              "beforeHooks": [],
              "afterHooks": [],
              "tests": [
                {
                  "title": "should work (single mode)",
                  "fullTitle": "SubscriptionAPI postMessage() should work (single mode)",
                  "timedOut": false,
                  "duration": 1,
                  "state": "passed",
                  "speed": "fast",
                  "pass": true,
                  "fail": false,
                  "pending": false,
                  "context": null,
                  "code": "return __awaiter(this, void 0, void 0, function* () {\n    const msg = new Message();\n    msg.fill('🟥🟧🟨🟩🟦🟪');\n    const fetch = (url, options) => __awaiter(this, void 0, void 0, function* () {\n        assert.strictEqual(url, 'https://platform.vestaboard.com/subscriptions/foo/message');\n        assert.deepStrictEqual(options, {\n            method: 'POST',\n            headers: {\n                'Content-Type': 'application/json',\n                'X-Vestaboard-Api-Key': '3eadf7a8-6602-4bf5-92f4-970d36066958',\n                'X-Vestaboard-Api-Secret': '******************************'\n            },\n            body: JSON.stringify({ characters: msg.toCharArray() })\n        });\n        return {\n            ok: true,\n            status: 200,\n            statusText: 'OK',\n            json: () => __awaiter(this, void 0, void 0, function* () {\n                return ({\n                    message: {\n                        id: '',\n                        created: 1\n                    }\n                });\n            })\n        };\n    });\n    const api = new SubscriptionAPI('3eadf7a8-6602-4bf5-92f4-970d36066958', '******************************', { fetch });\n    const result = yield api.postMessage(msg, 'foo');\n    assert.deepStrictEqual(result, {\n        message: {\n            id: '',\n            created: 1\n        }\n    });\n});",
                  "err": {},
                  "uuid": "acb784e7-da06-42f6-bd9b-6e84b3f86822",
                  "parentUUID": "10d308ee-843a-4a34-8396-bd9a849899a4",
                  "isHook": false,
                  "skipped": false
                },
                {
                  "title": "should work (multi mode)",
                  "fullTitle": "SubscriptionAPI postMessage() should work (multi mode)",
                  "timedOut": false,
                  "duration": 1,
                  "state": "passed",
                  "speed": "fast",
                  "pass": true,
                  "fail": false,
                  "pending": false,
                  "context": null,
                  "code": "return __awaiter(this, void 0, void 0, function* () {\n    const fetch = (url, options) => __awaiter(this, void 0, void 0, function* () {\n        const msg = new Message('Hello World');\n        assert.strictEqual(url, 'https://platform.vestaboard.com/subscriptions/foo/message');\n        assert.deepStrictEqual(options, {\n            method: 'POST',\n            headers: {\n                'Content-Type': 'application/json',\n                'X-Vestaboard-Api-Key': '3eadf7a8-6602-4bf5-92f4-970d36066958',\n                'X-Vestaboard-Api-Secret': '******************************'\n            },\n            body: JSON.stringify({ characters: msg.toCharArray() })\n        });\n        return {\n            ok: true,\n            status: 200,\n            statusText: 'OK',\n            json: () => __awaiter(this, void 0, void 0, function* () {\n                return ({\n                    message: {\n                        id: '',\n                        created: 1\n                    }\n                });\n            })\n        };\n    });\n    const api = new SubscriptionAPI('3eadf7a8-6602-4bf5-92f4-970d36066958', '******************************', { fetch });\n    const result = yield api.postMessage('Hello World', ['foo', 'foo']);\n    assert.deepStrictEqual(result, [\n        {\n            message: {\n                id: '',\n                created: 1\n            }\n        },\n        {\n            message: {\n                id: '',\n                created: 1\n            }\n        }\n    ]);\n});",
                  "err": {},
                  "uuid": "b843e539-785a-4c46-9bf4-a72bf9c303e6",
                  "parentUUID": "10d308ee-843a-4a34-8396-bd9a849899a4",
                  "isHook": false,
                  "skipped": false
                },
                {
                  "title": "should work (live)",
                  "fullTitle": "SubscriptionAPI postMessage() should work (live)",
                  "timedOut": false,
                  "duration": 0,
                  "state": "pending",
                  "speed": null,
                  "pass": false,
                  "fail": false,
                  "pending": true,
                  "context": null,
                  "code": "",
                  "err": {},
                  "uuid": "20a3e113-d109-407a-92a7-c3668ca91028",
                  "parentUUID": "10d308ee-843a-4a34-8396-bd9a849899a4",
                  "isHook": false,
                  "skipped": false
                }
              ],
              "suites": [],
              "passes": [
                "acb784e7-da06-42f6-bd9b-6e84b3f86822",
                "b843e539-785a-4c46-9bf4-a72bf9c303e6"
              ],
              "failures": [],
              "pending": [
                "20a3e113-d109-407a-92a7-c3668ca91028"
              ],
              "skipped": [],
              "duration": 2,
              "root": false,
              "rootEmpty": false,
              "_timeout": 30000
            }
          ],
          "passes": [],
          "failures": [],
          "pending": [],
          "skipped": [],
          "duration": 0,
          "root": false,
          "rootEmpty": false,
          "_timeout": 30000
        },
        {
          "uuid": "cb719e3a-7f32-4083-ac9d-6513ab310e45",
          "title": "Tools",
          "fullFile": "/home/runner/work/vestaboard/vestaboard/test/lib/tools.ts",
          "file": "/test/lib/tools.ts",
          "beforeHooks": [],
          "afterHooks": [],
          "tests": [],
          "suites": [
            {
              "uuid": "79728b87-f29c-49c4-bfa8-6e00b0057b25",
              "title": "request",
              "fullFile": "/home/runner/work/vestaboard/vestaboard/test/lib/tools.ts",
              "file": "/test/lib/tools.ts",
              "beforeHooks": [],
              "afterHooks": [],
              "tests": [
                {
                  "title": "should work as intended",
                  "fullTitle": "Tools request should work as intended",
                  "timedOut": false,
                  "duration": 1,
                  "state": "passed",
                  "speed": "fast",
                  "pass": true,
                  "fail": false,
                  "pending": false,
                  "context": null,
                  "code": "return __awaiter(this, void 0, void 0, function* () {\n    const fetch = (url, options) => __awaiter(this, void 0, void 0, function* () {\n        assert.strictEqual(url, 'https://example.com/test');\n        assert.deepStrictEqual(options, {\n            method: 'GET',\n            headers: {\n                'X-Test-Header': '1337'\n            }\n        });\n        return {\n            ok: true,\n            status: 200,\n            statusText: 'OK',\n            json: () => __awaiter(this, void 0, void 0, function* () { return ({ foo: 'bar' }); })\n        };\n    });\n    const response = yield request('https://example.com/test', {\n        'X-Test-Header': '1337'\n    }, undefined, { fetch });\n    assert.deepStrictEqual(response, { foo: 'bar' });\n});",
                  "err": {},
                  "uuid": "60e5c79f-0e52-4e22-b13c-119bfb5c0c05",
                  "parentUUID": "79728b87-f29c-49c4-bfa8-6e00b0057b25",
                  "isHook": false,
                  "skipped": false
                },
                {
                  "title": "should throw error on non 2xx status codes",
                  "fullTitle": "Tools request should throw error on non 2xx status codes",
                  "timedOut": false,
                  "duration": 10014,
                  "state": "passed",
                  "speed": "slow",
                  "pass": true,
                  "fail": false,
                  "pending": false,
                  "context": null,
                  "code": "return __awaiter(this, void 0, void 0, function* () {\n    const fetch = (url, options) => __awaiter(this, void 0, void 0, function* () {\n        assert.strictEqual(url, 'https://example.com/test');\n        assert.deepStrictEqual(options, {\n            method: 'GET',\n            headers: {\n                'X-Test-Header': '1337'\n            }\n        });\n        return {\n            ok: false,\n            status: 500,\n            statusText: 'ERROR',\n            json: () => __awaiter(this, void 0, void 0, function* () { return (''); })\n        };\n    });\n    yield assert.rejects(() => __awaiter(this, void 0, void 0, function* () {\n        yield request('https://example.com/test', {\n            'X-Test-Header': '1337'\n        }, undefined, { fetch });\n    }), /HTTP Request failed/);\n});",
                  "err": {},
                  "uuid": "42b7fb93-2440-4898-b3b1-225cd22d0130",
                  "parentUUID": "79728b87-f29c-49c4-bfa8-6e00b0057b25",
                  "isHook": false,
                  "skipped": false
                }
              ],
              "suites": [],
              "passes": [
                "60e5c79f-0e52-4e22-b13c-119bfb5c0c05",
                "42b7fb93-2440-4898-b3b1-225cd22d0130"
              ],
              "failures": [],
              "pending": [],
              "skipped": [],
              "duration": 10015,
              "root": false,
              "rootEmpty": false,
              "_timeout": 30000
            }
          ],
          "passes": [],
          "failures": [],
          "pending": [],
          "skipped": [],
          "duration": 0,
          "root": false,
          "rootEmpty": false,
          "_timeout": 30000
        }
      ],
      "passes": [],
      "failures": [],
      "pending": [],
      "skipped": [],
      "duration": 0,
      "root": true,
      "rootEmpty": true,
      "_timeout": 2000
    }
  ],
  "meta": {
    "mocha": {
      "version": "10.2.0"
    },
    "mochawesome": {
      "options": {
        "quiet": false,
        "reportFilename": "mochawesome",
        "saveHtml": true,
        "saveJson": true,
        "consoleReporter": "spec",
        "useInlineDiffs": false,
        "code": true
      },
      "version": "7.1.3"
    },
    "marge": {
      "options": null,
      "version": "6.2.0"
    }
  }
}