<?xml version="1.0" ?>
<!DOCTYPE coverage SYSTEM "http://cobertura.sourceforge.net/xml/coverage-04.dtd">
<coverage lines-valid="936" lines-covered="914" line-rate="0.9764" branches-valid="208" branches-covered="196" branch-rate="0.9423" timestamp="1680280244444" complexity="0" version="0.1">
  <sources>
    <source>/home/runner/work/vestaboard/vestaboard</source>
  </sources>
  <packages>
    <package name="main" line-rate="0.9764" branch-rate="0.9423">
      <classes>
        <class name="local-api.ts" filename="src/local-api.ts" line-rate="1" branch-rate="0.75">
          <methods>
            <method name="LocalAPI" hits="3" signature="()V">
              <lines>
                <line number="10" hits="3"/>
              </lines>
            </method>
            <method name="request" hits="3" signature="()V">
              <lines>
                <line number="16" hits="3"/>
              </lines>
            </method>
            <method name="getCurrentMessage" hits="2" signature="()V">
              <lines>
                <line number="22" hits="2"/>
              </lines>
            </method>
            <method name="postMessage" hits="1" signature="()V">
              <lines>
                <line number="27" hits="1"/>
              </lines>
            </method>
          </methods>
          <lines>
            <line number="1" hits="1" branch="false"/>
            <line number="2" hits="1" branch="false"/>
            <line number="3" hits="1" branch="false"/>
            <line number="4" hits="1" branch="false"/>
            <line number="5" hits="1" branch="false"/>
            <line number="6" hits="1" branch="false"/>
            <line number="7" hits="1" branch="false"/>
            <line number="8" hits="1" branch="false"/>
            <line number="9" hits="1" branch="false"/>
            <line number="10" hits="1" branch="true" condition-coverage="100% (1/1)"/>
            <line number="11" hits="3" branch="false"/>
            <line number="12" hits="3" branch="false"/>
            <line number="13" hits="3" branch="true" condition-coverage="0% (0/1)"/>
            <line number="14" hits="3" branch="false"/>
            <line number="15" hits="1" branch="false"/>
            <line number="16" hits="1" branch="true" condition-coverage="100% (1/1)"/>
            <line number="17" hits="3" branch="false"/>
            <line number="18" hits="3" branch="false"/>
            <line number="19" hits="3" branch="false"/>
            <line number="20" hits="3" branch="false"/>
            <line number="21" hits="1" branch="false"/>
            <line number="22" hits="1" branch="true" condition-coverage="100% (1/1)"/>
            <line number="23" hits="2" branch="false"/>
            <line number="24" hits="2" branch="true" condition-coverage="100% (2/2)"/>
            <line number="25" hits="2" branch="false"/>
            <line number="26" hits="1" branch="false"/>
            <line number="27" hits="1" branch="true" condition-coverage="100% (1/1)"/>
            <line number="28" hits="1" branch="true" condition-coverage="0% (0/1)"/>
            <line number="29" hits="1" branch="false"/>
            <line number="30" hits="1" branch="false"/>
            <line number="31" hits="1" branch="false"/>
            <line number="32" hits="1" branch="false"/>
            <line number="33" hits="1" branch="false"/>
            <line number="34" hits="1" branch="false"/>
          </lines>
        </class>
        <class name="message.ts" filename="src/message.ts" line-rate="0.9822" branch-rate="0.9693">
          <methods>
            <method name="Message" hits="43" signature="()V">
              <lines>
                <line number="172" hits="43"/>
              </lines>
            </method>
            <method name="string2chars" hits="245" signature="()V">
              <lines>
                <line number="186" hits="245"/>
              </lines>
            </method>
            <method name="char2char" hits="1488" signature="()V">
              <lines>
                <line number="216" hits="1488"/>
              </lines>
            </method>
            <method name="charToString" hits="3168" signature="()V">
              <lines>
                <line number="227" hits="3168"/>
              </lines>
            </method>
            <method name="splitCharsIntoLines" hits="60" signature="()V">
              <lines>
                <line number="239" hits="60"/>
              </lines>
            </method>
            <method name="removeEmojisFromChars" hits="102" signature="()V">
              <lines>
                <line number="320" hits="102"/>
              </lines>
            </method>
            <method name="getColumnSizesFromData" hits="9" signature="()V">
              <lines>
                <line number="361" hits="9"/>
              </lines>
            </method>
            <method name="get isEmpty" hits="2" signature="()V">
              <lines>
                <line number="402" hits="2"/>
              </lines>
            </method>
            <method name="fill" hits="11" signature="()V">
              <lines>
                <line number="412" hits="11"/>
              </lines>
            </method>
            <method name="write" hits="55" signature="()V">
              <lines>
                <line number="436" hits="55"/>
              </lines>
            </method>
            <method name="table" hits="5" signature="()V">
              <lines>
                <line number="536" hits="5"/>
              </lines>
            </method>
            <method name="center" hits="9" signature="()V">
              <lines>
                <line number="575" hits="9"/>
              </lines>
            </method>
            <method name="toString" hits="24" signature="()V">
              <lines>
                <line number="607" hits="24"/>
              </lines>
            </method>
            <method name="toCharArray" hits="22" signature="()V">
              <lines>
                <line number="615" hits="22"/>
              </lines>
            </method>
          </methods>
          <lines>
            <line number="1" hits="1" branch="false"/>
            <line number="2" hits="1" branch="false"/>
            <line number="3" hits="1" branch="false"/>
            <line number="4" hits="1" branch="false"/>
            <line number="5" hits="1" branch="false"/>
            <line number="6" hits="1" branch="false"/>
            <line number="7" hits="1" branch="false"/>
            <line number="8" hits="1" branch="false"/>
            <line number="9" hits="1" branch="false"/>
            <line number="10" hits="1" branch="false"/>
            <line number="11" hits="1" branch="false"/>
            <line number="12" hits="1" branch="false"/>
            <line number="13" hits="1" branch="false"/>
            <line number="14" hits="1" branch="false"/>
            <line number="15" hits="1" branch="false"/>
            <line number="16" hits="1" branch="false"/>
            <line number="17" hits="1" branch="false"/>
            <line number="18" hits="1" branch="false"/>
            <line number="19" hits="1" branch="false"/>
            <line number="20" hits="1" branch="false"/>
            <line number="21" hits="1" branch="false"/>
            <line number="22" hits="1" branch="false"/>
            <line number="23" hits="1" branch="false"/>
            <line number="24" hits="1" branch="false"/>
            <line number="25" hits="1" branch="false"/>
            <line number="26" hits="1" branch="false"/>
            <line number="27" hits="1" branch="false"/>
            <line number="28" hits="1" branch="false"/>
            <line number="29" hits="1" branch="false"/>
            <line number="30" hits="1" branch="false"/>
            <line number="31" hits="1" branch="false"/>
            <line number="32" hits="1" branch="false"/>
            <line number="33" hits="1" branch="false"/>
            <line number="34" hits="1" branch="false"/>
            <line number="35" hits="1" branch="false"/>
            <line number="36" hits="1" branch="false"/>
            <line number="37" hits="1" branch="false"/>
            <line number="38" hits="1" branch="false"/>
            <line number="39" hits="1" branch="false"/>
            <line number="40" hits="1" branch="false"/>
            <line number="41" hits="1" branch="false"/>
            <line number="42" hits="1" branch="false"/>
            <line number="43" hits="1" branch="false"/>
            <line number="44" hits="1" branch="false"/>
            <line number="45" hits="1" branch="false"/>
            <line number="46" hits="1" branch="false"/>
            <line number="47" hits="1" branch="false"/>
            <line number="48" hits="1" branch="false"/>
            <line number="49" hits="1" branch="false"/>
            <line number="50" hits="1" branch="false"/>
            <line number="51" hits="1" branch="false"/>
            <line number="52" hits="1" branch="false"/>
            <line number="53" hits="1" branch="false"/>
            <line number="54" hits="1" branch="false"/>
            <line number="55" hits="1" branch="false"/>
            <line number="56" hits="1" branch="false"/>
            <line number="57" hits="1" branch="false"/>
            <line number="58" hits="1" branch="false"/>
            <line number="59" hits="1" branch="false"/>
            <line number="60" hits="1" branch="false"/>
            <line number="61" hits="1" branch="false"/>
            <line number="62" hits="1" branch="false"/>
            <line number="63" hits="1" branch="false"/>
            <line number="64" hits="1" branch="false"/>
            <line number="65" hits="1" branch="false"/>
            <line number="66" hits="1" branch="false"/>
            <line number="67" hits="1" branch="false"/>
            <line number="68" hits="1" branch="false"/>
            <line number="69" hits="1" branch="false"/>
            <line number="70" hits="1" branch="false"/>
            <line number="71" hits="1" branch="false"/>
            <line number="72" hits="1" branch="false"/>
            <line number="73" hits="1" branch="false"/>
            <line number="74" hits="1" branch="false"/>
            <line number="75" hits="1" branch="false"/>
            <line number="76" hits="1" branch="false"/>
            <line number="77" hits="1" branch="false"/>
            <line number="78" hits="1" branch="false"/>
            <line number="79" hits="1" branch="false"/>
            <line number="80" hits="1" branch="false"/>
            <line number="81" hits="1" branch="false"/>
            <line number="82" hits="1" branch="false"/>
            <line number="83" hits="1" branch="false"/>
            <line number="84" hits="1" branch="false"/>
            <line number="85" hits="1" branch="false"/>
            <line number="86" hits="1" branch="false"/>
            <line number="87" hits="1" branch="false"/>
            <line number="88" hits="1" branch="false"/>
            <line number="89" hits="1" branch="false"/>
            <line number="90" hits="1" branch="false"/>
            <line number="91" hits="1" branch="false"/>
            <line number="92" hits="1" branch="false"/>
            <line number="93" hits="1" branch="false"/>
            <line number="94" hits="1" branch="false"/>
            <line number="95" hits="1" branch="false"/>
            <line number="96" hits="1" branch="false"/>
            <line number="97" hits="1" branch="false"/>
            <line number="98" hits="1" branch="false"/>
            <line number="99" hits="1" branch="false"/>
            <line number="100" hits="1" branch="false"/>
            <line number="101" hits="1" branch="false"/>
            <line number="102" hits="1" branch="false"/>
            <line number="103" hits="1" branch="false"/>
            <line number="104" hits="1" branch="false"/>
            <line number="105" hits="1" branch="false"/>
            <line number="106" hits="1" branch="false"/>
            <line number="107" hits="1" branch="false"/>
            <line number="108" hits="1" branch="false"/>
            <line number="109" hits="1" branch="false"/>
            <line number="110" hits="1" branch="false"/>
            <line number="111" hits="1" branch="false"/>
            <line number="112" hits="1" branch="false"/>
            <line number="113" hits="1" branch="false"/>
            <line number="114" hits="1" branch="false"/>
            <line number="115" hits="1" branch="false"/>
            <line number="116" hits="1" branch="false"/>
            <line number="117" hits="1" branch="false"/>
            <line number="118" hits="1" branch="false"/>
            <line number="119" hits="1" branch="false"/>
            <line number="120" hits="1" branch="false"/>
            <line number="121" hits="1" branch="false"/>
            <line number="122" hits="1" branch="false"/>
            <line number="123" hits="1" branch="false"/>
            <line number="124" hits="1" branch="false"/>
            <line number="125" hits="1" branch="false"/>
            <line number="126" hits="1" branch="false"/>
            <line number="127" hits="1" branch="false"/>
            <line number="128" hits="1" branch="false"/>
            <line number="129" hits="1" branch="false"/>
            <line number="130" hits="1" branch="false"/>
            <line number="131" hits="1" branch="false"/>
            <line number="132" hits="1" branch="false"/>
            <line number="133" hits="1" branch="false"/>
            <line number="134" hits="1" branch="false"/>
            <line number="135" hits="1" branch="false"/>
            <line number="136" hits="1" branch="false"/>
            <line number="137" hits="1" branch="false"/>
            <line number="138" hits="1" branch="false"/>
            <line number="139" hits="1" branch="false"/>
            <line number="140" hits="1" branch="false"/>
            <line number="141" hits="1" branch="false"/>
            <line number="142" hits="1" branch="false"/>
            <line number="143" hits="1" branch="false"/>
            <line number="144" hits="1" branch="false"/>
            <line number="145" hits="1" branch="false"/>
            <line number="146" hits="1" branch="false"/>
            <line number="147" hits="1" branch="false"/>
            <line number="148" hits="1" branch="false"/>
            <line number="149" hits="1" branch="false"/>
            <line number="150" hits="1" branch="false"/>
            <line number="151" hits="1" branch="false"/>
            <line number="152" hits="1" branch="false"/>
            <line number="153" hits="1" branch="false"/>
            <line number="154" hits="1" branch="false"/>
            <line number="155" hits="1" branch="false"/>
            <line number="156" hits="1" branch="false"/>
            <line number="157" hits="1" branch="false"/>
            <line number="158" hits="1" branch="false"/>
            <line number="159" hits="1" branch="false"/>
            <line number="160" hits="1" branch="false"/>
            <line number="161" hits="1" branch="false"/>
            <line number="162" hits="1" branch="false"/>
            <line number="163" hits="1" branch="false"/>
            <line number="164" hits="1" branch="false"/>
            <line number="165" hits="1" branch="false"/>
            <line number="166" hits="1" branch="false"/>
            <line number="167" hits="1" branch="false"/>
            <line number="168" hits="1" branch="false"/>
            <line number="169" hits="1" branch="false"/>
            <line number="170" hits="1" branch="false"/>
            <line number="171" hits="1" branch="false"/>
            <line number="172" hits="1" branch="true" condition-coverage="100% (1/1)"/>
            <line number="173" hits="43" branch="true" condition-coverage="100% (2/2)"/>
            <line number="174" hits="6" branch="false"/>
            <line number="175" hits="6" branch="false"/>
            <line number="176" hits="6" branch="false"/>
            <line number="177" hits="6" branch="false"/>
            <line number="178" hits="37" branch="true" condition-coverage="100% (2/2)"/>
            <line number="179" hits="4" branch="false"/>
            <line number="180" hits="4" branch="false"/>
            <line number="181" hits="33" branch="true" condition-coverage="100% (1/1)"/>
            <line number="182" hits="33" branch="false"/>
            <line number="183" hits="33" branch="false"/>
            <line number="184" hits="43" branch="false"/>
            <line number="185" hits="1" branch="false"/>
            <line number="186" hits="1" branch="true" condition-coverage="100% (1/1)"/>
            <line number="187" hits="245" branch="false"/>
            <line number="188" hits="245" branch="false"/>
            <line number="189" hits="245" branch="true" condition-coverage="100% (1/1)"/>
            <line number="190" hits="1488" branch="false"/>
            <line number="191" hits="1488" branch="false"/>
            <line number="192" hits="245" branch="false"/>
            <line number="193" hits="245" branch="false"/>
            <line number="194" hits="245" branch="true" condition-coverage="100% (1/1)"/>
            <line number="195" hits="97" branch="false"/>
            <line number="196" hits="97" branch="false"/>
            <line number="197" hits="245" branch="false"/>
            <line number="198" hits="245" branch="false"/>
            <line number="199" hits="245" branch="true" condition-coverage="100% (1/1)"/>
            <line number="200" hits="1502" branch="true" condition-coverage="100% (1/1)"/>
            <line number="201" hits="1490" branch="false"/>
            <line number="202" hits="1502" branch="true" condition-coverage="100% (2/2)"/>
            <line number="203" hits="5" branch="false"/>
            <line number="204" hits="12" branch="true" condition-coverage="100% (2/2)"/>
            <line number="205" hits="2" branch="false"/>
            <line number="206" hits="7" branch="true" condition-coverage="100% (2/2)"/>
            <line number="207" hits="3" branch="false"/>
            <line number="208" hits="5" branch="true" condition-coverage="100% (1/1)"/>
            <line number="209" hits="2" branch="false"/>
            <line number="210" hits="2" branch="false"/>
            <line number="211" hits="245" branch="true" condition-coverage="100% (1/1)"/>
            <line number="212" hits="245" branch="false"/>
            <line number="213" hits="245" branch="false"/>
            <line number="214" hits="245" branch="false"/>
            <line number="215" hits="1" branch="false"/>
            <line number="216" hits="1" branch="true" condition-coverage="100% (1/1)"/>
            <line number="217" hits="1488" branch="false"/>
            <line number="218" hits="1488" branch="true" condition-coverage="100% (1/1)"/>
            <line number="219" hits="1488" branch="false"/>
            <line number="220" hits="1488" branch="true" condition-coverage="100% (2/2)"/>
            <line number="221" hits="1474" branch="false"/>
            <line number="222" hits="1474" branch="false"/>
            <line number="223" hits="14" branch="true" condition-coverage="100% (1/1)"/>
            <line number="224" hits="14" branch="false"/>
            <line number="225" hits="14" branch="false"/>
            <line number="226" hits="1" branch="false"/>
            <line number="227" hits="1" branch="true" condition-coverage="100% (1/1)"/>
            <line number="228" hits="3168" branch="false"/>
            <line number="229" hits="3168" branch="true" condition-coverage="100% (1/1)"/>
            <line number="230" hits="3168" branch="true" condition-coverage="100% (1/1)"/>
            <line number="231" hits="3168" branch="false"/>
            <line number="232" hits="3168" branch="false"/>
            <line number="233" hits="3168" branch="true" condition-coverage="100% (2/2)"/>
            <line number="234" hits="3168" branch="false"/>
            <line number="235" hits="0" branch="true" condition-coverage="0% (0/1)"/>
            <line number="236" hits="0" branch="false"/>
            <line number="237" hits="0" branch="false"/>
            <line number="238" hits="1" branch="false"/>
            <line number="239" hits="1" branch="true" condition-coverage="100% (1/1)"/>
            <line number="240" hits="60" branch="false"/>
            <line number="241" hits="60" branch="false"/>
            <line number="242" hits="60" branch="true" condition-coverage="100% (1/1)"/>
            <line number="243" hits="899" branch="true" condition-coverage="100% (1/1)"/>
            <line number="244" hits="57" branch="false"/>
            <line number="245" hits="57" branch="false"/>
            <line number="246" hits="899" branch="false"/>
            <line number="247" hits="899" branch="false"/>
            <line number="248" hits="899" branch="true" condition-coverage="100% (1/1)"/>
            <line number="249" hits="75" branch="false"/>
            <line number="250" hits="899" branch="true" condition-coverage="100% (2/2)"/>
            <line number="251" hits="6" branch="false"/>
            <line number="252" hits="6" branch="false"/>
            <line number="253" hits="824" branch="true" condition-coverage="100% (1/1)"/>
            <line number="254" hits="818" branch="false"/>
            <line number="255" hits="818" branch="false"/>
            <line number="256" hits="899" branch="false"/>
            <line number="257" hits="60" branch="false"/>
            <line number="258" hits="60" branch="false"/>
            <line number="259" hits="60" branch="true" condition-coverage="100% (1/1)"/>
            <line number="260" hits="138" branch="true" condition-coverage="100% (1/1)"/>
            <line number="261" hits="57" branch="false"/>
            <line number="262" hits="57" branch="false"/>
            <line number="263" hits="138" branch="false"/>
            <line number="264" hits="138" branch="false"/>
            <line number="265" hits="138" branch="true" condition-coverage="100% (2/2)"/>
            <line number="266" hits="138" branch="false"/>
            <line number="267" hits="138" branch="false"/>
            <line number="268" hits="138" branch="true" condition-coverage="100% (2/2)"/>
            <line number="269" hits="52" branch="false"/>
            <line number="270" hits="52" branch="false"/>
            <line number="271" hits="86" branch="true" condition-coverage="100% (1/1)"/>
            <line number="272" hits="86" branch="false"/>
            <line number="273" hits="86" branch="true" condition-coverage="100% (2/2)"/>
            <line number="274" hits="55" branch="false"/>
            <line number="275" hits="86" branch="true" condition-coverage="100% (2/2)"/>
            <line number="276" hits="6" branch="false"/>
            <line number="277" hits="6" branch="false"/>
            <line number="278" hits="25" branch="true" condition-coverage="100% (1/1)"/>
            <line number="279" hits="25" branch="false"/>
            <line number="280" hits="25" branch="true" condition-coverage="100% (1/1)"/>
            <line number="281" hits="23" branch="false"/>
            <line number="282" hits="23" branch="false"/>
            <line number="283" hits="23" branch="false"/>
            <line number="284" hits="23" branch="false"/>
            <line number="285" hits="2" branch="true" condition-coverage="100% (1/1)"/>
            <line number="286" hits="2" branch="false"/>
            <line number="287" hits="2" branch="false"/>
            <line number="288" hits="2" branch="false"/>
            <line number="289" hits="2" branch="true" condition-coverage="100% (1/1)"/>
            <line number="290" hits="1" branch="false"/>
            <line number="291" hits="1" branch="false"/>
            <line number="292" hits="1" branch="false"/>
            <line number="293" hits="1" branch="false"/>
            <line number="294" hits="1" branch="false"/>
            <line number="295" hits="1" branch="true" condition-coverage="0% (0/1)"/>
            <line number="296" hits="0" branch="false"/>
            <line number="297" hits="0" branch="false"/>
            <line number="298" hits="0" branch="false"/>
            <line number="299" hits="0" branch="false"/>
            <line number="300" hits="0" branch="false"/>
            <line number="301" hits="2" branch="false"/>
            <line number="302" hits="2" branch="true" condition-coverage="100% (1/1)"/>
            <line number="303" hits="77" branch="false"/>
            <line number="304" hits="77" branch="false"/>
            <line number="305" hits="77" branch="false"/>
            <line number="306" hits="77" branch="true" condition-coverage="100% (1/1)"/>
            <line number="307" hits="4" branch="false"/>
            <line number="308" hits="4" branch="false"/>
            <line number="309" hits="4" branch="false"/>
            <line number="310" hits="4" branch="false"/>
            <line number="311" hits="4" branch="false"/>
            <line number="312" hits="4" branch="false"/>
            <line number="313" hits="77" branch="false"/>
            <line number="314" hits="2" branch="false"/>
            <line number="315" hits="138" branch="false"/>
            <line number="316" hits="60" branch="false"/>
            <line number="317" hits="60" branch="false"/>
            <line number="318" hits="60" branch="false"/>
            <line number="319" hits="1" branch="false"/>
            <line number="320" hits="1" branch="true" condition-coverage="100% (1/1)"/>
            <line number="321" hits="102" branch="false"/>
            <line number="322" hits="102" branch="true" condition-coverage="100% (1/1)"/>
            <line number="323" hits="1198" branch="true" condition-coverage="100% (1/1)"/>
            <line number="324" hits="99" branch="false"/>
            <line number="325" hits="99" branch="false"/>
            <line number="326" hits="1198" branch="false"/>
            <line number="327" hits="1198" branch="true" condition-coverage="100% (1/1)"/>
            <line number="328" hits="88" branch="false"/>
            <line number="329" hits="1198" branch="true" condition-coverage="100% (1/1)"/>
            <line number="330" hits="1110" branch="false"/>
            <line number="331" hits="1110" branch="false"/>
            <line number="332" hits="1198" branch="false"/>
            <line number="333" hits="102" branch="false"/>
            <line number="334" hits="102" branch="true" condition-coverage="100% (1/1)"/>
            <line number="335" hits="187" branch="true" condition-coverage="100% (1/1)"/>
            <line number="336" hits="5" branch="true" condition-coverage="100% (1/1)"/>
            <line number="337" hits="6" branch="false"/>
            <line number="338" hits="6" branch="false"/>
            <line number="339" hits="5" branch="false"/>
            <line number="340" hits="187" branch="true" condition-coverage="100% (2/2)"/>
            <line number="341" hits="1" branch="true" condition-coverage="100% (1/1)"/>
            <line number="342" hits="1" branch="false"/>
            <line number="343" hits="1" branch="false"/>
            <line number="344" hits="1" branch="false"/>
            <line number="345" hits="102" branch="false"/>
            <line number="346" hits="102" branch="false"/>
            <line number="347" hits="102" branch="false"/>
            <line number="348" hits="102" branch="false"/>
            <line number="349" hits="102" branch="true" condition-coverage="100% (1/1)"/>
            <line number="350" hits="102" branch="true" condition-coverage="100% (1/1)"/>
            <line number="351" hits="183" branch="true" condition-coverage="100% (1/1)"/>
            <line number="352" hits="84" branch="false"/>
            <line number="353" hits="84" branch="false"/>
            <line number="354" hits="183" branch="false"/>
            <line number="355" hits="183" branch="false"/>
            <line number="356" hits="102" branch="false"/>
            <line number="357" hits="102" branch="false"/>
            <line number="358" hits="102" branch="false"/>
            <line number="359" hits="102" branch="false"/>
            <line number="360" hits="1" branch="false"/>
            <line number="361" hits="1" branch="true" condition-coverage="100% (1/1)"/>
            <line number="362" hits="9" branch="true" condition-coverage="100% (1/1)"/>
            <line number="363" hits="1" branch="false"/>
            <line number="364" hits="1" branch="false"/>
            <line number="365" hits="8" branch="true" condition-coverage="100% (1/1)"/>
            <line number="366" hits="8" branch="false"/>
            <line number="367" hits="8" branch="false"/>
            <line number="368" hits="8" branch="true" condition-coverage="100% (1/1)"/>
            <line number="369" hits="17" branch="true" condition-coverage="100% (1/1)"/>
            <line number="370" hits="2" branch="false"/>
            <line number="371" hits="2" branch="false"/>
            <line number="372" hits="15" branch="true" condition-coverage="100% (2/2)"/>
            <line number="373" hits="28" branch="true" condition-coverage="100% (1/1)"/>
            <line number="374" hits="15" branch="false"/>
            <line number="375" hits="8" branch="false"/>
            <line number="376" hits="8" branch="false"/>
            <line number="377" hits="8" branch="true" condition-coverage="100% (1/1)"/>
            <line number="378" hits="8" branch="false"/>
            <line number="379" hits="8" branch="false"/>
            <line number="380" hits="8" branch="true" condition-coverage="100% (1/1)"/>
            <line number="381" hits="8" branch="false"/>
            <line number="382" hits="9" branch="true" condition-coverage="100% (1/1)"/>
            <line number="383" hits="14" branch="true" condition-coverage="100% (1/1)"/>
            <line number="384" hits="14" branch="true" condition-coverage="100% (1/1)"/>
            <line number="385" hits="6" branch="false"/>
            <line number="386" hits="6" branch="false"/>
            <line number="387" hits="8" branch="true" condition-coverage="100% (1/1)"/>
            <line number="388" hits="14" branch="true" condition-coverage="0% (0/1)"/>
            <line number="389" hits="14" branch="true" condition-coverage="50% (1/2)"/>
            <line number="390" hits="14" branch="true" condition-coverage="0% (0/1)"/>
            <line number="391" hits="0" branch="false"/>
            <line number="392" hits="0" branch="false"/>
            <line number="393" hits="0" branch="false"/>
            <line number="394" hits="8" branch="true" condition-coverage="100% (1/1)"/>
            <line number="395" hits="8" branch="false"/>
            <line number="396" hits="8" branch="false"/>
            <line number="397" hits="6" branch="true" condition-coverage="100% (1/1)"/>
            <line number="398" hits="6" branch="false"/>
            <line number="399" hits="6" branch="false"/>
            <line number="400" hits="6" branch="false"/>
            <line number="401" hits="1" branch="false"/>
            <line number="402" hits="1" branch="true" condition-coverage="100% (1/1)"/>
            <line number="403" hits="2" branch="true" condition-coverage="100% (1/1)"/>
            <line number="404" hits="7" branch="true" condition-coverage="100% (1/1)"/>
            <line number="405" hits="2" branch="false"/>
            <line number="406" hits="2" branch="false"/>
            <line number="407" hits="1" branch="false"/>
            <line number="408" hits="1" branch="false"/>
            <line number="409" hits="1" branch="false"/>
            <line number="410" hits="1" branch="false"/>
            <line number="411" hits="1" branch="false"/>
            <line number="412" hits="1" branch="true" condition-coverage="100% (1/1)"/>
            <line number="413" hits="11" branch="false"/>
            <line number="414" hits="11" branch="false"/>
            <line number="415" hits="11" branch="true" condition-coverage="100% (1/1)"/>
            <line number="416" hits="66" branch="true" condition-coverage="100% (1/1)"/>
            <line number="417" hits="1452" branch="false"/>
            <line number="418" hits="1452" branch="false"/>
            <line number="419" hits="1452" branch="false"/>
            <line number="420" hits="1452" branch="true" condition-coverage="100% (1/1)"/>
            <line number="421" hits="568" branch="false"/>
            <line number="422" hits="568" branch="false"/>
            <line number="423" hits="66" branch="false"/>
            <line number="424" hits="11" branch="false"/>
            <line number="425" hits="11" branch="false"/>
            <line number="426" hits="11" branch="false"/>
            <line number="427" hits="1" branch="false"/>
            <line number="428" hits="1" branch="false"/>
            <line number="429" hits="1" branch="false"/>
            <line number="430" hits="1" branch="false"/>
            <line number="431" hits="1" branch="false"/>
            <line number="432" hits="1" branch="false"/>
            <line number="433" hits="1" branch="false"/>
            <line number="434" hits="1" branch="false"/>
            <line number="435" hits="1" branch="false"/>
            <line number="436" hits="1" branch="true" condition-coverage="100% (1/1)"/>
            <line number="437" hits="55" branch="false"/>
            <line number="438" hits="55" branch="false"/>
            <line number="439" hits="55" branch="true" condition-coverage="100% (1/1)"/>
            <line number="440" hits="2" branch="false"/>
            <line number="441" hits="2" branch="false"/>
            <line number="442" hits="53" branch="true" condition-coverage="100% (1/1)"/>
            <line number="443" hits="53" branch="false"/>
            <line number="444" hits="55" branch="true" condition-coverage="100% (3/3)"/>
            <line number="445" hits="4" branch="false"/>
            <line number="446" hits="4" branch="false"/>
            <line number="447" hits="4" branch="false"/>
            <line number="448" hits="49" branch="true" condition-coverage="100% (1/1)"/>
            <line number="449" hits="49" branch="false"/>
            <line number="450" hits="49" branch="true" condition-coverage="100% (1/1)"/>
            <line number="451" hits="16" branch="false"/>
            <line number="452" hits="16" branch="true" condition-coverage="100% (1/1)"/>
            <line number="453" hits="16" branch="false"/>
            <line number="454" hits="53" branch="true" condition-coverage="100% (1/1)"/>
            <line number="455" hits="53" branch="false"/>
            <line number="456" hits="53" branch="false"/>
            <line number="457" hits="53" branch="false"/>
            <line number="458" hits="55" branch="true" condition-coverage="100% (2/2)"/>
            <line number="459" hits="55" branch="true" condition-coverage="100% (1/1)"/>
            <line number="460" hits="55" branch="true" condition-coverage="100% (1/1)"/>
            <line number="461" hits="5" branch="false"/>
            <line number="462" hits="5" branch="false"/>
            <line number="463" hits="5" branch="false"/>
            <line number="464" hits="53" branch="true" condition-coverage="100% (1/1)"/>
            <line number="465" hits="53" branch="false"/>
            <line number="466" hits="53" branch="false"/>
            <line number="467" hits="55" branch="true" condition-coverage="100% (1/1)"/>
            <line number="468" hits="3" branch="false"/>
            <line number="469" hits="55" branch="true" condition-coverage="100% (4/4)"/>
            <line number="470" hits="14" branch="false"/>
            <line number="471" hits="14" branch="false"/>
            <line number="472" hits="53" branch="true" condition-coverage="100% (1/1)"/>
            <line number="473" hits="53" branch="false"/>
            <line number="474" hits="53" branch="false"/>
            <line number="475" hits="55" branch="false"/>
            <line number="476" hits="55" branch="false"/>
            <line number="477" hits="55" branch="false"/>
            <line number="478" hits="55" branch="false"/>
            <line number="479" hits="55" branch="false"/>
            <line number="480" hits="55" branch="false"/>
            <line number="481" hits="55" branch="false"/>
            <line number="482" hits="55" branch="true" condition-coverage="100% (1/1)"/>
            <line number="483" hits="2" branch="false"/>
            <line number="484" hits="2" branch="false"/>
            <line number="485" hits="2" branch="false"/>
            <line number="486" hits="55" branch="false"/>
            <line number="487" hits="55" branch="true" condition-coverage="100% (2/2)"/>
            <line number="488" hits="14" branch="false"/>
            <line number="489" hits="14" branch="false"/>
            <line number="490" hits="14" branch="false"/>
            <line number="491" hits="55" branch="false"/>
            <line number="492" hits="55" branch="false"/>
            <line number="493" hits="55" branch="true" condition-coverage="100% (1/1)"/>
            <line number="494" hits="70" branch="false"/>
            <line number="495" hits="70" branch="false"/>
            <line number="496" hits="70" branch="true" condition-coverage="100% (1/1)"/>
            <line number="497" hits="2" branch="false"/>
            <line number="498" hits="2" branch="false"/>
            <line number="499" hits="68" branch="true" condition-coverage="100% (1/1)"/>
            <line number="500" hits="68" branch="false"/>
            <line number="501" hits="68" branch="false"/>
            <line number="502" hits="68" branch="false"/>
            <line number="503" hits="68" branch="false"/>
            <line number="504" hits="68" branch="false"/>
            <line number="505" hits="68" branch="false"/>
            <line number="506" hits="70" branch="true" condition-coverage="100% (1/1)"/>
            <line number="507" hits="18" branch="false"/>
            <line number="508" hits="18" branch="false"/>
            <line number="509" hits="18" branch="false"/>
            <line number="510" hits="70" branch="false"/>
            <line number="511" hits="55" branch="false"/>
            <line number="512" hits="55" branch="false"/>
            <line number="513" hits="55" branch="false"/>
            <line number="514" hits="53" branch="true" condition-coverage="100% (1/1)"/>
            <line number="515" hits="53" branch="false"/>
            <line number="516" hits="53" branch="false"/>
            <line number="517" hits="1" branch="false"/>
            <line number="518" hits="1" branch="false"/>
            <line number="519" hits="1" branch="false"/>
            <line number="520" hits="1" branch="false"/>
            <line number="521" hits="1" branch="false"/>
            <line number="522" hits="1" branch="false"/>
            <line number="523" hits="1" branch="false"/>
            <line number="524" hits="1" branch="false"/>
            <line number="525" hits="1" branch="false"/>
            <line number="526" hits="1" branch="false"/>
            <line number="527" hits="1" branch="false"/>
            <line number="528" hits="1" branch="false"/>
            <line number="529" hits="1" branch="false"/>
            <line number="530" hits="1" branch="false"/>
            <line number="531" hits="1" branch="false"/>
            <line number="532" hits="1" branch="false"/>
            <line number="533" hits="1" branch="false"/>
            <line number="534" hits="1" branch="false"/>
            <line number="535" hits="1" branch="false"/>
            <line number="536" hits="1" branch="true" condition-coverage="100% (1/1)"/>
            <line number="537" hits="5" branch="false"/>
            <line number="538" hits="5" branch="true" condition-coverage="100% (2/2)"/>
            <line number="539" hits="1" branch="false"/>
            <line number="540" hits="1" branch="false"/>
            <line number="541" hits="1" branch="false"/>
            <line number="542" hits="3" branch="true" condition-coverage="100% (1/1)"/>
            <line number="543" hits="3" branch="true" condition-coverage="100% (1/1)"/>
            <line number="544" hits="7" branch="false"/>
            <line number="545" hits="7" branch="false"/>
            <line number="546" hits="7" branch="false"/>
            <line number="547" hits="7" branch="true" condition-coverage="100% (1/1)"/>
            <line number="548" hits="14" branch="false"/>
            <line number="549" hits="14" branch="false"/>
            <line number="550" hits="14" branch="true" condition-coverage="100% (1/1)"/>
            <line number="551" hits="14" branch="true" condition-coverage="100% (1/1)"/>
            <line number="552" hits="14" branch="false"/>
            <line number="553" hits="14" branch="false"/>
            <line number="554" hits="14" branch="false"/>
            <line number="555" hits="14" branch="false"/>
            <line number="556" hits="14" branch="false"/>
            <line number="557" hits="14" branch="false"/>
            <line number="558" hits="14" branch="false"/>
            <line number="559" hits="14" branch="false"/>
            <line number="560" hits="14" branch="false"/>
            <line number="561" hits="14" branch="false"/>
            <line number="562" hits="14" branch="false"/>
            <line number="563" hits="7" branch="false"/>
            <line number="564" hits="7" branch="false"/>
            <line number="565" hits="7" branch="false"/>
            <line number="566" hits="7" branch="false"/>
            <line number="567" hits="3" branch="false"/>
            <line number="568" hits="3" branch="false"/>
            <line number="569" hits="3" branch="false"/>
            <line number="570" hits="3" branch="false"/>
            <line number="571" hits="1" branch="false"/>
            <line number="572" hits="1" branch="false"/>
            <line number="573" hits="1" branch="false"/>
            <line number="574" hits="1" branch="false"/>
            <line number="575" hits="1" branch="true" condition-coverage="100% (1/1)"/>
            <line number="576" hits="9" branch="false"/>
            <line number="577" hits="9" branch="true" condition-coverage="100% (2/2)"/>
            <line number="578" hits="9" branch="true" condition-coverage="100% (5/5)"/>
            <line number="579" hits="9" branch="true" condition-coverage="100% (2/2)"/>
            <line number="580" hits="9" branch="true" condition-coverage="100% (5/5)"/>
            <line number="581" hits="9" branch="false"/>
            <line number="582" hits="9" branch="false"/>
            <line number="583" hits="9" branch="false"/>
            <line number="584" hits="9" branch="false"/>
            <line number="585" hits="9" branch="false"/>
            <line number="586" hits="9" branch="false"/>
            <line number="587" hits="9" branch="false"/>
            <line number="588" hits="9" branch="false"/>
            <line number="589" hits="9" branch="true" condition-coverage="100% (1/1)"/>
            <line number="590" hits="8" branch="false"/>
            <line number="591" hits="8" branch="true" condition-coverage="100% (2/2)"/>
            <line number="592" hits="8" branch="true" condition-coverage="100% (2/2)"/>
            <line number="593" hits="8" branch="false"/>
            <line number="594" hits="8" branch="false"/>
            <line number="595" hits="9" branch="false"/>
            <line number="596" hits="9" branch="false"/>
            <line number="597" hits="9" branch="true" condition-coverage="100% (1/1)"/>
            <line number="598" hits="8" branch="false"/>
            <line number="599" hits="8" branch="true" condition-coverage="100% (1/1)"/>
            <line number="600" hits="48" branch="true" condition-coverage="100% (2/2)"/>
            <line number="601" hits="48" branch="true" condition-coverage="100% (2/2)"/>
            <line number="602" hits="48" branch="false"/>
            <line number="603" hits="8" branch="false"/>
            <line number="604" hits="8" branch="false"/>
            <line number="605" hits="9" branch="false"/>
            <line number="606" hits="1" branch="false"/>
            <line number="607" hits="1" branch="true" condition-coverage="100% (1/1)"/>
            <line number="608" hits="24" branch="false"/>
            <line number="609" hits="24" branch="true" condition-coverage="100% (2/2)"/>
            <line number="610" hits="3168" branch="false"/>
            <line number="611" hits="24" branch="false"/>
            <line number="612" hits="24" branch="false"/>
            <line number="613" hits="24" branch="false"/>
            <line number="614" hits="1" branch="false"/>
            <line number="615" hits="1" branch="true" condition-coverage="100% (1/1)"/>
            <line number="616" hits="22" branch="false"/>
            <line number="617" hits="22" branch="false"/>
            <line number="618" hits="1" branch="false"/>
          </lines>
        </class>
        <class name="multiple-boards.ts" filename="src/multiple-boards.ts" line-rate="0.6" branch-rate="1">
          <methods>
            <method name="MultipleBoards" hits="0" signature="()V">
              <lines>
                <line number="7" hits="0"/>
              </lines>
            </method>
            <method name="push" hits="0" signature="()V">
              <lines>
                <line number="11" hits="0"/>
              </lines>
            </method>
            <method name="postMessage" hits="0" signature="()V">
              <lines>
                <line number="15" hits="0"/>
              </lines>
            </method>
          </methods>
          <lines>
            <line number="1" hits="1" branch="false"/>
            <line number="2" hits="1" branch="false"/>
            <line number="3" hits="1" branch="false"/>
            <line number="4" hits="1" branch="false"/>
            <line number="5" hits="1" branch="false"/>
            <line number="6" hits="1" branch="false"/>
            <line number="7" hits="1" branch="false"/>
            <line number="8" hits="0" branch="false"/>
            <line number="9" hits="0" branch="false"/>
            <line number="10" hits="1" branch="false"/>
            <line number="11" hits="1" branch="false"/>
            <line number="12" hits="0" branch="false"/>
            <line number="13" hits="0" branch="false"/>
            <line number="14" hits="1" branch="false"/>
            <line number="15" hits="1" branch="false"/>
            <line number="16" hits="0" branch="false"/>
            <line number="17" hits="0" branch="false"/>
            <line number="18" hits="0" branch="false"/>
            <line number="19" hits="0" branch="false"/>
            <line number="20" hits="1" branch="false"/>
          </lines>
        </class>
        <class name="read-write-api.ts" filename="src/read-write-api.ts" line-rate="1" branch-rate="0.6666">
          <methods>
            <method name="ReadWriteAPI" hits="2" signature="()V">
              <lines>
                <line number="9" hits="2"/>
              </lines>
            </method>
            <method name="request" hits="2" signature="()V">
              <lines>
                <line number="14" hits="2"/>
              </lines>
            </method>
            <method name="getCurrentMessage" hits="1" signature="()V">
              <lines>
                <line number="20" hits="1"/>
              </lines>
            </method>
            <method name="postMessage" hits="1" signature="()V">
              <lines>
                <line number="25" hits="1"/>
              </lines>
            </method>
          </methods>
          <lines>
            <line number="1" hits="1" branch="false"/>
            <line number="2" hits="1" branch="false"/>
            <line number="3" hits="1" branch="false"/>
            <line number="4" hits="1" branch="false"/>
            <line number="5" hits="1" branch="false"/>
            <line number="6" hits="1" branch="false"/>
            <line number="7" hits="1" branch="false"/>
            <line number="8" hits="1" branch="false"/>
            <line number="9" hits="1" branch="true" condition-coverage="100% (1/1)"/>
            <line number="10" hits="2" branch="false"/>
            <line number="11" hits="2" branch="true" condition-coverage="0% (0/1)"/>
            <line number="12" hits="2" branch="false"/>
            <line number="13" hits="1" branch="false"/>
            <line number="14" hits="1" branch="true" condition-coverage="100% (1/1)"/>
            <line number="15" hits="2" branch="false"/>
            <line number="16" hits="2" branch="false"/>
            <line number="17" hits="2" branch="false"/>
            <line number="18" hits="2" branch="false"/>
            <line number="19" hits="1" branch="false"/>
            <line number="20" hits="1" branch="true" condition-coverage="100% (1/1)"/>
            <line number="21" hits="1" branch="false"/>
            <line number="22" hits="1" branch="false"/>
            <line number="23" hits="1" branch="false"/>
            <line number="24" hits="1" branch="false"/>
            <line number="25" hits="1" branch="true" condition-coverage="100% (1/1)"/>
            <line number="26" hits="1" branch="true" condition-coverage="0% (0/1)"/>
            <line number="27" hits="1" branch="false"/>
            <line number="28" hits="1" branch="false"/>
            <line number="29" hits="1" branch="false"/>
            <line number="30" hits="1" branch="false"/>
            <line number="31" hits="1" branch="false"/>
          </lines>
        </class>
        <class name="subscription-api.ts" filename="src/subscription-api.ts" line-rate="0.9531000000000001" branch-rate="0.8332999999999999">
          <methods>
            <method name="SubscriptionAPI" hits="4" signature="()V">
              <lines>
                <line number="11" hits="4"/>
              </lines>
            </method>
            <method name="request" hits="5" signature="()V">
              <lines>
                <line number="17" hits="5"/>
              </lines>
            </method>
            <method name="getViewer" hits="1" signature="()V">
              <lines>
                <line number="24" hits="1"/>
              </lines>
            </method>
            <method name="getSubscriptions" hits="1" signature="()V">
              <lines>
                <line number="28" hits="1"/>
              </lines>
            </method>
            <method name="postMessage" hits="2" signature="()V">
              <lines>
                <line number="35" hits="2"/>
              </lines>
            </method>
          </methods>
          <lines>
            <line number="1" hits="1" branch="false"/>
            <line number="2" hits="1" branch="false"/>
            <line number="3" hits="1" branch="false"/>
            <line number="4" hits="1" branch="false"/>
            <line number="5" hits="1" branch="false"/>
            <line number="6" hits="1" branch="false"/>
            <line number="7" hits="1" branch="false"/>
            <line number="8" hits="1" branch="false"/>
            <line number="9" hits="1" branch="false"/>
            <line number="10" hits="1" branch="false"/>
            <line number="11" hits="1" branch="true" condition-coverage="100% (1/1)"/>
            <line number="12" hits="4" branch="false"/>
            <line number="13" hits="4" branch="false"/>
            <line number="14" hits="4" branch="true" condition-coverage="0% (0/1)"/>
            <line number="15" hits="4" branch="false"/>
            <line number="16" hits="1" branch="false"/>
            <line number="17" hits="1" branch="true" condition-coverage="100% (1/1)"/>
            <line number="18" hits="5" branch="false"/>
            <line number="19" hits="5" branch="false"/>
            <line number="20" hits="5" branch="false"/>
            <line number="21" hits="5" branch="false"/>
            <line number="22" hits="5" branch="false"/>
            <line number="23" hits="1" branch="false"/>
            <line number="24" hits="1" branch="true" condition-coverage="100% (1/1)"/>
            <line number="25" hits="1" branch="false"/>
            <line number="26" hits="1" branch="false"/>
            <line number="27" hits="1" branch="false"/>
            <line number="28" hits="1" branch="true" condition-coverage="100% (1/1)"/>
            <line number="29" hits="1" branch="false"/>
            <line number="30" hits="1" branch="false"/>
            <line number="31" hits="1" branch="false"/>
            <line number="32" hits="1" branch="false"/>
            <line number="33" hits="1" branch="false"/>
            <line number="34" hits="1" branch="false"/>
            <line number="35" hits="1" branch="true" condition-coverage="100% (1/1)"/>
            <line number="36" hits="2" branch="false"/>
            <line number="37" hits="2" branch="false"/>
            <line number="38" hits="2" branch="true" condition-coverage="100% (2/2)"/>
            <line number="39" hits="2" branch="false"/>
            <line number="40" hits="2" branch="true" condition-coverage="100% (1/1)"/>
            <line number="41" hits="1" branch="false"/>
            <line number="42" hits="1" branch="false"/>
            <line number="43" hits="1" branch="false"/>
            <line number="44" hits="1" branch="false"/>
            <line number="45" hits="1" branch="true" condition-coverage="0% (0/1)"/>
            <line number="46" hits="0" branch="false"/>
            <line number="47" hits="0" branch="false"/>
            <line number="48" hits="0" branch="false"/>
            <line number="49" hits="2" branch="false"/>
            <line number="50" hits="2" branch="false"/>
            <line number="51" hits="2" branch="true" condition-coverage="100% (1/1)"/>
            <line number="52" hits="3" branch="false"/>
            <line number="53" hits="3" branch="false"/>
            <line number="54" hits="3" branch="false"/>
            <line number="55" hits="3" branch="false"/>
            <line number="56" hits="3" branch="false"/>
            <line number="57" hits="3" branch="false"/>
            <line number="58" hits="2" branch="true" condition-coverage="100% (1/1)"/>
            <line number="59" hits="1" branch="false"/>
            <line number="60" hits="1" branch="false"/>
            <line number="61" hits="1" branch="false"/>
            <line number="62" hits="1" branch="false"/>
            <line number="63" hits="1" branch="false"/>
            <line number="64" hits="1" branch="false"/>
          </lines>
        </class>
        <class name="tools.ts" filename="src/tools.ts" line-rate="1" branch-rate="0.9444">
          <methods>
            <method name="request" hits="12" signature="()V">
              <lines>
                <line number="3" hits="12"/>
              </lines>
            </method>
          </methods>
          <lines>
            <line number="1" hits="1" branch="false"/>
            <line number="2" hits="1" branch="false"/>
            <line number="3" hits="1" branch="true" condition-coverage="100% (1/1)"/>
            <line number="4" hits="12" branch="false"/>
            <line number="5" hits="12" branch="false"/>
            <line number="6" hits="12" branch="false"/>
            <line number="7" hits="12" branch="false"/>
            <line number="8" hits="12" branch="false"/>
            <line number="9" hits="12" branch="true" condition-coverage="100% (2/2)"/>
            <line number="10" hits="12" branch="true" condition-coverage="100% (1/1)"/>
            <line number="11" hits="5" branch="false"/>
            <line number="12" hits="5" branch="false"/>
            <line number="13" hits="5" branch="false"/>
            <line number="14" hits="5" branch="false"/>
            <line number="15" hits="12" branch="false"/>
            <line number="16" hits="12" branch="false"/>
            <line number="17" hits="12" branch="false"/>
            <line number="18" hits="12" branch="false"/>
            <line number="19" hits="12" branch="false"/>
            <line number="20" hits="12" branch="true" condition-coverage="100% (2/2)"/>
            <line number="21" hits="2" branch="false"/>
            <line number="22" hits="2" branch="false"/>
            <line number="23" hits="10" branch="true" condition-coverage="100% (2/2)"/>
            <line number="24" hits="3" branch="false"/>
            <line number="25" hits="3" branch="false"/>
            <line number="26" hits="12" branch="false"/>
            <line number="27" hits="12" branch="false"/>
            <line number="28" hits="12" branch="true" condition-coverage="100% (1/1)"/>
            <line number="29" hits="21" branch="true" condition-coverage="0% (0/1)"/>
            <line number="30" hits="21" branch="true" condition-coverage="100% (1/1)"/>
            <line number="31" hits="11" branch="false"/>
            <line number="32" hits="11" branch="false"/>
            <line number="33" hits="10" branch="true" condition-coverage="100% (1/1)"/>
            <line number="34" hits="10" branch="true" condition-coverage="100% (1/1)"/>
            <line number="35" hits="10" branch="false"/>
            <line number="36" hits="21" branch="false"/>
            <line number="37" hits="1" branch="false"/>
            <line number="38" hits="1" branch="true" condition-coverage="100% (2/2)"/>
            <line number="39" hits="1" branch="false"/>
            <line number="40" hits="1" branch="false"/>
            <line number="41" hits="11" branch="true" condition-coverage="100% (1/1)"/>
            <line number="42" hits="12" branch="true" condition-coverage="100% (1/1)"/>
            <line number="43" hits="1" branch="false"/>
            <line number="44" hits="1" branch="false"/>
            <line number="45" hits="10" branch="true" condition-coverage="100% (1/1)"/>
            <line number="46" hits="10" branch="false"/>
            <line number="47" hits="10" branch="false"/>
            <line number="48" hits="10" branch="false"/>
          </lines>
        </class>
        <class name="types.ts" filename="src/types.ts" line-rate="1" branch-rate="1">
          <methods>
          </methods>
          <lines>
            <line number="1" hits="1" branch="false"/>
            <line number="2" hits="1" branch="false"/>
            <line number="3" hits="1" branch="false"/>
            <line number="4" hits="1" branch="false"/>
            <line number="5" hits="1" branch="false"/>
            <line number="6" hits="1" branch="false"/>
            <line number="7" hits="1" branch="false"/>
            <line number="8" hits="1" branch="false"/>
            <line number="9" hits="1" branch="false"/>
            <line number="10" hits="1" branch="false"/>
            <line number="11" hits="1" branch="false"/>
            <line number="12" hits="1" branch="false"/>
            <line number="13" hits="1" branch="false"/>
            <line number="14" hits="1" branch="false"/>
            <line number="15" hits="1" branch="false"/>
            <line number="16" hits="1" branch="false"/>
            <line number="17" hits="1" branch="false"/>
            <line number="18" hits="1" branch="false"/>
            <line number="19" hits="1" branch="false"/>
            <line number="20" hits="1" branch="false"/>
            <line number="21" hits="1" branch="false"/>
            <line number="22" hits="1" branch="false"/>
            <line number="23" hits="1" branch="false"/>
            <line number="24" hits="1" branch="false"/>
            <line number="25" hits="1" branch="false"/>
            <line number="26" hits="1" branch="false"/>
            <line number="27" hits="1" branch="false"/>
            <line number="28" hits="1" branch="false"/>
            <line number="29" hits="1" branch="false"/>
            <line number="30" hits="1" branch="false"/>
            <line number="31" hits="1" branch="false"/>
            <line number="32" hits="1" branch="false"/>
            <line number="33" hits="1" branch="false"/>
            <line number="34" hits="1" branch="false"/>
            <line number="35" hits="1" branch="false"/>
            <line number="36" hits="1" branch="false"/>
            <line number="37" hits="1" branch="false"/>
            <line number="38" hits="1" branch="false"/>
            <line number="39" hits="1" branch="false"/>
            <line number="40" hits="1" branch="false"/>
            <line number="41" hits="1" branch="false"/>
            <line number="42" hits="1" branch="false"/>
            <line number="43" hits="1" branch="false"/>
            <line number="44" hits="1" branch="false"/>
            <line number="45" hits="1" branch="false"/>
            <line number="46" hits="1" branch="false"/>
            <line number="47" hits="1" branch="false"/>
            <line number="48" hits="1" branch="true" condition-coverage="100% (1/1)"/>
            <line number="49" hits="1" branch="false"/>
            <line number="50" hits="1" branch="false"/>
            <line number="51" hits="1" branch="false"/>
            <line number="52" hits="1" branch="false"/>
            <line number="53" hits="1" branch="false"/>
            <line number="54" hits="1" branch="false"/>
            <line number="55" hits="1" branch="false"/>
            <line number="56" hits="1" branch="false"/>
            <line number="57" hits="1" branch="false"/>
            <line number="58" hits="1" branch="false"/>
            <line number="59" hits="1" branch="false"/>
            <line number="60" hits="1" branch="false"/>
            <line number="61" hits="1" branch="false"/>
            <line number="62" hits="1" branch="false"/>
            <line number="63" hits="1" branch="false"/>
            <line number="64" hits="1" branch="false"/>
            <line number="65" hits="1" branch="false"/>
            <line number="66" hits="1" branch="false"/>
            <line number="67" hits="1" branch="false"/>
            <line number="68" hits="1" branch="false"/>
            <line number="69" hits="1" branch="false"/>
            <line number="70" hits="1" branch="false"/>
            <line number="71" hits="1" branch="false"/>
            <line number="72" hits="1" branch="false"/>
            <line number="73" hits="1" branch="false"/>
            <line number="74" hits="1" branch="false"/>
            <line number="75" hits="1" branch="false"/>
            <line number="76" hits="1" branch="false"/>
            <line number="77" hits="1" branch="false"/>
            <line number="78" hits="1" branch="false"/>
            <line number="79" hits="1" branch="false"/>
            <line number="80" hits="1" branch="false"/>
            <line number="81" hits="1" branch="false"/>
            <line number="82" hits="1" branch="false"/>
            <line number="83" hits="1" branch="false"/>
            <line number="84" hits="1" branch="false"/>
            <line number="85" hits="1" branch="false"/>
            <line number="86" hits="1" branch="false"/>
            <line number="87" hits="1" branch="false"/>
            <line number="88" hits="1" branch="false"/>
            <line number="89" hits="1" branch="false"/>
            <line number="90" hits="1" branch="false"/>
            <line number="91" hits="1" branch="false"/>
            <line number="92" hits="1" branch="false"/>
            <line number="93" hits="1" branch="false"/>
            <line number="94" hits="1" branch="false"/>
            <line number="95" hits="1" branch="false"/>
            <line number="96" hits="1" branch="false"/>
            <line number="97" hits="1" branch="false"/>
            <line number="98" hits="1" branch="false"/>
            <line number="99" hits="1" branch="false"/>
            <line number="100" hits="1" branch="false"/>
            <line number="101" hits="1" branch="false"/>
            <line number="102" hits="1" branch="false"/>
            <line number="103" hits="1" branch="false"/>
            <line number="104" hits="1" branch="false"/>
            <line number="105" hits="1" branch="false"/>
            <line number="106" hits="1" branch="false"/>
            <line number="107" hits="1" branch="false"/>
            <line number="108" hits="1" branch="false"/>
            <line number="109" hits="1" branch="false"/>
            <line number="110" hits="1" branch="false"/>
            <line number="111" hits="1" branch="false"/>
            <line number="112" hits="1" branch="false"/>
            <line number="113" hits="1" branch="false"/>
            <line number="114" hits="1" branch="false"/>
            <line number="115" hits="1" branch="false"/>
            <line number="116" hits="1" branch="false"/>
            <line number="117" hits="1" branch="false"/>
            <line number="118" hits="1" branch="false"/>
            <line number="119" hits="1" branch="false"/>
            <line number="120" hits="1" branch="false"/>
            <line number="121" hits="1" branch="false"/>
          </lines>
        </class>
      </classes>
    </package>
  </packages>
</coverage>
